[ERROR] 2025-07-28 11:39:12,712 [django.request] Internal Server Error: /course-detail/17/personal-branding-mastery/
Traceback (most recent call last):
  File "/home/TIM/mysite/.venv/lib/python3.10/site-packages/django/template/base.py", line 510, in parse
    compile_func = self.tags[command]
KeyError: 'set'

During handling of the above exception, another exception occurred:

Traceback (most recent call last):
  File "/home/TIM/mysite/.venv/lib/python3.10/site-packages/django/core/handlers/exception.py", line 55, in inner
    response = get_response(request)
  File "/home/TIM/mysite/.venv/lib/python3.10/site-packages/django/core/handlers/base.py", line 197, in _get_response
    response = wrapped_callback(request, *callback_args, **callback_kwargs)
  File "/home/TIM/mysite/.venv/lib/python3.10/site-packages/django_ratelimit/decorators.py", line 27, in _wrapped
    return fn(request, *args, **kw)
  File "/home/TIM/mysite/courses/views.py", line 3696, in course_lms_detail
    return render(request, 'home/course_detail.html', {
  File "/home/TIM/mysite/.venv/lib/python3.10/site-packages/django/shortcuts.py", line 25, in render
    content = loader.render_to_string(template_name, context, request, using=using)
  File "/home/TIM/mysite/.venv/lib/python3.10/site-packages/django/template/loader.py", line 61, in render_to_string
    template = get_template(template_name, using=using)
  File "/home/TIM/mysite/.venv/lib/python3.10/site-packages/django/template/loader.py", line 15, in get_template
    return engine.get_template(template_name)
  File "/home/TIM/mysite/.venv/lib/python3.10/site-packages/django/template/backends/django.py", line 79, in get_template
    return Template(self.engine.get_template(template_name), self)
  File "/home/TIM/mysite/.venv/lib/python3.10/site-packages/django/template/engine.py", line 177, in get_template
    template, origin = self.find_template(template_name)
  File "/home/TIM/mysite/.venv/lib/python3.10/site-packages/django/template/engine.py", line 159, in find_template
    template = loader.get_template(name, skip=skip)
  File "/home/TIM/mysite/.venv/lib/python3.10/site-packages/django/template/loaders/cached.py", line 57, in get_template
    template = super().get_template(template_name, skip)
  File "/home/TIM/mysite/.venv/lib/python3.10/site-packages/django/template/loaders/base.py", line 28, in get_template
    return Template(
  File "/home/TIM/mysite/.venv/lib/python3.10/site-packages/django/template/base.py", line 154, in __init__
    self.nodelist = self.compile_nodelist()
  File "/home/TIM/mysite/.venv/lib/python3.10/site-packages/django/template/base.py", line 196, in compile_nodelist
    nodelist = parser.parse()
  File "/home/TIM/mysite/.venv/lib/python3.10/site-packages/django/template/base.py", line 518, in parse
    raise self.error(token, e)
  File "/home/TIM/mysite/.venv/lib/python3.10/site-packages/django/template/base.py", line 516, in parse
    compiled_result = compile_func(self, token)
  File "/home/TIM/mysite/.venv/lib/python3.10/site-packages/django/template/loader_tags.py", line 299, in do_extends
    nodelist = parser.parse()
  File "/home/TIM/mysite/.venv/lib/python3.10/site-packages/django/template/base.py", line 518, in parse
    raise self.error(token, e)
  File "/home/TIM/mysite/.venv/lib/python3.10/site-packages/django/template/base.py", line 516, in parse
    compiled_result = compile_func(self, token)
  File "/home/TIM/mysite/.venv/lib/python3.10/site-packages/django/template/loader_tags.py", line 234, in do_block
    nodelist = parser.parse(("endblock",))
  File "/home/TIM/mysite/.venv/lib/python3.10/site-packages/django/template/base.py", line 518, in parse
    raise self.error(token, e)
  File "/home/TIM/mysite/.venv/lib/python3.10/site-packages/django/template/base.py", line 516, in parse
    compiled_result = compile_func(self, token)
  File "/home/TIM/mysite/.venv/lib/python3.10/site-packages/django/template/defaulttags.py", line 862, in do_for
    nodelist_loop = parser.parse(
  File "/home/TIM/mysite/.venv/lib/python3.10/site-packages/django/template/base.py", line 518, in parse
    raise self.error(token, e)
  File "/home/TIM/mysite/.venv/lib/python3.10/site-packages/django/template/base.py", line 516, in parse
    compiled_result = compile_func(self, token)
  File "/home/TIM/mysite/.venv/lib/python3.10/site-packages/django/template/defaulttags.py", line 962, in do_if
    nodelist = parser.parse(("elif", "else", "endif"))
  File "/home/TIM/mysite/.venv/lib/python3.10/site-packages/django/template/base.py", line 512, in parse
    self.invalid_block_tag(token, command, parse_until)
  File "/home/TIM/mysite/.venv/lib/python3.10/site-packages/django/template/base.py", line 567, in invalid_block_tag
    raise self.error(
django.template.exceptions.TemplateSyntaxError: Invalid block tag on line 690: 'set', expected 'elif', 'else' or 'endif'. Did you forget to register or load this tag?
[INFO] 2025-07-28 11:39:49,414 [axes.apps] AXES: BEGIN version 8.0.0, blocking by username or ip_address
[INFO] 2025-07-28 11:39:49,602 [axes.apps] AXES: BEGIN version 8.0.0, blocking by username or ip_address
[INFO] 2025-07-28 11:39:49,652 [axes.apps] AXES: BEGIN version 8.0.0, blocking by username or ip_address
[INFO] 2025-07-28 11:39:58,403 [courses.views] [Enroll] User: johansantri@gmail.com, Course: Personal Branding Mastery, Free: True, Has License: False
[INFO] 2025-07-28 11:39:58,404 [courses.views] [Enroll] Payment model: free
[INFO] 2025-07-28 11:39:58,405 [courses.views] [Enroll] Price type found: free
[DEBUG] 2025-07-28 11:39:58,405 [courses.models] Enrolling user johansantri@gmail.com (ID: 6) for course Personal Branding Mastery (ID: 17) with payment_model free
[INFO] 2025-07-28 11:39:58,407 [courses.models] License check for user johansantri@gmail.com in course Personal Branding Mastery: <QuerySet []>
[ERROR] 2025-07-28 11:39:58,411 [courses.models] User johansantri@gmail.com tidak memiliki lisensi aktif untuk Personal Branding Mastery. Lisensi terakhir: PT Karya Maju Bersama, Admin: official khusus, Expired sejak: 30 June 2025
[INFO] 2025-07-28 11:39:58,411 [courses.views] [Enroll Result] {'status': 'error', 'message': 'Lisensi Anda "PT Karya Maju Bersama" sudah tidak aktif sejak 30 June 2025. Silakan hubungi admin official khusus untuk perpanjangan.'}
[INFO] 2025-07-28 11:40:19,714 [axes.apps] AXES: BEGIN version 8.0.0, blocking by username or ip_address
[INFO] 2025-07-28 11:40:19,736 [axes.apps] AXES: BEGIN version 8.0.0, blocking by username or ip_address
[INFO] 2025-07-28 11:40:19,849 [axes.apps] AXES: BEGIN version 8.0.0, blocking by username or ip_address
[INFO] 2025-07-28 11:40:21,399 [courses.views] [Enroll] User: johansantri@gmail.com, Course: Personal Branding Mastery, Free: True, Has License: False
[INFO] 2025-07-28 11:40:21,399 [courses.views] [Enroll] Payment model: free
[INFO] 2025-07-28 11:40:21,400 [courses.views] [Enroll] Price type found: free
[DEBUG] 2025-07-28 11:40:21,401 [courses.models] Enrolling user johansantri@gmail.com (ID: 6) for course Personal Branding Mastery (ID: 17) with payment_model free
[INFO] 2025-07-28 11:40:21,404 [courses.models] License check for user johansantri@gmail.com in course Personal Branding Mastery: <QuerySet []>
[ERROR] 2025-07-28 11:40:21,408 [courses.models] User johansantri@gmail.com tidak memiliki lisensi aktif untuk Personal Branding Mastery. Lisensi terakhir: PT Karya Maju Bersama, Admin: official khusus, Expired sejak: 30 June 2025
[INFO] 2025-07-28 11:40:21,408 [courses.views] [Enroll Result] {'status': 'error', 'message': 'Lisensi Anda "PT Karya Maju Bersama" sudah tidak aktif sejak 30 June 2025. Silakan hubungi admin official khusus untuk perpanjangan.'}
[INFO] 2025-07-28 11:40:33,460 [courses.views] [Enroll] User: johansantri@gmail.com, Course: Personal Branding Mastery, Free: True, Has License: False
[INFO] 2025-07-28 11:40:33,460 [courses.views] [Enroll] Payment model: free
[INFO] 2025-07-28 11:40:33,461 [courses.views] [Enroll] Price type found: free
[DEBUG] 2025-07-28 11:40:33,461 [courses.models] Enrolling user johansantri@gmail.com (ID: 6) for course Personal Branding Mastery (ID: 17) with payment_model free
[INFO] 2025-07-28 11:40:33,463 [courses.models] License check for user johansantri@gmail.com in course Personal Branding Mastery: <QuerySet []>
[ERROR] 2025-07-28 11:40:33,466 [courses.models] User johansantri@gmail.com tidak memiliki lisensi aktif untuk Personal Branding Mastery. Lisensi terakhir: PT Karya Maju Bersama, Admin: official khusus, Expired sejak: 30 June 2025
[INFO] 2025-07-28 11:40:33,466 [courses.views] [Enroll Result] {'status': 'error', 'message': 'Lisensi Anda "PT Karya Maju Bersama" sudah tidak aktif sejak 30 June 2025. Silakan hubungi admin official khusus untuk perpanjangan.'}
[INFO] 2025-07-28 11:42:43,998 [axes.apps] AXES: BEGIN version 8.0.0, blocking by username or ip_address
[INFO] 2025-07-28 11:42:44,199 [axes.apps] AXES: BEGIN version 8.0.0, blocking by username or ip_address
[INFO] 2025-07-28 11:42:44,243 [axes.apps] AXES: BEGIN version 8.0.0, blocking by username or ip_address
[INFO] 2025-07-28 11:44:18,035 [axes.apps] AXES: BEGIN version 8.0.0, blocking by username or ip_address
[INFO] 2025-07-28 11:44:18,065 [axes.apps] AXES: BEGIN version 8.0.0, blocking by username or ip_address
[INFO] 2025-07-28 11:44:18,123 [axes.apps] AXES: BEGIN version 8.0.0, blocking by username or ip_address
[ERROR] 2025-07-28 11:44:19,983 [django.request] Internal Server Error: /course-detail/17/personal-branding-mastery/
Traceback (most recent call last):
  File "/home/TIM/mysite/.venv/lib/python3.10/site-packages/django/template/smartif.py", line 180, in translate_token
    op = OPERATORS[token]
KeyError: 'full_name|trim'

During handling of the above exception, another exception occurred:

Traceback (most recent call last):
  File "/home/TIM/mysite/.venv/lib/python3.10/site-packages/django/core/handlers/exception.py", line 55, in inner
    response = get_response(request)
  File "/home/TIM/mysite/.venv/lib/python3.10/site-packages/django/core/handlers/base.py", line 197, in _get_response
    response = wrapped_callback(request, *callback_args, **callback_kwargs)
  File "/home/TIM/mysite/.venv/lib/python3.10/site-packages/django_ratelimit/decorators.py", line 27, in _wrapped
    return fn(request, *args, **kw)
  File "/home/TIM/mysite/courses/views.py", line 3696, in course_lms_detail
    return render(request, 'home/course_detail.html', {
  File "/home/TIM/mysite/.venv/lib/python3.10/site-packages/django/shortcuts.py", line 25, in render
    content = loader.render_to_string(template_name, context, request, using=using)
  File "/home/TIM/mysite/.venv/lib/python3.10/site-packages/django/template/loader.py", line 62, in render_to_string
    return template.render(context, request)
  File "/home/TIM/mysite/.venv/lib/python3.10/site-packages/django/template/backends/django.py", line 107, in render
    return self.template.render(context)
  File "/home/TIM/mysite/.venv/lib/python3.10/site-packages/django/template/base.py", line 171, in render
    return self._render(context)
  File "/home/TIM/mysite/.venv/lib/python3.10/site-packages/django/template/base.py", line 163, in _render
    return self.nodelist.render(context)
  File "/home/TIM/mysite/.venv/lib/python3.10/site-packages/django/template/base.py", line 1016, in render
    return SafeString("".join([node.render_annotated(context) for node in self]))
  File "/home/TIM/mysite/.venv/lib/python3.10/site-packages/django/template/base.py", line 1016, in <listcomp>
    return SafeString("".join([node.render_annotated(context) for node in self]))
  File "/home/TIM/mysite/.venv/lib/python3.10/site-packages/django/template/base.py", line 977, in render_annotated
    return self.render(context)
  File "/home/TIM/mysite/.venv/lib/python3.10/site-packages/django/template/loader_tags.py", line 134, in render
    compiled_parent = self.get_parent(context)
  File "/home/TIM/mysite/.venv/lib/python3.10/site-packages/django/template/loader_tags.py", line 131, in get_parent
    return self.find_template(parent, context)
  File "/home/TIM/mysite/.venv/lib/python3.10/site-packages/django/template/loader_tags.py", line 109, in find_template
    template, origin = context.template.engine.find_template(
  File "/home/TIM/mysite/.venv/lib/python3.10/site-packages/django/template/engine.py", line 159, in find_template
    template = loader.get_template(name, skip=skip)
  File "/home/TIM/mysite/.venv/lib/python3.10/site-packages/django/template/loaders/cached.py", line 57, in get_template
    template = super().get_template(template_name, skip)
  File "/home/TIM/mysite/.venv/lib/python3.10/site-packages/django/template/loaders/base.py", line 28, in get_template
    return Template(
  File "/home/TIM/mysite/.venv/lib/python3.10/site-packages/django/template/base.py", line 154, in __init__
    self.nodelist = self.compile_nodelist()
  File "/home/TIM/mysite/.venv/lib/python3.10/site-packages/django/template/base.py", line 196, in compile_nodelist
    nodelist = parser.parse()
  File "/home/TIM/mysite/.venv/lib/python3.10/site-packages/django/template/base.py", line 518, in parse
    raise self.error(token, e)
  File "/home/TIM/mysite/.venv/lib/python3.10/site-packages/django/template/base.py", line 516, in parse
    compiled_result = compile_func(self, token)
  File "/home/TIM/mysite/.venv/lib/python3.10/site-packages/django/template/defaulttags.py", line 962, in do_if
    nodelist = parser.parse(("elif", "else", "endif"))
  File "/home/TIM/mysite/.venv/lib/python3.10/site-packages/django/template/base.py", line 518, in parse
    raise self.error(token, e)
  File "/home/TIM/mysite/.venv/lib/python3.10/site-packages/django/template/base.py", line 516, in parse
    compiled_result = compile_func(self, token)
  File "/home/TIM/mysite/.venv/lib/python3.10/site-packages/django/template/defaulttags.py", line 1540, in do_with
    nodelist = parser.parse(("endwith",))
  File "/home/TIM/mysite/.venv/lib/python3.10/site-packages/django/template/base.py", line 518, in parse
    raise self.error(token, e)
  File "/home/TIM/mysite/.venv/lib/python3.10/site-packages/django/template/base.py", line 516, in parse
    compiled_result = compile_func(self, token)
  File "/home/TIM/mysite/.venv/lib/python3.10/site-packages/django/template/defaulttags.py", line 961, in do_if
    condition = TemplateIfParser(parser, bits).parse()
  File "/home/TIM/mysite/.venv/lib/python3.10/site-packages/django/template/defaulttags.py", line 894, in __init__
    super().__init__(*args, **kwargs)
  File "/home/TIM/mysite/.venv/lib/python3.10/site-packages/django/template/smartif.py", line 171, in __init__
    mapped_tokens.append(self.translate_token(token))
  File "/home/TIM/mysite/.venv/lib/python3.10/site-packages/django/template/smartif.py", line 182, in translate_token
    return self.create_var(token)
  File "/home/TIM/mysite/.venv/lib/python3.10/site-packages/django/template/defaulttags.py", line 897, in create_var
    return TemplateLiteral(self.template_parser.compile_filter(value), value)
  File "/home/TIM/mysite/.venv/lib/python3.10/site-packages/django/template/base.py", line 609, in compile_filter
    return FilterExpression(token, self)
  File "/home/TIM/mysite/.venv/lib/python3.10/site-packages/django/template/base.py", line 705, in __init__
    filter_func = parser.find_filter(filter_name)
  File "/home/TIM/mysite/.venv/lib/python3.10/site-packages/django/template/base.py", line 615, in find_filter
    raise TemplateSyntaxError("Invalid filter: '%s'" % filter_name)
django.template.exceptions.TemplateSyntaxError: Invalid filter: 'trim'
[ERROR] 2025-07-28 11:44:22,230 [django.request] Internal Server Error: /post/digital-marketing-the-key-to-success-in-the-online-world/
Traceback (most recent call last):
  File "/home/TIM/mysite/.venv/lib/python3.10/site-packages/django/template/smartif.py", line 180, in translate_token
    op = OPERATORS[token]
KeyError: 'full_name|trim'

During handling of the above exception, another exception occurred:

Traceback (most recent call last):
  File "/home/TIM/mysite/.venv/lib/python3.10/site-packages/django/core/handlers/exception.py", line 55, in inner
    response = get_response(request)
  File "/home/TIM/mysite/.venv/lib/python3.10/site-packages/django/core/handlers/base.py", line 220, in _get_response
    response = response.render()
  File "/home/TIM/mysite/.venv/lib/python3.10/site-packages/django/template/response.py", line 114, in render
    self.content = self.rendered_content
  File "/home/TIM/mysite/.venv/lib/python3.10/site-packages/django/template/response.py", line 92, in rendered_content
    return template.render(context, self._request)
  File "/home/TIM/mysite/.venv/lib/python3.10/site-packages/django/template/backends/django.py", line 107, in render
    return self.template.render(context)
  File "/home/TIM/mysite/.venv/lib/python3.10/site-packages/django/template/base.py", line 171, in render
    return self._render(context)
  File "/home/TIM/mysite/.venv/lib/python3.10/site-packages/django/template/base.py", line 163, in _render
    return self.nodelist.render(context)
  File "/home/TIM/mysite/.venv/lib/python3.10/site-packages/django/template/base.py", line 1016, in render
    return SafeString("".join([node.render_annotated(context) for node in self]))
  File "/home/TIM/mysite/.venv/lib/python3.10/site-packages/django/template/base.py", line 1016, in <listcomp>
    return SafeString("".join([node.render_annotated(context) for node in self]))
  File "/home/TIM/mysite/.venv/lib/python3.10/site-packages/django/template/base.py", line 977, in render_annotated
    return self.render(context)
  File "/home/TIM/mysite/.venv/lib/python3.10/site-packages/django/template/loader_tags.py", line 134, in render
    compiled_parent = self.get_parent(context)
  File "/home/TIM/mysite/.venv/lib/python3.10/site-packages/django/template/loader_tags.py", line 131, in get_parent
    return self.find_template(parent, context)
  File "/home/TIM/mysite/.venv/lib/python3.10/site-packages/django/template/loader_tags.py", line 109, in find_template
    template, origin = context.template.engine.find_template(
  File "/home/TIM/mysite/.venv/lib/python3.10/site-packages/django/template/engine.py", line 159, in find_template
    template = loader.get_template(name, skip=skip)
  File "/home/TIM/mysite/.venv/lib/python3.10/site-packages/django/template/loaders/cached.py", line 57, in get_template
    template = super().get_template(template_name, skip)
  File "/home/TIM/mysite/.venv/lib/python3.10/site-packages/django/template/loaders/base.py", line 28, in get_template
    return Template(
  File "/home/TIM/mysite/.venv/lib/python3.10/site-packages/django/template/base.py", line 154, in __init__
    self.nodelist = self.compile_nodelist()
  File "/home/TIM/mysite/.venv/lib/python3.10/site-packages/django/template/base.py", line 196, in compile_nodelist
    nodelist = parser.parse()
  File "/home/TIM/mysite/.venv/lib/python3.10/site-packages/django/template/base.py", line 518, in parse
    raise self.error(token, e)
  File "/home/TIM/mysite/.venv/lib/python3.10/site-packages/django/template/base.py", line 516, in parse
    compiled_result = compile_func(self, token)
  File "/home/TIM/mysite/.venv/lib/python3.10/site-packages/django/template/defaulttags.py", line 962, in do_if
    nodelist = parser.parse(("elif", "else", "endif"))
  File "/home/TIM/mysite/.venv/lib/python3.10/site-packages/django/template/base.py", line 518, in parse
    raise self.error(token, e)
  File "/home/TIM/mysite/.venv/lib/python3.10/site-packages/django/template/base.py", line 516, in parse
    compiled_result = compile_func(self, token)
  File "/home/TIM/mysite/.venv/lib/python3.10/site-packages/django/template/defaulttags.py", line 1540, in do_with
    nodelist = parser.parse(("endwith",))
  File "/home/TIM/mysite/.venv/lib/python3.10/site-packages/django/template/base.py", line 518, in parse
    raise self.error(token, e)
  File "/home/TIM/mysite/.venv/lib/python3.10/site-packages/django/template/base.py", line 516, in parse
    compiled_result = compile_func(self, token)
  File "/home/TIM/mysite/.venv/lib/python3.10/site-packages/django/template/defaulttags.py", line 961, in do_if
    condition = TemplateIfParser(parser, bits).parse()
  File "/home/TIM/mysite/.venv/lib/python3.10/site-packages/django/template/defaulttags.py", line 894, in __init__
    super().__init__(*args, **kwargs)
  File "/home/TIM/mysite/.venv/lib/python3.10/site-packages/django/template/smartif.py", line 171, in __init__
    mapped_tokens.append(self.translate_token(token))
  File "/home/TIM/mysite/.venv/lib/python3.10/site-packages/django/template/smartif.py", line 182, in translate_token
    return self.create_var(token)
  File "/home/TIM/mysite/.venv/lib/python3.10/site-packages/django/template/defaulttags.py", line 897, in create_var
    return TemplateLiteral(self.template_parser.compile_filter(value), value)
  File "/home/TIM/mysite/.venv/lib/python3.10/site-packages/django/template/base.py", line 609, in compile_filter
    return FilterExpression(token, self)
  File "/home/TIM/mysite/.venv/lib/python3.10/site-packages/django/template/base.py", line 705, in __init__
    filter_func = parser.find_filter(filter_name)
  File "/home/TIM/mysite/.venv/lib/python3.10/site-packages/django/template/base.py", line 615, in find_filter
    raise TemplateSyntaxError("Invalid filter: '%s'" % filter_name)
django.template.exceptions.TemplateSyntaxError: Invalid filter: 'trim'
[INFO] 2025-07-28 11:45:19,829 [axes.apps] AXES: BEGIN version 8.0.0, blocking by username or ip_address
[INFO] 2025-07-28 11:45:19,880 [axes.apps] AXES: BEGIN version 8.0.0, blocking by username or ip_address
[INFO] 2025-07-28 11:45:19,947 [axes.apps] AXES: BEGIN version 8.0.0, blocking by username or ip_address
[WARNING] 2025-07-28 11:45:26,646 [authentication.views] Invalid referer:  from IP 
[WARNING] 2025-07-28 11:45:26,647 [django.request] Forbidden: /search/
[INFO] 2025-07-28 11:54:10,859 [axes.apps] AXES: BEGIN version 8.0.0, blocking by username or ip_address
[INFO] 2025-07-28 11:54:11,038 [axes.apps] AXES: BEGIN version 8.0.0, blocking by username or ip_address
[INFO] 2025-07-28 11:54:11,106 [axes.apps] AXES: BEGIN version 8.0.0, blocking by username or ip_address
[DEBUG] 2025-07-28 11:55:29,534 [axes.helpers] Using request.META.get('REMOTE_ADDR', None) fallback method to get client IP address
[INFO] 2025-07-28 11:55:29,537 [axes.handlers.database] AXES: Cleaned up 0 expired access attempts from database that were older than 2025-07-28 03:55:29.534836+00:00
[INFO] 2025-07-28 11:55:29,537 [axes.handlers.database] AXES: Successful logout by {username: "********************", ip_address: "********************", user_agent: "Mozilla/5.0 (X11; Linux x86_64) AppleWebKit/537.36 (KHTML, like Gecko) Chrome/138.0.0.0 Safari/537.36", path_info: "/logout/"}.
[DEBUG] 2025-07-28 11:56:03,193 [axes.helpers] Using request.META.get('REMOTE_ADDR', None) fallback method to get client IP address
[DEBUG] 2025-07-28 11:56:03,195 [axes.helpers] Using parameter credentials to get username with key settings.AXES_USERNAME_FORM_FIELD
[DEBUG] 2025-07-28 11:56:03,196 [axes.handlers.database] AXES: Getting access attempts that are newer than 2025-07-28 03:56:03.193371+00:00
[INFO] 2025-07-28 11:56:04,172 [axes.handlers.database] AXES: Successful login by {username: "********************", ip_address: "********************", user_agent: "Mozilla/5.0 (X11; Linux x86_64) AppleWebKit/537.36 (KHTML, like Gecko) Chrome/138.0.0.0 Safari/537.36", path_info: "/login/"}.
[INFO] 2025-07-28 11:56:04,173 [axes.handlers.database] AXES: Cleaned up 0 expired access attempts from database that were older than 2025-07-28 03:56:03.193371+00:00
[INFO] 2025-07-28 11:56:10,622 [learner.views] my_course: Rendering untuk pengguna learn, kursus personal-branding-mastery, assessment_id=None
[INFO] 2025-07-28 11:56:14,608 [learner.views] load_content: Rendering learner/partials/content.html untuk pengguna learn, material 87
[INFO] 2025-07-28 11:56:15,759 [learner.views] load_content: Rendering learner/partials/content.html untuk pengguna learn, material 88
[INFO] 2025-07-28 11:56:17,803 [learner.views] load_content: Rendering learner/partials/content.html untuk pengguna learn, material 89
[INFO] 2025-07-28 11:56:19,316 [learner.views] load_content: Rendering learner/partials/content.html untuk pengguna learn, material 90
[INFO] 2025-07-28 11:56:22,010 [learner.views] load_content: Rendering learner/partials/content.html untuk pengguna learn, material 91
[INFO] 2025-07-28 11:56:24,113 [learner.views] load_content: Rendering learner/partials/content.html untuk pengguna learn, assessment 84
[DEBUG] 2025-07-28 11:56:27,920 [learner.views] New session for user learn, assessment 84
[INFO] 2025-07-28 11:56:27,937 [learner.views] start_assessment: Rendering HTMX for user learn, assessment 84, time_left=599
[WARNING] 2025-07-28 11:57:11,145 [django.request] Not Found: /partner/ping-session/
[WARNING] 2025-07-28 11:57:14,978 [django.request] Not Found: /partner/ping-session/
[WARNING] 2025-07-28 11:57:15,976 [django.request] Not Found: /partner/ping-session/
[WARNING] 2025-07-28 11:57:18,012 [django.request] Not Found: /partner/ping-session/
[WARNING] 2025-07-28 11:57:19,537 [django.request] Not Found: /partner/ping-session/
[WARNING] 2025-07-28 11:57:22,206 [django.request] Not Found: /partner/ping-session/
[WARNING] 2025-07-28 11:57:24,977 [django.request] Not Found: /partner/ping-session/
[WARNING] 2025-07-28 11:57:28,140 [django.request] Not Found: /partner/ping-session/
[WARNING] 2025-07-28 11:58:11,147 [django.request] Not Found: /partner/ping-session/
[WARNING] 2025-07-28 11:58:14,802 [django.request] Not Found: /partner/ping-session/
[WARNING] 2025-07-28 11:58:15,976 [django.request] Not Found: /partner/ping-session/
[WARNING] 2025-07-28 11:58:18,780 [django.request] Not Found: /partner/ping-session/
[WARNING] 2025-07-28 11:58:19,536 [django.request] Not Found: /partner/ping-session/
[WARNING] 2025-07-28 11:58:22,206 [django.request] Not Found: /partner/ping-session/
[WARNING] 2025-07-28 11:58:24,358 [django.request] Not Found: /partner/ping-session/
[DEBUG] 2025-07-28 11:58:27,139 [learner.views] Assessment submitted for user learn, assessment 84
[INFO] 2025-07-28 11:58:27,164 [learner.views] submit_assessment_new: Rendering HTMX for user learn, assessment 84
[WARNING] 2025-07-28 11:58:28,140 [django.request] Not Found: /partner/ping-session/
