Method Not Allowed (GET): /course/4/enroll/
Method Not Allowed (GET): /course/4/enroll/
Method Not Allowed (GET): /course/4/enroll/
Method Not Allowed (GET): /course/4/enroll/
Method Not Allowed (GET): /course/4/enroll/
Method Not Allowed (GET): /course/4/enroll/
Method Not Allowed (GET): /course/4/enroll/
Method Not Allowed (GET): /course/4/enroll/
Method Not Allowed (GET): /course/4/enroll/
Method Not Allowed (GET): /course/4/enroll/
Method Not Allowed (GET): /course/4/enroll/
Method Not Allowed (GET): /course/4/enroll/
Method Not Allowed (GET): /course/4/enroll/
Method Not Allowed (GET): /course/4/enroll/
Invalid referer:  from IP 
Forbidden: /search/
Invalid referer:  from IP 
Forbidden: /search/
Invalid referer:  from IP 
Forbidden: /search/
Invalid referer:  from IP 
Forbidden: /search/
Not Found: /robots.txt
Invalid referer:  from IP 
Forbidden: /search/
Invalid referer:  from IP 
Forbidden: /search/
Internal Server Error: /send-invitation/
Traceback (most recent call last):
  File "/home/TIM/mysite/.venv/lib/python3.10/site-packages/django/core/handlers/exception.py", line 55, in inner
    response = get_response(request)
  File "/home/TIM/mysite/.venv/lib/python3.10/site-packages/django/core/handlers/base.py", line 197, in _get_response
    response = wrapped_callback(request, *callback_args, **callback_kwargs)
  File "/home/TIM/mysite/licensing/views.py", line 61, in send_invitation
    token = invitation.token  # Token dari undangan
AttributeError: 'Invitation' object has no attribute 'token'
Not Found: /.env
Forbidden (Referer checking failed - no Referer.): /
Internal Server Error: /accept-invitation/MQ/aa26fc8a-df1a-4597-b024-c1b0520183b5/
Traceback (most recent call last):
  File "/home/TIM/mysite/.venv/lib/python3.10/site-packages/django/urls/base.py", line 71, in reverse
    extra, resolver = resolver.namespace_dict[ns]
KeyError: 'authentications'

During handling of the above exception, another exception occurred:

Traceback (most recent call last):
  File "/home/TIM/mysite/.venv/lib/python3.10/site-packages/django/core/handlers/exception.py", line 55, in inner
    response = get_response(request)
  File "/home/TIM/mysite/.venv/lib/python3.10/site-packages/django/core/handlers/base.py", line 197, in _get_response
    response = wrapped_callback(request, *callback_args, **callback_kwargs)
  File "/home/TIM/mysite/licensing/views.py", line 118, in accept_invitation
    return redirect('authentications:login')  # Ganti dengan URL login Anda
  File "/home/TIM/mysite/.venv/lib/python3.10/site-packages/django/shortcuts.py", line 49, in redirect
    return redirect_class(resolve_url(to, *args, **kwargs))
  File "/home/TIM/mysite/.venv/lib/python3.10/site-packages/django/shortcuts.py", line 180, in resolve_url
    return reverse(to, args=args, kwargs=kwargs)
  File "/home/TIM/mysite/.venv/lib/python3.10/site-packages/django/urls/base.py", line 82, in reverse
    raise NoReverseMatch("%s is not a registered namespace" % key)
django.urls.exceptions.NoReverseMatch: 'authentications' is not a registered namespace
Invalid referer:  from IP 
Forbidden: /search/
Internal Server Error: /accept-invitation/MQ/aa26fc8a-df1a-4597-b024-c1b0520183b5/
Traceback (most recent call last):
  File "/home/TIM/mysite/.venv/lib/python3.10/site-packages/django/urls/base.py", line 71, in reverse
    extra, resolver = resolver.namespace_dict[ns]
KeyError: 'authentications'

During handling of the above exception, another exception occurred:

Traceback (most recent call last):
  File "/home/TIM/mysite/.venv/lib/python3.10/site-packages/django/core/handlers/exception.py", line 55, in inner
    response = get_response(request)
  File "/home/TIM/mysite/.venv/lib/python3.10/site-packages/django/core/handlers/base.py", line 197, in _get_response
    response = wrapped_callback(request, *callback_args, **callback_kwargs)
  File "/home/TIM/mysite/licensing/views.py", line 118, in accept_invitation
    return redirect('authentications:login')  # Ganti dengan URL login Anda
  File "/home/TIM/mysite/.venv/lib/python3.10/site-packages/django/shortcuts.py", line 49, in redirect
    return redirect_class(resolve_url(to, *args, **kwargs))
  File "/home/TIM/mysite/.venv/lib/python3.10/site-packages/django/shortcuts.py", line 180, in resolve_url
    return reverse(to, args=args, kwargs=kwargs)
  File "/home/TIM/mysite/.venv/lib/python3.10/site-packages/django/urls/base.py", line 82, in reverse
    raise NoReverseMatch("%s is not a registered namespace" % key)
django.urls.exceptions.NoReverseMatch: 'authentications' is not a registered namespace
Internal Server Error: /accept-invitation/MQ/aa26fc8a-df1a-4597-b024-c1b0520183b5/
Traceback (most recent call last):
  File "/home/TIM/mysite/.venv/lib/python3.10/site-packages/django/urls/base.py", line 71, in reverse
    extra, resolver = resolver.namespace_dict[ns]
KeyError: 'authentications'

During handling of the above exception, another exception occurred:

Traceback (most recent call last):
  File "/home/TIM/mysite/.venv/lib/python3.10/site-packages/django/core/handlers/exception.py", line 55, in inner
    response = get_response(request)
  File "/home/TIM/mysite/.venv/lib/python3.10/site-packages/django/core/handlers/base.py", line 197, in _get_response
    response = wrapped_callback(request, *callback_args, **callback_kwargs)
  File "/home/TIM/mysite/licensing/views.py", line 118, in accept_invitation
    return redirect('authentications:login')  # Ganti dengan URL login Anda
  File "/home/TIM/mysite/.venv/lib/python3.10/site-packages/django/shortcuts.py", line 49, in redirect
    return redirect_class(resolve_url(to, *args, **kwargs))
  File "/home/TIM/mysite/.venv/lib/python3.10/site-packages/django/shortcuts.py", line 180, in resolve_url
    return reverse(to, args=args, kwargs=kwargs)
  File "/home/TIM/mysite/.venv/lib/python3.10/site-packages/django/urls/base.py", line 82, in reverse
    raise NoReverseMatch("%s is not a registered namespace" % key)
django.urls.exceptions.NoReverseMatch: 'authentications' is not a registered namespace
Not Found: /favicon.ico
Invalid referer:  from IP 
Forbidden: /search/
Not Found: /course-detail/6/digital-marketing-2025-1/course-wishlist.html
Not Found: //wp-includes/wlwmanifest.xml
Not Found: //xmlrpc.php
Not Found: //blog/wp-includes/wlwmanifest.xml
Not Found: //web/wp-includes/wlwmanifest.xml
Not Found: //wordpress/wp-includes/wlwmanifest.xml
Not Found: //website/wp-includes/wlwmanifest.xml
Not Found: //wp/wp-includes/wlwmanifest.xml
Not Found: //news/wp-includes/wlwmanifest.xml
Not Found: //2020/wp-includes/wlwmanifest.xml
Not Found: //2019/wp-includes/wlwmanifest.xml
Not Found: //shop/wp-includes/wlwmanifest.xml
Not Found: //wp1/wp-includes/wlwmanifest.xml
Not Found: //test/wp-includes/wlwmanifest.xml
Not Found: //wp2/wp-includes/wlwmanifest.xml
Not Found: //site/wp-includes/wlwmanifest.xml
Not Found: //cms/wp-includes/wlwmanifest.xml
Not Found: //sito/wp-includes/wlwmanifest.xml
Not Found: /robots.txt
Invalid referer:  from IP 
Forbidden: /search/
Not Found: /course-detail/6/digital-marketing-2025-1/course-wishlist.html
Invalid referer:  from IP 
Forbidden: /search/
Invalid referer:  from IP 
Forbidden: /search/
Invalid referer:  from IP 
Forbidden: /search/
Not Found: /robots.txt
Not Found: /robots.txt
Not Found: /course-detail/1/full-stack-development/
Invalid referer:  from IP 
Forbidden: /search/
Invalid referer:  from IP 
Forbidden: /search/
Invalid referer:  from IP 
Forbidden: /search/
Internal Server Error: /accept-invitation/MQ/aa26fc8a-df1a-4597-b024-c1b0520183b5/
Traceback (most recent call last):
  File "/home/TIM/mysite/.venv/lib/python3.10/site-packages/django/core/handlers/exception.py", line 55, in inner
    response = get_response(request)
  File "/home/TIM/mysite/.venv/lib/python3.10/site-packages/django/core/handlers/base.py", line 197, in _get_response
    response = wrapped_callback(request, *callback_args, **callback_kwargs)
  File "/home/TIM/mysite/licensing/views.py", line 111, in accept_invitation
    invitation.license.user.add(request.user)  # Daftarkan pengguna pada lisensi
AttributeError: 'CustomUser' object has no attribute 'add'
Internal Server Error: /accept-invitation/MQ/aa26fc8a-df1a-4597-b024-c1b0520183b5/
Traceback (most recent call last):
  File "/home/TIM/mysite/.venv/lib/python3.10/site-packages/django/urls/base.py", line 71, in reverse
    extra, resolver = resolver.namespace_dict[ns]
KeyError: 'authentications'

During handling of the above exception, another exception occurred:

Traceback (most recent call last):
  File "/home/TIM/mysite/.venv/lib/python3.10/site-packages/django/core/handlers/exception.py", line 55, in inner
    response = get_response(request)
  File "/home/TIM/mysite/.venv/lib/python3.10/site-packages/django/core/handlers/base.py", line 197, in _get_response
    response = wrapped_callback(request, *callback_args, **callback_kwargs)
  File "/home/TIM/mysite/licensing/views.py", line 101, in accept_invitation
    return redirect('authentications:home')
  File "/home/TIM/mysite/.venv/lib/python3.10/site-packages/django/shortcuts.py", line 49, in redirect
    return redirect_class(resolve_url(to, *args, **kwargs))
  File "/home/TIM/mysite/.venv/lib/python3.10/site-packages/django/shortcuts.py", line 180, in resolve_url
    return reverse(to, args=args, kwargs=kwargs)
  File "/home/TIM/mysite/.venv/lib/python3.10/site-packages/django/urls/base.py", line 82, in reverse
    raise NoReverseMatch("%s is not a registered namespace" % key)
django.urls.exceptions.NoReverseMatch: 'authentications' is not a registered namespace
Not Found: /favicon.ico
Not Found: /cgi-bin/luci/;stok=/locale
Not Found: /wp
Not Found: /wordpress
Not Found: /ini
Not Found: /WP
Not Found: /WordPress
Not Found: /WORDPRESS
Not Found: /Ini
Not Found: /new
Not Found: /newsite
Not Found: /demo
Not Found: /backup
Not Found: /Backup
Not Found: /BACKUP
Not Found: /test
Not Found: /home
Not Found: /main
Not Found: /core
Not Found: /site
Not Found: /news
Not Found: /2023
Not Found: /2024
Not Found: /bk
Not Found: /staging
Not Found: /administrator
Not Found: /portal
Not Found: /web
Not Found: /cms
Not Found: /konten
Not Found: /informasi
Not Found: /artikel
Not Found: /media
Not Found: /posting
Not Found: /profil
Not Found: /company
Not Found: /tentang
Not Found: /layanan
Not Found: /produk
Not Found: /services
Not Found: /store
Not Found: /shop
Not Found: /toko
Not Found: /galeri
Not Found: /gallery
Not Found: /event
Not Found: /acara
Not Found: /agenda
Not Found: /seminar
Not Found: /workshop
Not Found: /pelatihan
Not Found: /support
Not Found: /help
Not Found: /bantuan
Not Found: /download
Not Found: /unduh
Not Found: /backup_old
Not Found: /backup_site
Not Found: /backup_db
Not Found: /wp-backup
Not Found: /wordpress-backup
Not Found: /wp-bak
Not Found: /wordpress-bak
Not Found: /cpanel_backup
Not Found: /public_html_old
Not Found: /www_old
Not Found: /old_site
Not Found: /backup1
Not Found: /backup2
Not Found: /backup3
Not Found: /backup4
Not Found: /backup5
Not Found: /backup6
Not Found: /backup7
Not Found: /backup8
Not Found: /backup9
Not Found: /backup10
Not Found: /wpbackup1
Not Found: /wpbackup2
Not Found: /wpbackup3
Not Found: /wpbackup4
Not Found: /wpbackup5
Not Found: /backup-01
Not Found: /backup-02
Not Found: /backup-03
Not Found: /backup-04
Not Found: /backup-05
Not Found: /staging
Not Found: /test
Not Found: /dev
Not Found: /demo
Not Found: /old
Not Found: /wp_old
Not Found: /wp_backup
Not Found: /ini1
Not Found: /ini2
Not Found: /ini3
Not Found: /ini4
Not Found: /ini5
Not Found: /ini6
Not Found: /ini7
Not Found: /ini8
Not Found: /ini9
Not Found: /ini10
Not Found: /Ini1
Not Found: /Ini2
Not Found: /Ini3
Not Found: /Ini4
Not Found: /Ini5
Not Found: /Ini6
Not Found: /Ini7
Not Found: /Ini8
Not Found: /Ini9
Not Found: /Ini10
Not Found: /ini2019
Not Found: /ini2020
Not Found: /ini2021
Not Found: /ini2022
Not Found: /ini2023
Not Found: /ini2024
Not Found: /ini2025
Not Found: /Ini2019
Invalid referer:  from IP 
Forbidden: /search/
Not Found: /Ini2020
Not Found: /Ini2021
Not Found: /Ini2022
Not Found: /Ini2023
Not Found: /Ini2024
Not Found: /Ini2025
Not Found: /ini-bak
Invalid referer:  from IP 
Forbidden: /search/
Not Found: /ini-backup
Not Found: /ini-cadangan
Internal Server Error: /licens-dashboard/
Traceback (most recent call last):
  File "/home/TIM/mysite/.venv/lib/python3.10/site-packages/django/core/handlers/exception.py", line 55, in inner
    response = get_response(request)
  File "/home/TIM/mysite/.venv/lib/python3.10/site-packages/django/core/handlers/base.py", line 197, in _get_response
    response = wrapped_callback(request, *callback_args, **callback_kwargs)
  File "/home/TIM/mysite/.venv/lib/python3.10/site-packages/django/contrib/auth/decorators.py", line 60, in _view_wrapper
    return view_func(request, *args, **kwargs)
  File "/home/TIM/mysite/licensing/views.py", line 34, in licens_dashboard
    active_invitations = Invitation.objects.filter(status='Pending', user=request.user)
  File "/home/TIM/mysite/.venv/lib/python3.10/site-packages/django/db/models/manager.py", line 87, in manager_method
    return getattr(self.get_queryset(), name)(*args, **kwargs)
  File "/home/TIM/mysite/.venv/lib/python3.10/site-packages/django/db/models/query.py", line 1476, in filter
    return self._filter_or_exclude(False, args, kwargs)
  File "/home/TIM/mysite/.venv/lib/python3.10/site-packages/django/db/models/query.py", line 1494, in _filter_or_exclude
    clone._filter_or_exclude_inplace(negate, args, kwargs)
  File "/home/TIM/mysite/.venv/lib/python3.10/site-packages/django/db/models/query.py", line 1501, in _filter_or_exclude_inplace
    self._query.add_q(Q(*args, **kwargs))
  File "/home/TIM/mysite/.venv/lib/python3.10/site-packages/django/db/models/sql/query.py", line 1609, in add_q
    clause, _ = self._add_q(q_object, self.used_aliases)
  File "/home/TIM/mysite/.venv/lib/python3.10/site-packages/django/db/models/sql/query.py", line 1641, in _add_q
    child_clause, needed_inner = self.build_filter(
  File "/home/TIM/mysite/.venv/lib/python3.10/site-packages/django/db/models/sql/query.py", line 1491, in build_filter
    lookups, parts, reffed_expression = self.solve_lookup_type(arg, summarize)
  File "/home/TIM/mysite/.venv/lib/python3.10/site-packages/django/db/models/sql/query.py", line 1303, in solve_lookup_type
    _, field, _, lookup_parts = self.names_to_path(lookup_splitted, self.get_meta())
  File "/home/TIM/mysite/.venv/lib/python3.10/site-packages/django/db/models/sql/query.py", line 1768, in names_to_path
    raise FieldError(
django.core.exceptions.FieldError: Cannot resolve keyword 'user' into field. Choices are: expiry_date, id, invitation_date, invitee_email, inviter, inviter_id, license, license_id, status, token
Invalid referer:  from IP 
Forbidden: /search/
Not Found: /config/index
