INFO 2025-06-17 16:07:24,543 database AXES: Cleaned up 0 expired access attempts from database that were older than 2025-06-17 08:07:24.540428+00:00
INFO 2025-06-17 16:07:24,543 database AXES: Successful logout by {username: "********************", ip_address: "********************", user_agent: "Mozilla/5.0 (X11; Linux x86_64) AppleWebKit/537.36 (KHTML, like Gecko) Chrome/137.0.0.0 Safari/537.36", path_info: "/logout/"}.
WARNING 2025-06-17 16:17:22,487 log Forbidden (Referer checking failed - no Referer.): /
INFO 2025-06-17 16:21:46,515 views Partner logo found: https://ini.icei.ac.id/media/logos/oxford.png
INFO 2025-06-17 16:21:46,517 views Certificate 55aa1ce9-3a29-4735-b178-cea724635f49 already exists for user learn
INFO 2025-06-17 16:21:46,523 __init__ Step 1 - Fetching and parsing HTML - HTML string
INFO 2025-06-17 16:21:46,549 __init__ Step 2 - Fetching and parsing CSS - CSS string
INFO 2025-06-17 16:21:46,554 __init__ Step 2 - Fetching and parsing CSS - https://fonts.googleapis.com/css2?family=Inter:wght@300;400;600&family=Playfair+Display:wght@400;700&display=swap
DEBUG 2025-06-17 16:21:48,275 __init__ Ignored `pointer-events: none` at 197:13, the property does not apply for the print media.
INFO 2025-06-17 16:21:48,277 __init__ Step 3 - Applying CSS
INFO 2025-06-17 16:21:48,283 document Step 4 - Creating formatting structure
INFO 2025-06-17 16:21:48,519 page Step 5 - Creating layout - Page 1
INFO 2025-06-17 16:21:48,647 page Step 5 - Creating layout - Page 2
INFO 2025-06-17 16:21:48,733 __init__ Step 6 - Creating PDF
INFO 2025-06-17 16:21:48,791 __init__ Step 7 - Adding PDF metadata
DEBUG 2025-06-17 16:21:48,793 ttFont Reading 'maxp' table from disk
DEBUG 2025-06-17 16:21:48,793 ttFont Decompiling 'maxp' table
DEBUG 2025-06-17 16:21:48,794 loggingTools Took 0.001s to load 'maxp'
DEBUG 2025-06-17 16:21:48,794 loggingTools Took 0.000s to prune 'maxp'
INFO 2025-06-17 16:21:48,794 __init__ maxp pruned
DEBUG 2025-06-17 16:21:48,795 ttFont Reading 'cmap' table from disk
DEBUG 2025-06-17 16:21:48,795 ttFont Decompiling 'cmap' table
DEBUG 2025-06-17 16:21:48,796 ttFont Reading 'post' table from disk
DEBUG 2025-06-17 16:21:48,796 ttFont Decompiling 'post' table
DEBUG 2025-06-17 16:21:48,798 loggingTools Took 0.003s to load 'cmap'
DEBUG 2025-06-17 16:21:48,798 loggingTools Took 0.000s to prune 'cmap'
INFO 2025-06-17 16:21:48,798 __init__ cmap pruned
INFO 2025-06-17 16:21:48,798 __init__ prep dropped
DEBUG 2025-06-17 16:21:48,799 loggingTools Took 0.000s to load 'post'
DEBUG 2025-06-17 16:21:48,799 loggingTools Took 0.000s to prune 'post'
INFO 2025-06-17 16:21:48,799 __init__ post pruned
INFO 2025-06-17 16:21:48,800 __init__ GPOS dropped
INFO 2025-06-17 16:21:48,800 __init__ GSUB dropped
DEBUG 2025-06-17 16:21:48,801 ttFont Reading 'glyf' table from disk
DEBUG 2025-06-17 16:21:48,801 ttFont Decompiling 'glyf' table
DEBUG 2025-06-17 16:21:48,801 ttFont Reading 'loca' table from disk
DEBUG 2025-06-17 16:21:48,801 ttFont Decompiling 'loca' table
DEBUG 2025-06-17 16:21:48,801 ttFont Reading 'head' table from disk
DEBUG 2025-06-17 16:21:48,802 ttFont Decompiling 'head' table
DEBUG 2025-06-17 16:21:48,805 loggingTools Took 0.004s to load 'glyf'
DEBUG 2025-06-17 16:21:48,805 loggingTools Took 0.000s to prune 'glyf'
INFO 2025-06-17 16:21:48,805 __init__ glyf pruned
DEBUG 2025-06-17 16:21:48,806 loggingTools Took 0.000s to close glyph list over 'cmap'
INFO 2025-06-17 16:21:48,806 __init__ Added gid0 to subset
INFO 2025-06-17 16:21:48,806 __init__ Closing glyph list over 'glyf': 29 glyphs before
INFO 2025-06-17 16:21:48,806 __init__ Glyph names: ['.notdef', 'A', 'C', 'E', 'F', 'I', 'L', 'M', 'N', 'O', 'P', 'R', 'T', 'a', 'c', 'd', 'e', 'f', 'fi', 'h', 'i', 'm', 'n', 'o', 'r', 's', 'space', 't', 'v']
INFO 2025-06-17 16:21:48,807 __init__ Glyph IDs:   [0, 1, 26, 36, 56, 69, 87, 93, 94, 100, 125, 128, 140, 190, 215, 221, 225, 246, 255, 259, 286, 287, 294, 322, 326, 334, 359, 387, 633]
INFO 2025-06-17 16:21:48,807 __init__ Closed glyph list over 'glyf': 31 glyphs after
INFO 2025-06-17 16:21:48,807 __init__ Glyph names: ['.notdef', 'A', 'C', 'E', 'F', 'I', 'L', 'M', 'N', 'O', 'P', 'R', 'T', 'a', 'c', 'd', 'dotlessi', 'e', 'f', 'fi', 'h', 'i', 'm', 'n', 'o', 'r', 's', 'space', 't', 'uni0307', 'v']
INFO 2025-06-17 16:21:48,808 __init__ Glyph IDs:   [0, 1, 26, 36, 56, 69, 87, 93, 94, 100, 125, 128, 140, 190, 215, 221, 225, 246, 255, 259, 260, 286, 287, 294, 322, 326, 334, 359, 387, 633, 700]
DEBUG 2025-06-17 16:21:48,808 loggingTools Took 0.002s to close glyph list over 'glyf'
INFO 2025-06-17 16:21:48,809 __init__ Retaining 31 glyphs
INFO 2025-06-17 16:21:48,809 __init__ head subsetting not needed
INFO 2025-06-17 16:21:48,810 __init__ hhea subsetting not needed
INFO 2025-06-17 16:21:48,810 __init__ maxp subsetting not needed
INFO 2025-06-17 16:21:48,810 __init__ OS/2 subsetting not needed
DEBUG 2025-06-17 16:21:48,811 ttFont Reading 'hmtx' table from disk
DEBUG 2025-06-17 16:21:48,811 ttFont Decompiling 'hmtx' table
DEBUG 2025-06-17 16:21:48,811 ttFont Reading 'hhea' table from disk
DEBUG 2025-06-17 16:21:48,811 ttFont Decompiling 'hhea' table
DEBUG 2025-06-17 16:21:48,812 loggingTools Took 0.002s to subset 'hmtx'
INFO 2025-06-17 16:21:48,812 __init__ hmtx subsetted
DEBUG 2025-06-17 16:21:48,813 loggingTools Took 0.000s to subset 'cmap'
INFO 2025-06-17 16:21:48,813 __init__ cmap subsetted
INFO 2025-06-17 16:21:48,813 __init__ loca subsetting not needed
DEBUG 2025-06-17 16:21:48,814 loggingTools Took 0.000s to subset 'post'
INFO 2025-06-17 16:21:48,814 __init__ post subsetted
INFO 2025-06-17 16:21:48,814 __init__ gasp subsetting not needed
INFO 2025-06-17 16:21:48,814 __init__ STAT subsetting not needed
DEBUG 2025-06-17 16:21:48,814 ttFont Reading 'GDEF' table from disk
DEBUG 2025-06-17 16:21:48,815 ttFont Decompiling 'GDEF' table
DEBUG 2025-06-17 16:21:48,816 loggingTools Took 0.001s to subset 'GDEF'
INFO 2025-06-17 16:21:48,816 __init__ GDEF subsetted
INFO 2025-06-17 16:21:48,816 __init__ name subsetting not needed
DEBUG 2025-06-17 16:21:48,817 loggingTools Took 0.001s to subset 'glyf'
INFO 2025-06-17 16:21:48,817 __init__ glyf subsetted
DEBUG 2025-06-17 16:21:48,817 loggingTools Took 0.000s to subset GlyphOrder
DEBUG 2025-06-17 16:21:48,818 loggingTools Took 0.000s to prune 'head'
INFO 2025-06-17 16:21:48,818 __init__ head pruned
DEBUG 2025-06-17 16:21:48,818 ttFont Reading 'OS/2' table from disk
DEBUG 2025-06-17 16:21:48,818 ttFont Decompiling 'OS/2' table
INFO 2025-06-17 16:21:48,819 __init__ OS/2 Unicode ranges pruned: [0, 62]
INFO 2025-06-17 16:21:48,819 __init__ OS/2 CodePage ranges pruned: [0]
DEBUG 2025-06-17 16:21:48,821 loggingTools Took 0.001s to prune 'glyf'
INFO 2025-06-17 16:21:48,821 __init__ glyf pruned
DEBUG 2025-06-17 16:21:48,821 loggingTools Took 0.000s to prune 'GDEF'
INFO 2025-06-17 16:21:48,821 __init__ GDEF pruned
DEBUG 2025-06-17 16:21:48,822 ttFont Reading 'name' table from disk
DEBUG 2025-06-17 16:21:48,822 ttFont Decompiling 'name' table
DEBUG 2025-06-17 16:21:48,822 ttFont Reading 'gasp' table from disk
DEBUG 2025-06-17 16:21:48,823 ttFont Decompiling 'gasp' table
DEBUG 2025-06-17 16:21:48,823 ttFont Reading 'STAT' table from disk
DEBUG 2025-06-17 16:21:48,823 ttFont Decompiling 'STAT' table
DEBUG 2025-06-17 16:21:48,824 loggingTools Took 0.002s to prune 'name'
INFO 2025-06-17 16:21:48,824 __init__ name pruned
DEBUG 2025-06-17 16:21:48,843 ttFont Reading 'maxp' table from disk
DEBUG 2025-06-17 16:21:48,844 ttFont Decompiling 'maxp' table
DEBUG 2025-06-17 16:21:48,844 loggingTools Took 0.001s to load 'maxp'
DEBUG 2025-06-17 16:21:48,844 loggingTools Took 0.000s to prune 'maxp'
INFO 2025-06-17 16:21:48,844 __init__ maxp pruned
DEBUG 2025-06-17 16:21:48,845 ttFont Reading 'cmap' table from disk
DEBUG 2025-06-17 16:21:48,845 ttFont Decompiling 'cmap' table
DEBUG 2025-06-17 16:21:48,847 ttFont Reading 'post' table from disk
DEBUG 2025-06-17 16:21:48,847 ttFont Decompiling 'post' table
DEBUG 2025-06-17 16:21:48,856 loggingTools Took 0.011s to load 'cmap'
DEBUG 2025-06-17 16:21:48,857 loggingTools Took 0.000s to prune 'cmap'
INFO 2025-06-17 16:21:48,857 __init__ cmap pruned
INFO 2025-06-17 16:21:48,857 __init__ prep dropped
DEBUG 2025-06-17 16:21:48,857 loggingTools Took 0.000s to load 'post'
DEBUG 2025-06-17 16:21:48,858 loggingTools Took 0.000s to prune 'post'
INFO 2025-06-17 16:21:48,858 __init__ post pruned
INFO 2025-06-17 16:21:48,858 __init__ GPOS dropped
INFO 2025-06-17 16:21:48,858 __init__ GSUB dropped
DEBUG 2025-06-17 16:21:48,859 ttFont Reading 'glyf' table from disk
DEBUG 2025-06-17 16:21:48,859 ttFont Decompiling 'glyf' table
DEBUG 2025-06-17 16:21:48,859 ttFont Reading 'loca' table from disk
DEBUG 2025-06-17 16:21:48,859 ttFont Decompiling 'loca' table
DEBUG 2025-06-17 16:21:48,860 ttFont Reading 'head' table from disk
DEBUG 2025-06-17 16:21:48,860 ttFont Decompiling 'head' table
DEBUG 2025-06-17 16:21:48,865 loggingTools Took 0.006s to load 'glyf'
DEBUG 2025-06-17 16:21:48,865 loggingTools Took 0.000s to prune 'glyf'
INFO 2025-06-17 16:21:48,866 __init__ glyf pruned
DEBUG 2025-06-17 16:21:48,866 loggingTools Took 0.000s to close glyph list over 'cmap'
INFO 2025-06-17 16:21:48,867 __init__ Added gid0 to subset
INFO 2025-06-17 16:21:48,867 __init__ Closing glyph list over 'glyf': 54 glyphs before
INFO 2025-06-17 16:21:48,867 __init__ Glyph names: ['.notdef', 'A', 'C', 'D', 'E', 'F', 'I', 'O', 'P', 'R', 'S', 'T', 'U', 'V', 'a', 'ampersand', 'b', 'c', 'colon', 'd', 'e', 'eight', 'f', 'five', 'four', 'g', 'h', 'hyphen.case', 'i', 'j', 'k', 'l', 'm', 'n', 'nine', 'o', 'one', 'p', 'period', 'r', 's', 'seven', 'six', 'space', 't', 'three', 'two', 'u', 'v', 'w', 'x', 'y', 'z', 'zero']
INFO 2025-06-17 16:21:48,868 __init__ Glyph IDs:   [0, 2, 73, 84, 95, 137, 197, 321, 375, 384, 397, 411, 424, 456, 507, 578, 586, 597, 614, 647, 658, 670, 689, 719, 727, 736, 766, 773, 790, 843, 852, 871, 888, 913, 978, 982, 991, 996, 1020, 1339, 1340, 1341, 1343, 1344, 1345, 1347, 1348, 1349, 1350, 1423, 1469, 1500, 1503, 1747]
INFO 2025-06-17 16:21:48,868 __init__ Closed glyph list over 'glyf': 58 glyphs after
INFO 2025-06-17 16:21:48,868 __init__ Glyph names: ['.notdef', 'A', 'C', 'D', 'E', 'F', 'I', 'O', 'P', 'R', 'S', 'T', 'U', 'V', 'a', 'ampersand', 'b', 'c', 'colon', 'd', 'dotlessi', 'e', 'eight', 'f', 'five', 'four', 'g', 'h', 'hyphen', 'hyphen.case', 'i', 'j', 'k', 'l', 'm', 'n', 'nine', 'o', 'one', 'p', 'period', 'r', 's', 'seven', 'six', 'space', 't', 'three', 'two', 'u', 'uni0237', 'uni0307', 'v', 'w', 'x', 'y', 'z', 'zero']
INFO 2025-06-17 16:21:48,869 __init__ Glyph IDs:   [0, 2, 73, 84, 95, 137, 197, 321, 375, 384, 397, 411, 424, 456, 507, 578, 586, 597, 614, 647, 658, 670, 689, 690, 711, 719, 727, 736, 766, 773, 790, 843, 852, 871, 888, 913, 978, 982, 991, 996, 1020, 1339, 1340, 1341, 1343, 1344, 1345, 1347, 1348, 1349, 1350, 1423, 1457, 1469, 1500, 1503, 1747, 2645]
DEBUG 2025-06-17 16:21:48,869 loggingTools Took 0.002s to close glyph list over 'glyf'
INFO 2025-06-17 16:21:48,872 __init__ Retaining 58 glyphs
INFO 2025-06-17 16:21:48,872 __init__ head subsetting not needed
INFO 2025-06-17 16:21:48,872 __init__ hhea subsetting not needed
INFO 2025-06-17 16:21:48,873 __init__ maxp subsetting not needed
INFO 2025-06-17 16:21:48,873 __init__ OS/2 subsetting not needed
DEBUG 2025-06-17 16:21:48,873 ttFont Reading 'hmtx' table from disk
DEBUG 2025-06-17 16:21:48,873 ttFont Decompiling 'hmtx' table
DEBUG 2025-06-17 16:21:48,874 ttFont Reading 'hhea' table from disk
DEBUG 2025-06-17 16:21:48,874 ttFont Decompiling 'hhea' table
DEBUG 2025-06-17 16:21:48,877 loggingTools Took 0.003s to subset 'hmtx'
INFO 2025-06-17 16:21:48,877 __init__ hmtx subsetted
DEBUG 2025-06-17 16:21:48,879 loggingTools Took 0.002s to subset 'cmap'
INFO 2025-06-17 16:21:48,879 __init__ cmap subsetted
INFO 2025-06-17 16:21:48,879 __init__ loca subsetting not needed
DEBUG 2025-06-17 16:21:48,879 loggingTools Took 0.000s to subset 'post'
INFO 2025-06-17 16:21:48,879 __init__ post subsetted
INFO 2025-06-17 16:21:48,880 __init__ gasp subsetting not needed
INFO 2025-06-17 16:21:48,880 __init__ STAT subsetting not needed
DEBUG 2025-06-17 16:21:48,880 ttFont Reading 'GDEF' table from disk
DEBUG 2025-06-17 16:21:48,881 ttFont Decompiling 'GDEF' table
DEBUG 2025-06-17 16:21:48,883 loggingTools Took 0.003s to subset 'GDEF'
INFO 2025-06-17 16:21:48,883 __init__ GDEF subsetted
INFO 2025-06-17 16:21:48,884 __init__ name subsetting not needed
DEBUG 2025-06-17 16:21:48,886 loggingTools Took 0.002s to subset 'glyf'
INFO 2025-06-17 16:21:48,886 __init__ glyf subsetted
DEBUG 2025-06-17 16:21:48,887 loggingTools Took 0.000s to subset GlyphOrder
DEBUG 2025-06-17 16:21:48,887 loggingTools Took 0.000s to prune 'head'
INFO 2025-06-17 16:21:48,887 __init__ head pruned
DEBUG 2025-06-17 16:21:48,888 ttFont Reading 'OS/2' table from disk
DEBUG 2025-06-17 16:21:48,888 ttFont Decompiling 'OS/2' table
INFO 2025-06-17 16:21:48,888 __init__ OS/2 Unicode ranges pruned: [0, 60]
INFO 2025-06-17 16:21:48,889 __init__ OS/2 CodePage ranges pruned: [0]
DEBUG 2025-06-17 16:21:48,891 loggingTools Took 0.001s to prune 'glyf'
INFO 2025-06-17 16:21:48,891 __init__ glyf pruned
DEBUG 2025-06-17 16:21:48,891 loggingTools Took 0.000s to prune 'GDEF'
INFO 2025-06-17 16:21:48,891 __init__ GDEF pruned
DEBUG 2025-06-17 16:21:48,892 ttFont Reading 'name' table from disk
DEBUG 2025-06-17 16:21:48,892 ttFont Decompiling 'name' table
DEBUG 2025-06-17 16:21:48,892 ttFont Reading 'gasp' table from disk
DEBUG 2025-06-17 16:21:48,893 ttFont Decompiling 'gasp' table
DEBUG 2025-06-17 16:21:48,893 ttFont Reading 'STAT' table from disk
DEBUG 2025-06-17 16:21:48,893 ttFont Decompiling 'STAT' table
DEBUG 2025-06-17 16:21:48,894 loggingTools Took 0.002s to prune 'name'
INFO 2025-06-17 16:21:48,894 __init__ name pruned
DEBUG 2025-06-17 16:21:49,005 ttFont Reading 'maxp' table from disk
DEBUG 2025-06-17 16:21:49,006 ttFont Decompiling 'maxp' table
DEBUG 2025-06-17 16:21:49,006 loggingTools Took 0.001s to load 'maxp'
DEBUG 2025-06-17 16:21:49,006 loggingTools Took 0.000s to prune 'maxp'
INFO 2025-06-17 16:21:49,006 __init__ maxp pruned
DEBUG 2025-06-17 16:21:49,007 ttFont Reading 'cmap' table from disk
DEBUG 2025-06-17 16:21:49,007 ttFont Decompiling 'cmap' table
DEBUG 2025-06-17 16:21:49,008 ttFont Reading 'post' table from disk
DEBUG 2025-06-17 16:21:49,009 ttFont Decompiling 'post' table
DEBUG 2025-06-17 16:21:49,017 loggingTools Took 0.011s to load 'cmap'
DEBUG 2025-06-17 16:21:49,018 loggingTools Took 0.000s to prune 'cmap'
INFO 2025-06-17 16:21:49,018 __init__ cmap pruned
INFO 2025-06-17 16:21:49,018 __init__ prep dropped
DEBUG 2025-06-17 16:21:49,018 loggingTools Took 0.000s to load 'post'
DEBUG 2025-06-17 16:21:49,019 loggingTools Took 0.000s to prune 'post'
INFO 2025-06-17 16:21:49,019 __init__ post pruned
INFO 2025-06-17 16:21:49,019 __init__ GPOS dropped
INFO 2025-06-17 16:21:49,019 __init__ GSUB dropped
DEBUG 2025-06-17 16:21:49,020 ttFont Reading 'glyf' table from disk
DEBUG 2025-06-17 16:21:49,020 ttFont Decompiling 'glyf' table
DEBUG 2025-06-17 16:21:49,020 ttFont Reading 'loca' table from disk
DEBUG 2025-06-17 16:21:49,020 ttFont Decompiling 'loca' table
DEBUG 2025-06-17 16:21:49,021 ttFont Reading 'head' table from disk
DEBUG 2025-06-17 16:21:49,021 ttFont Decompiling 'head' table
DEBUG 2025-06-17 16:21:49,025 loggingTools Took 0.006s to load 'glyf'
DEBUG 2025-06-17 16:21:49,026 loggingTools Took 0.000s to prune 'glyf'
INFO 2025-06-17 16:21:49,026 __init__ glyf pruned
DEBUG 2025-06-17 16:21:49,027 loggingTools Took 0.001s to close glyph list over 'cmap'
INFO 2025-06-17 16:21:49,028 __init__ Added gid0 to subset
INFO 2025-06-17 16:21:49,028 __init__ Closing glyph list over 'glyf': 49 glyphs before
INFO 2025-06-17 16:21:49,028 __init__ Glyph names: ['.notdef', 'A', 'B', 'C', 'D', 'E', 'H', 'I', 'M', 'N', 'O', 'P', 'R', 'S', 'T', 'U', 'V', 'W', 'X', 'a', 'at', 'b', 'c', 'd', 'e', 'eight', 'f', 'g', 'h', 'i', 'j', 'l', 'm', 'n', 'o', 'p', 'period', 'r', 's', 'six', 'space', 't', 'three', 'u', 'v', 'w', 'x', 'y', 'zero']
INFO 2025-06-17 16:21:49,029 __init__ Glyph IDs:   [0, 2, 65, 73, 84, 95, 161, 197, 292, 300, 321, 375, 384, 397, 411, 424, 456, 459, 466, 507, 578, 586, 597, 614, 647, 658, 670, 689, 719, 736, 766, 773, 790, 843, 852, 871, 888, 913, 978, 982, 991, 996, 1339, 1343, 1347, 1349, 1443, 1500, 1747]
INFO 2025-06-17 16:21:49,029 __init__ Closed glyph list over 'glyf': 52 glyphs after
INFO 2025-06-17 16:21:49,029 __init__ Glyph names: ['.notdef', 'A', 'B', 'C', 'D', 'E', 'H', 'I', 'M', 'N', 'O', 'P', 'R', 'S', 'T', 'U', 'V', 'W', 'X', 'a', 'at', 'b', 'c', 'd', 'dotlessi', 'e', 'eight', 'f', 'g', 'h', 'i', 'j', 'l', 'm', 'n', 'o', 'p', 'period', 'r', 's', 'six', 'space', 't', 'three', 'u', 'uni0237', 'uni0307', 'v', 'w', 'x', 'y', 'zero']
INFO 2025-06-17 16:21:49,030 __init__ Glyph IDs:   [0, 2, 65, 73, 84, 95, 161, 197, 292, 300, 321, 375, 384, 397, 411, 424, 456, 459, 466, 507, 578, 586, 597, 614, 647, 658, 670, 689, 690, 711, 719, 736, 766, 773, 790, 843, 852, 871, 888, 913, 978, 982, 991, 996, 1339, 1343, 1347, 1349, 1443, 1500, 1747, 2645]
DEBUG 2025-06-17 16:21:49,030 loggingTools Took 0.002s to close glyph list over 'glyf'
INFO 2025-06-17 16:21:49,033 __init__ Retaining 52 glyphs
INFO 2025-06-17 16:21:49,033 __init__ head subsetting not needed
INFO 2025-06-17 16:21:49,033 __init__ hhea subsetting not needed
INFO 2025-06-17 16:21:49,034 __init__ maxp subsetting not needed
INFO 2025-06-17 16:21:49,034 __init__ OS/2 subsetting not needed
DEBUG 2025-06-17 16:21:49,034 ttFont Reading 'hmtx' table from disk
DEBUG 2025-06-17 16:21:49,034 ttFont Decompiling 'hmtx' table
DEBUG 2025-06-17 16:21:49,034 ttFont Reading 'hhea' table from disk
DEBUG 2025-06-17 16:21:49,035 ttFont Decompiling 'hhea' table
DEBUG 2025-06-17 16:21:49,038 loggingTools Took 0.004s to subset 'hmtx'
INFO 2025-06-17 16:21:49,038 __init__ hmtx subsetted
DEBUG 2025-06-17 16:21:49,040 loggingTools Took 0.002s to subset 'cmap'
INFO 2025-06-17 16:21:49,040 __init__ cmap subsetted
INFO 2025-06-17 16:21:49,041 __init__ loca subsetting not needed
DEBUG 2025-06-17 16:21:49,041 loggingTools Took 0.000s to subset 'post'
INFO 2025-06-17 16:21:49,041 __init__ post subsetted
INFO 2025-06-17 16:21:49,041 __init__ gasp subsetting not needed
INFO 2025-06-17 16:21:49,042 __init__ STAT subsetting not needed
DEBUG 2025-06-17 16:21:49,042 ttFont Reading 'GDEF' table from disk
DEBUG 2025-06-17 16:21:49,042 ttFont Decompiling 'GDEF' table
DEBUG 2025-06-17 16:21:49,044 loggingTools Took 0.003s to subset 'GDEF'
INFO 2025-06-17 16:21:49,045 __init__ GDEF subsetted
INFO 2025-06-17 16:21:49,045 __init__ name subsetting not needed
DEBUG 2025-06-17 16:21:49,049 loggingTools Took 0.004s to subset 'glyf'
INFO 2025-06-17 16:21:49,050 __init__ glyf subsetted
DEBUG 2025-06-17 16:21:49,050 loggingTools Took 0.000s to subset GlyphOrder
DEBUG 2025-06-17 16:21:49,050 loggingTools Took 0.000s to prune 'head'
INFO 2025-06-17 16:21:49,050 __init__ head pruned
DEBUG 2025-06-17 16:21:49,051 ttFont Reading 'OS/2' table from disk
DEBUG 2025-06-17 16:21:49,051 ttFont Decompiling 'OS/2' table
INFO 2025-06-17 16:21:49,051 __init__ OS/2 Unicode ranges pruned: [0]
INFO 2025-06-17 16:21:49,052 __init__ OS/2 CodePage ranges pruned: [0]
DEBUG 2025-06-17 16:21:49,054 loggingTools Took 0.002s to prune 'glyf'
INFO 2025-06-17 16:21:49,054 __init__ glyf pruned
DEBUG 2025-06-17 16:21:49,054 loggingTools Took 0.000s to prune 'GDEF'
INFO 2025-06-17 16:21:49,054 __init__ GDEF pruned
DEBUG 2025-06-17 16:21:49,055 ttFont Reading 'name' table from disk
DEBUG 2025-06-17 16:21:49,055 ttFont Decompiling 'name' table
DEBUG 2025-06-17 16:21:49,056 ttFont Reading 'gasp' table from disk
DEBUG 2025-06-17 16:21:49,056 ttFont Decompiling 'gasp' table
DEBUG 2025-06-17 16:21:49,056 ttFont Reading 'STAT' table from disk
DEBUG 2025-06-17 16:21:49,056 ttFont Decompiling 'STAT' table
DEBUG 2025-06-17 16:21:49,058 loggingTools Took 0.003s to prune 'name'
INFO 2025-06-17 16:21:49,058 __init__ name pruned
INFO 2025-06-17 16:22:33,496 views Payment required for exam in course 11 for user learn
INFO 2025-06-17 16:22:43,823 views Payment required for exam in course 11 for user learn
INFO 2025-06-17 16:22:48,481 views Payment required for exam in course 11 for user learn
INFO 2025-06-17 16:22:53,599 views Payment required for exam in course 11 for user learn
INFO 2025-06-17 16:22:59,737 views Payment required for exam in course 11 for user learn
INFO 2025-06-17 16:23:05,051 views Processing payment for course 11, payment_type: exam
INFO 2025-06-17 16:23:05,089 views Created new payment 6 for user learn, course 11, payment_model: pay_for_exam
INFO 2025-06-17 16:23:05,167 views Created new transaction 18 for payment 6
INFO 2025-06-17 16:30:30,858 apps AXES: BEGIN version 8.0.0, blocking by username or ip_address
INFO 2025-06-17 16:30:30,891 apps AXES: BEGIN version 8.0.0, blocking by username or ip_address
INFO 2025-06-17 16:30:31,015 apps AXES: BEGIN version 8.0.0, blocking by username or ip_address
ERROR 2025-06-17 16:30:38,156 log Internal Server Error: /dashbord/
Traceback (most recent call last):
  File "/home/TIM/mysite/.venv/lib/python3.10/site-packages/django/urls/base.py", line 81, in reverse
    extra, resolver = resolver.namespace_dict[ns]
KeyError: 'course_listbrandt'

During handling of the above exception, another exception occurred:

Traceback (most recent call last):
  File "/home/TIM/mysite/.venv/lib/python3.10/site-packages/django/core/handlers/exception.py", line 55, in inner
    response = get_response(request)
  File "/home/TIM/mysite/.venv/lib/python3.10/site-packages/django/core/handlers/base.py", line 197, in _get_response
    response = wrapped_callback(request, *callback_args, **callback_kwargs)
  File "/home/TIM/mysite/.venv/lib/python3.10/site-packages/django/contrib/auth/decorators.py", line 59, in _view_wrapper
    return view_func(request, *args, **kwargs)
  File "/home/TIM/mysite/.venv/lib/python3.10/site-packages/django_ratelimit/decorators.py", line 27, in _wrapped
    return fn(request, *args, **kw)
  File "/home/TIM/mysite/authentication/views.py", line 878, in dashbord
    return render(request, 'learner/dashbord.html', {
  File "/home/TIM/mysite/.venv/lib/python3.10/site-packages/django/shortcuts.py", line 25, in render
    content = loader.render_to_string(template_name, context, request, using=using)
  File "/home/TIM/mysite/.venv/lib/python3.10/site-packages/django/template/loader.py", line 62, in render_to_string
    return template.render(context, request)
  File "/home/TIM/mysite/.venv/lib/python3.10/site-packages/django/template/backends/django.py", line 107, in render
    return self.template.render(context)
  File "/home/TIM/mysite/.venv/lib/python3.10/site-packages/django/template/base.py", line 171, in render
    return self._render(context)
  File "/home/TIM/mysite/.venv/lib/python3.10/site-packages/django/template/base.py", line 163, in _render
    return self.nodelist.render(context)
  File "/home/TIM/mysite/.venv/lib/python3.10/site-packages/django/template/base.py", line 1016, in render
    return SafeString("".join([node.render_annotated(context) for node in self]))
  File "/home/TIM/mysite/.venv/lib/python3.10/site-packages/django/template/base.py", line 1016, in <listcomp>
    return SafeString("".join([node.render_annotated(context) for node in self]))
  File "/home/TIM/mysite/.venv/lib/python3.10/site-packages/django/template/base.py", line 977, in render_annotated
    return self.render(context)
  File "/home/TIM/mysite/.venv/lib/python3.10/site-packages/django/template/loader_tags.py", line 159, in render
    return compiled_parent._render(context)
  File "/home/TIM/mysite/.venv/lib/python3.10/site-packages/django/template/base.py", line 163, in _render
    return self.nodelist.render(context)
  File "/home/TIM/mysite/.venv/lib/python3.10/site-packages/django/template/base.py", line 1016, in render
    return SafeString("".join([node.render_annotated(context) for node in self]))
  File "/home/TIM/mysite/.venv/lib/python3.10/site-packages/django/template/base.py", line 1016, in <listcomp>
    return SafeString("".join([node.render_annotated(context) for node in self]))
  File "/home/TIM/mysite/.venv/lib/python3.10/site-packages/django/template/base.py", line 977, in render_annotated
    return self.render(context)
  File "/home/TIM/mysite/.venv/lib/python3.10/site-packages/django/template/loader_tags.py", line 65, in render
    result = block.nodelist.render(context)
  File "/home/TIM/mysite/.venv/lib/python3.10/site-packages/django/template/base.py", line 1016, in render
    return SafeString("".join([node.render_annotated(context) for node in self]))
  File "/home/TIM/mysite/.venv/lib/python3.10/site-packages/django/template/base.py", line 1016, in <listcomp>
    return SafeString("".join([node.render_annotated(context) for node in self]))
  File "/home/TIM/mysite/.venv/lib/python3.10/site-packages/django/template/base.py", line 977, in render_annotated
    return self.render(context)
  File "/home/TIM/mysite/.venv/lib/python3.10/site-packages/django/template/defaulttags.py", line 480, in render
    url = reverse(view_name, args=args, kwargs=kwargs, current_app=current_app)
  File "/home/TIM/mysite/.venv/lib/python3.10/site-packages/django/urls/base.py", line 87, in reverse
    raise NoReverseMatch(
django.urls.exceptions.NoReverseMatch: 'course_listbrandt' is not a registered namespace inside 'authentication'
INFO 2025-06-17 16:32:27,528 apps AXES: BEGIN version 8.0.0, blocking by username or ip_address
INFO 2025-06-17 16:32:27,564 apps AXES: BEGIN version 8.0.0, blocking by username or ip_address
INFO 2025-06-17 16:32:27,603 apps AXES: BEGIN version 8.0.0, blocking by username or ip_address
INFO 2025-06-17 16:33:01,578 apps AXES: BEGIN version 8.0.0, blocking by username or ip_address
INFO 2025-06-17 16:33:01,619 apps AXES: BEGIN version 8.0.0, blocking by username or ip_address
INFO 2025-06-17 16:33:01,828 apps AXES: BEGIN version 8.0.0, blocking by username or ip_address
INFO 2025-06-17 16:38:34,672 views Payment required for exam in course 11 for user learn
INFO 2025-06-17 16:38:57,875 views Unauthenticated user attempted to access course big-data-developer-2026
INFO 2025-06-17 16:39:55,654 views Payment required for exam in course 11 for user learn
INFO 2025-06-17 16:40:03,507 views Payment required for exam in course 11 for user learn
INFO 2025-06-17 16:40:10,865 views Payment required for exam in course 11 for user learn
INFO 2025-06-17 16:40:16,981 views Payment required for exam in course 11 for user learn
INFO 2025-06-17 16:40:23,735 views Payment required for exam in course 11 for user learn
