INFO 2025-06-23 16:35:59,605 views load_content: Rendering learner/my_course.html for user admin, assessment 56
INFO 2025-06-23 16:38:04,611 views my_course: Rendering for user admin, course build-powerful-web-applications-with-django, assessment_id=None
INFO 2025-06-23 16:38:07,366 views load_content: Rendering learner/partials/content.html for user admin, assessment 17
INFO 2025-06-23 16:38:10,506 views load_content: Rendering learner/partials/content.html for user admin, material 16
WARNING 2025-06-23 17:02:32,290 log Forbidden (Referer checking failed - no Referer.): /
WARNING 2025-06-23 18:55:06,353 log Forbidden (Referer checking failed - no Referer.): /
INFO 2025-06-23 19:07:58,150 views load_content: Rendering learner/my_course.html for user admin, material 16
INFO 2025-06-23 19:08:02,683 views load_content: Rendering learner/partials/content.html for user admin, assessment 18
INFO 2025-06-23 19:08:04,169 views load_content: Rendering learner/partials/content.html for user admin, material 17
INFO 2025-06-23 19:08:05,993 views load_content: Rendering learner/partials/content.html for user admin, assessment 19
INFO 2025-06-23 19:08:07,445 views load_content: Rendering learner/partials/content.html for user admin, material 18
INFO 2025-06-23 19:08:09,188 views load_content: Rendering learner/partials/content.html for user admin, assessment 20
INFO 2025-06-23 19:08:10,361 views load_content: Rendering learner/partials/content.html for user admin, material 19
INFO 2025-06-23 19:20:45,133 database AXES: Cleaned up 0 expired access attempts from database that were older than 2025-06-23 11:20:45.131897+00:00
INFO 2025-06-23 19:20:45,134 database AXES: Successful logout by {username: "********************", ip_address: "********************", user_agent: "Mozilla/5.0 (Linux; Android 10; K) AppleWebKit/537.36 (KHTML, like Gecko) Chrome/137.0.0.0 Mobile Safari/537.36", path_info: "/logout/"}.
INFO 2025-06-23 19:21:15,839 database AXES: Successful login by {username: "********************", ip_address: "********************", user_agent: "Mozilla/5.0 (Linux; Android 10; K) AppleWebKit/537.36 (KHTML, like Gecko) Chrome/137.0.0.0 Mobile Safari/537.36", path_info: "/login/"}.
INFO 2025-06-23 19:21:15,841 database AXES: Cleaned up 0 expired access attempts from database that were older than 2025-06-23 11:21:14.882418+00:00
WARNING 2025-06-23 19:23:38,712 views Unauthorized access attempt by partner1 for admin
WARNING 2025-06-23 19:23:40,578 views Unauthorized access attempt by partner1 for admin
WARNING 2025-06-23 19:23:41,493 views Unauthorized access attempt by partner1 for admin
WARNING 2025-06-23 19:23:49,961 views Unauthorized access attempt by partner1 for admin
WARNING 2025-06-23 19:48:45,604 log Forbidden (Referer checking failed - no Referer.): /
WARNING 2025-06-23 20:04:44,698 log Forbidden (Referer checking failed - no Referer.): /
WARNING 2025-06-23 22:01:01,231 log Forbidden (Referer checking failed - no Referer.): /
WARNING 2025-06-23 22:48:01,477 log Forbidden (Referer checking failed - no Referer.): /
WARNING 2025-06-24 00:44:43,590 log Forbidden (Referer checking failed - no Referer.): /
ERROR 2025-06-24 02:23:56,955 exception Invalid HTTP_HOST header: 'localhost'. You may need to add 'localhost' to ALLOWED_HOSTS.
Traceback (most recent call last):
  File "/home/TIM/mysite/.venv/lib/python3.10/site-packages/django/core/handlers/exception.py", line 55, in inner
    response = get_response(request)
  File "/home/TIM/mysite/.venv/lib/python3.10/site-packages/django/utils/deprecation.py", line 119, in __call__
    response = self.process_request(request)
  File "/home/TIM/mysite/.venv/lib/python3.10/site-packages/django/middleware/common.py", line 48, in process_request
    host = request.get_host()
  File "/home/TIM/mysite/.venv/lib/python3.10/site-packages/django/http/request.py", line 186, in get_host
    raise DisallowedHost(msg)
django.core.exceptions.DisallowedHost: Invalid HTTP_HOST header: 'localhost'. You may need to add 'localhost' to ALLOWED_HOSTS.
WARNING 2025-06-24 03:18:59,467 log Forbidden (Referer checking failed - no Referer.): /
WARNING 2025-06-24 03:27:20,276 views Invalid referer:  from IP 
WARNING 2025-06-24 03:27:26,611 views Invalid referer:  from IP 
WARNING 2025-06-24 06:02:46,575 log Forbidden (Referer checking failed - no Referer.): /
WARNING 2025-06-24 08:05:49,734 log Forbidden (Referer checking failed - no Referer.): /
WARNING 2025-06-24 08:15:21,644 log Forbidden (Referer checking failed - no Referer.): /
INFO 2025-06-24 08:30:44,496 apps AXES: BEGIN version 8.0.0, blocking by username or ip_address
INFO 2025-06-24 08:30:44,544 apps AXES: BEGIN version 8.0.0, blocking by username or ip_address
INFO 2025-06-24 08:30:44,558 apps AXES: BEGIN version 8.0.0, blocking by username or ip_address
INFO 2025-06-24 08:31:56,453 database AXES: Cleaned up 0 expired access attempts from database that were older than 2025-06-24 00:31:56.450921+00:00
INFO 2025-06-24 08:31:56,454 database AXES: Successful logout by {username: "********************", ip_address: "********************", user_agent: "Mozilla/5.0 (X11; Linux x86_64) AppleWebKit/537.36 (KHTML, like Gecko) Chrome/137.0.0.0 Safari/537.36", path_info: "/logout/"}.
INFO 2025-06-24 08:32:08,486 database AXES: Successful login by {username: "********************", ip_address: "********************", user_agent: "Mozilla/5.0 (X11; Linux x86_64) AppleWebKit/537.36 (KHTML, like Gecko) Chrome/137.0.0.0 Safari/537.36", path_info: "/login/"}.
INFO 2025-06-24 08:32:08,488 database AXES: Cleaned up 0 expired access attempts from database that were older than 2025-06-24 00:32:07.537716+00:00
INFO 2025-06-24 08:33:10,445 views my_course: Rendering for user learn, course front-end-developer, assessment_id=None
INFO 2025-06-24 08:35:37,980 apps AXES: BEGIN version 8.0.0, blocking by username or ip_address
INFO 2025-06-24 08:35:38,059 apps AXES: BEGIN version 8.0.0, blocking by username or ip_address
INFO 2025-06-24 08:35:38,147 apps AXES: BEGIN version 8.0.0, blocking by username or ip_address
INFO 2025-06-24 08:35:41,351 views my_course: Rendering for user learn, course front-end-developer, assessment_id=None
ERROR 2025-06-24 08:35:41,453 log Internal Server Error: /learn/front-end-developer/
Traceback (most recent call last):
  File "/home/TIM/mysite/.venv/lib/python3.10/site-packages/django/template/base.py", line 510, in parse
    compile_func = self.tags[command]
KeyError: 'static'

During handling of the above exception, another exception occurred:

Traceback (most recent call last):
  File "/home/TIM/mysite/.venv/lib/python3.10/site-packages/django/core/handlers/exception.py", line 55, in inner
    response = get_response(request)
  File "/home/TIM/mysite/.venv/lib/python3.10/site-packages/django/core/handlers/base.py", line 197, in _get_response
    response = wrapped_callback(request, *callback_args, **callback_kwargs)
  File "/home/TIM/mysite/.venv/lib/python3.10/site-packages/django/contrib/auth/decorators.py", line 59, in _view_wrapper
    return view_func(request, *args, **kwargs)
  File "/home/TIM/mysite/learner/views.py", line 349, in my_course
    response = render(request, 'learner/my_course.html', context)
  File "/home/TIM/mysite/.venv/lib/python3.10/site-packages/django/shortcuts.py", line 25, in render
    content = loader.render_to_string(template_name, context, request, using=using)
  File "/home/TIM/mysite/.venv/lib/python3.10/site-packages/django/template/loader.py", line 62, in render_to_string
    return template.render(context, request)
  File "/home/TIM/mysite/.venv/lib/python3.10/site-packages/django/template/backends/django.py", line 107, in render
    return self.template.render(context)
  File "/home/TIM/mysite/.venv/lib/python3.10/site-packages/django/template/base.py", line 171, in render
    return self._render(context)
  File "/home/TIM/mysite/.venv/lib/python3.10/site-packages/django/template/base.py", line 163, in _render
    return self.nodelist.render(context)
  File "/home/TIM/mysite/.venv/lib/python3.10/site-packages/django/template/base.py", line 1016, in render
    return SafeString("".join([node.render_annotated(context) for node in self]))
  File "/home/TIM/mysite/.venv/lib/python3.10/site-packages/django/template/base.py", line 1016, in <listcomp>
    return SafeString("".join([node.render_annotated(context) for node in self]))
  File "/home/TIM/mysite/.venv/lib/python3.10/site-packages/django/template/base.py", line 977, in render_annotated
    return self.render(context)
  File "/home/TIM/mysite/.venv/lib/python3.10/site-packages/django/template/loader_tags.py", line 159, in render
    return compiled_parent._render(context)
  File "/home/TIM/mysite/.venv/lib/python3.10/site-packages/django/template/base.py", line 163, in _render
    return self.nodelist.render(context)
  File "/home/TIM/mysite/.venv/lib/python3.10/site-packages/django/template/base.py", line 1016, in render
    return SafeString("".join([node.render_annotated(context) for node in self]))
  File "/home/TIM/mysite/.venv/lib/python3.10/site-packages/django/template/base.py", line 1016, in <listcomp>
    return SafeString("".join([node.render_annotated(context) for node in self]))
  File "/home/TIM/mysite/.venv/lib/python3.10/site-packages/django/template/base.py", line 977, in render_annotated
    return self.render(context)
  File "/home/TIM/mysite/.venv/lib/python3.10/site-packages/django/template/loader_tags.py", line 65, in render
    result = block.nodelist.render(context)
  File "/home/TIM/mysite/.venv/lib/python3.10/site-packages/django/template/base.py", line 1016, in render
    return SafeString("".join([node.render_annotated(context) for node in self]))
  File "/home/TIM/mysite/.venv/lib/python3.10/site-packages/django/template/base.py", line 1016, in <listcomp>
    return SafeString("".join([node.render_annotated(context) for node in self]))
  File "/home/TIM/mysite/.venv/lib/python3.10/site-packages/django/template/base.py", line 977, in render_annotated
    return self.render(context)
  File "/home/TIM/mysite/.venv/lib/python3.10/site-packages/django/template/loader_tags.py", line 199, in render
    template = context.template.engine.select_template(template_name)
  File "/home/TIM/mysite/.venv/lib/python3.10/site-packages/django/template/engine.py", line 208, in select_template
    return self.get_template(template_name)
  File "/home/TIM/mysite/.venv/lib/python3.10/site-packages/django/template/engine.py", line 177, in get_template
    template, origin = self.find_template(template_name)
  File "/home/TIM/mysite/.venv/lib/python3.10/site-packages/django/template/engine.py", line 159, in find_template
    template = loader.get_template(name, skip=skip)
  File "/home/TIM/mysite/.venv/lib/python3.10/site-packages/django/template/loaders/cached.py", line 57, in get_template
    template = super().get_template(template_name, skip)
  File "/home/TIM/mysite/.venv/lib/python3.10/site-packages/django/template/loaders/base.py", line 28, in get_template
    return Template(
  File "/home/TIM/mysite/.venv/lib/python3.10/site-packages/django/template/base.py", line 154, in __init__
    self.nodelist = self.compile_nodelist()
  File "/home/TIM/mysite/.venv/lib/python3.10/site-packages/django/template/base.py", line 196, in compile_nodelist
    nodelist = parser.parse()
  File "/home/TIM/mysite/.venv/lib/python3.10/site-packages/django/template/base.py", line 518, in parse
    raise self.error(token, e)
  File "/home/TIM/mysite/.venv/lib/python3.10/site-packages/django/template/base.py", line 516, in parse
    compiled_result = compile_func(self, token)
  File "/home/TIM/mysite/.venv/lib/python3.10/site-packages/django/template/defaulttags.py", line 976, in do_if
    nodelist = parser.parse(("endif",))
  File "/home/TIM/mysite/.venv/lib/python3.10/site-packages/django/template/base.py", line 512, in parse
    self.invalid_block_tag(token, command, parse_until)
  File "/home/TIM/mysite/.venv/lib/python3.10/site-packages/django/template/base.py", line 567, in invalid_block_tag
    raise self.error(
django.template.exceptions.TemplateSyntaxError: Invalid block tag on line 15: 'static', expected 'endif'. Did you forget to register or load this tag?
INFO 2025-06-24 08:36:31,041 apps AXES: BEGIN version 8.0.0, blocking by username or ip_address
INFO 2025-06-24 08:36:31,165 apps AXES: BEGIN version 8.0.0, blocking by username or ip_address
INFO 2025-06-24 08:36:31,270 apps AXES: BEGIN version 8.0.0, blocking by username or ip_address
INFO 2025-06-24 08:36:34,239 views my_course: Rendering for user learn, course front-end-developer, assessment_id=None
INFO 2025-06-24 08:36:38,320 views load_content: Rendering learner/partials/content.html for user learn, assessment 23
INFO 2025-06-24 08:36:40,540 views load_content: Rendering learner/partials/content.html for user learn, assessment 24
INFO 2025-06-24 08:36:43,241 views load_content: Rendering learner/partials/content.html for user learn, material 23
INFO 2025-06-24 08:36:46,999 views load_content: Rendering learner/partials/content.html for user learn, material 25
INFO 2025-06-24 08:39:15,592 apps AXES: BEGIN version 8.0.0, blocking by username or ip_address
INFO 2025-06-24 08:39:15,790 apps AXES: BEGIN version 8.0.0, blocking by username or ip_address
INFO 2025-06-24 08:39:15,801 apps AXES: BEGIN version 8.0.0, blocking by username or ip_address
INFO 2025-06-24 08:39:20,481 views load_content: Rendering learner/my_course.html for user learn, material 25
INFO 2025-06-24 08:39:44,645 views load_content: Rendering learner/my_course.html for user learn, material 25
INFO 2025-06-24 08:39:55,588 views load_content: Rendering learner/partials/content.html for user learn, assessment 27
INFO 2025-06-24 08:39:58,007 views load_content: Rendering learner/partials/content.html for user learn, assessment 23
INFO 2025-06-24 08:39:58,918 views load_content: Rendering learner/partials/content.html for user learn, material 21
INFO 2025-06-24 08:42:22,848 apps AXES: BEGIN version 8.0.0, blocking by username or ip_address
INFO 2025-06-24 08:42:22,943 apps AXES: BEGIN version 8.0.0, blocking by username or ip_address
INFO 2025-06-24 08:42:23,110 apps AXES: BEGIN version 8.0.0, blocking by username or ip_address
INFO 2025-06-24 08:42:26,886 views load_content: Rendering learner/my_course.html for user learn, material 21
INFO 2025-06-24 08:42:35,610 views load_content: Rendering learner/partials/content.html for user learn, assessment 23
INFO 2025-06-24 08:42:38,329 views load_content: Rendering learner/partials/content.html for user learn, material 22
INFO 2025-06-24 08:43:01,285 views load_content: Rendering learner/partials/content.html for user learn, assessment 28
INFO 2025-06-24 08:43:06,098 views load_content: Rendering learner/partials/content.html for user learn, material 26
INFO 2025-06-24 08:43:08,969 views load_content: Rendering learner/partials/content.html for user learn, assessment 23
INFO 2025-06-24 08:43:11,218 views load_content: Rendering learner/partials/content.html for user learn, material 22
INFO 2025-06-24 08:43:27,043 views load_content: Rendering learner/partials/content.html for user learn, material 21
INFO 2025-06-24 08:43:33,666 views load_content: Rendering learner/my_course.html for user learn, material 21
INFO 2025-06-24 08:44:43,101 apps AXES: BEGIN version 8.0.0, blocking by username or ip_address
INFO 2025-06-24 08:44:43,280 apps AXES: BEGIN version 8.0.0, blocking by username or ip_address
INFO 2025-06-24 08:44:43,293 apps AXES: BEGIN version 8.0.0, blocking by username or ip_address
INFO 2025-06-24 08:44:47,370 views load_content: Rendering learner/my_course.html for user learn, material 21
INFO 2025-06-24 08:45:08,741 views load_content: Rendering learner/my_course.html for user learn, material 21
INFO 2025-06-24 08:45:20,976 views load_content: Rendering learner/partials/content.html for user learn, assessment 23
INFO 2025-06-24 08:45:23,757 views load_content: Rendering learner/partials/content.html for user learn, material 22
INFO 2025-06-24 08:45:29,398 views load_content: Rendering learner/partials/content.html for user learn, assessment 24
INFO 2025-06-24 08:45:32,431 views load_content: Rendering learner/partials/content.html for user learn, material 23
INFO 2025-06-24 08:45:36,775 views load_content: Rendering learner/partials/content.html for user learn, assessment 25
INFO 2025-06-24 08:45:39,935 views load_content: Rendering learner/partials/content.html for user learn, material 24
INFO 2025-06-24 08:45:44,784 views load_content: Rendering learner/partials/content.html for user learn, assessment 26
INFO 2025-06-24 08:45:48,324 views load_content: Rendering learner/partials/content.html for user learn, material 25
INFO 2025-06-24 08:47:28,028 apps AXES: BEGIN version 8.0.0, blocking by username or ip_address
INFO 2025-06-24 08:47:28,107 apps AXES: BEGIN version 8.0.0, blocking by username or ip_address
INFO 2025-06-24 08:47:28,158 apps AXES: BEGIN version 8.0.0, blocking by username or ip_address
INFO 2025-06-24 08:47:31,908 views load_content: Rendering learner/my_course.html for user learn, material 25
INFO 2025-06-24 08:47:39,870 views load_content: Rendering learner/partials/content.html for user learn, assessment 27
INFO 2025-06-24 08:47:41,537 views load_content: Rendering learner/partials/content.html for user learn, material 26
INFO 2025-06-24 08:48:10,110 views load_content: Rendering learner/partials/content.html for user learn, material 21
INFO 2025-06-24 08:48:13,437 views load_content: Rendering learner/partials/content.html for user learn, assessment 24
INFO 2025-06-24 08:48:21,440 views load_content: Rendering learner/partials/content.html for user learn, material 24
INFO 2025-06-24 08:48:39,489 views load_content: Rendering learner/partials/content.html for user learn, assessment 26
INFO 2025-06-24 08:48:41,138 views load_content: Rendering learner/partials/content.html for user learn, material 25
INFO 2025-06-24 08:48:49,608 views load_content: Rendering learner/my_course.html for user learn, material 25
INFO 2025-06-24 08:48:52,993 views load_content: Rendering learner/my_course.html for user learn, material 25
INFO 2025-06-24 08:48:57,952 views load_content: Rendering learner/my_course.html for user learn, material 25
INFO 2025-06-24 08:49:55,713 apps AXES: BEGIN version 8.0.0, blocking by username or ip_address
INFO 2025-06-24 08:49:56,045 apps AXES: BEGIN version 8.0.0, blocking by username or ip_address
INFO 2025-06-24 08:49:56,081 apps AXES: BEGIN version 8.0.0, blocking by username or ip_address
INFO 2025-06-24 08:49:58,686 views load_content: Rendering learner/my_course.html for user learn, material 25
INFO 2025-06-24 08:50:07,092 views load_content: Rendering learner/partials/content.html for user learn, assessment 27
INFO 2025-06-24 08:50:08,446 views load_content: Rendering learner/partials/content.html for user learn, material 26
INFO 2025-06-24 08:50:11,073 views load_content: Rendering learner/partials/content.html for user learn, assessment 28
INFO 2025-06-24 08:50:25,045 views load_content: Rendering learner/partials/content.html for user learn, material 26
INFO 2025-06-24 08:50:27,786 views load_content: Rendering learner/partials/content.html for user learn, assessment 27
INFO 2025-06-24 08:50:29,535 views load_content: Rendering learner/partials/content.html for user learn, material 25
INFO 2025-06-24 08:50:32,922 views load_content: Rendering learner/partials/content.html for user learn, assessment 26
INFO 2025-06-24 08:50:34,284 views load_content: Rendering learner/partials/content.html for user learn, material 24
INFO 2025-06-24 08:50:37,137 views load_content: Rendering learner/partials/content.html for user learn, assessment 25
