User: instructor, is_superuser=False, is_partner=False, is_instructor=True
LTI Tool: id=6, launch_url=https://idols.ui.ac.id/enrol/lti/tool.php?id=5, consumer_key=key-1695997475113841301, shared_secret=7nZrZkAAPXeqTiKs7wvHm9IIvdGoGLq6
LTI Parameters: {'lti_message_type': 'basic-lti-launch-request', 'lti_version': 'LTI-1p0', 'resource_link_id': '6-1', 'resource_link_title': 'Quiz', 'user_id': '3', 'roles': 'Instructor', 'context_id': '1', 'context_title': 'full stack development', 'lis_person_name_full': 'Mr Instructor LMS', 'lis_person_contact_email_primary': 'instructor@instructor.com', 'launch_presentation_return_url': 'https://ini.icei.ac.id/', 'oauth_consumer_key': 'key-1695997475113841301', 'oauth_signature_method': 'HMAC-SHA1', 'oauth_timestamp': '1744871635', 'oauth_nonce': 'de7ecbfa-dc37-4e6b-855c-d7572d1f18dc', 'oauth_version': '1.0'}
OAuth Headers: {'Content-Type': 'application/x-www-form-urlencoded', 'Authorization': 'OAuth oauth_nonce="de7ecbfa-dc37-4e6b-855c-d7572d1f18dc", oauth_timestamp="1744871635", oauth_version="1.0", oauth_signature_method="HMAC-SHA1", oauth_consumer_key="key-1695997475113841301", oauth_signature="Wkf3awd1grTrpTan6lWALj2FimY%3D"'}
Signed Parameters: {'lti_message_type': 'basic-lti-launch-request', 'lti_version': 'LTI-1p0', 'resource_link_id': '6-1', 'resource_link_title': 'Quiz', 'user_id': '3', 'roles': 'Instructor', 'context_id': '1', 'context_title': 'full stack development', 'lis_person_name_full': 'Mr Instructor LMS', 'lis_person_contact_email_primary': 'instructor@instructor.com', 'launch_presentation_return_url': 'https://ini.icei.ac.id/', 'oauth_consumer_key': 'key-1695997475113841301', 'oauth_signature_method': 'HMAC-SHA1', 'oauth_timestamp': '1744871635', 'oauth_nonce': 'de7ecbfa-dc37-4e6b-855c-d7572d1f18dc', 'oauth_version': '1.0', 'oauth_signature': 'Wkf3awd1grTrpTan6lWALj2FimY='}
Form HTML generated successfully
Watching for file changes with StatReloader
Not Found: /favicon.ico
User: instructor, is_superuser=False, is_partner=False, is_instructor=True
LTI Tool: id=6, launch_url=https://idols.ui.ac.id/enrol/lti/tool.php?id=5, consumer_key=key-1695997475113841301, shared_secret=7nZrZkAAPXeqTiKs7wvHm9IIvdGoGLq6
LTI Parameters: {'lti_message_type': 'basic-lti-launch-request', 'lti_version': 'LTI-1p0', 'resource_link_id': '6-1', 'resource_link_title': 'Quiz', 'user_id': '3', 'roles': 'Instructor', 'context_id': '1', 'context_title': 'full stack development', 'lis_person_name_full': 'Mr Instructor LMS', 'lis_person_contact_email_primary': 'instructor@instructor.com', 'launch_presentation_return_url': 'https://ini.icei.ac.id/', 'oauth_consumer_key': 'key-1695997475113841301', 'oauth_signature_method': 'HMAC-SHA1', 'oauth_timestamp': '1744875121', 'oauth_nonce': '969deb6e-ff5e-4d35-b6b3-8bbdc69fae1d', 'oauth_version': '1.0'}
OAuth Headers: {'Content-Type': 'application/x-www-form-urlencoded', 'Authorization': 'OAuth oauth_nonce="969deb6e-ff5e-4d35-b6b3-8bbdc69fae1d", oauth_timestamp="1744875121", oauth_version="1.0", oauth_signature_method="HMAC-SHA1", oauth_consumer_key="key-1695997475113841301", oauth_signature="iu9V218jT2DuZRL5Z6e7g%2Fdk%2F0s%3D"'}
Signed Parameters: {'lti_message_type': 'basic-lti-launch-request', 'lti_version': 'LTI-1p0', 'resource_link_id': '6-1', 'resource_link_title': 'Quiz', 'user_id': '3', 'roles': 'Instructor', 'context_id': '1', 'context_title': 'full stack development', 'lis_person_name_full': 'Mr Instructor LMS', 'lis_person_contact_email_primary': 'instructor@instructor.com', 'launch_presentation_return_url': 'https://ini.icei.ac.id/', 'oauth_consumer_key': 'key-1695997475113841301', 'oauth_signature_method': 'HMAC-SHA1', 'oauth_timestamp': '1744875121', 'oauth_nonce': '969deb6e-ff5e-4d35-b6b3-8bbdc69fae1d', 'oauth_version': '1.0', 'oauth_signature': 'iu9V218jT2DuZRL5Z6e7g/dk/0s='}
Form HTML generated successfully
User: instructor, is_superuser=False, is_partner=False, is_instructor=True
LTI Tool: id=6, launch_url=https://idols.ui.ac.id/enrol/lti/tool.php?id=5, consumer_key=key-1695997475113841301, shared_secret=7nZrZkAAPXeqTiKs7wvHm9IIvdGoGLq6
LTI Parameters: {'lti_message_type': 'basic-lti-launch-request', 'lti_version': 'LTI-1p0', 'resource_link_id': '6-1', 'resource_link_title': 'Quiz', 'user_id': '3', 'roles': 'Instructor', 'context_id': '1', 'context_title': 'full stack development', 'lis_person_name_full': 'Mr Instructor LMS', 'lis_person_contact_email_primary': 'instructor@instructor.com', 'launch_presentation_return_url': 'https://ini.icei.ac.id/', 'oauth_consumer_key': 'key-1695997475113841301', 'oauth_signature_method': 'HMAC-SHA1', 'oauth_timestamp': '1744875323', 'oauth_nonce': 'bcc0c4cd-921f-49a9-ac0f-f2c65e8b51a9', 'oauth_version': '1.0'}
OAuth Headers: {'Content-Type': 'application/x-www-form-urlencoded', 'Authorization': 'OAuth oauth_nonce="bcc0c4cd-921f-49a9-ac0f-f2c65e8b51a9", oauth_timestamp="1744875323", oauth_version="1.0", oauth_signature_method="HMAC-SHA1", oauth_consumer_key="key-1695997475113841301", oauth_signature="YWgu9TtMgiDtwocAlf%2B15L7g%2B2s%3D"'}
Signed Parameters: {'lti_message_type': 'basic-lti-launch-request', 'lti_version': 'LTI-1p0', 'resource_link_id': '6-1', 'resource_link_title': 'Quiz', 'user_id': '3', 'roles': 'Instructor', 'context_id': '1', 'context_title': 'full stack development', 'lis_person_name_full': 'Mr Instructor LMS', 'lis_person_contact_email_primary': 'instructor@instructor.com', 'launch_presentation_return_url': 'https://ini.icei.ac.id/', 'oauth_consumer_key': 'key-1695997475113841301', 'oauth_signature_method': 'HMAC-SHA1', 'oauth_timestamp': '1744875323', 'oauth_nonce': 'bcc0c4cd-921f-49a9-ac0f-f2c65e8b51a9', 'oauth_version': '1.0', 'oauth_signature': 'YWgu9TtMgiDtwocAlf+15L7g+2s='}
Form HTML generated successfully
Not Found: /.env
Not Found: /config/secrets.yml
Not Found: /.env.1
Related Courses: [{'id': 1, 'course_name': 'full stack development', 'end_enrol': datetime.date(2026, 4, 15)}]
Course Data: {'course_name': 'full stack development', 'course_id': 1, 'num_enrollments': 1, 'course_slug': 'full-stack-development', 'course_image': '/media/courses/full.webp', 'instructor': 'Mr Instructor LMS', 'instructor_username': 'instructor', 'photo': '/media/profile_pics/hasbusiness-icon_a527bO4.webp', 'partner': <Universiti: University of Oxford>, 'category': 'Software Development', 'language': 'en', 'average_rating': 0, 'review_count': 0, 'full_star_range': range(0, 0), 'half_star': False, 'empty_star_range': range(0, 5)}
Related Courses: [{'id': 1, 'course_name': 'full stack development', 'end_enrol': datetime.date(2026, 4, 15)}]
Course Data: {'course_name': 'full stack development', 'course_id': 1, 'num_enrollments': 1, 'course_slug': 'full-stack-development', 'course_image': '/media/courses/full.webp', 'instructor': 'Mr Instructor LMS', 'instructor_username': 'instructor', 'photo': '/media/profile_pics/hasbusiness-icon_a527bO4.webp', 'partner': <Universiti: University of Oxford>, 'category': 'Software Development', 'language': 'en', 'average_rating': 0, 'review_count': 0, 'full_star_range': range(0, 0), 'half_star': False, 'empty_star_range': range(0, 5)}
Related Courses: [{'id': 1, 'course_name': 'full stack development', 'end_enrol': datetime.date(2026, 4, 15)}]
Course Data: {'course_name': 'full stack development', 'course_id': 1, 'num_enrollments': 1, 'course_slug': 'full-stack-development', 'course_image': '/media/courses/full.webp', 'instructor': 'Mr Instructor LMS', 'instructor_username': 'instructor', 'photo': '/media/profile_pics/hasbusiness-icon_a527bO4.webp', 'partner': <Universiti: University of Oxford>, 'category': 'Software Development', 'language': 'en', 'average_rating': 0, 'review_count': 0, 'full_star_range': range(0, 0), 'half_star': False, 'empty_star_range': range(0, 5)}
Related Courses: [{'id': 1, 'course_name': 'full stack development', 'end_enrol': datetime.date(2026, 4, 15)}]
Course Data: {'course_name': 'full stack development', 'course_id': 1, 'num_enrollments': 1, 'course_slug': 'full-stack-development', 'course_image': '/media/courses/full.webp', 'instructor': 'Mr Instructor LMS', 'instructor_username': 'instructor', 'photo': '/media/profile_pics/hasbusiness-icon_a527bO4.webp', 'partner': <Universiti: University of Oxford>, 'category': 'Software Development', 'language': 'en', 'average_rating': 0, 'review_count': 0, 'full_star_range': range(0, 0), 'half_star': False, 'empty_star_range': range(0, 5)}
Related Courses: [{'id': 1, 'course_name': 'full stack development', 'end_enrol': datetime.date(2026, 4, 15)}]
Course Data: {'course_name': 'full stack development', 'course_id': 1, 'num_enrollments': 1, 'course_slug': 'full-stack-development', 'course_image': '/media/courses/full.webp', 'instructor': 'Mr Instructor LMS', 'instructor_username': 'instructor', 'photo': '/media/profile_pics/hasbusiness-icon_a527bO4.webp', 'partner': <Universiti: University of Oxford>, 'category': 'Software Development', 'language': 'en', 'average_rating': 0, 'review_count': 0, 'full_star_range': range(0, 0), 'half_star': False, 'empty_star_range': range(0, 5)}
Not Found: /favicon.ico
Related Courses: [{'id': 1, 'course_name': 'full stack development', 'end_enrol': datetime.date(2026, 4, 15)}]
Course Data: {'course_name': 'full stack development', 'course_id': 1, 'num_enrollments': 1, 'course_slug': 'full-stack-development', 'course_image': '/media/courses/full.webp', 'instructor': 'Mr Instructor LMS', 'instructor_username': 'instructor', 'photo': '/media/profile_pics/hasbusiness-icon_a527bO4.webp', 'partner': <Universiti: University of Oxford>, 'category': 'Software Development', 'language': 'en', 'average_rating': 0, 'review_count': 0, 'full_star_range': range(0, 0), 'half_star': False, 'empty_star_range': range(0, 5)}
Related Courses: [{'id': 1, 'course_name': 'full stack development', 'end_enrol': datetime.date(2026, 4, 15)}]
Course Data: {'course_name': 'full stack development', 'course_id': 1, 'num_enrollments': 1, 'course_slug': 'full-stack-development', 'course_image': '/media/courses/full.webp', 'instructor': 'Mr Instructor LMS', 'instructor_username': 'instructor', 'photo': '/media/profile_pics/hasbusiness-icon_a527bO4.webp', 'partner': <Universiti: University of Oxford>, 'category': 'Software Development', 'language': 'en', 'average_rating': 0, 'review_count': 0, 'full_star_range': range(0, 0), 'half_star': False, 'empty_star_range': range(0, 5)}
Related Courses: [{'id': 1, 'course_name': 'full stack development', 'end_enrol': datetime.date(2026, 4, 15)}]
Course Data: {'course_name': 'full stack development', 'hour': '20', 'course_id': 1, 'num_enrollments': 1, 'course_slug': 'full-stack-development', 'course_image': '/media/courses/full.webp', 'instructor': 'Mr Instructor LMS', 'instructor_username': 'instructor', 'photo': '/media/profile_pics/hasbusiness-icon_a527bO4.webp', 'partner': <Universiti: University of Oxford>, 'category': 'Software Development', 'language': 'en', 'average_rating': 0, 'review_count': 0, 'full_star_range': range(0, 0), 'half_star': False, 'empty_star_range': range(0, 5)}
Related Courses: [{'id': 1, 'course_name': 'full stack development', 'end_enrol': datetime.date(2026, 4, 15)}]
Course Data: {'course_name': 'full stack development', 'hour': '20', 'course_id': 1, 'num_enrollments': 1, 'course_slug': 'full-stack-development', 'course_image': '/media/courses/full.webp', 'instructor': 'Mr Instructor LMS', 'instructor_username': 'instructor', 'photo': '/media/profile_pics/hasbusiness-icon_a527bO4.webp', 'partner': <Universiti: University of Oxford>, 'category': 'Software Development', 'language': 'en', 'average_rating': 0, 'review_count': 0, 'full_star_range': range(0, 0), 'half_star': False, 'empty_star_range': range(0, 5)}
Related Courses: [{'id': 1, 'course_name': 'full stack development', 'end_enrol': datetime.date(2026, 4, 15)}]
Course Data: {'course_name': 'full stack development', 'hour': '20', 'course_id': 1, 'num_enrollments': 1, 'course_slug': 'full-stack-development', 'course_image': '/media/courses/full.webp', 'instructor': 'Mr Instructor LMS', 'instructor_username': 'instructor', 'photo': '/media/profile_pics/hasbusiness-icon_a527bO4.webp', 'partner': <Universiti: University of Oxford>, 'category': 'Software Development', 'language': 'en', 'average_rating': 0, 'review_count': 0, 'full_star_range': range(0, 0), 'half_star': False, 'empty_star_range': range(0, 5)}
Related Courses: [{'id': 1, 'course_name': 'full stack development', 'end_enrol': datetime.date(2026, 4, 15)}]
Course Data: {'course_name': 'full stack development', 'hour': '20', 'course_id': 1, 'num_enrollments': 1, 'course_slug': 'full-stack-development', 'course_image': '/media/courses/full.webp', 'instructor': 'Mr Instructor LMS', 'instructor_username': 'instructor', 'photo': '/media/profile_pics/hasbusiness-icon_a527bO4.webp', 'partner': <Universiti: University of Oxford>, 'category': 'Software Development', 'language': 'en', 'average_rating': 0, 'review_count': 0, 'full_star_range': range(0, 0), 'half_star': False, 'empty_star_range': range(0, 5)}
Related Courses: [{'id': 1, 'course_name': 'full stack development', 'end_enrol': datetime.date(2026, 4, 15)}]
Course Data: {'course_name': 'full stack development', 'hour': '20', 'course_id': 1, 'num_enrollments': 1, 'course_slug': 'full-stack-development', 'course_image': '/media/courses/full.webp', 'instructor': 'Mr Instructor LMS', 'instructor_username': 'instructor', 'photo': '/media/profile_pics/hasbusiness-icon_a527bO4.webp', 'partner': <Universiti: University of Oxford>, 'category': 'Software Development', 'language': 'en', 'average_rating': 0, 'review_count': 0, 'full_star_range': range(0, 0), 'half_star': False, 'empty_star_range': range(0, 5)}
Related Courses: [{'id': 1, 'course_name': 'full stack development', 'end_enrol': datetime.date(2026, 4, 15)}]
Course Data: {'course_name': 'full stack development', 'hour': '20', 'course_id': 1, 'num_enrollments': 1, 'course_slug': 'full-stack-development', 'course_image': '/media/courses/full.webp', 'instructor': 'Mr Instructor LMS', 'instructor_username': 'instructor', 'photo': '/media/profile_pics/hasbusiness-icon_a527bO4.webp', 'partner': <Universiti: University of Oxford>, 'category': 'Software Development', 'language': 'en', 'average_rating': 0, 'review_count': 0, 'full_star_range': range(0, 0), 'half_star': False, 'empty_star_range': range(0, 5)}
Related Courses: [{'id': 1, 'course_name': 'full stack development', 'end_enrol': datetime.date(2026, 4, 15)}]
Related Courses: [{'id': 1, 'course_name': 'full stack development', 'end_enrol': datetime.date(2026, 4, 15)}]
Course Data: {'course_name': 'full stack development', 'hour': '20', 'course_id': 1, 'num_enrollments': 1, 'course_slug': 'full-stack-development', 'course_image': '/media/courses/full.webp', 'instructor': 'Mr Instructor LMS', 'instructor_username': 'instructor', 'photo': '/media/profile_pics/hasbusiness-icon_a527bO4.webp', 'partner': <Universiti: University of Oxford>, 'category': 'Software Development', 'language': 'en', 'average_rating': 0, 'review_count': 0, 'full_star_range': range(0, 0), 'half_star': False, 'empty_star_range': range(0, 5)}
Related Courses: [{'id': 1, 'course_name': 'full stack development', 'end_enrol': datetime.date(2026, 4, 15)}]
Course Data: {'course_name': 'full stack development', 'hour': '20', 'course_id': 1, 'num_enrollments': 1, 'course_slug': 'full-stack-development', 'course_image': '/media/courses/full.webp', 'instructor': 'Mr Instructor LMS', 'instructor_username': 'instructor', 'photo': '/media/profile_pics/hasbusiness-icon_a527bO4.webp', 'partner': <Universiti: University of Oxford>, 'category': 'Software Development', 'language': 'en', 'average_rating': 0, 'review_count': 0, 'full_star_range': range(0, 0), 'half_star': False, 'empty_star_range': range(0, 5)}
Related Courses: [{'id': 1, 'course_name': 'full stack development', 'end_enrol': datetime.date(2026, 4, 15)}]
Course Data: {'course_name': 'full stack development', 'hour': '20', 'course_id': 1, 'num_enrollments': 1, 'course_slug': 'full-stack-development', 'course_image': '/media/courses/full.webp', 'instructor': 'Mr Instructor LMS', 'instructor_username': 'instructor', 'photo': '/media/profile_pics/hasbusiness-icon_a527bO4.webp', 'partner': <Universiti: University of Oxford>, 'category': 'Software Development', 'language': 'en', 'average_rating': 0, 'review_count': 0, 'full_star_range': range(0, 0), 'half_star': False, 'empty_star_range': range(0, 5)}
Related Courses: [{'id': 1, 'course_name': 'full stack development', 'end_enrol': datetime.date(2026, 4, 15)}]
Course Data: {'course_name': 'full stack development', 'hour': '20', 'course_id': 1, 'num_enrollments': 1, 'course_slug': 'full-stack-development', 'course_image': '/media/courses/full.webp', 'instructor': 'Mr Instructor LMS', 'instructor_username': 'instructor', 'photo': '/media/profile_pics/hasbusiness-icon_a527bO4.webp', 'partner': <Universiti: University of Oxford>, 'category': 'Software Development', 'language': 'en', 'average_rating': 0, 'review_count': 0, 'full_star_range': range(0, 0), 'half_star': False, 'empty_star_range': range(0, 5)}
Related Courses: [{'id': 1, 'course_name': 'full stack development', 'end_enrol': datetime.date(2026, 4, 15)}]
Course Data: {'course_name': 'full stack development', 'hour': '20', 'course_id': 1, 'num_enrollments': 1, 'course_slug': 'full-stack-development', 'course_image': '/media/courses/full.webp', 'instructor': 'Mr Instructor LMS', 'instructor_username': 'instructor', 'photo': '/media/profile_pics/hasbusiness-icon_a527bO4.webp', 'partner': <Universiti: University of Oxford>, 'category': 'Software Development', 'language': 'en', 'average_rating': 0, 'review_count': 0, 'full_star_range': range(0, 0), 'half_star': False, 'empty_star_range': range(0, 5)}
Related Courses: [{'id': 1, 'course_name': 'full stack development', 'end_enrol': datetime.date(2026, 4, 15)}]
Course Data: {'course_name': 'full stack development', 'hour': '20', 'course_id': 1, 'num_enrollments': 1, 'course_slug': 'full-stack-development', 'course_image': '/media/courses/full.webp', 'instructor': 'Mr Instructor LMS', 'instructor_username': 'instructor', 'photo': '/media/profile_pics/hasbusiness-icon_a527bO4.webp', 'partner': <Universiti: University of Oxford>, 'category': 'Software Development', 'language': 'en', 'average_rating': 0, 'review_count': 0, 'full_star_range': range(0, 0), 'half_star': False, 'empty_star_range': range(0, 5)}
Related Courses: [{'id': 1, 'course_name': 'full stack development', 'end_enrol': datetime.date(2026, 4, 15)}]
Course Data: {'course_name': 'full stack development', 'hour': '20', 'course_id': 1, 'num_enrollments': 1, 'course_slug': 'full-stack-development', 'course_image': '/media/courses/full.webp', 'instructor': 'Mr Instructor LMS', 'instructor_username': 'instructor', 'photo': '/media/profile_pics/hasbusiness-icon_a527bO4.webp', 'partner': <Universiti: University of Oxford>, 'category': 'Software Development', 'language': 'en', 'average_rating': 0, 'review_count': 0, 'full_star_range': range(0, 0), 'half_star': False, 'empty_star_range': range(0, 5)}
Not Found: /dns-query
Not Found: /dns-query
Not Found: /.env
Related Courses: [{'id': 1, 'course_name': 'full stack development', 'end_enrol': datetime.date(2026, 4, 15)}]
Course Data: {'course_name': 'full stack development', 'hour': '20', 'course_id': 1, 'num_enrollments': 1, 'course_slug': 'full-stack-development', 'course_image': '/media/courses/full.webp', 'instructor': 'Mr Instructor LMS', 'instructor_username': 'instructor', 'photo': '/media/profile_pics/hasbusiness-icon_a527bO4.webp', 'partner': <Universiti: University of Oxford>, 'category': 'Software Development', 'language': 'en', 'average_rating': 0, 'review_count': 0, 'full_star_range': range(0, 0), 'half_star': False, 'empty_star_range': range(0, 5)}
Not Found: /robots.txt
Not Found: /robots.txt
Related Courses: [{'id': 1, 'course_name': 'full stack development', 'end_enrol': datetime.date(2026, 4, 15)}]
Course Data: {'course_name': 'full stack development', 'hour': '20', 'course_id': 1, 'num_enrollments': 1, 'course_slug': 'full-stack-development', 'course_image': '/media/courses/full.webp', 'instructor': 'Mr Instructor LMS', 'instructor_username': 'instructor', 'photo': '/media/profile_pics/hasbusiness-icon_a527bO4.webp', 'partner': <Universiti: University of Oxford>, 'category': 'Software Development', 'language': 'en', 'average_rating': 0, 'review_count': 0, 'full_star_range': range(0, 0), 'half_star': False, 'empty_star_range': range(0, 5)}
Not Found: /dns-query
Not Found: /dns-query
Not Found: /favicon.ico
Related Courses: [{'id': 1, 'course_name': 'full stack development', 'end_enrol': datetime.date(2026, 4, 15)}]
Course Data: {'course_name': 'full stack development', 'hour': '20', 'course_id': 1, 'num_enrollments': 1, 'course_slug': 'full-stack-development', 'course_image': '/media/courses/full.webp', 'instructor': 'Mr Instructor LMS', 'instructor_username': 'instructor', 'photo': '/media/profile_pics/hasbusiness-icon_a527bO4.webp', 'partner': <Universiti: University of Oxford>, 'category': 'Software Development', 'language': 'en', 'average_rating': 0, 'review_count': 0, 'full_star_range': range(0, 0), 'half_star': False, 'empty_star_range': range(0, 5)}
Related Courses: [{'id': 1, 'course_name': 'full stack development', 'end_enrol': datetime.date(2026, 4, 15)}]
Course Data: {'course_name': 'full stack development', 'hour': '20', 'course_id': 1, 'num_enrollments': 1, 'course_slug': 'full-stack-development', 'course_image': '/media/courses/full.webp', 'instructor': 'Mr Instructor LMS', 'instructor_username': 'instructor', 'photo': '/media/profile_pics/hasbusiness-icon_a527bO4.webp', 'partner': <Universiti: University of Oxford>, 'category': 'Software Development', 'language': 'en', 'average_rating': 0, 'review_count': 0, 'full_star_range': range(0, 0), 'half_star': False, 'empty_star_range': range(0, 5)}
Not Found: /robots.txt
Not Found: /robots.txt
Not Found: /favicon.ico
Not Found: /hello.world
Not Found: /vendor/phpunit/phpunit/src/Util/PHP/eval-stdin.php
Not Found: /vendor/phpunit/phpunit/Util/PHP/eval-stdin.php
Not Found: /vendor/phpunit/src/Util/PHP/eval-stdin.php
Not Found: /vendor/phpunit/Util/PHP/eval-stdin.php
Not Found: /vendor/phpunit/phpunit/LICENSE/eval-stdin.php
Not Found: /vendor/vendor/phpunit/phpunit/src/Util/PHP/eval-stdin.php
Not Found: /phpunit/phpunit/src/Util/PHP/eval-stdin.php
Not Found: /phpunit/phpunit/Util/PHP/eval-stdin.php
Not Found: /phpunit/src/Util/PHP/eval-stdin.php
Not Found: /phpunit/Util/PHP/eval-stdin.php
Not Found: /lib/phpunit/phpunit/src/Util/PHP/eval-stdin.php
Not Found: /lib/phpunit/phpunit/Util/PHP/eval-stdin.php
Not Found: /lib/phpunit/src/Util/PHP/eval-stdin.php
Not Found: /lib/phpunit/Util/PHP/eval-stdin.php
Not Found: /lib/vendor/phpunit/phpunit/src/Util/PHP/eval-stdin.php
Not Found: /laravel/vendor/phpunit/phpunit/src/Util/PHP/eval-stdin.php
Not Found: /www/vendor/phpunit/phpunit/src/Util/PHP/eval-stdin.php
Not Found: /ws/vendor/phpunit/phpunit/src/Util/PHP/eval-stdin.php
Not Found: /yii/vendor/phpunit/phpunit/src/Util/PHP/eval-stdin.php
Not Found: /zend/vendor/phpunit/phpunit/src/Util/PHP/eval-stdin.php
Not Found: /ws/ec/vendor/phpunit/phpunit/src/Util/PHP/eval-stdin.php
Not Found: /V2/vendor/phpunit/phpunit/src/Util/PHP/eval-stdin.php
Not Found: /tests/vendor/phpunit/phpunit/src/Util/PHP/eval-stdin.php
Not Found: /test/vendor/phpunit/phpunit/src/Util/PHP/eval-stdin.php
Not Found: /testing/vendor/phpunit/phpunit/src/Util/PHP/eval-stdin.php
Not Found: /api/vendor/phpunit/phpunit/src/Util/PHP/eval-stdin.php
Not Found: /demo/vendor/phpunit/phpunit/src/Util/PHP/eval-stdin.php
Not Found: /cms/vendor/phpunit/phpunit/src/Util/PHP/eval-stdin.php
Not Found: /crm/vendor/phpunit/phpunit/src/Util/PHP/eval-stdin.php
Not Found: /backup/vendor/phpunit/phpunit/src/Util/PHP/eval-stdin.php
Not Found: /blog/vendor/phpunit/phpunit/src/Util/PHP/eval-stdin.php
Not Found: /workspace/drupal/vendor/phpunit/phpunit/src/Util/PHP/eval-stdin.php
Not Found: /panel/vendor/phpunit/phpunit/src/Util/PHP/eval-stdin.php
Not Found: /public/vendor/phpunit/phpunit/src/Util/PHP/eval-stdin.php
Not Found: /apps/vendor/phpunit/phpunit/src/Util/PHP/eval-stdin.php
Not Found: /app/vendor/phpunit/phpunit/src/Util/PHP/eval-stdin.php
Not Found: /index.php
Not Found: /public/index.php
Not Found: /index.php
Not Found: /index.php
Not Found: /containers/json
Not Found: /ab2g
Not Found: /ab2h
Not Found: /alive.php
Not Found: /t4
Not Found: /favicon.ico
Not Found: /teorema505
Not Found: /service-worker.js
Not Found: /actuator/gateway/routes
Not Found: /favicon.ico
Not Found: /webui/
Not Found: /geoserver/web/
Not Found: /favicon.ico
Not Found: /.git/config
Not Found: /robots.txt
Not Found: /robots.txt
Related Courses: [{'id': 1, 'course_name': 'full stack development', 'end_enrol': datetime.date(2026, 4, 15)}]
Course Data: {'course_name': 'full stack development', 'hour': '20', 'course_id': 1, 'num_enrollments': 1, 'course_slug': 'full-stack-development', 'course_image': '/media/courses/full.webp', 'instructor': 'Mr Instructor LMS', 'instructor_username': 'instructor', 'photo': '/media/profile_pics/hasbusiness-icon_a527bO4.webp', 'partner': <Universiti: University of Oxford>, 'category': 'Software Development', 'language': 'en', 'average_rating': 0, 'review_count': 0, 'full_star_range': range(0, 0), 'half_star': False, 'empty_star_range': range(0, 5)}
Not Found: /robots.txt
Not Found: /robots.txt
Not Found: /robots.txt
Not Found: /robots.txt
Related Courses: [{'id': 1, 'course_name': 'full stack development', 'end_enrol': datetime.date(2026, 4, 15)}]
Course Data: {'course_name': 'full stack development', 'hour': '20', 'course_id': 1, 'num_enrollments': 1, 'course_slug': 'full-stack-development', 'course_image': '/media/courses/full.webp', 'instructor': 'Mr Instructor LMS', 'instructor_username': 'instructor', 'photo': '/media/profile_pics/hasbusiness-icon_a527bO4.webp', 'partner': <Universiti: University of Oxford>, 'category': 'Software Development', 'language': 'en', 'average_rating': 0, 'review_count': 0, 'full_star_range': range(0, 0), 'half_star': False, 'empty_star_range': range(0, 5)}
Not Found: /manager/html
Not Found: /.env
Forbidden (Referer checking failed - no Referer.): /
Not Found: /core/.env
Not Found: /core/.env
Forbidden (Referer checking failed - no Referer.): /
Not Found: /core/.env
Internal Server Error: /course-detail/1/full-stack-development/
Traceback (most recent call last):
  File "/home/TIM/mysite/.venv/lib/python3.10/site-packages/django/template/base.py", line 883, in _resolve_lookup
    current = current[bit]
TypeError: 'ImageFieldFile' object is not subscriptable

During handling of the above exception, another exception occurred:

Traceback (most recent call last):
  File "/home/TIM/mysite/.venv/lib/python3.10/site-packages/django/core/handlers/exception.py", line 55, in inner
    response = get_response(request)
  File "/home/TIM/mysite/.venv/lib/python3.10/site-packages/django/core/handlers/base.py", line 197, in _get_response
    response = wrapped_callback(request, *callback_args, **callback_kwargs)
  File "/home/TIM/mysite/courses/views.py", line 2511, in course_lms_detail
    return render(request, 'home/course_detail.html', {
  File "/home/TIM/mysite/.venv/lib/python3.10/site-packages/django/shortcuts.py", line 25, in render
    content = loader.render_to_string(template_name, context, request, using=using)
  File "/home/TIM/mysite/.venv/lib/python3.10/site-packages/django/template/loader.py", line 62, in render_to_string
    return template.render(context, request)
  File "/home/TIM/mysite/.venv/lib/python3.10/site-packages/django/template/backends/django.py", line 107, in render
    return self.template.render(context)
  File "/home/TIM/mysite/.venv/lib/python3.10/site-packages/django/template/base.py", line 171, in render
    return self._render(context)
  File "/home/TIM/mysite/.venv/lib/python3.10/site-packages/django/template/base.py", line 163, in _render
    return self.nodelist.render(context)
  File "/home/TIM/mysite/.venv/lib/python3.10/site-packages/django/template/base.py", line 1008, in render
    return SafeString("".join([node.render_annotated(context) for node in self]))
  File "/home/TIM/mysite/.venv/lib/python3.10/site-packages/django/template/base.py", line 1008, in <listcomp>
    return SafeString("".join([node.render_annotated(context) for node in self]))
  File "/home/TIM/mysite/.venv/lib/python3.10/site-packages/django/template/base.py", line 969, in render_annotated
    return self.render(context)
  File "/home/TIM/mysite/.venv/lib/python3.10/site-packages/django/template/loader_tags.py", line 159, in render
    return compiled_parent._render(context)
  File "/home/TIM/mysite/.venv/lib/python3.10/site-packages/django/template/base.py", line 163, in _render
    return self.nodelist.render(context)
  File "/home/TIM/mysite/.venv/lib/python3.10/site-packages/django/template/base.py", line 1008, in render
    return SafeString("".join([node.render_annotated(context) for node in self]))
  File "/home/TIM/mysite/.venv/lib/python3.10/site-packages/django/template/base.py", line 1008, in <listcomp>
    return SafeString("".join([node.render_annotated(context) for node in self]))
  File "/home/TIM/mysite/.venv/lib/python3.10/site-packages/django/template/base.py", line 969, in render_annotated
    return self.render(context)
  File "/home/TIM/mysite/.venv/lib/python3.10/site-packages/django/template/loader_tags.py", line 65, in render
    result = block.nodelist.render(context)
  File "/home/TIM/mysite/.venv/lib/python3.10/site-packages/django/template/base.py", line 1008, in render
    return SafeString("".join([node.render_annotated(context) for node in self]))
  File "/home/TIM/mysite/.venv/lib/python3.10/site-packages/django/template/base.py", line 1008, in <listcomp>
    return SafeString("".join([node.render_annotated(context) for node in self]))
  File "/home/TIM/mysite/.venv/lib/python3.10/site-packages/django/template/base.py", line 969, in render_annotated
    return self.render(context)
  File "/home/TIM/mysite/.venv/lib/python3.10/site-packages/django/template/defaulttags.py", line 243, in render
    nodelist.append(node.render_annotated(context))
  File "/home/TIM/mysite/.venv/lib/python3.10/site-packages/django/template/base.py", line 969, in render_annotated
    return self.render(context)
  File "/home/TIM/mysite/.venv/lib/python3.10/site-packages/django/template/base.py", line 1067, in render
    output = self.filter_expression.resolve(context)
  File "/home/TIM/mysite/.venv/lib/python3.10/site-packages/django/template/base.py", line 718, in resolve
    obj = self.var.resolve(context)
  File "/home/TIM/mysite/.venv/lib/python3.10/site-packages/django/template/base.py", line 850, in resolve
    value = self._resolve_lookup(context)
  File "/home/TIM/mysite/.venv/lib/python3.10/site-packages/django/template/base.py", line 893, in _resolve_lookup
    current = getattr(current, bit)
  File "/home/TIM/mysite/.venv/lib/python3.10/site-packages/django/db/models/fields/files.py", line 69, in url
    self._require_file()
  File "/home/TIM/mysite/.venv/lib/python3.10/site-packages/django/db/models/fields/files.py", line 44, in _require_file
    raise ValueError(
ValueError: The 'photo' attribute has no file associated with it.
Internal Server Error: /course-detail/1/full-stack-development/
Traceback (most recent call last):
  File "/home/TIM/mysite/.venv/lib/python3.10/site-packages/django/template/base.py", line 883, in _resolve_lookup
    current = current[bit]
TypeError: 'ImageFieldFile' object is not subscriptable

During handling of the above exception, another exception occurred:

Traceback (most recent call last):
  File "/home/TIM/mysite/.venv/lib/python3.10/site-packages/django/core/handlers/exception.py", line 55, in inner
    response = get_response(request)
  File "/home/TIM/mysite/.venv/lib/python3.10/site-packages/django/core/handlers/base.py", line 197, in _get_response
    response = wrapped_callback(request, *callback_args, **callback_kwargs)
  File "/home/TIM/mysite/courses/views.py", line 2511, in course_lms_detail
    return render(request, 'home/course_detail.html', {
  File "/home/TIM/mysite/.venv/lib/python3.10/site-packages/django/shortcuts.py", line 25, in render
    content = loader.render_to_string(template_name, context, request, using=using)
  File "/home/TIM/mysite/.venv/lib/python3.10/site-packages/django/template/loader.py", line 62, in render_to_string
    return template.render(context, request)
  File "/home/TIM/mysite/.venv/lib/python3.10/site-packages/django/template/backends/django.py", line 107, in render
    return self.template.render(context)
  File "/home/TIM/mysite/.venv/lib/python3.10/site-packages/django/template/base.py", line 171, in render
    return self._render(context)
  File "/home/TIM/mysite/.venv/lib/python3.10/site-packages/django/template/base.py", line 163, in _render
    return self.nodelist.render(context)
  File "/home/TIM/mysite/.venv/lib/python3.10/site-packages/django/template/base.py", line 1008, in render
    return SafeString("".join([node.render_annotated(context) for node in self]))
  File "/home/TIM/mysite/.venv/lib/python3.10/site-packages/django/template/base.py", line 1008, in <listcomp>
    return SafeString("".join([node.render_annotated(context) for node in self]))
  File "/home/TIM/mysite/.venv/lib/python3.10/site-packages/django/template/base.py", line 969, in render_annotated
    return self.render(context)
  File "/home/TIM/mysite/.venv/lib/python3.10/site-packages/django/template/loader_tags.py", line 159, in render
    return compiled_parent._render(context)
  File "/home/TIM/mysite/.venv/lib/python3.10/site-packages/django/template/base.py", line 163, in _render
    return self.nodelist.render(context)
  File "/home/TIM/mysite/.venv/lib/python3.10/site-packages/django/template/base.py", line 1008, in render
    return SafeString("".join([node.render_annotated(context) for node in self]))
  File "/home/TIM/mysite/.venv/lib/python3.10/site-packages/django/template/base.py", line 1008, in <listcomp>
    return SafeString("".join([node.render_annotated(context) for node in self]))
  File "/home/TIM/mysite/.venv/lib/python3.10/site-packages/django/template/base.py", line 969, in render_annotated
    return self.render(context)
  File "/home/TIM/mysite/.venv/lib/python3.10/site-packages/django/template/loader_tags.py", line 65, in render
    result = block.nodelist.render(context)
  File "/home/TIM/mysite/.venv/lib/python3.10/site-packages/django/template/base.py", line 1008, in render
    return SafeString("".join([node.render_annotated(context) for node in self]))
  File "/home/TIM/mysite/.venv/lib/python3.10/site-packages/django/template/base.py", line 1008, in <listcomp>
    return SafeString("".join([node.render_annotated(context) for node in self]))
  File "/home/TIM/mysite/.venv/lib/python3.10/site-packages/django/template/base.py", line 969, in render_annotated
    return self.render(context)
  File "/home/TIM/mysite/.venv/lib/python3.10/site-packages/django/template/defaulttags.py", line 243, in render
    nodelist.append(node.render_annotated(context))
  File "/home/TIM/mysite/.venv/lib/python3.10/site-packages/django/template/base.py", line 969, in render_annotated
    return self.render(context)
  File "/home/TIM/mysite/.venv/lib/python3.10/site-packages/django/template/base.py", line 1067, in render
    output = self.filter_expression.resolve(context)
  File "/home/TIM/mysite/.venv/lib/python3.10/site-packages/django/template/base.py", line 718, in resolve
    obj = self.var.resolve(context)
  File "/home/TIM/mysite/.venv/lib/python3.10/site-packages/django/template/base.py", line 850, in resolve
    value = self._resolve_lookup(context)
  File "/home/TIM/mysite/.venv/lib/python3.10/site-packages/django/template/base.py", line 893, in _resolve_lookup
    current = getattr(current, bit)
  File "/home/TIM/mysite/.venv/lib/python3.10/site-packages/django/db/models/fields/files.py", line 69, in url
    self._require_file()
  File "/home/TIM/mysite/.venv/lib/python3.10/site-packages/django/db/models/fields/files.py", line 44, in _require_file
    raise ValueError(
ValueError: The 'photo' attribute has no file associated with it.
Internal Server Error: /course-detail/1/full-stack-development/
Traceback (most recent call last):
  File "/home/TIM/mysite/.venv/lib/python3.10/site-packages/django/template/base.py", line 883, in _resolve_lookup
    current = current[bit]
TypeError: 'ImageFieldFile' object is not subscriptable

During handling of the above exception, another exception occurred:

Traceback (most recent call last):
  File "/home/TIM/mysite/.venv/lib/python3.10/site-packages/django/core/handlers/exception.py", line 55, in inner
    response = get_response(request)
  File "/home/TIM/mysite/.venv/lib/python3.10/site-packages/django/core/handlers/base.py", line 197, in _get_response
    response = wrapped_callback(request, *callback_args, **callback_kwargs)
  File "/home/TIM/mysite/courses/views.py", line 2511, in course_lms_detail
    return render(request, 'home/course_detail.html', {
  File "/home/TIM/mysite/.venv/lib/python3.10/site-packages/django/shortcuts.py", line 25, in render
    content = loader.render_to_string(template_name, context, request, using=using)
  File "/home/TIM/mysite/.venv/lib/python3.10/site-packages/django/template/loader.py", line 62, in render_to_string
    return template.render(context, request)
  File "/home/TIM/mysite/.venv/lib/python3.10/site-packages/django/template/backends/django.py", line 107, in render
    return self.template.render(context)
  File "/home/TIM/mysite/.venv/lib/python3.10/site-packages/django/template/base.py", line 171, in render
    return self._render(context)
  File "/home/TIM/mysite/.venv/lib/python3.10/site-packages/django/template/base.py", line 163, in _render
    return self.nodelist.render(context)
  File "/home/TIM/mysite/.venv/lib/python3.10/site-packages/django/template/base.py", line 1008, in render
    return SafeString("".join([node.render_annotated(context) for node in self]))
  File "/home/TIM/mysite/.venv/lib/python3.10/site-packages/django/template/base.py", line 1008, in <listcomp>
    return SafeString("".join([node.render_annotated(context) for node in self]))
  File "/home/TIM/mysite/.venv/lib/python3.10/site-packages/django/template/base.py", line 969, in render_annotated
    return self.render(context)
  File "/home/TIM/mysite/.venv/lib/python3.10/site-packages/django/template/loader_tags.py", line 159, in render
    return compiled_parent._render(context)
  File "/home/TIM/mysite/.venv/lib/python3.10/site-packages/django/template/base.py", line 163, in _render
    return self.nodelist.render(context)
  File "/home/TIM/mysite/.venv/lib/python3.10/site-packages/django/template/base.py", line 1008, in render
    return SafeString("".join([node.render_annotated(context) for node in self]))
  File "/home/TIM/mysite/.venv/lib/python3.10/site-packages/django/template/base.py", line 1008, in <listcomp>
    return SafeString("".join([node.render_annotated(context) for node in self]))
  File "/home/TIM/mysite/.venv/lib/python3.10/site-packages/django/template/base.py", line 969, in render_annotated
    return self.render(context)
  File "/home/TIM/mysite/.venv/lib/python3.10/site-packages/django/template/loader_tags.py", line 65, in render
    result = block.nodelist.render(context)
  File "/home/TIM/mysite/.venv/lib/python3.10/site-packages/django/template/base.py", line 1008, in render
    return SafeString("".join([node.render_annotated(context) for node in self]))
  File "/home/TIM/mysite/.venv/lib/python3.10/site-packages/django/template/base.py", line 1008, in <listcomp>
    return SafeString("".join([node.render_annotated(context) for node in self]))
  File "/home/TIM/mysite/.venv/lib/python3.10/site-packages/django/template/base.py", line 969, in render_annotated
    return self.render(context)
  File "/home/TIM/mysite/.venv/lib/python3.10/site-packages/django/template/defaulttags.py", line 243, in render
    nodelist.append(node.render_annotated(context))
  File "/home/TIM/mysite/.venv/lib/python3.10/site-packages/django/template/base.py", line 969, in render_annotated
    return self.render(context)
  File "/home/TIM/mysite/.venv/lib/python3.10/site-packages/django/template/base.py", line 1067, in render
    output = self.filter_expression.resolve(context)
  File "/home/TIM/mysite/.venv/lib/python3.10/site-packages/django/template/base.py", line 718, in resolve
    obj = self.var.resolve(context)
  File "/home/TIM/mysite/.venv/lib/python3.10/site-packages/django/template/base.py", line 850, in resolve
    value = self._resolve_lookup(context)
  File "/home/TIM/mysite/.venv/lib/python3.10/site-packages/django/template/base.py", line 893, in _resolve_lookup
    current = getattr(current, bit)
  File "/home/TIM/mysite/.venv/lib/python3.10/site-packages/django/db/models/fields/files.py", line 69, in url
    self._require_file()
  File "/home/TIM/mysite/.venv/lib/python3.10/site-packages/django/db/models/fields/files.py", line 44, in _require_file
    raise ValueError(
ValueError: The 'photo' attribute has no file associated with it.
Internal Server Error: /course-detail/1/full-stack-development/
Traceback (most recent call last):
  File "/home/TIM/mysite/.venv/lib/python3.10/site-packages/django/template/base.py", line 883, in _resolve_lookup
    current = current[bit]
TypeError: 'ImageFieldFile' object is not subscriptable

During handling of the above exception, another exception occurred:

Traceback (most recent call last):
  File "/home/TIM/mysite/.venv/lib/python3.10/site-packages/django/core/handlers/exception.py", line 55, in inner
    response = get_response(request)
  File "/home/TIM/mysite/.venv/lib/python3.10/site-packages/django/core/handlers/base.py", line 197, in _get_response
    response = wrapped_callback(request, *callback_args, **callback_kwargs)
  File "/home/TIM/mysite/courses/views.py", line 2511, in course_lms_detail
    return render(request, 'home/course_detail.html', {
  File "/home/TIM/mysite/.venv/lib/python3.10/site-packages/django/shortcuts.py", line 25, in render
    content = loader.render_to_string(template_name, context, request, using=using)
  File "/home/TIM/mysite/.venv/lib/python3.10/site-packages/django/template/loader.py", line 62, in render_to_string
    return template.render(context, request)
  File "/home/TIM/mysite/.venv/lib/python3.10/site-packages/django/template/backends/django.py", line 107, in render
    return self.template.render(context)
  File "/home/TIM/mysite/.venv/lib/python3.10/site-packages/django/template/base.py", line 171, in render
    return self._render(context)
  File "/home/TIM/mysite/.venv/lib/python3.10/site-packages/django/template/base.py", line 163, in _render
    return self.nodelist.render(context)
  File "/home/TIM/mysite/.venv/lib/python3.10/site-packages/django/template/base.py", line 1008, in render
    return SafeString("".join([node.render_annotated(context) for node in self]))
  File "/home/TIM/mysite/.venv/lib/python3.10/site-packages/django/template/base.py", line 1008, in <listcomp>
    return SafeString("".join([node.render_annotated(context) for node in self]))
  File "/home/TIM/mysite/.venv/lib/python3.10/site-packages/django/template/base.py", line 969, in render_annotated
    return self.render(context)
  File "/home/TIM/mysite/.venv/lib/python3.10/site-packages/django/template/loader_tags.py", line 159, in render
    return compiled_parent._render(context)
  File "/home/TIM/mysite/.venv/lib/python3.10/site-packages/django/template/base.py", line 163, in _render
    return self.nodelist.render(context)
  File "/home/TIM/mysite/.venv/lib/python3.10/site-packages/django/template/base.py", line 1008, in render
    return SafeString("".join([node.render_annotated(context) for node in self]))
  File "/home/TIM/mysite/.venv/lib/python3.10/site-packages/django/template/base.py", line 1008, in <listcomp>
    return SafeString("".join([node.render_annotated(context) for node in self]))
  File "/home/TIM/mysite/.venv/lib/python3.10/site-packages/django/template/base.py", line 969, in render_annotated
    return self.render(context)
  File "/home/TIM/mysite/.venv/lib/python3.10/site-packages/django/template/loader_tags.py", line 65, in render
    result = block.nodelist.render(context)
  File "/home/TIM/mysite/.venv/lib/python3.10/site-packages/django/template/base.py", line 1008, in render
    return SafeString("".join([node.render_annotated(context) for node in self]))
  File "/home/TIM/mysite/.venv/lib/python3.10/site-packages/django/template/base.py", line 1008, in <listcomp>
    return SafeString("".join([node.render_annotated(context) for node in self]))
  File "/home/TIM/mysite/.venv/lib/python3.10/site-packages/django/template/base.py", line 969, in render_annotated
    return self.render(context)
  File "/home/TIM/mysite/.venv/lib/python3.10/site-packages/django/template/defaulttags.py", line 243, in render
    nodelist.append(node.render_annotated(context))
  File "/home/TIM/mysite/.venv/lib/python3.10/site-packages/django/template/base.py", line 969, in render_annotated
    return self.render(context)
  File "/home/TIM/mysite/.venv/lib/python3.10/site-packages/django/template/base.py", line 1067, in render
    output = self.filter_expression.resolve(context)
  File "/home/TIM/mysite/.venv/lib/python3.10/site-packages/django/template/base.py", line 718, in resolve
    obj = self.var.resolve(context)
  File "/home/TIM/mysite/.venv/lib/python3.10/site-packages/django/template/base.py", line 850, in resolve
    value = self._resolve_lookup(context)
  File "/home/TIM/mysite/.venv/lib/python3.10/site-packages/django/template/base.py", line 893, in _resolve_lookup
    current = getattr(current, bit)
  File "/home/TIM/mysite/.venv/lib/python3.10/site-packages/django/db/models/fields/files.py", line 69, in url
    self._require_file()
  File "/home/TIM/mysite/.venv/lib/python3.10/site-packages/django/db/models/fields/files.py", line 44, in _require_file
    raise ValueError(
ValueError: The 'photo' attribute has no file associated with it.
Internal Server Error: /course-detail/1/full-stack-development/
Traceback (most recent call last):
  File "/home/TIM/mysite/.venv/lib/python3.10/site-packages/django/template/base.py", line 883, in _resolve_lookup
    current = current[bit]
TypeError: 'ImageFieldFile' object is not subscriptable

During handling of the above exception, another exception occurred:

Traceback (most recent call last):
  File "/home/TIM/mysite/.venv/lib/python3.10/site-packages/django/core/handlers/exception.py", line 55, in inner
    response = get_response(request)
  File "/home/TIM/mysite/.venv/lib/python3.10/site-packages/django/core/handlers/base.py", line 197, in _get_response
    response = wrapped_callback(request, *callback_args, **callback_kwargs)
  File "/home/TIM/mysite/courses/views.py", line 2511, in course_lms_detail
    return render(request, 'home/course_detail.html', {
  File "/home/TIM/mysite/.venv/lib/python3.10/site-packages/django/shortcuts.py", line 25, in render
    content = loader.render_to_string(template_name, context, request, using=using)
  File "/home/TIM/mysite/.venv/lib/python3.10/site-packages/django/template/loader.py", line 62, in render_to_string
    return template.render(context, request)
  File "/home/TIM/mysite/.venv/lib/python3.10/site-packages/django/template/backends/django.py", line 107, in render
    return self.template.render(context)
  File "/home/TIM/mysite/.venv/lib/python3.10/site-packages/django/template/base.py", line 171, in render
    return self._render(context)
  File "/home/TIM/mysite/.venv/lib/python3.10/site-packages/django/template/base.py", line 163, in _render
    return self.nodelist.render(context)
  File "/home/TIM/mysite/.venv/lib/python3.10/site-packages/django/template/base.py", line 1008, in render
    return SafeString("".join([node.render_annotated(context) for node in self]))
  File "/home/TIM/mysite/.venv/lib/python3.10/site-packages/django/template/base.py", line 1008, in <listcomp>
    return SafeString("".join([node.render_annotated(context) for node in self]))
  File "/home/TIM/mysite/.venv/lib/python3.10/site-packages/django/template/base.py", line 969, in render_annotated
    return self.render(context)
  File "/home/TIM/mysite/.venv/lib/python3.10/site-packages/django/template/loader_tags.py", line 159, in render
    return compiled_parent._render(context)
  File "/home/TIM/mysite/.venv/lib/python3.10/site-packages/django/template/base.py", line 163, in _render
    return self.nodelist.render(context)
  File "/home/TIM/mysite/.venv/lib/python3.10/site-packages/django/template/base.py", line 1008, in render
    return SafeString("".join([node.render_annotated(context) for node in self]))
  File "/home/TIM/mysite/.venv/lib/python3.10/site-packages/django/template/base.py", line 1008, in <listcomp>
    return SafeString("".join([node.render_annotated(context) for node in self]))
  File "/home/TIM/mysite/.venv/lib/python3.10/site-packages/django/template/base.py", line 969, in render_annotated
    return self.render(context)
  File "/home/TIM/mysite/.venv/lib/python3.10/site-packages/django/template/loader_tags.py", line 65, in render
    result = block.nodelist.render(context)
  File "/home/TIM/mysite/.venv/lib/python3.10/site-packages/django/template/base.py", line 1008, in render
    return SafeString("".join([node.render_annotated(context) for node in self]))
  File "/home/TIM/mysite/.venv/lib/python3.10/site-packages/django/template/base.py", line 1008, in <listcomp>
    return SafeString("".join([node.render_annotated(context) for node in self]))
  File "/home/TIM/mysite/.venv/lib/python3.10/site-packages/django/template/base.py", line 969, in render_annotated
    return self.render(context)
  File "/home/TIM/mysite/.venv/lib/python3.10/site-packages/django/template/defaulttags.py", line 243, in render
    nodelist.append(node.render_annotated(context))
  File "/home/TIM/mysite/.venv/lib/python3.10/site-packages/django/template/base.py", line 969, in render_annotated
    return self.render(context)
  File "/home/TIM/mysite/.venv/lib/python3.10/site-packages/django/template/base.py", line 1067, in render
    output = self.filter_expression.resolve(context)
  File "/home/TIM/mysite/.venv/lib/python3.10/site-packages/django/template/base.py", line 718, in resolve
    obj = self.var.resolve(context)
  File "/home/TIM/mysite/.venv/lib/python3.10/site-packages/django/template/base.py", line 850, in resolve
    value = self._resolve_lookup(context)
  File "/home/TIM/mysite/.venv/lib/python3.10/site-packages/django/template/base.py", line 893, in _resolve_lookup
    current = getattr(current, bit)
  File "/home/TIM/mysite/.venv/lib/python3.10/site-packages/django/db/models/fields/files.py", line 69, in url
    self._require_file()
  File "/home/TIM/mysite/.venv/lib/python3.10/site-packages/django/db/models/fields/files.py", line 44, in _require_file
    raise ValueError(
ValueError: The 'photo' attribute has no file associated with it.
Related Courses: [{'id': 1, 'course_name': 'full stack development', 'end_enrol': datetime.date(2026, 4, 15)}]
Course Data: {'course_name': 'full stack development', 'hour': '20', 'course_id': 1, 'num_enrollments': 1, 'course_slug': 'full-stack-development', 'course_image': '/media/courses/full.webp', 'instructor': 'Mr Instructor LMS', 'instructor_username': 'instructor', 'photo': '/media/profile_pics/hasbusiness-icon_a527bO4.webp', 'partner': <Universiti: University of Oxford>, 'category': 'Software Development', 'language': 'en', 'average_rating': 5.0, 'review_count': 1, 'full_star_range': range(0, 5), 'half_star': False, 'empty_star_range': range(0, 0)}
Internal Server Error: /course-detail/1/full-stack-development/
Traceback (most recent call last):
  File "/home/TIM/mysite/.venv/lib/python3.10/site-packages/django/template/base.py", line 883, in _resolve_lookup
    current = current[bit]
TypeError: 'ImageFieldFile' object is not subscriptable

During handling of the above exception, another exception occurred:

Traceback (most recent call last):
  File "/home/TIM/mysite/.venv/lib/python3.10/site-packages/django/core/handlers/exception.py", line 55, in inner
    response = get_response(request)
  File "/home/TIM/mysite/.venv/lib/python3.10/site-packages/django/core/handlers/base.py", line 197, in _get_response
    response = wrapped_callback(request, *callback_args, **callback_kwargs)
  File "/home/TIM/mysite/courses/views.py", line 2511, in course_lms_detail
    return render(request, 'home/course_detail.html', {
  File "/home/TIM/mysite/.venv/lib/python3.10/site-packages/django/shortcuts.py", line 25, in render
    content = loader.render_to_string(template_name, context, request, using=using)
  File "/home/TIM/mysite/.venv/lib/python3.10/site-packages/django/template/loader.py", line 62, in render_to_string
    return template.render(context, request)
  File "/home/TIM/mysite/.venv/lib/python3.10/site-packages/django/template/backends/django.py", line 107, in render
    return self.template.render(context)
  File "/home/TIM/mysite/.venv/lib/python3.10/site-packages/django/template/base.py", line 171, in render
    return self._render(context)
  File "/home/TIM/mysite/.venv/lib/python3.10/site-packages/django/template/base.py", line 163, in _render
    return self.nodelist.render(context)
  File "/home/TIM/mysite/.venv/lib/python3.10/site-packages/django/template/base.py", line 1008, in render
    return SafeString("".join([node.render_annotated(context) for node in self]))
  File "/home/TIM/mysite/.venv/lib/python3.10/site-packages/django/template/base.py", line 1008, in <listcomp>
    return SafeString("".join([node.render_annotated(context) for node in self]))
  File "/home/TIM/mysite/.venv/lib/python3.10/site-packages/django/template/base.py", line 969, in render_annotated
    return self.render(context)
  File "/home/TIM/mysite/.venv/lib/python3.10/site-packages/django/template/loader_tags.py", line 159, in render
    return compiled_parent._render(context)
  File "/home/TIM/mysite/.venv/lib/python3.10/site-packages/django/template/base.py", line 163, in _render
    return self.nodelist.render(context)
  File "/home/TIM/mysite/.venv/lib/python3.10/site-packages/django/template/base.py", line 1008, in render
    return SafeString("".join([node.render_annotated(context) for node in self]))
  File "/home/TIM/mysite/.venv/lib/python3.10/site-packages/django/template/base.py", line 1008, in <listcomp>
    return SafeString("".join([node.render_annotated(context) for node in self]))
  File "/home/TIM/mysite/.venv/lib/python3.10/site-packages/django/template/base.py", line 969, in render_annotated
    return self.render(context)
  File "/home/TIM/mysite/.venv/lib/python3.10/site-packages/django/template/loader_tags.py", line 65, in render
    result = block.nodelist.render(context)
  File "/home/TIM/mysite/.venv/lib/python3.10/site-packages/django/template/base.py", line 1008, in render
    return SafeString("".join([node.render_annotated(context) for node in self]))
  File "/home/TIM/mysite/.venv/lib/python3.10/site-packages/django/template/base.py", line 1008, in <listcomp>
    return SafeString("".join([node.render_annotated(context) for node in self]))
  File "/home/TIM/mysite/.venv/lib/python3.10/site-packages/django/template/base.py", line 969, in render_annotated
    return self.render(context)
  File "/home/TIM/mysite/.venv/lib/python3.10/site-packages/django/template/defaulttags.py", line 243, in render
    nodelist.append(node.render_annotated(context))
  File "/home/TIM/mysite/.venv/lib/python3.10/site-packages/django/template/base.py", line 969, in render_annotated
    return self.render(context)
  File "/home/TIM/mysite/.venv/lib/python3.10/site-packages/django/template/base.py", line 1067, in render
    output = self.filter_expression.resolve(context)
  File "/home/TIM/mysite/.venv/lib/python3.10/site-packages/django/template/base.py", line 718, in resolve
    obj = self.var.resolve(context)
  File "/home/TIM/mysite/.venv/lib/python3.10/site-packages/django/template/base.py", line 850, in resolve
    value = self._resolve_lookup(context)
  File "/home/TIM/mysite/.venv/lib/python3.10/site-packages/django/template/base.py", line 893, in _resolve_lookup
    current = getattr(current, bit)
  File "/home/TIM/mysite/.venv/lib/python3.10/site-packages/django/db/models/fields/files.py", line 69, in url
    self._require_file()
  File "/home/TIM/mysite/.venv/lib/python3.10/site-packages/django/db/models/fields/files.py", line 44, in _require_file
    raise ValueError(
ValueError: The 'photo' attribute has no file associated with it.
Internal Server Error: /course-detail/1/full-stack-development/
Traceback (most recent call last):
  File "/home/TIM/mysite/.venv/lib/python3.10/site-packages/django/template/base.py", line 883, in _resolve_lookup
    current = current[bit]
TypeError: 'ImageFieldFile' object is not subscriptable

During handling of the above exception, another exception occurred:

Traceback (most recent call last):
  File "/home/TIM/mysite/.venv/lib/python3.10/site-packages/django/core/handlers/exception.py", line 55, in inner
    response = get_response(request)
  File "/home/TIM/mysite/.venv/lib/python3.10/site-packages/django/core/handlers/base.py", line 197, in _get_response
    response = wrapped_callback(request, *callback_args, **callback_kwargs)
  File "/home/TIM/mysite/courses/views.py", line 2511, in course_lms_detail
    return render(request, 'home/course_detail.html', {
  File "/home/TIM/mysite/.venv/lib/python3.10/site-packages/django/shortcuts.py", line 25, in render
    content = loader.render_to_string(template_name, context, request, using=using)
  File "/home/TIM/mysite/.venv/lib/python3.10/site-packages/django/template/loader.py", line 62, in render_to_string
    return template.render(context, request)
  File "/home/TIM/mysite/.venv/lib/python3.10/site-packages/django/template/backends/django.py", line 107, in render
    return self.template.render(context)
  File "/home/TIM/mysite/.venv/lib/python3.10/site-packages/django/template/base.py", line 171, in render
    return self._render(context)
  File "/home/TIM/mysite/.venv/lib/python3.10/site-packages/django/template/base.py", line 163, in _render
    return self.nodelist.render(context)
  File "/home/TIM/mysite/.venv/lib/python3.10/site-packages/django/template/base.py", line 1008, in render
    return SafeString("".join([node.render_annotated(context) for node in self]))
  File "/home/TIM/mysite/.venv/lib/python3.10/site-packages/django/template/base.py", line 1008, in <listcomp>
    return SafeString("".join([node.render_annotated(context) for node in self]))
  File "/home/TIM/mysite/.venv/lib/python3.10/site-packages/django/template/base.py", line 969, in render_annotated
    return self.render(context)
  File "/home/TIM/mysite/.venv/lib/python3.10/site-packages/django/template/loader_tags.py", line 159, in render
    return compiled_parent._render(context)
  File "/home/TIM/mysite/.venv/lib/python3.10/site-packages/django/template/base.py", line 163, in _render
    return self.nodelist.render(context)
  File "/home/TIM/mysite/.venv/lib/python3.10/site-packages/django/template/base.py", line 1008, in render
    return SafeString("".join([node.render_annotated(context) for node in self]))
  File "/home/TIM/mysite/.venv/lib/python3.10/site-packages/django/template/base.py", line 1008, in <listcomp>
    return SafeString("".join([node.render_annotated(context) for node in self]))
  File "/home/TIM/mysite/.venv/lib/python3.10/site-packages/django/template/base.py", line 969, in render_annotated
    return self.render(context)
  File "/home/TIM/mysite/.venv/lib/python3.10/site-packages/django/template/loader_tags.py", line 65, in render
    result = block.nodelist.render(context)
  File "/home/TIM/mysite/.venv/lib/python3.10/site-packages/django/template/base.py", line 1008, in render
    return SafeString("".join([node.render_annotated(context) for node in self]))
  File "/home/TIM/mysite/.venv/lib/python3.10/site-packages/django/template/base.py", line 1008, in <listcomp>
    return SafeString("".join([node.render_annotated(context) for node in self]))
  File "/home/TIM/mysite/.venv/lib/python3.10/site-packages/django/template/base.py", line 969, in render_annotated
    return self.render(context)
  File "/home/TIM/mysite/.venv/lib/python3.10/site-packages/django/template/defaulttags.py", line 243, in render
    nodelist.append(node.render_annotated(context))
  File "/home/TIM/mysite/.venv/lib/python3.10/site-packages/django/template/base.py", line 969, in render_annotated
    return self.render(context)
  File "/home/TIM/mysite/.venv/lib/python3.10/site-packages/django/template/base.py", line 1067, in render
    output = self.filter_expression.resolve(context)
  File "/home/TIM/mysite/.venv/lib/python3.10/site-packages/django/template/base.py", line 718, in resolve
    obj = self.var.resolve(context)
  File "/home/TIM/mysite/.venv/lib/python3.10/site-packages/django/template/base.py", line 850, in resolve
    value = self._resolve_lookup(context)
  File "/home/TIM/mysite/.venv/lib/python3.10/site-packages/django/template/base.py", line 893, in _resolve_lookup
    current = getattr(current, bit)
  File "/home/TIM/mysite/.venv/lib/python3.10/site-packages/django/db/models/fields/files.py", line 69, in url
    self._require_file()
  File "/home/TIM/mysite/.venv/lib/python3.10/site-packages/django/db/models/fields/files.py", line 44, in _require_file
    raise ValueError(
ValueError: The 'photo' attribute has no file associated with it.
Internal Server Error: /course-detail/1/full-stack-development/
Traceback (most recent call last):
  File "/home/TIM/mysite/.venv/lib/python3.10/site-packages/django/template/base.py", line 883, in _resolve_lookup
    current = current[bit]
TypeError: 'ImageFieldFile' object is not subscriptable

During handling of the above exception, another exception occurred:

Traceback (most recent call last):
  File "/home/TIM/mysite/.venv/lib/python3.10/site-packages/django/core/handlers/exception.py", line 55, in inner
    response = get_response(request)
  File "/home/TIM/mysite/.venv/lib/python3.10/site-packages/django/core/handlers/base.py", line 197, in _get_response
    response = wrapped_callback(request, *callback_args, **callback_kwargs)
  File "/home/TIM/mysite/courses/views.py", line 2511, in course_lms_detail
    return render(request, 'home/course_detail.html', {
  File "/home/TIM/mysite/.venv/lib/python3.10/site-packages/django/shortcuts.py", line 25, in render
    content = loader.render_to_string(template_name, context, request, using=using)
  File "/home/TIM/mysite/.venv/lib/python3.10/site-packages/django/template/loader.py", line 62, in render_to_string
    return template.render(context, request)
  File "/home/TIM/mysite/.venv/lib/python3.10/site-packages/django/template/backends/django.py", line 107, in render
    return self.template.render(context)
  File "/home/TIM/mysite/.venv/lib/python3.10/site-packages/django/template/base.py", line 171, in render
    return self._render(context)
  File "/home/TIM/mysite/.venv/lib/python3.10/site-packages/django/template/base.py", line 163, in _render
    return self.nodelist.render(context)
  File "/home/TIM/mysite/.venv/lib/python3.10/site-packages/django/template/base.py", line 1008, in render
    return SafeString("".join([node.render_annotated(context) for node in self]))
  File "/home/TIM/mysite/.venv/lib/python3.10/site-packages/django/template/base.py", line 1008, in <listcomp>
    return SafeString("".join([node.render_annotated(context) for node in self]))
  File "/home/TIM/mysite/.venv/lib/python3.10/site-packages/django/template/base.py", line 969, in render_annotated
    return self.render(context)
  File "/home/TIM/mysite/.venv/lib/python3.10/site-packages/django/template/loader_tags.py", line 159, in render
    return compiled_parent._render(context)
  File "/home/TIM/mysite/.venv/lib/python3.10/site-packages/django/template/base.py", line 163, in _render
    return self.nodelist.render(context)
  File "/home/TIM/mysite/.venv/lib/python3.10/site-packages/django/template/base.py", line 1008, in render
    return SafeString("".join([node.render_annotated(context) for node in self]))
  File "/home/TIM/mysite/.venv/lib/python3.10/site-packages/django/template/base.py", line 1008, in <listcomp>
    return SafeString("".join([node.render_annotated(context) for node in self]))
  File "/home/TIM/mysite/.venv/lib/python3.10/site-packages/django/template/base.py", line 969, in render_annotated
    return self.render(context)
  File "/home/TIM/mysite/.venv/lib/python3.10/site-packages/django/template/loader_tags.py", line 65, in render
    result = block.nodelist.render(context)
  File "/home/TIM/mysite/.venv/lib/python3.10/site-packages/django/template/base.py", line 1008, in render
    return SafeString("".join([node.render_annotated(context) for node in self]))
  File "/home/TIM/mysite/.venv/lib/python3.10/site-packages/django/template/base.py", line 1008, in <listcomp>
    return SafeString("".join([node.render_annotated(context) for node in self]))
  File "/home/TIM/mysite/.venv/lib/python3.10/site-packages/django/template/base.py", line 969, in render_annotated
    return self.render(context)
  File "/home/TIM/mysite/.venv/lib/python3.10/site-packages/django/template/defaulttags.py", line 243, in render
    nodelist.append(node.render_annotated(context))
  File "/home/TIM/mysite/.venv/lib/python3.10/site-packages/django/template/base.py", line 969, in render_annotated
    return self.render(context)
  File "/home/TIM/mysite/.venv/lib/python3.10/site-packages/django/template/base.py", line 1067, in render
    output = self.filter_expression.resolve(context)
  File "/home/TIM/mysite/.venv/lib/python3.10/site-packages/django/template/base.py", line 718, in resolve
    obj = self.var.resolve(context)
  File "/home/TIM/mysite/.venv/lib/python3.10/site-packages/django/template/base.py", line 850, in resolve
    value = self._resolve_lookup(context)
  File "/home/TIM/mysite/.venv/lib/python3.10/site-packages/django/template/base.py", line 893, in _resolve_lookup
    current = getattr(current, bit)
  File "/home/TIM/mysite/.venv/lib/python3.10/site-packages/django/db/models/fields/files.py", line 69, in url
    self._require_file()
  File "/home/TIM/mysite/.venv/lib/python3.10/site-packages/django/db/models/fields/files.py", line 44, in _require_file
    raise ValueError(
ValueError: The 'photo' attribute has no file associated with it.
Related Courses: [{'id': 1, 'course_name': 'full stack development', 'end_enrol': datetime.date(2026, 4, 15)}]
Course Data: {'course_name': 'full stack development', 'hour': '20', 'course_id': 1, 'num_enrollments': 1, 'course_slug': 'full-stack-development', 'course_image': '/media/courses/full.webp', 'instructor': 'Mr Instructor LMS', 'instructor_username': 'instructor', 'photo': '/media/profile_pics/hasbusiness-icon_a527bO4.webp', 'partner': <Universiti: University of Oxford>, 'category': 'Software Development', 'language': 'en', 'average_rating': 5.0, 'review_count': 1, 'full_star_range': range(0, 5), 'half_star': False, 'empty_star_range': range(0, 0)}
Internal Server Error: /course-detail/1/full-stack-development/
Traceback (most recent call last):
  File "/home/TIM/mysite/.venv/lib/python3.10/site-packages/django/template/base.py", line 883, in _resolve_lookup
    current = current[bit]
TypeError: 'ImageFieldFile' object is not subscriptable

During handling of the above exception, another exception occurred:

Traceback (most recent call last):
  File "/home/TIM/mysite/.venv/lib/python3.10/site-packages/django/core/handlers/exception.py", line 55, in inner
    response = get_response(request)
  File "/home/TIM/mysite/.venv/lib/python3.10/site-packages/django/core/handlers/base.py", line 197, in _get_response
    response = wrapped_callback(request, *callback_args, **callback_kwargs)
  File "/home/TIM/mysite/courses/views.py", line 2511, in course_lms_detail
    return render(request, 'home/course_detail.html', {
  File "/home/TIM/mysite/.venv/lib/python3.10/site-packages/django/shortcuts.py", line 25, in render
    content = loader.render_to_string(template_name, context, request, using=using)
  File "/home/TIM/mysite/.venv/lib/python3.10/site-packages/django/template/loader.py", line 62, in render_to_string
    return template.render(context, request)
  File "/home/TIM/mysite/.venv/lib/python3.10/site-packages/django/template/backends/django.py", line 107, in render
    return self.template.render(context)
  File "/home/TIM/mysite/.venv/lib/python3.10/site-packages/django/template/base.py", line 171, in render
    return self._render(context)
  File "/home/TIM/mysite/.venv/lib/python3.10/site-packages/django/template/base.py", line 163, in _render
    return self.nodelist.render(context)
  File "/home/TIM/mysite/.venv/lib/python3.10/site-packages/django/template/base.py", line 1008, in render
    return SafeString("".join([node.render_annotated(context) for node in self]))
  File "/home/TIM/mysite/.venv/lib/python3.10/site-packages/django/template/base.py", line 1008, in <listcomp>
    return SafeString("".join([node.render_annotated(context) for node in self]))
  File "/home/TIM/mysite/.venv/lib/python3.10/site-packages/django/template/base.py", line 969, in render_annotated
    return self.render(context)
  File "/home/TIM/mysite/.venv/lib/python3.10/site-packages/django/template/loader_tags.py", line 159, in render
    return compiled_parent._render(context)
  File "/home/TIM/mysite/.venv/lib/python3.10/site-packages/django/template/base.py", line 163, in _render
    return self.nodelist.render(context)
  File "/home/TIM/mysite/.venv/lib/python3.10/site-packages/django/template/base.py", line 1008, in render
    return SafeString("".join([node.render_annotated(context) for node in self]))
  File "/home/TIM/mysite/.venv/lib/python3.10/site-packages/django/template/base.py", line 1008, in <listcomp>
    return SafeString("".join([node.render_annotated(context) for node in self]))
  File "/home/TIM/mysite/.venv/lib/python3.10/site-packages/django/template/base.py", line 969, in render_annotated
    return self.render(context)
  File "/home/TIM/mysite/.venv/lib/python3.10/site-packages/django/template/loader_tags.py", line 65, in render
    result = block.nodelist.render(context)
  File "/home/TIM/mysite/.venv/lib/python3.10/site-packages/django/template/base.py", line 1008, in render
    return SafeString("".join([node.render_annotated(context) for node in self]))
  File "/home/TIM/mysite/.venv/lib/python3.10/site-packages/django/template/base.py", line 1008, in <listcomp>
    return SafeString("".join([node.render_annotated(context) for node in self]))
  File "/home/TIM/mysite/.venv/lib/python3.10/site-packages/django/template/base.py", line 969, in render_annotated
    return self.render(context)
  File "/home/TIM/mysite/.venv/lib/python3.10/site-packages/django/template/defaulttags.py", line 243, in render
    nodelist.append(node.render_annotated(context))
  File "/home/TIM/mysite/.venv/lib/python3.10/site-packages/django/template/base.py", line 969, in render_annotated
    return self.render(context)
  File "/home/TIM/mysite/.venv/lib/python3.10/site-packages/django/template/base.py", line 1067, in render
    output = self.filter_expression.resolve(context)
  File "/home/TIM/mysite/.venv/lib/python3.10/site-packages/django/template/base.py", line 718, in resolve
    obj = self.var.resolve(context)
  File "/home/TIM/mysite/.venv/lib/python3.10/site-packages/django/template/base.py", line 850, in resolve
    value = self._resolve_lookup(context)
  File "/home/TIM/mysite/.venv/lib/python3.10/site-packages/django/template/base.py", line 893, in _resolve_lookup
    current = getattr(current, bit)
  File "/home/TIM/mysite/.venv/lib/python3.10/site-packages/django/db/models/fields/files.py", line 69, in url
    self._require_file()
  File "/home/TIM/mysite/.venv/lib/python3.10/site-packages/django/db/models/fields/files.py", line 44, in _require_file
    raise ValueError(
ValueError: The 'photo' attribute has no file associated with it.
Internal Server Error: /course-detail/1/full-stack-development/
Traceback (most recent call last):
  File "/home/TIM/mysite/.venv/lib/python3.10/site-packages/django/template/base.py", line 883, in _resolve_lookup
    current = current[bit]
TypeError: 'ImageFieldFile' object is not subscriptable

During handling of the above exception, another exception occurred:

Traceback (most recent call last):
  File "/home/TIM/mysite/.venv/lib/python3.10/site-packages/django/core/handlers/exception.py", line 55, in inner
    response = get_response(request)
  File "/home/TIM/mysite/.venv/lib/python3.10/site-packages/django/core/handlers/base.py", line 197, in _get_response
    response = wrapped_callback(request, *callback_args, **callback_kwargs)
  File "/home/TIM/mysite/courses/views.py", line 2511, in course_lms_detail
    return render(request, 'home/course_detail.html', {
  File "/home/TIM/mysite/.venv/lib/python3.10/site-packages/django/shortcuts.py", line 25, in render
    content = loader.render_to_string(template_name, context, request, using=using)
  File "/home/TIM/mysite/.venv/lib/python3.10/site-packages/django/template/loader.py", line 62, in render_to_string
    return template.render(context, request)
  File "/home/TIM/mysite/.venv/lib/python3.10/site-packages/django/template/backends/django.py", line 107, in render
    return self.template.render(context)
  File "/home/TIM/mysite/.venv/lib/python3.10/site-packages/django/template/base.py", line 171, in render
    return self._render(context)
  File "/home/TIM/mysite/.venv/lib/python3.10/site-packages/django/template/base.py", line 163, in _render
    return self.nodelist.render(context)
  File "/home/TIM/mysite/.venv/lib/python3.10/site-packages/django/template/base.py", line 1008, in render
    return SafeString("".join([node.render_annotated(context) for node in self]))
  File "/home/TIM/mysite/.venv/lib/python3.10/site-packages/django/template/base.py", line 1008, in <listcomp>
    return SafeString("".join([node.render_annotated(context) for node in self]))
  File "/home/TIM/mysite/.venv/lib/python3.10/site-packages/django/template/base.py", line 969, in render_annotated
    return self.render(context)
  File "/home/TIM/mysite/.venv/lib/python3.10/site-packages/django/template/loader_tags.py", line 159, in render
    return compiled_parent._render(context)
  File "/home/TIM/mysite/.venv/lib/python3.10/site-packages/django/template/base.py", line 163, in _render
    return self.nodelist.render(context)
  File "/home/TIM/mysite/.venv/lib/python3.10/site-packages/django/template/base.py", line 1008, in render
    return SafeString("".join([node.render_annotated(context) for node in self]))
  File "/home/TIM/mysite/.venv/lib/python3.10/site-packages/django/template/base.py", line 1008, in <listcomp>
    return SafeString("".join([node.render_annotated(context) for node in self]))
  File "/home/TIM/mysite/.venv/lib/python3.10/site-packages/django/template/base.py", line 969, in render_annotated
    return self.render(context)
  File "/home/TIM/mysite/.venv/lib/python3.10/site-packages/django/template/loader_tags.py", line 65, in render
    result = block.nodelist.render(context)
  File "/home/TIM/mysite/.venv/lib/python3.10/site-packages/django/template/base.py", line 1008, in render
    return SafeString("".join([node.render_annotated(context) for node in self]))
  File "/home/TIM/mysite/.venv/lib/python3.10/site-packages/django/template/base.py", line 1008, in <listcomp>
    return SafeString("".join([node.render_annotated(context) for node in self]))
  File "/home/TIM/mysite/.venv/lib/python3.10/site-packages/django/template/base.py", line 969, in render_annotated
    return self.render(context)
  File "/home/TIM/mysite/.venv/lib/python3.10/site-packages/django/template/defaulttags.py", line 243, in render
    nodelist.append(node.render_annotated(context))
  File "/home/TIM/mysite/.venv/lib/python3.10/site-packages/django/template/base.py", line 969, in render_annotated
    return self.render(context)
  File "/home/TIM/mysite/.venv/lib/python3.10/site-packages/django/template/base.py", line 1067, in render
    output = self.filter_expression.resolve(context)
  File "/home/TIM/mysite/.venv/lib/python3.10/site-packages/django/template/base.py", line 718, in resolve
    obj = self.var.resolve(context)
  File "/home/TIM/mysite/.venv/lib/python3.10/site-packages/django/template/base.py", line 850, in resolve
    value = self._resolve_lookup(context)
  File "/home/TIM/mysite/.venv/lib/python3.10/site-packages/django/template/base.py", line 893, in _resolve_lookup
    current = getattr(current, bit)
  File "/home/TIM/mysite/.venv/lib/python3.10/site-packages/django/db/models/fields/files.py", line 69, in url
    self._require_file()
  File "/home/TIM/mysite/.venv/lib/python3.10/site-packages/django/db/models/fields/files.py", line 44, in _require_file
    raise ValueError(
ValueError: The 'photo' attribute has no file associated with it.
Related Courses: [{'id': 1, 'course_name': 'full stack development', 'end_enrol': datetime.date(2026, 4, 15)}]
Course Data: {'course_name': 'full stack development', 'hour': '20', 'course_id': 1, 'num_enrollments': 1, 'course_slug': 'full-stack-development', 'course_image': '/media/courses/full.webp', 'instructor': 'Mr Instructor LMS', 'instructor_username': 'instructor', 'photo': '/media/profile_pics/hasbusiness-icon_a527bO4.webp', 'partner': <Universiti: University of Oxford>, 'category': 'Software Development', 'language': 'en', 'average_rating': 5.0, 'review_count': 1, 'full_star_range': range(0, 5), 'half_star': False, 'empty_star_range': range(0, 0)}
Internal Server Error: /course-detail/1/full-stack-development/
Traceback (most recent call last):
  File "/home/TIM/mysite/.venv/lib/python3.10/site-packages/django/template/base.py", line 883, in _resolve_lookup
    current = current[bit]
TypeError: 'ImageFieldFile' object is not subscriptable

During handling of the above exception, another exception occurred:

Traceback (most recent call last):
  File "/home/TIM/mysite/.venv/lib/python3.10/site-packages/django/core/handlers/exception.py", line 55, in inner
    response = get_response(request)
  File "/home/TIM/mysite/.venv/lib/python3.10/site-packages/django/core/handlers/base.py", line 197, in _get_response
    response = wrapped_callback(request, *callback_args, **callback_kwargs)
  File "/home/TIM/mysite/courses/views.py", line 2511, in course_lms_detail
    return render(request, 'home/course_detail.html', {
  File "/home/TIM/mysite/.venv/lib/python3.10/site-packages/django/shortcuts.py", line 25, in render
    content = loader.render_to_string(template_name, context, request, using=using)
  File "/home/TIM/mysite/.venv/lib/python3.10/site-packages/django/template/loader.py", line 62, in render_to_string
    return template.render(context, request)
  File "/home/TIM/mysite/.venv/lib/python3.10/site-packages/django/template/backends/django.py", line 107, in render
    return self.template.render(context)
  File "/home/TIM/mysite/.venv/lib/python3.10/site-packages/django/template/base.py", line 171, in render
    return self._render(context)
  File "/home/TIM/mysite/.venv/lib/python3.10/site-packages/django/template/base.py", line 163, in _render
    return self.nodelist.render(context)
  File "/home/TIM/mysite/.venv/lib/python3.10/site-packages/django/template/base.py", line 1008, in render
    return SafeString("".join([node.render_annotated(context) for node in self]))
  File "/home/TIM/mysite/.venv/lib/python3.10/site-packages/django/template/base.py", line 1008, in <listcomp>
    return SafeString("".join([node.render_annotated(context) for node in self]))
  File "/home/TIM/mysite/.venv/lib/python3.10/site-packages/django/template/base.py", line 969, in render_annotated
    return self.render(context)
  File "/home/TIM/mysite/.venv/lib/python3.10/site-packages/django/template/loader_tags.py", line 159, in render
    return compiled_parent._render(context)
  File "/home/TIM/mysite/.venv/lib/python3.10/site-packages/django/template/base.py", line 163, in _render
    return self.nodelist.render(context)
  File "/home/TIM/mysite/.venv/lib/python3.10/site-packages/django/template/base.py", line 1008, in render
    return SafeString("".join([node.render_annotated(context) for node in self]))
  File "/home/TIM/mysite/.venv/lib/python3.10/site-packages/django/template/base.py", line 1008, in <listcomp>
    return SafeString("".join([node.render_annotated(context) for node in self]))
  File "/home/TIM/mysite/.venv/lib/python3.10/site-packages/django/template/base.py", line 969, in render_annotated
    return self.render(context)
  File "/home/TIM/mysite/.venv/lib/python3.10/site-packages/django/template/loader_tags.py", line 65, in render
    result = block.nodelist.render(context)
  File "/home/TIM/mysite/.venv/lib/python3.10/site-packages/django/template/base.py", line 1008, in render
    return SafeString("".join([node.render_annotated(context) for node in self]))
  File "/home/TIM/mysite/.venv/lib/python3.10/site-packages/django/template/base.py", line 1008, in <listcomp>
    return SafeString("".join([node.render_annotated(context) for node in self]))
  File "/home/TIM/mysite/.venv/lib/python3.10/site-packages/django/template/base.py", line 969, in render_annotated
    return self.render(context)
  File "/home/TIM/mysite/.venv/lib/python3.10/site-packages/django/template/defaulttags.py", line 243, in render
    nodelist.append(node.render_annotated(context))
  File "/home/TIM/mysite/.venv/lib/python3.10/site-packages/django/template/base.py", line 969, in render_annotated
    return self.render(context)
  File "/home/TIM/mysite/.venv/lib/python3.10/site-packages/django/template/base.py", line 1067, in render
    output = self.filter_expression.resolve(context)
  File "/home/TIM/mysite/.venv/lib/python3.10/site-packages/django/template/base.py", line 718, in resolve
    obj = self.var.resolve(context)
  File "/home/TIM/mysite/.venv/lib/python3.10/site-packages/django/template/base.py", line 850, in resolve
    value = self._resolve_lookup(context)
  File "/home/TIM/mysite/.venv/lib/python3.10/site-packages/django/template/base.py", line 893, in _resolve_lookup
    current = getattr(current, bit)
  File "/home/TIM/mysite/.venv/lib/python3.10/site-packages/django/db/models/fields/files.py", line 69, in url
    self._require_file()
  File "/home/TIM/mysite/.venv/lib/python3.10/site-packages/django/db/models/fields/files.py", line 44, in _require_file
    raise ValueError(
ValueError: The 'photo' attribute has no file associated with it.
Internal Server Error: /course-detail/1/full-stack-development/
Traceback (most recent call last):
  File "/home/TIM/mysite/.venv/lib/python3.10/site-packages/django/template/base.py", line 883, in _resolve_lookup
    current = current[bit]
TypeError: 'ImageFieldFile' object is not subscriptable

During handling of the above exception, another exception occurred:

Traceback (most recent call last):
  File "/home/TIM/mysite/.venv/lib/python3.10/site-packages/django/core/handlers/exception.py", line 55, in inner
    response = get_response(request)
  File "/home/TIM/mysite/.venv/lib/python3.10/site-packages/django/core/handlers/base.py", line 197, in _get_response
    response = wrapped_callback(request, *callback_args, **callback_kwargs)
  File "/home/TIM/mysite/courses/views.py", line 2511, in course_lms_detail
    return render(request, 'home/course_detail.html', {
  File "/home/TIM/mysite/.venv/lib/python3.10/site-packages/django/shortcuts.py", line 25, in render
    content = loader.render_to_string(template_name, context, request, using=using)
  File "/home/TIM/mysite/.venv/lib/python3.10/site-packages/django/template/loader.py", line 62, in render_to_string
    return template.render(context, request)
  File "/home/TIM/mysite/.venv/lib/python3.10/site-packages/django/template/backends/django.py", line 107, in render
    return self.template.render(context)
  File "/home/TIM/mysite/.venv/lib/python3.10/site-packages/django/template/base.py", line 171, in render
    return self._render(context)
  File "/home/TIM/mysite/.venv/lib/python3.10/site-packages/django/template/base.py", line 163, in _render
    return self.nodelist.render(context)
  File "/home/TIM/mysite/.venv/lib/python3.10/site-packages/django/template/base.py", line 1008, in render
    return SafeString("".join([node.render_annotated(context) for node in self]))
  File "/home/TIM/mysite/.venv/lib/python3.10/site-packages/django/template/base.py", line 1008, in <listcomp>
    return SafeString("".join([node.render_annotated(context) for node in self]))
  File "/home/TIM/mysite/.venv/lib/python3.10/site-packages/django/template/base.py", line 969, in render_annotated
    return self.render(context)
  File "/home/TIM/mysite/.venv/lib/python3.10/site-packages/django/template/loader_tags.py", line 159, in render
    return compiled_parent._render(context)
  File "/home/TIM/mysite/.venv/lib/python3.10/site-packages/django/template/base.py", line 163, in _render
    return self.nodelist.render(context)
  File "/home/TIM/mysite/.venv/lib/python3.10/site-packages/django/template/base.py", line 1008, in render
    return SafeString("".join([node.render_annotated(context) for node in self]))
  File "/home/TIM/mysite/.venv/lib/python3.10/site-packages/django/template/base.py", line 1008, in <listcomp>
    return SafeString("".join([node.render_annotated(context) for node in self]))
  File "/home/TIM/mysite/.venv/lib/python3.10/site-packages/django/template/base.py", line 969, in render_annotated
    return self.render(context)
  File "/home/TIM/mysite/.venv/lib/python3.10/site-packages/django/template/loader_tags.py", line 65, in render
    result = block.nodelist.render(context)
  File "/home/TIM/mysite/.venv/lib/python3.10/site-packages/django/template/base.py", line 1008, in render
    return SafeString("".join([node.render_annotated(context) for node in self]))
  File "/home/TIM/mysite/.venv/lib/python3.10/site-packages/django/template/base.py", line 1008, in <listcomp>
    return SafeString("".join([node.render_annotated(context) for node in self]))
  File "/home/TIM/mysite/.venv/lib/python3.10/site-packages/django/template/base.py", line 969, in render_annotated
    return self.render(context)
  File "/home/TIM/mysite/.venv/lib/python3.10/site-packages/django/template/defaulttags.py", line 243, in render
    nodelist.append(node.render_annotated(context))
  File "/home/TIM/mysite/.venv/lib/python3.10/site-packages/django/template/base.py", line 969, in render_annotated
    return self.render(context)
  File "/home/TIM/mysite/.venv/lib/python3.10/site-packages/django/template/base.py", line 1067, in render
    output = self.filter_expression.resolve(context)
  File "/home/TIM/mysite/.venv/lib/python3.10/site-packages/django/template/base.py", line 718, in resolve
    obj = self.var.resolve(context)
  File "/home/TIM/mysite/.venv/lib/python3.10/site-packages/django/template/base.py", line 850, in resolve
    value = self._resolve_lookup(context)
  File "/home/TIM/mysite/.venv/lib/python3.10/site-packages/django/template/base.py", line 893, in _resolve_lookup
    current = getattr(current, bit)
  File "/home/TIM/mysite/.venv/lib/python3.10/site-packages/django/db/models/fields/files.py", line 69, in url
    self._require_file()
  File "/home/TIM/mysite/.venv/lib/python3.10/site-packages/django/db/models/fields/files.py", line 44, in _require_file
    raise ValueError(
ValueError: The 'photo' attribute has no file associated with it.
Internal Server Error: /course-detail/1/full-stack-development/
Traceback (most recent call last):
  File "/home/TIM/mysite/.venv/lib/python3.10/site-packages/django/template/base.py", line 883, in _resolve_lookup
    current = current[bit]
TypeError: 'ImageFieldFile' object is not subscriptable

During handling of the above exception, another exception occurred:

Traceback (most recent call last):
  File "/home/TIM/mysite/.venv/lib/python3.10/site-packages/django/core/handlers/exception.py", line 55, in inner
    response = get_response(request)
  File "/home/TIM/mysite/.venv/lib/python3.10/site-packages/django/core/handlers/base.py", line 197, in _get_response
    response = wrapped_callback(request, *callback_args, **callback_kwargs)
  File "/home/TIM/mysite/courses/views.py", line 2511, in course_lms_detail
    return render(request, 'home/course_detail.html', {
  File "/home/TIM/mysite/.venv/lib/python3.10/site-packages/django/shortcuts.py", line 25, in render
    content = loader.render_to_string(template_name, context, request, using=using)
  File "/home/TIM/mysite/.venv/lib/python3.10/site-packages/django/template/loader.py", line 62, in render_to_string
    return template.render(context, request)
  File "/home/TIM/mysite/.venv/lib/python3.10/site-packages/django/template/backends/django.py", line 107, in render
    return self.template.render(context)
  File "/home/TIM/mysite/.venv/lib/python3.10/site-packages/django/template/base.py", line 171, in render
    return self._render(context)
  File "/home/TIM/mysite/.venv/lib/python3.10/site-packages/django/template/base.py", line 163, in _render
    return self.nodelist.render(context)
  File "/home/TIM/mysite/.venv/lib/python3.10/site-packages/django/template/base.py", line 1008, in render
    return SafeString("".join([node.render_annotated(context) for node in self]))
  File "/home/TIM/mysite/.venv/lib/python3.10/site-packages/django/template/base.py", line 1008, in <listcomp>
    return SafeString("".join([node.render_annotated(context) for node in self]))
  File "/home/TIM/mysite/.venv/lib/python3.10/site-packages/django/template/base.py", line 969, in render_annotated
    return self.render(context)
  File "/home/TIM/mysite/.venv/lib/python3.10/site-packages/django/template/loader_tags.py", line 159, in render
    return compiled_parent._render(context)
  File "/home/TIM/mysite/.venv/lib/python3.10/site-packages/django/template/base.py", line 163, in _render
    return self.nodelist.render(context)
  File "/home/TIM/mysite/.venv/lib/python3.10/site-packages/django/template/base.py", line 1008, in render
    return SafeString("".join([node.render_annotated(context) for node in self]))
  File "/home/TIM/mysite/.venv/lib/python3.10/site-packages/django/template/base.py", line 1008, in <listcomp>
    return SafeString("".join([node.render_annotated(context) for node in self]))
  File "/home/TIM/mysite/.venv/lib/python3.10/site-packages/django/template/base.py", line 969, in render_annotated
    return self.render(context)
  File "/home/TIM/mysite/.venv/lib/python3.10/site-packages/django/template/loader_tags.py", line 65, in render
    result = block.nodelist.render(context)
  File "/home/TIM/mysite/.venv/lib/python3.10/site-packages/django/template/base.py", line 1008, in render
    return SafeString("".join([node.render_annotated(context) for node in self]))
  File "/home/TIM/mysite/.venv/lib/python3.10/site-packages/django/template/base.py", line 1008, in <listcomp>
    return SafeString("".join([node.render_annotated(context) for node in self]))
  File "/home/TIM/mysite/.venv/lib/python3.10/site-packages/django/template/base.py", line 969, in render_annotated
    return self.render(context)
  File "/home/TIM/mysite/.venv/lib/python3.10/site-packages/django/template/defaulttags.py", line 243, in render
    nodelist.append(node.render_annotated(context))
  File "/home/TIM/mysite/.venv/lib/python3.10/site-packages/django/template/base.py", line 969, in render_annotated
    return self.render(context)
  File "/home/TIM/mysite/.venv/lib/python3.10/site-packages/django/template/base.py", line 1067, in render
    output = self.filter_expression.resolve(context)
  File "/home/TIM/mysite/.venv/lib/python3.10/site-packages/django/template/base.py", line 718, in resolve
    obj = self.var.resolve(context)
  File "/home/TIM/mysite/.venv/lib/python3.10/site-packages/django/template/base.py", line 850, in resolve
    value = self._resolve_lookup(context)
  File "/home/TIM/mysite/.venv/lib/python3.10/site-packages/django/template/base.py", line 893, in _resolve_lookup
    current = getattr(current, bit)
  File "/home/TIM/mysite/.venv/lib/python3.10/site-packages/django/db/models/fields/files.py", line 69, in url
    self._require_file()
  File "/home/TIM/mysite/.venv/lib/python3.10/site-packages/django/db/models/fields/files.py", line 44, in _require_file
    raise ValueError(
ValueError: The 'photo' attribute has no file associated with it.
Internal Server Error: /course-detail/1/full-stack-development/
Traceback (most recent call last):
  File "/home/TIM/mysite/.venv/lib/python3.10/site-packages/django/template/base.py", line 883, in _resolve_lookup
    current = current[bit]
TypeError: 'ImageFieldFile' object is not subscriptable

During handling of the above exception, another exception occurred:

Traceback (most recent call last):
  File "/home/TIM/mysite/.venv/lib/python3.10/site-packages/django/core/handlers/exception.py", line 55, in inner
    response = get_response(request)
  File "/home/TIM/mysite/.venv/lib/python3.10/site-packages/django/core/handlers/base.py", line 197, in _get_response
    response = wrapped_callback(request, *callback_args, **callback_kwargs)
  File "/home/TIM/mysite/courses/views.py", line 2511, in course_lms_detail
    return render(request, 'home/course_detail.html', {
  File "/home/TIM/mysite/.venv/lib/python3.10/site-packages/django/shortcuts.py", line 25, in render
    content = loader.render_to_string(template_name, context, request, using=using)
  File "/home/TIM/mysite/.venv/lib/python3.10/site-packages/django/template/loader.py", line 62, in render_to_string
    return template.render(context, request)
  File "/home/TIM/mysite/.venv/lib/python3.10/site-packages/django/template/backends/django.py", line 107, in render
    return self.template.render(context)
  File "/home/TIM/mysite/.venv/lib/python3.10/site-packages/django/template/base.py", line 171, in render
    return self._render(context)
  File "/home/TIM/mysite/.venv/lib/python3.10/site-packages/django/template/base.py", line 163, in _render
    return self.nodelist.render(context)
  File "/home/TIM/mysite/.venv/lib/python3.10/site-packages/django/template/base.py", line 1008, in render
    return SafeString("".join([node.render_annotated(context) for node in self]))
  File "/home/TIM/mysite/.venv/lib/python3.10/site-packages/django/template/base.py", line 1008, in <listcomp>
    return SafeString("".join([node.render_annotated(context) for node in self]))
  File "/home/TIM/mysite/.venv/lib/python3.10/site-packages/django/template/base.py", line 969, in render_annotated
    return self.render(context)
  File "/home/TIM/mysite/.venv/lib/python3.10/site-packages/django/template/loader_tags.py", line 159, in render
    return compiled_parent._render(context)
  File "/home/TIM/mysite/.venv/lib/python3.10/site-packages/django/template/base.py", line 163, in _render
    return self.nodelist.render(context)
  File "/home/TIM/mysite/.venv/lib/python3.10/site-packages/django/template/base.py", line 1008, in render
    return SafeString("".join([node.render_annotated(context) for node in self]))
  File "/home/TIM/mysite/.venv/lib/python3.10/site-packages/django/template/base.py", line 1008, in <listcomp>
    return SafeString("".join([node.render_annotated(context) for node in self]))
  File "/home/TIM/mysite/.venv/lib/python3.10/site-packages/django/template/base.py", line 969, in render_annotated
    return self.render(context)
  File "/home/TIM/mysite/.venv/lib/python3.10/site-packages/django/template/loader_tags.py", line 65, in render
    result = block.nodelist.render(context)
  File "/home/TIM/mysite/.venv/lib/python3.10/site-packages/django/template/base.py", line 1008, in render
    return SafeString("".join([node.render_annotated(context) for node in self]))
  File "/home/TIM/mysite/.venv/lib/python3.10/site-packages/django/template/base.py", line 1008, in <listcomp>
    return SafeString("".join([node.render_annotated(context) for node in self]))
  File "/home/TIM/mysite/.venv/lib/python3.10/site-packages/django/template/base.py", line 969, in render_annotated
    return self.render(context)
  File "/home/TIM/mysite/.venv/lib/python3.10/site-packages/django/template/defaulttags.py", line 243, in render
    nodelist.append(node.render_annotated(context))
  File "/home/TIM/mysite/.venv/lib/python3.10/site-packages/django/template/base.py", line 969, in render_annotated
    return self.render(context)
  File "/home/TIM/mysite/.venv/lib/python3.10/site-packages/django/template/base.py", line 1067, in render
    output = self.filter_expression.resolve(context)
  File "/home/TIM/mysite/.venv/lib/python3.10/site-packages/django/template/base.py", line 718, in resolve
    obj = self.var.resolve(context)
  File "/home/TIM/mysite/.venv/lib/python3.10/site-packages/django/template/base.py", line 850, in resolve
    value = self._resolve_lookup(context)
  File "/home/TIM/mysite/.venv/lib/python3.10/site-packages/django/template/base.py", line 893, in _resolve_lookup
    current = getattr(current, bit)
  File "/home/TIM/mysite/.venv/lib/python3.10/site-packages/django/db/models/fields/files.py", line 69, in url
    self._require_file()
  File "/home/TIM/mysite/.venv/lib/python3.10/site-packages/django/db/models/fields/files.py", line 44, in _require_file
    raise ValueError(
ValueError: The 'photo' attribute has no file associated with it.
Internal Server Error: /course-detail/1/full-stack-development/
Traceback (most recent call last):
  File "/home/TIM/mysite/.venv/lib/python3.10/site-packages/django/template/base.py", line 883, in _resolve_lookup
    current = current[bit]
TypeError: 'ImageFieldFile' object is not subscriptable

During handling of the above exception, another exception occurred:

Traceback (most recent call last):
  File "/home/TIM/mysite/.venv/lib/python3.10/site-packages/django/core/handlers/exception.py", line 55, in inner
    response = get_response(request)
  File "/home/TIM/mysite/.venv/lib/python3.10/site-packages/django/core/handlers/base.py", line 197, in _get_response
    response = wrapped_callback(request, *callback_args, **callback_kwargs)
  File "/home/TIM/mysite/courses/views.py", line 2511, in course_lms_detail
    return render(request, 'home/course_detail.html', {
  File "/home/TIM/mysite/.venv/lib/python3.10/site-packages/django/shortcuts.py", line 25, in render
    content = loader.render_to_string(template_name, context, request, using=using)
  File "/home/TIM/mysite/.venv/lib/python3.10/site-packages/django/template/loader.py", line 62, in render_to_string
    return template.render(context, request)
  File "/home/TIM/mysite/.venv/lib/python3.10/site-packages/django/template/backends/django.py", line 107, in render
    return self.template.render(context)
  File "/home/TIM/mysite/.venv/lib/python3.10/site-packages/django/template/base.py", line 171, in render
    return self._render(context)
  File "/home/TIM/mysite/.venv/lib/python3.10/site-packages/django/template/base.py", line 163, in _render
    return self.nodelist.render(context)
  File "/home/TIM/mysite/.venv/lib/python3.10/site-packages/django/template/base.py", line 1008, in render
    return SafeString("".join([node.render_annotated(context) for node in self]))
  File "/home/TIM/mysite/.venv/lib/python3.10/site-packages/django/template/base.py", line 1008, in <listcomp>
    return SafeString("".join([node.render_annotated(context) for node in self]))
  File "/home/TIM/mysite/.venv/lib/python3.10/site-packages/django/template/base.py", line 969, in render_annotated
    return self.render(context)
  File "/home/TIM/mysite/.venv/lib/python3.10/site-packages/django/template/loader_tags.py", line 159, in render
    return compiled_parent._render(context)
  File "/home/TIM/mysite/.venv/lib/python3.10/site-packages/django/template/base.py", line 163, in _render
    return self.nodelist.render(context)
  File "/home/TIM/mysite/.venv/lib/python3.10/site-packages/django/template/base.py", line 1008, in render
    return SafeString("".join([node.render_annotated(context) for node in self]))
  File "/home/TIM/mysite/.venv/lib/python3.10/site-packages/django/template/base.py", line 1008, in <listcomp>
    return SafeString("".join([node.render_annotated(context) for node in self]))
  File "/home/TIM/mysite/.venv/lib/python3.10/site-packages/django/template/base.py", line 969, in render_annotated
    return self.render(context)
  File "/home/TIM/mysite/.venv/lib/python3.10/site-packages/django/template/loader_tags.py", line 65, in render
    result = block.nodelist.render(context)
  File "/home/TIM/mysite/.venv/lib/python3.10/site-packages/django/template/base.py", line 1008, in render
    return SafeString("".join([node.render_annotated(context) for node in self]))
  File "/home/TIM/mysite/.venv/lib/python3.10/site-packages/django/template/base.py", line 1008, in <listcomp>
    return SafeString("".join([node.render_annotated(context) for node in self]))
  File "/home/TIM/mysite/.venv/lib/python3.10/site-packages/django/template/base.py", line 969, in render_annotated
    return self.render(context)
  File "/home/TIM/mysite/.venv/lib/python3.10/site-packages/django/template/defaulttags.py", line 243, in render
    nodelist.append(node.render_annotated(context))
  File "/home/TIM/mysite/.venv/lib/python3.10/site-packages/django/template/base.py", line 969, in render_annotated
    return self.render(context)
  File "/home/TIM/mysite/.venv/lib/python3.10/site-packages/django/template/base.py", line 1067, in render
    output = self.filter_expression.resolve(context)
  File "/home/TIM/mysite/.venv/lib/python3.10/site-packages/django/template/base.py", line 718, in resolve
    obj = self.var.resolve(context)
  File "/home/TIM/mysite/.venv/lib/python3.10/site-packages/django/template/base.py", line 850, in resolve
    value = self._resolve_lookup(context)
  File "/home/TIM/mysite/.venv/lib/python3.10/site-packages/django/template/base.py", line 893, in _resolve_lookup
    current = getattr(current, bit)
  File "/home/TIM/mysite/.venv/lib/python3.10/site-packages/django/db/models/fields/files.py", line 69, in url
    self._require_file()
  File "/home/TIM/mysite/.venv/lib/python3.10/site-packages/django/db/models/fields/files.py", line 44, in _require_file
    raise ValueError(
ValueError: The 'photo' attribute has no file associated with it.
Internal Server Error: /course-detail/1/full-stack-development/
Traceback (most recent call last):
  File "/home/TIM/mysite/.venv/lib/python3.10/site-packages/django/template/base.py", line 883, in _resolve_lookup
    current = current[bit]
TypeError: 'ImageFieldFile' object is not subscriptable

During handling of the above exception, another exception occurred:

Traceback (most recent call last):
  File "/home/TIM/mysite/.venv/lib/python3.10/site-packages/django/core/handlers/exception.py", line 55, in inner
    response = get_response(request)
  File "/home/TIM/mysite/.venv/lib/python3.10/site-packages/django/core/handlers/base.py", line 197, in _get_response
    response = wrapped_callback(request, *callback_args, **callback_kwargs)
  File "/home/TIM/mysite/courses/views.py", line 2511, in course_lms_detail
    return render(request, 'home/course_detail.html', {
  File "/home/TIM/mysite/.venv/lib/python3.10/site-packages/django/shortcuts.py", line 25, in render
    content = loader.render_to_string(template_name, context, request, using=using)
  File "/home/TIM/mysite/.venv/lib/python3.10/site-packages/django/template/loader.py", line 62, in render_to_string
    return template.render(context, request)
  File "/home/TIM/mysite/.venv/lib/python3.10/site-packages/django/template/backends/django.py", line 107, in render
    return self.template.render(context)
  File "/home/TIM/mysite/.venv/lib/python3.10/site-packages/django/template/base.py", line 171, in render
    return self._render(context)
  File "/home/TIM/mysite/.venv/lib/python3.10/site-packages/django/template/base.py", line 163, in _render
    return self.nodelist.render(context)
  File "/home/TIM/mysite/.venv/lib/python3.10/site-packages/django/template/base.py", line 1008, in render
    return SafeString("".join([node.render_annotated(context) for node in self]))
  File "/home/TIM/mysite/.venv/lib/python3.10/site-packages/django/template/base.py", line 1008, in <listcomp>
    return SafeString("".join([node.render_annotated(context) for node in self]))
  File "/home/TIM/mysite/.venv/lib/python3.10/site-packages/django/template/base.py", line 969, in render_annotated
    return self.render(context)
  File "/home/TIM/mysite/.venv/lib/python3.10/site-packages/django/template/loader_tags.py", line 159, in render
    return compiled_parent._render(context)
  File "/home/TIM/mysite/.venv/lib/python3.10/site-packages/django/template/base.py", line 163, in _render
    return self.nodelist.render(context)
  File "/home/TIM/mysite/.venv/lib/python3.10/site-packages/django/template/base.py", line 1008, in render
    return SafeString("".join([node.render_annotated(context) for node in self]))
  File "/home/TIM/mysite/.venv/lib/python3.10/site-packages/django/template/base.py", line 1008, in <listcomp>
    return SafeString("".join([node.render_annotated(context) for node in self]))
  File "/home/TIM/mysite/.venv/lib/python3.10/site-packages/django/template/base.py", line 969, in render_annotated
    return self.render(context)
  File "/home/TIM/mysite/.venv/lib/python3.10/site-packages/django/template/loader_tags.py", line 65, in render
    result = block.nodelist.render(context)
  File "/home/TIM/mysite/.venv/lib/python3.10/site-packages/django/template/base.py", line 1008, in render
    return SafeString("".join([node.render_annotated(context) for node in self]))
  File "/home/TIM/mysite/.venv/lib/python3.10/site-packages/django/template/base.py", line 1008, in <listcomp>
    return SafeString("".join([node.render_annotated(context) for node in self]))
  File "/home/TIM/mysite/.venv/lib/python3.10/site-packages/django/template/base.py", line 969, in render_annotated
    return self.render(context)
  File "/home/TIM/mysite/.venv/lib/python3.10/site-packages/django/template/defaulttags.py", line 243, in render
    nodelist.append(node.render_annotated(context))
  File "/home/TIM/mysite/.venv/lib/python3.10/site-packages/django/template/base.py", line 969, in render_annotated
    return self.render(context)
  File "/home/TIM/mysite/.venv/lib/python3.10/site-packages/django/template/base.py", line 1067, in render
    output = self.filter_expression.resolve(context)
  File "/home/TIM/mysite/.venv/lib/python3.10/site-packages/django/template/base.py", line 718, in resolve
    obj = self.var.resolve(context)
  File "/home/TIM/mysite/.venv/lib/python3.10/site-packages/django/template/base.py", line 850, in resolve
    value = self._resolve_lookup(context)
  File "/home/TIM/mysite/.venv/lib/python3.10/site-packages/django/template/base.py", line 893, in _resolve_lookup
    current = getattr(current, bit)
  File "/home/TIM/mysite/.venv/lib/python3.10/site-packages/django/db/models/fields/files.py", line 69, in url
    self._require_file()
  File "/home/TIM/mysite/.venv/lib/python3.10/site-packages/django/db/models/fields/files.py", line 44, in _require_file
    raise ValueError(
ValueError: The 'photo' attribute has no file associated with it.
Not Found: /favicon.ico
Internal Server Error: /course-detail/1/full-stack-development/
Traceback (most recent call last):
  File "/home/TIM/mysite/.venv/lib/python3.10/site-packages/django/template/base.py", line 883, in _resolve_lookup
    current = current[bit]
TypeError: 'ImageFieldFile' object is not subscriptable

During handling of the above exception, another exception occurred:

Traceback (most recent call last):
  File "/home/TIM/mysite/.venv/lib/python3.10/site-packages/django/core/handlers/exception.py", line 55, in inner
    response = get_response(request)
  File "/home/TIM/mysite/.venv/lib/python3.10/site-packages/django/core/handlers/base.py", line 197, in _get_response
    response = wrapped_callback(request, *callback_args, **callback_kwargs)
  File "/home/TIM/mysite/courses/views.py", line 2511, in course_lms_detail
    return render(request, 'home/course_detail.html', {
  File "/home/TIM/mysite/.venv/lib/python3.10/site-packages/django/shortcuts.py", line 25, in render
    content = loader.render_to_string(template_name, context, request, using=using)
  File "/home/TIM/mysite/.venv/lib/python3.10/site-packages/django/template/loader.py", line 62, in render_to_string
    return template.render(context, request)
  File "/home/TIM/mysite/.venv/lib/python3.10/site-packages/django/template/backends/django.py", line 107, in render
    return self.template.render(context)
  File "/home/TIM/mysite/.venv/lib/python3.10/site-packages/django/template/base.py", line 171, in render
    return self._render(context)
  File "/home/TIM/mysite/.venv/lib/python3.10/site-packages/django/template/base.py", line 163, in _render
    return self.nodelist.render(context)
  File "/home/TIM/mysite/.venv/lib/python3.10/site-packages/django/template/base.py", line 1008, in render
    return SafeString("".join([node.render_annotated(context) for node in self]))
  File "/home/TIM/mysite/.venv/lib/python3.10/site-packages/django/template/base.py", line 1008, in <listcomp>
    return SafeString("".join([node.render_annotated(context) for node in self]))
  File "/home/TIM/mysite/.venv/lib/python3.10/site-packages/django/template/base.py", line 969, in render_annotated
    return self.render(context)
  File "/home/TIM/mysite/.venv/lib/python3.10/site-packages/django/template/loader_tags.py", line 159, in render
    return compiled_parent._render(context)
  File "/home/TIM/mysite/.venv/lib/python3.10/site-packages/django/template/base.py", line 163, in _render
    return self.nodelist.render(context)
  File "/home/TIM/mysite/.venv/lib/python3.10/site-packages/django/template/base.py", line 1008, in render
    return SafeString("".join([node.render_annotated(context) for node in self]))
  File "/home/TIM/mysite/.venv/lib/python3.10/site-packages/django/template/base.py", line 1008, in <listcomp>
    return SafeString("".join([node.render_annotated(context) for node in self]))
  File "/home/TIM/mysite/.venv/lib/python3.10/site-packages/django/template/base.py", line 969, in render_annotated
    return self.render(context)
  File "/home/TIM/mysite/.venv/lib/python3.10/site-packages/django/template/loader_tags.py", line 65, in render
    result = block.nodelist.render(context)
  File "/home/TIM/mysite/.venv/lib/python3.10/site-packages/django/template/base.py", line 1008, in render
    return SafeString("".join([node.render_annotated(context) for node in self]))
  File "/home/TIM/mysite/.venv/lib/python3.10/site-packages/django/template/base.py", line 1008, in <listcomp>
    return SafeString("".join([node.render_annotated(context) for node in self]))
  File "/home/TIM/mysite/.venv/lib/python3.10/site-packages/django/template/base.py", line 969, in render_annotated
    return self.render(context)
  File "/home/TIM/mysite/.venv/lib/python3.10/site-packages/django/template/defaulttags.py", line 243, in render
    nodelist.append(node.render_annotated(context))
  File "/home/TIM/mysite/.venv/lib/python3.10/site-packages/django/template/base.py", line 969, in render_annotated
    return self.render(context)
  File "/home/TIM/mysite/.venv/lib/python3.10/site-packages/django/template/base.py", line 1067, in render
    output = self.filter_expression.resolve(context)
  File "/home/TIM/mysite/.venv/lib/python3.10/site-packages/django/template/base.py", line 718, in resolve
    obj = self.var.resolve(context)
  File "/home/TIM/mysite/.venv/lib/python3.10/site-packages/django/template/base.py", line 850, in resolve
    value = self._resolve_lookup(context)
  File "/home/TIM/mysite/.venv/lib/python3.10/site-packages/django/template/base.py", line 893, in _resolve_lookup
    current = getattr(current, bit)
  File "/home/TIM/mysite/.venv/lib/python3.10/site-packages/django/db/models/fields/files.py", line 69, in url
    self._require_file()
  File "/home/TIM/mysite/.venv/lib/python3.10/site-packages/django/db/models/fields/files.py", line 44, in _require_file
    raise ValueError(
ValueError: The 'photo' attribute has no file associated with it.
Not Found: /server-status
Not Found: /config.json
Not Found: /.env
Not Found: /telescope/requests
Not Found: /info.php
Not Found: /.git/config
Not Found: /ecp/Current/exporttool/microsoft.exchange.ediscovery.exporttool.application
Not Found: /un.php
Not Found: /un.php
Not Found: /foxx.php
Not Found: /foxx.php
Not Found: /js.php
Not Found: /js.php
Not Found: /phpinfo.php
Not Found: /phpinfo.php
Not Found: /wp-email.php
Not Found: /wp-email.php
Not Found: /fierza.php
Not Found: /fierza.php
Not Found: /var.php
Not Found: /var.php
Not Found: /load.php
Not Found: /load.php
Not Found: /alpha.php
Not Found: /alpha.php
Not Found: /tinyfilemanager.php
Not Found: /tinyfilemanager.php
Not Found: /filemanager.php
Not Found: /filemanager.php
Not Found: /manager.php
Not Found: /manager.php
Not Found: /wp-content.php
Not Found: /wp-content.php
Not Found: /wp-content/themes/alera/alpha.php
Not Found: /wp-content/themes/alera/alpha.php
Not Found: /lock360.php
Not Found: /lock360.php
Not Found: /5.php
Not Found: /5.php
Not Found: /01.php
Not Found: /01.php
Not Found: /.well-known/pki-validation/wp-signup.php
Not Found: /.well-known/pki-validation/wp-signup.php
Not Found: /.well-known/wp-signup.php
Not Found: /.well-known/wp-signup.php
Not Found: /jindex.php
Not Found: /jindex.php
Not Found: /0o.php
Not Found: /0o.php
Not Found: /room.php
Not Found: /room.php
Not Found: /adriv.php
Not Found: /adriv.php
Not Found: /gecko.php
Not Found: /gecko.php
Not Found: /tonant.php
Not Found: /tonant.php
Not Found: /includes.php
Not Found: /includes.php
Not Found: /b.php
Not Found: /b.php
Not Found: /xleet-shell.php
Not Found: /xleet-shell.php
Not Found: /cong.php
Not Found: /cong.php
Not Found: /config.php
Not Found: /config.php
Not Found: /wp-key.php
Not Found: /wp-key.php
Not Found: /flame.php
Not Found: /flame.php
Not Found: /wp-content/flame.php
Not Found: /wp-content/flame.php
Not Found: /lx.php
Not Found: /lx.php
Not Found: /wp-help.php
Not Found: /wp-help.php
Not Found: /un2.php
Not Found: /un2.php
Not Found: /wp-posts.php
Not Found: /wp-posts.php
Not Found: /xl.php
Not Found: /xl.php
Not Found: /ww.php
Not Found: /ww.php
Not Found: /testwp.php
Not Found: /testwp.php
Not Found: /wp-includes/class-wp-other.php
Not Found: /wp-includes/class-wp-other.php
Not Found: /unknown.php
Not Found: /unknown.php
Not Found: /god4m.php
Not Found: /god4m.php
Not Found: /tuco.php
Not Found: /tuco.php
Not Found: /x.php
Not Found: /x.php
Not Found: /w.php
Not Found: /w.php
Not Found: /shl.php
Not Found: /shl.php
Not Found: /wp-class.php
Not Found: /wp-class.php
Not Found: /info.php
Not Found: /info.php
Not Found: /o.php
Not Found: /o.php
Not Found: /shx.php
Not Found: /shx.php
Not Found: /l.php
Not Found: /l.php
Not Found: /hi.php
Not Found: /hi.php
Not Found: /readme.php
Not Found: /readme.php
Not Found: /pi.php
Not Found: /pi.php
Not Found: /r00t.php
Not Found: /r00t.php
Not Found: /radio.php
Not Found: /radio.php
Not Found: /content.php
Not Found: /content.php
Not Found: /about.php
Not Found: /about.php
Not Found: /admin.php
Not Found: /admin.php
Not Found: /css.php
Not Found: /css.php
Not Found: /doc.php
Not Found: /doc.php
Not Found: /wp_wrong_datlib.php
Not Found: /wp_wrong_datlib.php
Not Found: /v.php
Not Found: /v.php
Not Found: /ups.php
Not Found: /ups.php
Not Found: /up.php
Not Found: /up.php
Not Found: /fw.php
Not Found: /fw.php
Not Found: /simple.php
Not Found: /simple.php
Not Found: /local.php
Not Found: /local.php
Not Found: /wp-atom.php
Not Found: /wp-atom.php
Not Found: /1index.php
Not Found: /1index.php
Not Found: /2index.php
Not Found: /2index.php
Not Found: /3index.php
Not Found: /3index.php
Not Found: /wikindex.php
Not Found: /wikindex.php
Not Found: /autoload_classmap.php
Not Found: /autoload_classmap.php
Not Found: /wp-conflg.php
Not Found: /wp-conflg.php
Not Found: /wp-includes/wp-class.php
Not Found: /wp-includes/wp-class.php
Not Found: /wp-inlcudes.php
Not Found: /wp-inlcudes.php
Not Found: /wp-js.php
Not Found: /wp-js.php
Not Found: /wp-load.php
Not Found: /wp-load.php
Not Found: /sys.php
Not Found: /sys.php
Not Found: /0.php
Not Found: /0.php
Not Found: /0byte.php
Not Found: /0byte.php
Not Found: /wp-config-sample.php
Not Found: /wp-config-sample.php
Not Found: /0z.php
Not Found: /0z.php
Not Found: /1.php
Not Found: /1.php
Not Found: /403.php
Not Found: /403.php
Not Found: /404.php
Not Found: /404.php
Not Found: /45.php
Not Found: /45.php
Not Found: /73.php
Not Found: /73.php
Not Found: /a.php
Not Found: /a.php
Not Found: /abc.php
Not Found: /abc.php
Not Found: /al.php
Not Found: /al.php
Not Found: /alf.php
Not Found: /alf.php
Not Found: /user.php
Not Found: /user.php
Not Found: /litespeed.php
Not Found: /litespeed.php
Not Found: /alfa-shell-v4.php
Not Found: /alfa-shell-v4.php
Not Found: /alfa.php
Not Found: /alfa.php
Not Found: /admin404.php
Not Found: /admin404.php
Not Found: /alfateslav4.php
Not Found: /alfateslav4.php
Not Found: /abby.php
Not Found: /abby.php
Not Found: /anon.php
Not Found: /anon.php
Not Found: /anons79.php
Not Found: /anons79.php
Not Found: /base.php
Not Found: /base.php
Not Found: /batm.php
Not Found: /batm.php
Not Found: /bj.php
Not Found: /bj.php
Not Found: /black.php
Not Found: /black.php
Not Found: /adm.php
Not Found: /adm.php
Not Found: /sh.php
Not Found: /sh.php
Not Found: /by.php
Not Found: /by.php
Not Found: /byp.php
Not Found: /byp.php
Not Found: /bypas.php
Not Found: /bypas.php
Not Found: /bypass.php
Not Found: /bypass.php
Not Found: /byps.php
Not Found: /byps.php
Not Found: /c.php
Not Found: /c.php
Not Found: /con.php
Not Found: /con.php
Not Found: /con7.php
Not Found: /con7.php
Not Found: /con7ext.php
Not Found: /con7ext.php
Not Found: /dbx.php
Not Found: /dbx.php
Not Found: /defau1t.php
Not Found: /defau1t.php
Not Found: /eviltwin.php
Not Found: /eviltwin.php
Not Found: /dev.php
Not Found: /dev.php
Not Found: /docindex.php
Not Found: /docindex.php
Not Found: /e.php
Not Found: /e.php
Not Found: /error.php
Not Found: /error.php
Not Found: /evil.php
Not Found: /evil.php
Not Found: /file.php
Not Found: /file.php
Not Found: /fox.php
Not Found: /fox.php
Not Found: /foxwso.php
Not Found: /foxwso.php
Not Found: /gel4y.php
Not Found: /gel4y.php
Not Found: /gelay.php
Not Found: /gelay.php
Not Found: /gh.php
Not Found: /gh.php
Not Found: /hehe.php
Not Found: /hehe.php
Not Found: /i.php
Not Found: /i.php
Not Found: /id.php
Not Found: /id.php
Not Found: /ids.php
Not Found: /ids.php
Not Found: /idx.php
Not Found: /idx.php
Not Found: /indoxploit.php
Not Found: /indoxploit.php
Not Found: /init.php
Not Found: /init.php
Not Found: /iq.php
Not Found: /iq.php
Not Found: /iqb.php
Not Found: /iqb.php
Not Found: /k.php
Not Found: /k.php
Not Found: /kk.php
Not Found: /kk.php
Not Found: /la.php
Not Found: /la.php
Not Found: /lol.php
Not Found: /lol.php
Not Found: /m.php
Not Found: /m.php
Not Found: /mar.php
Not Found: /mar.php
Not Found: /marijuana.php
Not Found: /marijuana.php
Not Found: /mas.php
Not Found: /mas.php
Not Found: /mi.php
Not Found: /mi.php
Not Found: /min.php
Not Found: /min.php
Not Found: /mini.php
Not Found: /mini.php
Not Found: /yan.php
Not Found: /yan.php
Not Found: /minishell.php
Not Found: /minishell.php
Not Found: /mrjn.php
Not Found: /mrjn.php
Not Found: /n.php
Not Found: /n.php
Not Found: /new-index.php
Not Found: /new-index.php
Not Found: /ninja.php
Not Found: /ninja.php
Not Found: /old-index.php
Not Found: /old-index.php
Not Found: /pref.php
Not Found: /pref.php
Not Found: /priv.php
Not Found: /priv.php
Not Found: /priv8.php
Not Found: /priv8.php
Not Found: /qindex.php
Not Found: /qindex.php
Not Found: /r.php
Not Found: /r.php
Not Found: /rex.php
Not Found: /rex.php
Not Found: /root.php
Not Found: /root.php
Not Found: /s.php
Not Found: /s.php
Not Found: /shell.php
Not Found: /shell.php
Not Found: /shell20211028.php
Not Found: /shell20211028.php
Not Found: /shells.php
Not Found: /shells.php
Not Found: /sql.php
Not Found: /sql.php
Not Found: /srx.php
Not Found: /srx.php
Not Found: /sym.php
Not Found: /sym.php
Not Found: /sym403.php
Not Found: /sym403.php
Not Found: /t.php
Not Found: /t.php
Not Found: /tes.php
Not Found: /tes.php
Not Found: /indosec.php
Not Found: /indosec.php
Not Found: /test.php
Not Found: /test.php
Not Found: /twin.php
Not Found: /twin.php
Not Found: /u.php
Not Found: /u.php
Not Found: /upload.php
Not Found: /upload.php
Not Found: /uploader.php
Not Found: /uploader.php
Not Found: /usb.php
Not Found: /usb.php
Not Found: /usr.php
Not Found: /usr.php
Not Found: /v3.php
Not Found: /v3.php
Not Found: /v4.php
Not Found: /v4.php
Not Found: /vuln.php
Not Found: /vuln.php
Not Found: /wp-2019.php
Not Found: /wp-2019.php
Not Found: /wp-admin.php
Not Found: /wp-admin.php
Not Found: /wp-defaul.php
Not Found: /wp-defaul.php
Not Found: /wp-info.php
Not Found: /wp-info.php
Not Found: /wp-mails.php
Not Found: /wp-mails.php
Not Found: /wp-one.php
Not Found: /wp-one.php
Not Found: /mari.php
Not Found: /mari.php
Not Found: /wp-plugins.php
Not Found: /wp-plugins.php
Not Found: /wp-rss.php
Not Found: /wp-rss.php
Not Found: /wp-site.php
Not Found: /wp-site.php
Not Found: /wp-system.php
Not Found: /wp-system.php
Not Found: /wp-title.php
Not Found: /wp-title.php
Not Found: /wp.php
Not Found: /wp.php
Not Found: /wpindex.php
Not Found: /wpindex.php
Not Found: /ws.php
Not Found: /ws.php
Not Found: /wsanon.php
Not Found: /wsanon.php
Not Found: /WSO.php
Not Found: /WSO.php
Not Found: /wso.php
Not Found: /wso.php
Not Found: /cmd.php
Not Found: /cmd.php
Not Found: /wso2.php
Not Found: /wso2.php
Not Found: /xcv.php
Not Found: /xcv.php
Not Found: /eagle.php
Not Found: /eagle.php
Not Found: /xindex.php
Not Found: /xindex.php
Not Found: /xleet.php
Not Found: /xleet.php
Not Found: /xm.php
Not Found: /xm.php
Not Found: /xx.php
Not Found: /xx.php
Not Found: /xxx.php
Not Found: /xxx.php
Not Found: /y.php
Not Found: /y.php
Not Found: /z.php
Not Found: /z.php
Not Found: /zk.php
Not Found: /zk.php
Not Found: /zone.php
Not Found: /zone.php
Not Found: /zx.php
Not Found: /zx.php
Not Found: /symlink.php
Not Found: /symlink.php
Not Found: /c99.php
Not Found: /c99.php
Not Found: /ok.php
Not Found: /ok.php
Not Found: /2.php
Not Found: /2.php
Not Found: /3.php
Not Found: /3.php
Not Found: /4.php
Not Found: /4.php
Not Found: /6.php
Not Found: /6.php
Not Found: /7.php
Not Found: /7.php
Not Found: /8.php
Not Found: /8.php
Not Found: /9.php
Not Found: /9.php
Not Found: /10.php
Not Found: /10.php
Not Found: /11.php
Not Found: /11.php
Not Found: /12.php
Not Found: /12.php
Not Found: /13.php
Not Found: /13.php
Not Found: /14.php
Not Found: /14.php
Not Found: /15.php
Not Found: /15.php
Not Found: /16.php
Not Found: /16.php
Not Found: /17.php
Not Found: /17.php
Not Found: /18.php
Not Found: /18.php
Not Found: /19.php
Not Found: /19.php
Not Found: /20.php
Not Found: /20.php
Not Found: /21.php
Not Found: /21.php
Not Found: /22.php
Not Found: /22.php
Not Found: /23.php
Not Found: /23.php
Not Found: /24.php
Not Found: /24.php
Not Found: /25.php
Not Found: /25.php
Not Found: /aman.php
Not Found: /aman.php
Not Found: /am4n.php
Not Found: /am4n.php
Not Found: /4lin.php
Not Found: /4lin.php
Not Found: /cocot.php
Not Found: /cocot.php
Not Found: /ghostsec.php
Not Found: /ghostsec.php
Not Found: /sunda.php
Not Found: /sunda.php
Not Found: /sundaxploit.php
Not Found: /sundaxploit.php
Not Found: /you.php
Not Found: /you.php
Not Found: /name.php
Not Found: /name.php
Not Found: /uct.php
Not Found: /uct.php
Not Found: /symlink403.php
Not Found: /symlink403.php
Not Found: /hello.php
Not Found: /hello.php
Not Found: /word.php
Not Found: /word.php
Not Found: /blacksec.php
Not Found: /blacksec.php
Not Found: /siapa.php
Not Found: /siapa.php
Not Found: /security.php
Not Found: /security.php
Not Found: /ilusi.php
Not Found: /ilusi.php
Not Found: /8890.php
Not Found: /8890.php
Not Found: /ucp.php
Not Found: /ucp.php
Not Found: /kct.php
Not Found: /kct.php
Not Found: /click.php
Not Found: /click.php
Not Found: /defaul1.php
Not Found: /defaul1.php
Not Found: /defaults.php
Not Found: /defaults.php
Not Found: /function.php
Not Found: /function.php
Not Found: /install.php
Not Found: /install.php
Not Found: /license.php
Not Found: /license.php
Not Found: /product.php
Not Found: /product.php
Not Found: /search.php
Not Found: /search.php
Not Found: /special.php
Not Found: /special.php
Not Found: /wp-activate.php
Not Found: /wp-activate.php
Not Found: /wp-blog-header.php
Not Found: /wp-blog-header.php
Not Found: /wp-comments-post.php
Not Found: /wp-comments-post.php
Not Found: /wp-config.php
Not Found: /wp-config.php
Not Found: /wp-configs.php
Not Found: /wp-configs.php
Not Found: /wp-cron.php
Not Found: /wp-cron.php
Not Found: /wp-foter.php
Not Found: /wp-foter.php
Not Found: /wp-head.php
Not Found: /wp-head.php
Not Found: /wp-links-opml.php
Not Found: /wp-links-opml.php
Not Found: /wp-login.php
Not Found: /wp-login.php
Not Found: /wp-mail.php
Not Found: /wp-mail.php
Not Found: /wp-signup.php
Not Found: /wp-signup.php
Not Found: /wp-trackback.php
Not Found: /wp-trackback.php
Not Found: /xinder.php
Not Found: /xinder.php
Not Found: /kct403.php
Not Found: /kct403.php
Not Found: /shellbypass.php
Not Found: /shellbypass.php
Not Found: /mwmek.php
Not Found: /mwmek.php
Not Found: /findes.php
Not Found: /findes.php
Not Found: /cot.php
Not Found: /cot.php
Not Found: /groupon.php
Not Found: /groupon.php
Not Found: /ap.php
Not Found: /ap.php
Not Found: /xforce.php
Not Found: /xforce.php
Not Found: /wsopriv.php
Not Found: /wsopriv.php
Not Found: /wso403.php
Not Found: /wso403.php
Not Found: /omest.php
Not Found: /omest.php
Not Found: /omest403.php
Not Found: /omest403.php
Not Found: /shellsiapa.php
Not Found: /shellsiapa.php
Not Found: /racing.php
Not Found: /racing.php
Not Found: /images.php
Not Found: /images.php
Not Found: /hunter.php
Not Found: /hunter.php
Not Found: /dragonforce.php
Not Found: /dragonforce.php
Not Found: /mcc.php
Not Found: /mcc.php
Not Found: /antek.php
Not Found: /antek.php
Not Found: /wp-hoard.php
Not Found: /wp-hoard.php
Not Found: /lv.php
Not Found: /lv.php
Not Found: /bkv74.php
Not Found: /bkv74.php
Not Found: /xdmah.php
Not Found: /xdmah.php
Not Found: /jadow.php
Not Found: /jadow.php
Not Found: /1100.php
Not Found: /1100.php
Not Found: /xl2023x.php
Not Found: /xl2023x.php
Not Found: /minipriv.php
Not Found: /minipriv.php
Not Found: /bs.php7
Not Found: /bs.php7
Not Found: /use.php
Not Found: /use.php
Not Found: /alfa-v4.php
Not Found: /alfa-v4.php
Not Found: /profile.php
Not Found: /profile.php
Not Found: /p.php
Not Found: /p.php
Not Found: /q.php
Not Found: /q.php
Not Found: /d.php
Not Found: /d.php
Not Found: /f.php
Not Found: /f.php
Not Found: /g.php
Not Found: /g.php
Not Found: /h.php
Not Found: /h.php
Not Found: /j.php
Not Found: /j.php
Not Found: /wp-wso.php
Not Found: /wp-wso.php
Not Found: /V3.php
Not Found: /V3.php
Not Found: /www.php
Not Found: /www.php
Not Found: /100.php
Not Found: /100.php
Not Found: /777.php
Not Found: /777.php
Not Found: /xox.php
Not Found: /xox.php
Not Found: /new.php
Not Found: /new.php
Not Found: /wi.php
Not Found: /wi.php
Not Found: /admin403.php
Not Found: /admin403.php
Not Found: /87.php
Not Found: /87.php
Not Found: /haxor.php
Not Found: /haxor.php
Not Found: /if.php
Not Found: /if.php
Not Found: /anone.php
Not Found: /anone.php
Not Found: /wp-configer.php
Not Found: /wp-configer.php
Not Found: /wp-ad.php
Not Found: /wp-ad.php
Not Found: /send.php
Not Found: /send.php
Not Found: /.wp-cache.php
Not Found: /.wp-cache.php
Not Found: /wp-blog.php
Not Found: /wp-blog.php
Not Found: /gg.php
Not Found: /gg.php
Not Found: /alfa123.php
Not Found: /alfa123.php
Not Found: /.git/config
Not Found: /remote/login
Not Found: /odinhttpcall1744915723
Not Found: /sdk
Not Found: /evox/about
Not Found: /HNAP1
Forbidden (Referer checking failed - no Referer.): /
Not Found: /favicon.ico
Not Found: /.env.dev.local
Not Found: /assets../.git/config
Not Found: /src/.git/config
Not Found: /.env.development.local
Not Found: /.env.stage
Not Found: /server/.git/config
Not Found: /api/.git/config
Not Found: /.aws/credentials
Not Found: /api/.env
Not Found: /app/.git/config
Not Found: /.env.backup
Not Found: /.env.live
Not Found: /settings/.env
Not Found: /.env.testing
Not Found: /.env.ci
Not Found: /.env.prod
Not Found: /.env.sandbox
Not Found: /.env.dev
Not Found: /build/.env
Not Found: /backup/.git/config
Not Found: /core/.git/config
Not Found: /files/.git/config
Not Found: /.env.bak
Not Found: /.env_sample
Not Found: /.env
Not Found: /.env.config
Not Found: /.env.default
Not Found: /configuration/.env
Not Found: /dev/.git/config
Not Found: /.env.preprod
Not Found: /project/.git/config
Not Found: /config/.git/config
Not Found: /config.json
Not Found: /.env.uat
Not Found: /cms/.git/config
Not Found: /.env.dist
Not Found: /.env.local
Not Found: /.env.staging.local
Not Found: /.env.template
Not Found: /data/.git/config
Not Found: /public/.git/config
Not Found: /static../.git/config
Not Found: /www/.git/config
Not Found: /docker-compose.prod.yml
Not Found: /.env.production
Not Found: /media../.git/config
Not Found: /.env.secret
Not Found: /config/.env
Not Found: /.env.save
Not Found: /.git/config
Not Found: /.env.production.local
Not Found: /prod/.env
Not Found: /.env.test
Not Found: /owa/auth/logon.aspx
Not Found: /prod/.env
Not Found: /.env.config
Not Found: /.env.dev
Not Found: /.env.sandbox
Not Found: /.env.save
Not Found: /.env.secret
Not Found: /media../.git/config
Not Found: /server/.git/config
Not Found: /config/.git/config
Not Found: /config.json
Not Found: /.env.backup
Not Found: /configuration/.env
Not Found: /.env.template
Not Found: /files/.git/config
Not Found: /config/.env
Not Found: /.env.test
Not Found: /core/.git/config
Not Found: /.env.testing
Not Found: /backup/.git/config
Not Found: /.aws/credentials
Not Found: /.env.dist
Not Found: /.env.preprod
Not Found: /static../.git/config
Not Found: /api/.git/config
Not Found: /.env.dev.local
Not Found: /app/.git/config
Not Found: /.env.default
Not Found: /assets../.git/config
Not Found: /.env.ci
Not Found: /.env.development.local
Not Found: /.env.staging.local
Not Found: /public/.git/config
Not Found: /.env.prod
Not Found: /api/.env
Not Found: /cms/.git/config
Not Found: /project/.git/config
Not Found: /src/.git/config
Not Found: /dev/.git/config
Not Found: /.env.bak
Not Found: /.env.live
Not Found: /.env.production
Not Found: /.git/config
Not Found: /data/.git/config
Not Found: /.env.production.local
Not Found: /www/.git/config
Not Found: /.env.uat
Not Found: /.env
Not Found: /.env_sample
Not Found: /docker-compose.prod.yml
Not Found: /.env.local
Not Found: /.env.stage
Not Found: /build/.env
Not Found: /settings/.env
Not Found: /service-worker.js
Not Found: /fileserver/2vdItIIR8IMO2fZDBdBTSAulgO8.txt
Not Found: /fileserver/2vdItIIR8IMO2fZDBdBTSAulgO8.txt
Not Found: /.env
Not Found: /.env
Not Found: /BSW_cxttongr.htm
Not Found: /robots.txt
Not Found: /robots.txt
Not Found: /.env
Not Found: /.env
Not Found: /.env
Forbidden (Referer checking failed - no Referer.): /
Not Found: /webui/
Not Found: /favicon.ico
Not Found: /geoserver/web/
Not Found: /.git/config
Not Found: /favicon.ico
Not Found: /actuator/health
Not Found: /server/.git/config
Not Found: /static../.git/config
Not Found: /.env_sample
Not Found: /.env.stage
Not Found: /.env.testing
Not Found: /project/.git/config
Not Found: /public/.git/config
Not Found: /.env
Not Found: /.env.dev.local
Not Found: /.env.preprod
Not Found: /settings/.env
Not Found: /assets../.git/config
Not Found: /.env.bak
Not Found: /.env.secret
Not Found: /backup/.git/config
Not Found: /dev/.git/config
Not Found: /core/.git/config
Not Found: /files/.git/config
Not Found: /api/.git/config
Not Found: /.env.config
Not Found: /prod/.env
Not Found: /.env.local
Not Found: /data/.git/config
Not Found: /media../.git/config
Not Found: /.env.save
Not Found: /docker-compose.prod.yml
Not Found: /.env.live
Not Found: /.env.sandbox
Not Found: /configuration/.env
Not Found: /.env.ci
Not Found: /.env.uat
Not Found: /.env.dist
Not Found: /cms/.git/config
Not Found: /.env.prod
Not Found: /.env.production.local
Not Found: /build/.env
Not Found: /config/.env
Not Found: /www/.git/config
Not Found: /.aws/credentials
Not Found: /.env.backup
Not Found: /app/.git/config
Not Found: /src/.git/config
Not Found: /config.json
Not Found: /.env.default
Not Found: /.env.development.local
Not Found: /.env.template
Not Found: /.env.test
Not Found: /.git/config
Not Found: /.env.dev
Not Found: /.env.production
Not Found: /.env.staging.local
Not Found: /api/.env
Not Found: /config/.git/config
Not Found: /favicon.ico
Not Found: /remote/login
Not Found: /v1/models
Not Found: /favicon.ico
Not Found: /favicon.ico
Not Found: /favicon.ico
Not Found: /.env
Forbidden (Referer checking failed - no Referer.): /
Not Found: /actuator/gateway/routes
Not Found: /favicon.ico
Not Found: /favicon.ico
Not Found: /dns-query
Not Found: /dns-query
Not Found: //wp-includes/wlwmanifest.xml
Not Found: //xmlrpc.php
Not Found: //blog/wp-includes/wlwmanifest.xml
Not Found: //web/wp-includes/wlwmanifest.xml
Not Found: //wordpress/wp-includes/wlwmanifest.xml
Not Found: //website/wp-includes/wlwmanifest.xml
Not Found: //wp/wp-includes/wlwmanifest.xml
Not Found: //news/wp-includes/wlwmanifest.xml
Not Found: //2020/wp-includes/wlwmanifest.xml
Not Found: //2019/wp-includes/wlwmanifest.xml
Not Found: //shop/wp-includes/wlwmanifest.xml
Not Found: //wp1/wp-includes/wlwmanifest.xml
Not Found: //test/wp-includes/wlwmanifest.xml
Not Found: //wp2/wp-includes/wlwmanifest.xml
Not Found: //site/wp-includes/wlwmanifest.xml
Not Found: //cms/wp-includes/wlwmanifest.xml
Not Found: //sito/wp-includes/wlwmanifest.xml
Not Found: //wp-includes/wlwmanifest.xml
Not Found: //xmlrpc.php
Not Found: //blog/wp-includes/wlwmanifest.xml
Not Found: //web/wp-includes/wlwmanifest.xml
Not Found: //wordpress/wp-includes/wlwmanifest.xml
Not Found: //website/wp-includes/wlwmanifest.xml
Not Found: //wp/wp-includes/wlwmanifest.xml
Not Found: //news/wp-includes/wlwmanifest.xml
Not Found: //2020/wp-includes/wlwmanifest.xml
Not Found: //2019/wp-includes/wlwmanifest.xml
Not Found: //shop/wp-includes/wlwmanifest.xml
Not Found: //wp1/wp-includes/wlwmanifest.xml
Not Found: //test/wp-includes/wlwmanifest.xml
Not Found: //wp2/wp-includes/wlwmanifest.xml
Not Found: //site/wp-includes/wlwmanifest.xml
Not Found: //cms/wp-includes/wlwmanifest.xml
Not Found: //sito/wp-includes/wlwmanifest.xml
Not Found: //wp-includes/wlwmanifest.xml
Not Found: //xmlrpc.php
Not Found: //blog/wp-includes/wlwmanifest.xml
Not Found: //web/wp-includes/wlwmanifest.xml
Not Found: //wordpress/wp-includes/wlwmanifest.xml
Not Found: //website/wp-includes/wlwmanifest.xml
Not Found: //wp/wp-includes/wlwmanifest.xml
Not Found: //news/wp-includes/wlwmanifest.xml
Not Found: //2020/wp-includes/wlwmanifest.xml
Not Found: //2019/wp-includes/wlwmanifest.xml
Not Found: //shop/wp-includes/wlwmanifest.xml
Not Found: //wp1/wp-includes/wlwmanifest.xml
Not Found: //test/wp-includes/wlwmanifest.xml
Not Found: //wp2/wp-includes/wlwmanifest.xml
Not Found: //site/wp-includes/wlwmanifest.xml
Not Found: //cms/wp-includes/wlwmanifest.xml
Not Found: //sito/wp-includes/wlwmanifest.xml
Invalid HTTP_HOST header: 'mgs-mpaas.antfans.com'. You may need to add 'mgs-mpaas.antfans.com' to ALLOWED_HOSTS.
Traceback (most recent call last):
  File "/home/TIM/mysite/.venv/lib/python3.10/site-packages/django/core/handlers/exception.py", line 55, in inner
    response = get_response(request)
  File "/home/TIM/mysite/.venv/lib/python3.10/site-packages/django/utils/deprecation.py", line 128, in __call__
    response = self.process_request(request)
  File "/home/TIM/mysite/.venv/lib/python3.10/site-packages/django/middleware/common.py", line 48, in process_request
    host = request.get_host()
  File "/home/TIM/mysite/.venv/lib/python3.10/site-packages/django/http/request.py", line 151, in get_host
    raise DisallowedHost(msg)
django.core.exceptions.DisallowedHost: Invalid HTTP_HOST header: 'mgs-mpaas.antfans.com'. You may need to add 'mgs-mpaas.antfans.com' to ALLOWED_HOSTS.
Bad Request: /
Not Found: //wp-includes/wlwmanifest.xml
Not Found: //xmlrpc.php
Not Found: //blog/wp-includes/wlwmanifest.xml
Not Found: //web/wp-includes/wlwmanifest.xml
Not Found: //wordpress/wp-includes/wlwmanifest.xml
Not Found: //website/wp-includes/wlwmanifest.xml
Not Found: //wp/wp-includes/wlwmanifest.xml
Not Found: //news/wp-includes/wlwmanifest.xml
Not Found: //2020/wp-includes/wlwmanifest.xml
Not Found: //2019/wp-includes/wlwmanifest.xml
Not Found: //shop/wp-includes/wlwmanifest.xml
Not Found: //wp1/wp-includes/wlwmanifest.xml
Not Found: //test/wp-includes/wlwmanifest.xml
Not Found: //wp2/wp-includes/wlwmanifest.xml
Not Found: //site/wp-includes/wlwmanifest.xml
Not Found: //cms/wp-includes/wlwmanifest.xml
Not Found: //sito/wp-includes/wlwmanifest.xml
Not Found: /.env
Not Found: /laravel/.env
Not Found: /site/.env
Not Found: /.env
Not Found: /laravel/.env
Not Found: /site/.env
Not Found: /.env
Forbidden (Referer checking failed - no Referer.): /
Not Found: /query
Not Found: /cgi-bin/authLogin.cgi
Not Found: /v2/_catalog
Not Found: /solr/admin/info/system
Not Found: /solr/admin/cores
Not Found: /favicon.ico
Not Found: /robots.txt
Not Found: /robots.txt
Not Found: /.env
Not Found: /.env
Not Found: /laravel/.env
Not Found: /site/.env
Not Found: /.env
Not Found: /laravel/.env
Not Found: /site/.env
Not Found: /robots.txt
Not Found: /wp-content/uploads/2017-------/09/wp-console.php
Not Found: /wp-includes/js/crop/uword.php
Not Found: /wp-content/themes/bltm/wp-login.php
Not Found: /autoload_classmap.php
Not Found: /wp-content/uploads/2014/07/olx.php
Not Found: /wp-admin/css/colors/midnight/index.php
Not Found: /wp-content/uploads/2020/wp-couldent.php.suspected
Not Found: /wp-content/plugins/523453244/ninja.php
Not Found: /wp-includes/js/imgareaselect/index.php
Not Found: /wp-includes/PHPMailer/load.php
Not Found: /wp-links.php
Not Found: /wp-aa.php
Not Found: /wp-content/themes/travelscape/json.php
Not Found: /wp-content/themes/travel/issue.php
Not Found: /about.php
Not Found: /xx.php
Not Found: /wp-content/themes/digital-download/new.php
Not Found: /epinyins.php
Not Found: /wp-admin/dropdown.php
Not Found: /dropdown.php
Not Found: /wp-admin/css/index.php
Not Found: /wp-content/mah.php
Not Found: /wp-content/item.php
Not Found: /wp-content/plugins/shell/about.php
Not Found: /wp-content/plugins/pwnd/pwnd.php
Not Found: /wp-content/plugins/fix/up.php
Not Found: /wp-content/plugins/ph-file-manager/wp-file.php
Not Found: /wp-content/plugins/root-file-manager/wp-file.php
Not Found: /wp-content/plugins/wp-help/mini.php
Not Found: /wp-content/themes/travel/issue.php
Not Found: /wp-content/themes/jaida/lang.php
Not Found: /wp-l0gin.php
Not Found: /ext.php
Not Found: /wp-l0gin.php
Not Found: /.env
Forbidden (Referer checking failed - no Referer.): /
Not Found: /actuator/gateway/routes
Not Found: /credentials.json
Not Found: /favicon.ico
Not Found: /favicon.ico
Not Found: /robots.txt
Not Found: /sitemap.xml
Not Found: /config.json
Not Found: /hello.world
Not Found: /vendor/phpunit/phpunit/src/Util/PHP/eval-stdin.php
Not Found: /vendor/phpunit/phpunit/Util/PHP/eval-stdin.php
Not Found: /vendor/phpunit/src/Util/PHP/eval-stdin.php
Not Found: /vendor/phpunit/Util/PHP/eval-stdin.php
Not Found: /vendor/phpunit/phpunit/LICENSE/eval-stdin.php
Not Found: /vendor/vendor/phpunit/phpunit/src/Util/PHP/eval-stdin.php
Not Found: /phpunit/phpunit/src/Util/PHP/eval-stdin.php
Not Found: /phpunit/phpunit/Util/PHP/eval-stdin.php
Not Found: /phpunit/src/Util/PHP/eval-stdin.php
Not Found: /phpunit/Util/PHP/eval-stdin.php
Not Found: /lib/phpunit/phpunit/src/Util/PHP/eval-stdin.php
Not Found: /lib/phpunit/phpunit/Util/PHP/eval-stdin.php
Not Found: /lib/phpunit/src/Util/PHP/eval-stdin.php
Not Found: /lib/phpunit/Util/PHP/eval-stdin.php
Not Found: /lib/vendor/phpunit/phpunit/src/Util/PHP/eval-stdin.php
Not Found: /laravel/vendor/phpunit/phpunit/src/Util/PHP/eval-stdin.php
Not Found: /www/vendor/phpunit/phpunit/src/Util/PHP/eval-stdin.php
Not Found: /ws/vendor/phpunit/phpunit/src/Util/PHP/eval-stdin.php
Not Found: /yii/vendor/phpunit/phpunit/src/Util/PHP/eval-stdin.php
Not Found: /zend/vendor/phpunit/phpunit/src/Util/PHP/eval-stdin.php
Not Found: /ws/ec/vendor/phpunit/phpunit/src/Util/PHP/eval-stdin.php
Not Found: /V2/vendor/phpunit/phpunit/src/Util/PHP/eval-stdin.php
Not Found: /tests/vendor/phpunit/phpunit/src/Util/PHP/eval-stdin.php
Not Found: /test/vendor/phpunit/phpunit/src/Util/PHP/eval-stdin.php
Not Found: /testing/vendor/phpunit/phpunit/src/Util/PHP/eval-stdin.php
Not Found: /api/vendor/phpunit/phpunit/src/Util/PHP/eval-stdin.php
Not Found: /demo/vendor/phpunit/phpunit/src/Util/PHP/eval-stdin.php
Not Found: /cms/vendor/phpunit/phpunit/src/Util/PHP/eval-stdin.php
Not Found: /crm/vendor/phpunit/phpunit/src/Util/PHP/eval-stdin.php
Not Found: /backup/vendor/phpunit/phpunit/src/Util/PHP/eval-stdin.php
Not Found: /blog/vendor/phpunit/phpunit/src/Util/PHP/eval-stdin.php
Not Found: /workspace/drupal/vendor/phpunit/phpunit/src/Util/PHP/eval-stdin.php
Not Found: /panel/vendor/phpunit/phpunit/src/Util/PHP/eval-stdin.php
Not Found: /public/vendor/phpunit/phpunit/src/Util/PHP/eval-stdin.php
Not Found: /apps/vendor/phpunit/phpunit/src/Util/PHP/eval-stdin.php
Not Found: /app/vendor/phpunit/phpunit/src/Util/PHP/eval-stdin.php
Not Found: /index.php
Not Found: /public/index.php
Not Found: /index.php
Not Found: /index.php
Not Found: /containers/json
Not Found: /favicon.ico
Not Found: /robots.txt
Not Found: /sitemap.xml
Not Found: /robots.txt
Not Found: /sitemap.xml
Not Found: /.well-known/security.txt
Not Found: /.env
Not Found: /.env
Not Found: /file-manager/tinymce
Not Found: /public/file-manager/tinymce
Not Found: /favicon.ico
Not Found: /config/index
Not Found: /config/index
Not Found: /api/bin/440393
Not Found: /api/user/binLookup
Not Found: /api/user/binLookup
Not Found: /ab2g
Not Found: /ab2h
Not Found: /alive.php
Not Found: /t4
Not Found: /favicon.ico
Not Found: /teorema505
Not Found: /.env
Forbidden (Referer checking failed - no Referer.): /
Not Found: /prevlaravel/sftp-config.json
Not Found: /.vscode/sftp.json
Not Found: /sftp.json
Not Found: /sftp-config.json
Not Found: /.vscode/sftp.json
Not Found: /prevlaravel/sftp-config.json
Not Found: /sftp.json
Not Found: /sftp-config.json
Not Found: /favicon.ico
Not Found: /autodiscover/autodiscover.json
Not Found: /.git/config
Not Found: /.git/config
Not Found: /.env
Not Found: /.env
Not Found: /config/.env
Not Found: /.env.production
Not Found: /api/.env
Not Found: /settings/.env
Not Found: /config/app.php
Not Found: /application.yml
Not Found: /config/database.yml
Not Found: /secrets.json
Not Found: /src/config.js
Not Found: /db.ini
Not Found: /api/credentials
Not Found: /.aws/credentials
Not Found: /secure-config.json
Not Found: /local_settings.py
Not Found: /config/default.json
Not Found: /config/production.json
Not Found: /bootstrap/cache/config.php
Not Found: /config/secrets.yml
Not Found: /settings.yaml
Not Found: /auth.json
Not Found: /helm/values.yaml
Not Found: /docker/.env
Not Found: /wp-config.php
Not Found: /config.json
Not Found: /database.json
Not Found: /config/secrets.json
Not Found: /env.backup
Not Found: /settings.bak
Not Found: /backup.env
Not Found: /old/.env
Not Found: /phpinfo.php
Not Found: /info.php
Not Found: /test.php
Not Found: /laravel/.env
Not Found: /app/config/.env
Not Found: /.git/config
Not Found: /.svn/entries
Not Found: /.git/HEAD
Not Found: /.git/index
Not Found: /.git/logs/HEAD
Not Found: /.gitignore
Not Found: /administrator/index.php
Not Found: /wp-admin/install.php
Not Found: /joomla/configuration.php-dist
Not Found: /sites/default/settings.php
Not Found: /bitrix/php_interface/dbconn.php
Not Found: /typo3conf/localconf.php
Not Found: /config.inc.php
Not Found: /config.old.php
Not Found: /php.ini
Not Found: /cgi-bin/phpinfo.php
Not Found: /debug.php
Not Found: /server-status
Not Found: /phpinfo1.php
Not Found: /phpinfo2.php
Not Found: /env.txt
Not Found: /prod.env
Not Found: /stage.env
Not Found: /development.env
Not Found: /credentials.env
Not Found: /public/.env
Not Found: /api/config.json
Not Found: /composer.json
Not Found: /api/v1/.env
Not Found: /staging.env
Not Found: /phpmyadmin/index.php
Not Found: /backup/config.php
Not Found: /.env.example
Not Found: /storage/logs/laravel.log
Not Found: /storage/framework/sessions/
Not Found: /storage/framework/cache/
Not Found: /storage/framework/views/
Not Found: /nova-api/styles
Not Found: /.env.local
Not Found: /.env.dev
Not Found: /.env.test
Not Found: /var/logs/dev.log
Not Found: /var/logs/prod.log
Not Found: /config/packages/
Not Found: /web/config.php
Not Found: /config/routes.yaml
Not Found: /web.config
Not Found: /.htaccess
Not Found: /sites/all/modules/
Not Found: /sites/all/themes/
Not Found: /core/install.php
Not Found: /CHANGELOG.txt
Not Found: /app/etc/local.xml
Not Found: /app/etc/env.php
Not Found: /var/log/system.log
Not Found: /var/log/exception.log
Not Found: /.wp-config.php.swp
Not Found: /wp-config-sample.php
Not Found: /wp-content/debug.log
Not Found: /xmlrpc.php
Not Found: /wp-json/wp/v2/users
Not Found: /configuration.php~
Not Found: /logs/error.php
Not Found: /package.json
Not Found: /.npmrc
Not Found: /server.js
Not Found: /app.js
Not Found: /config.js
Not Found: /.dockerignore
Not Found: /Dockerfile
Not Found: /.git/logs/
Not Found: /.git/refs/
Not Found: /.git/objects/
Not Found: /.git/packed-refs
Not Found: /.git/branches/
Not Found: /api-docs
Not Found: /swagger.json
Not Found: /swagger-ui.html
Not Found: /openapi.json
Not Found: /backup.sql
Not Found: /db_backup.sql
Not Found: /.well-known/security.txt
Not Found: /.env
Not Found: /.env.example
Not Found: /owa/auth/x.js
Not Found: /.env
Forbidden (Referer checking failed - no Referer.): /
Not Found: /.env
Forbidden (Referer checking failed - no Referer.): /
Not Found: /favicon.ico
Not Found: /${universityUrl}
Forbidden (Referer checking failed - no Referer.): /
Not Found: /_profiler/phpinfo
Not Found: /_profiler/phpinfo
Not Found: /version
Not Found: /WordPress/
Not Found: /baru/
Not Found: /file-manager/tinymce
Not Found: /lama/
Not Found: /new/
Not Found: /old/
Not Found: /v1/
Not Found: /v2/
Not Found: /wordpress/
Not Found: /wp/
Not Found: /_profiler/phpinfo
Not Found: /.env
Forbidden (Referer checking failed - no Referer.): /
Not Found: /hello.world
Not Found: /vendor/phpunit/phpunit/src/Util/PHP/eval-stdin.php
Not Found: /vendor/phpunit/phpunit/Util/PHP/eval-stdin.php
Not Found: /vendor/phpunit/src/Util/PHP/eval-stdin.php
Not Found: /vendor/phpunit/Util/PHP/eval-stdin.php
Not Found: /vendor/phpunit/phpunit/LICENSE/eval-stdin.php
Not Found: /vendor/vendor/phpunit/phpunit/src/Util/PHP/eval-stdin.php
Not Found: /phpunit/phpunit/src/Util/PHP/eval-stdin.php
Not Found: /phpunit/phpunit/Util/PHP/eval-stdin.php
Not Found: /phpunit/src/Util/PHP/eval-stdin.php
Not Found: /phpunit/Util/PHP/eval-stdin.php
Not Found: /lib/phpunit/phpunit/src/Util/PHP/eval-stdin.php
Not Found: /lib/phpunit/phpunit/Util/PHP/eval-stdin.php
Not Found: /lib/phpunit/src/Util/PHP/eval-stdin.php
Not Found: /lib/phpunit/Util/PHP/eval-stdin.php
Not Found: /lib/vendor/phpunit/phpunit/src/Util/PHP/eval-stdin.php
Not Found: /laravel/vendor/phpunit/phpunit/src/Util/PHP/eval-stdin.php
Not Found: /www/vendor/phpunit/phpunit/src/Util/PHP/eval-stdin.php
Not Found: /ws/vendor/phpunit/phpunit/src/Util/PHP/eval-stdin.php
Not Found: /yii/vendor/phpunit/phpunit/src/Util/PHP/eval-stdin.php
Not Found: /zend/vendor/phpunit/phpunit/src/Util/PHP/eval-stdin.php
Not Found: /ws/ec/vendor/phpunit/phpunit/src/Util/PHP/eval-stdin.php
Not Found: /V2/vendor/phpunit/phpunit/src/Util/PHP/eval-stdin.php
Not Found: /tests/vendor/phpunit/phpunit/src/Util/PHP/eval-stdin.php
Not Found: /test/vendor/phpunit/phpunit/src/Util/PHP/eval-stdin.php
Not Found: /testing/vendor/phpunit/phpunit/src/Util/PHP/eval-stdin.php
Not Found: /api/vendor/phpunit/phpunit/src/Util/PHP/eval-stdin.php
Not Found: /demo/vendor/phpunit/phpunit/src/Util/PHP/eval-stdin.php
Not Found: /cms/vendor/phpunit/phpunit/src/Util/PHP/eval-stdin.php
Not Found: /crm/vendor/phpunit/phpunit/src/Util/PHP/eval-stdin.php
Not Found: /backup/vendor/phpunit/phpunit/src/Util/PHP/eval-stdin.php
Not Found: /blog/vendor/phpunit/phpunit/src/Util/PHP/eval-stdin.php
Not Found: /workspace/drupal/vendor/phpunit/phpunit/src/Util/PHP/eval-stdin.php
Not Found: /panel/vendor/phpunit/phpunit/src/Util/PHP/eval-stdin.php
Not Found: /public/vendor/phpunit/phpunit/src/Util/PHP/eval-stdin.php
Not Found: /apps/vendor/phpunit/phpunit/src/Util/PHP/eval-stdin.php
Not Found: /app/vendor/phpunit/phpunit/src/Util/PHP/eval-stdin.php
Not Found: /index.php
Not Found: /public/index.php
Not Found: /index.php
Not Found: /index.php
Not Found: /containers/json
Not Found: /dns-query
Not Found: /config/index
Not Found: /dns-query
Not Found: /api/bin/440393
Not Found: /api/user/binLookup
Not Found: /.env
Not Found: /.env.example
Not Found: /.env
Forbidden (Referer checking failed - no Referer.): /
Not Found: /.git/config
Not Found: /.git/config
Not Found: /.env
Forbidden (Referer checking failed - no Referer.): /
Not Found: /api/.env
Not Found: /app/.env
Not Found: /laravel/.env
Not Found: /.env
Not Found: /api/.env
Not Found: /app/.env
Not Found: /.env
Not Found: /laravel/.env
Not Found: /robots.txt
Not Found: /GKee
Not Found: /.env
Forbidden (Referer checking failed - no Referer.): /
Not Found: /webui/
Not Found: /favicon.ico
Not Found: /geoserver/web/
Not Found: /.git/config
Not Found: /.env
Not Found: /favicon.ico
Not Found: /robots.txt
Not Found: /cgi-bin/luci/;stok=/locale
Not Found: /owa/auth/logon.aspx
Not Found: /.git/config
Not Found: /.env
Forbidden (Referer checking failed - no Referer.): /
Forbidden (Referer checking failed - no Referer.): /
Not Found: /favicon.ico
Forbidden (Referer checking failed - no Referer.): /
Not Found: /favicon.ico
Forbidden (Referer checking failed - no Referer.): /
Forbidden (Referer checking failed - no Referer.): /
Forbidden (Referer checking failed - no Referer.): /
Forbidden (Referer checking failed - no Referer.): /
Forbidden (Referer checking failed - no Referer.): /
Not Found: /favicon.ico
Not Found: /.git/config
Not Found: /${instructorUrl}
Forbidden (Referer checking failed - no Referer.): /
Not Found: /ecp/Current/exporttool/microsoft.exchange.ediscovery.exporttool.application
Not Found: /course-detail/1/full-stack-development/course-wishlist.html
Not Found: /favicon.ico
Forbidden (Referer checking failed - no Referer.): /
Not Found: /hello.world
Not Found: /vendor/phpunit/phpunit/src/Util/PHP/eval-stdin.php
Not Found: /vendor/phpunit/phpunit/Util/PHP/eval-stdin.php
Not Found: /vendor/phpunit/src/Util/PHP/eval-stdin.php
Not Found: /vendor/phpunit/Util/PHP/eval-stdin.php
Not Found: /vendor/phpunit/phpunit/LICENSE/eval-stdin.php
Not Found: /vendor/vendor/phpunit/phpunit/src/Util/PHP/eval-stdin.php
Not Found: /phpunit/phpunit/src/Util/PHP/eval-stdin.php
Not Found: /phpunit/phpunit/Util/PHP/eval-stdin.php
Not Found: /phpunit/src/Util/PHP/eval-stdin.php
Not Found: /phpunit/Util/PHP/eval-stdin.php
Not Found: /lib/phpunit/phpunit/src/Util/PHP/eval-stdin.php
Not Found: /lib/phpunit/phpunit/Util/PHP/eval-stdin.php
Not Found: /lib/phpunit/src/Util/PHP/eval-stdin.php
Not Found: /lib/phpunit/Util/PHP/eval-stdin.php
Not Found: /lib/vendor/phpunit/phpunit/src/Util/PHP/eval-stdin.php
Not Found: /laravel/vendor/phpunit/phpunit/src/Util/PHP/eval-stdin.php
Not Found: /www/vendor/phpunit/phpunit/src/Util/PHP/eval-stdin.php
Not Found: /ws/vendor/phpunit/phpunit/src/Util/PHP/eval-stdin.php
Not Found: /yii/vendor/phpunit/phpunit/src/Util/PHP/eval-stdin.php
Not Found: /zend/vendor/phpunit/phpunit/src/Util/PHP/eval-stdin.php
Not Found: /ws/ec/vendor/phpunit/phpunit/src/Util/PHP/eval-stdin.php
Not Found: /V2/vendor/phpunit/phpunit/src/Util/PHP/eval-stdin.php
Not Found: /tests/vendor/phpunit/phpunit/src/Util/PHP/eval-stdin.php
Not Found: /test/vendor/phpunit/phpunit/src/Util/PHP/eval-stdin.php
Not Found: /testing/vendor/phpunit/phpunit/src/Util/PHP/eval-stdin.php
Not Found: /api/vendor/phpunit/phpunit/src/Util/PHP/eval-stdin.php
Not Found: /demo/vendor/phpunit/phpunit/src/Util/PHP/eval-stdin.php
Not Found: /cms/vendor/phpunit/phpunit/src/Util/PHP/eval-stdin.php
Not Found: /crm/vendor/phpunit/phpunit/src/Util/PHP/eval-stdin.php
Not Found: /backup/vendor/phpunit/phpunit/src/Util/PHP/eval-stdin.php
Not Found: /blog/vendor/phpunit/phpunit/src/Util/PHP/eval-stdin.php
Not Found: /workspace/drupal/vendor/phpunit/phpunit/src/Util/PHP/eval-stdin.php
Not Found: /panel/vendor/phpunit/phpunit/src/Util/PHP/eval-stdin.php
Not Found: /public/vendor/phpunit/phpunit/src/Util/PHP/eval-stdin.php
Not Found: /apps/vendor/phpunit/phpunit/src/Util/PHP/eval-stdin.php
Not Found: /app/vendor/phpunit/phpunit/src/Util/PHP/eval-stdin.php
Not Found: /index.php
Not Found: /public/index.php
Not Found: /index.php
Not Found: /index.php
Not Found: /containers/json
Forbidden (Referer checking failed - no Referer.): /
Not Found: /robots.txt
Not Found: /sitemap.xml
Not Found: /.well-known/agent.json
Forbidden (Referer checking failed - no Referer.): /
Not Found: /robots.txt
Forbidden (Referer checking failed - no Referer.): /
Not Found: /.env
Forbidden (Referer checking failed - no Referer.): /
Not Found: /.env
Not Found: /backend/.env
Not Found: /api/.env
Not Found: /.env
Not Found: /favicon.ico
Internal Server Error: /course-detail/1/full-stack-development/
Traceback (most recent call last):
  File "/home/TIM/mysite/.venv/lib/python3.10/site-packages/django/template/base.py", line 883, in _resolve_lookup
    current = current[bit]
TypeError: 'ImageFieldFile' object is not subscriptable

During handling of the above exception, another exception occurred:

Traceback (most recent call last):
  File "/home/TIM/mysite/.venv/lib/python3.10/site-packages/django/core/handlers/exception.py", line 55, in inner
    response = get_response(request)
  File "/home/TIM/mysite/.venv/lib/python3.10/site-packages/django/core/handlers/base.py", line 197, in _get_response
    response = wrapped_callback(request, *callback_args, **callback_kwargs)
  File "/home/TIM/mysite/courses/views.py", line 2511, in course_lms_detail
    return render(request, 'home/course_detail.html', {
  File "/home/TIM/mysite/.venv/lib/python3.10/site-packages/django/shortcuts.py", line 25, in render
    content = loader.render_to_string(template_name, context, request, using=using)
  File "/home/TIM/mysite/.venv/lib/python3.10/site-packages/django/template/loader.py", line 62, in render_to_string
    return template.render(context, request)
  File "/home/TIM/mysite/.venv/lib/python3.10/site-packages/django/template/backends/django.py", line 107, in render
    return self.template.render(context)
  File "/home/TIM/mysite/.venv/lib/python3.10/site-packages/django/template/base.py", line 171, in render
    return self._render(context)
  File "/home/TIM/mysite/.venv/lib/python3.10/site-packages/django/template/base.py", line 163, in _render
    return self.nodelist.render(context)
  File "/home/TIM/mysite/.venv/lib/python3.10/site-packages/django/template/base.py", line 1008, in render
    return SafeString("".join([node.render_annotated(context) for node in self]))
  File "/home/TIM/mysite/.venv/lib/python3.10/site-packages/django/template/base.py", line 1008, in <listcomp>
    return SafeString("".join([node.render_annotated(context) for node in self]))
  File "/home/TIM/mysite/.venv/lib/python3.10/site-packages/django/template/base.py", line 969, in render_annotated
    return self.render(context)
  File "/home/TIM/mysite/.venv/lib/python3.10/site-packages/django/template/loader_tags.py", line 159, in render
    return compiled_parent._render(context)
  File "/home/TIM/mysite/.venv/lib/python3.10/site-packages/django/template/base.py", line 163, in _render
    return self.nodelist.render(context)
  File "/home/TIM/mysite/.venv/lib/python3.10/site-packages/django/template/base.py", line 1008, in render
    return SafeString("".join([node.render_annotated(context) for node in self]))
  File "/home/TIM/mysite/.venv/lib/python3.10/site-packages/django/template/base.py", line 1008, in <listcomp>
    return SafeString("".join([node.render_annotated(context) for node in self]))
  File "/home/TIM/mysite/.venv/lib/python3.10/site-packages/django/template/base.py", line 969, in render_annotated
    return self.render(context)
  File "/home/TIM/mysite/.venv/lib/python3.10/site-packages/django/template/loader_tags.py", line 65, in render
    result = block.nodelist.render(context)
  File "/home/TIM/mysite/.venv/lib/python3.10/site-packages/django/template/base.py", line 1008, in render
    return SafeString("".join([node.render_annotated(context) for node in self]))
  File "/home/TIM/mysite/.venv/lib/python3.10/site-packages/django/template/base.py", line 1008, in <listcomp>
    return SafeString("".join([node.render_annotated(context) for node in self]))
  File "/home/TIM/mysite/.venv/lib/python3.10/site-packages/django/template/base.py", line 969, in render_annotated
    return self.render(context)
  File "/home/TIM/mysite/.venv/lib/python3.10/site-packages/django/template/defaulttags.py", line 243, in render
    nodelist.append(node.render_annotated(context))
  File "/home/TIM/mysite/.venv/lib/python3.10/site-packages/django/template/base.py", line 969, in render_annotated
    return self.render(context)
  File "/home/TIM/mysite/.venv/lib/python3.10/site-packages/django/template/base.py", line 1067, in render
    output = self.filter_expression.resolve(context)
  File "/home/TIM/mysite/.venv/lib/python3.10/site-packages/django/template/base.py", line 718, in resolve
    obj = self.var.resolve(context)
  File "/home/TIM/mysite/.venv/lib/python3.10/site-packages/django/template/base.py", line 850, in resolve
    value = self._resolve_lookup(context)
  File "/home/TIM/mysite/.venv/lib/python3.10/site-packages/django/template/base.py", line 893, in _resolve_lookup
    current = getattr(current, bit)
  File "/home/TIM/mysite/.venv/lib/python3.10/site-packages/django/db/models/fields/files.py", line 69, in url
    self._require_file()
  File "/home/TIM/mysite/.venv/lib/python3.10/site-packages/django/db/models/fields/files.py", line 44, in _require_file
    raise ValueError(
ValueError: The 'photo' attribute has no file associated with it.
Not Found: /favicon.ico
Internal Server Error: /course-detail/1/full-stack-development/
Traceback (most recent call last):
  File "/home/TIM/mysite/.venv/lib/python3.10/site-packages/django/template/base.py", line 883, in _resolve_lookup
    current = current[bit]
TypeError: 'ImageFieldFile' object is not subscriptable

During handling of the above exception, another exception occurred:

Traceback (most recent call last):
  File "/home/TIM/mysite/.venv/lib/python3.10/site-packages/django/core/handlers/exception.py", line 55, in inner
    response = get_response(request)
  File "/home/TIM/mysite/.venv/lib/python3.10/site-packages/django/core/handlers/base.py", line 197, in _get_response
    response = wrapped_callback(request, *callback_args, **callback_kwargs)
  File "/home/TIM/mysite/courses/views.py", line 2511, in course_lms_detail
    return render(request, 'home/course_detail.html', {
  File "/home/TIM/mysite/.venv/lib/python3.10/site-packages/django/shortcuts.py", line 25, in render
    content = loader.render_to_string(template_name, context, request, using=using)
  File "/home/TIM/mysite/.venv/lib/python3.10/site-packages/django/template/loader.py", line 62, in render_to_string
    return template.render(context, request)
  File "/home/TIM/mysite/.venv/lib/python3.10/site-packages/django/template/backends/django.py", line 107, in render
    return self.template.render(context)
  File "/home/TIM/mysite/.venv/lib/python3.10/site-packages/django/template/base.py", line 171, in render
    return self._render(context)
  File "/home/TIM/mysite/.venv/lib/python3.10/site-packages/django/template/base.py", line 163, in _render
    return self.nodelist.render(context)
  File "/home/TIM/mysite/.venv/lib/python3.10/site-packages/django/template/base.py", line 1008, in render
    return SafeString("".join([node.render_annotated(context) for node in self]))
  File "/home/TIM/mysite/.venv/lib/python3.10/site-packages/django/template/base.py", line 1008, in <listcomp>
    return SafeString("".join([node.render_annotated(context) for node in self]))
  File "/home/TIM/mysite/.venv/lib/python3.10/site-packages/django/template/base.py", line 969, in render_annotated
    return self.render(context)
  File "/home/TIM/mysite/.venv/lib/python3.10/site-packages/django/template/loader_tags.py", line 159, in render
    return compiled_parent._render(context)
  File "/home/TIM/mysite/.venv/lib/python3.10/site-packages/django/template/base.py", line 163, in _render
    return self.nodelist.render(context)
  File "/home/TIM/mysite/.venv/lib/python3.10/site-packages/django/template/base.py", line 1008, in render
    return SafeString("".join([node.render_annotated(context) for node in self]))
  File "/home/TIM/mysite/.venv/lib/python3.10/site-packages/django/template/base.py", line 1008, in <listcomp>
    return SafeString("".join([node.render_annotated(context) for node in self]))
  File "/home/TIM/mysite/.venv/lib/python3.10/site-packages/django/template/base.py", line 969, in render_annotated
    return self.render(context)
  File "/home/TIM/mysite/.venv/lib/python3.10/site-packages/django/template/loader_tags.py", line 65, in render
    result = block.nodelist.render(context)
  File "/home/TIM/mysite/.venv/lib/python3.10/site-packages/django/template/base.py", line 1008, in render
    return SafeString("".join([node.render_annotated(context) for node in self]))
  File "/home/TIM/mysite/.venv/lib/python3.10/site-packages/django/template/base.py", line 1008, in <listcomp>
    return SafeString("".join([node.render_annotated(context) for node in self]))
  File "/home/TIM/mysite/.venv/lib/python3.10/site-packages/django/template/base.py", line 969, in render_annotated
    return self.render(context)
  File "/home/TIM/mysite/.venv/lib/python3.10/site-packages/django/template/defaulttags.py", line 243, in render
    nodelist.append(node.render_annotated(context))
  File "/home/TIM/mysite/.venv/lib/python3.10/site-packages/django/template/base.py", line 969, in render_annotated
    return self.render(context)
  File "/home/TIM/mysite/.venv/lib/python3.10/site-packages/django/template/base.py", line 1067, in render
    output = self.filter_expression.resolve(context)
  File "/home/TIM/mysite/.venv/lib/python3.10/site-packages/django/template/base.py", line 718, in resolve
    obj = self.var.resolve(context)
  File "/home/TIM/mysite/.venv/lib/python3.10/site-packages/django/template/base.py", line 850, in resolve
    value = self._resolve_lookup(context)
  File "/home/TIM/mysite/.venv/lib/python3.10/site-packages/django/template/base.py", line 893, in _resolve_lookup
    current = getattr(current, bit)
  File "/home/TIM/mysite/.venv/lib/python3.10/site-packages/django/db/models/fields/files.py", line 69, in url
    self._require_file()
  File "/home/TIM/mysite/.venv/lib/python3.10/site-packages/django/db/models/fields/files.py", line 44, in _require_file
    raise ValueError(
ValueError: The 'photo' attribute has no file associated with it.
