ERROR 2025-06-20 14:37:01,221 log Internal Server Error: /learner/learn/
Traceback (most recent call last):
  File "/home/TIM/mysite/.venv/lib/python3.10/site-packages/django/core/handlers/exception.py", line 55, in inner
    response = get_response(request)
  File "/home/TIM/mysite/.venv/lib/python3.10/site-packages/django/core/handlers/base.py", line 197, in _get_response
    response = wrapped_callback(request, *callback_args, **callback_kwargs)
  File "/home/TIM/mysite/learner/views.py", line 1137, in learner_detail
    materials = Material.objects.filter(section__course=course).distinct()
  File "/home/TIM/mysite/.venv/lib/python3.10/site-packages/django/db/models/manager.py", line 87, in manager_method
    return getattr(self.get_queryset(), name)(*args, **kwargs)
  File "/home/TIM/mysite/.venv/lib/python3.10/site-packages/django/db/models/query.py", line 1491, in filter
    return self._filter_or_exclude(False, args, kwargs)
  File "/home/TIM/mysite/.venv/lib/python3.10/site-packages/django/db/models/query.py", line 1509, in _filter_or_exclude
    clone._filter_or_exclude_inplace(negate, args, kwargs)
  File "/home/TIM/mysite/.venv/lib/python3.10/site-packages/django/db/models/query.py", line 1516, in _filter_or_exclude_inplace
    self._query.add_q(Q(*args, **kwargs))
  File "/home/TIM/mysite/.venv/lib/python3.10/site-packages/django/db/models/sql/query.py", line 1643, in add_q
    clause, _ = self._add_q(q_object, can_reuse)
  File "/home/TIM/mysite/.venv/lib/python3.10/site-packages/django/db/models/sql/query.py", line 1675, in _add_q
    child_clause, needed_inner = self.build_filter(
  File "/home/TIM/mysite/.venv/lib/python3.10/site-packages/django/db/models/sql/query.py", line 1560, in build_filter
    self.check_related_objects(join_info.final_field, value, join_info.opts)
  File "/home/TIM/mysite/.venv/lib/python3.10/site-packages/django/db/models/sql/query.py", line 1369, in check_related_objects
    self.check_query_object_type(value, opts, field)
  File "/home/TIM/mysite/.venv/lib/python3.10/site-packages/django/db/models/sql/query.py", line 1346, in check_query_object_type
    raise ValueError(
ValueError: Cannot query "Backend development": Must be "Section" instance.
INFO 2025-06-20 14:39:13,669 apps AXES: BEGIN version 8.0.0, blocking by username or ip_address
INFO 2025-06-20 14:39:13,880 apps AXES: BEGIN version 8.0.0, blocking by username or ip_address
INFO 2025-06-20 14:39:13,968 apps AXES: BEGIN version 8.0.0, blocking by username or ip_address
INFO 2025-06-20 14:50:53,040 apps AXES: BEGIN version 8.0.0, blocking by username or ip_address
INFO 2025-06-20 14:50:53,098 apps AXES: BEGIN version 8.0.0, blocking by username or ip_address
INFO 2025-06-20 14:50:53,162 apps AXES: BEGIN version 8.0.0, blocking by username or ip_address
INFO 2025-06-20 14:51:10,617 apps AXES: BEGIN version 8.0.0, blocking by username or ip_address
INFO 2025-06-20 14:51:16,750 apps AXES: BEGIN version 8.0.0, blocking by username or ip_address
INFO 2025-06-20 14:51:26,255 apps AXES: BEGIN version 8.0.0, blocking by username or ip_address
INFO 2025-06-20 14:51:26,333 apps AXES: BEGIN version 8.0.0, blocking by username or ip_address
INFO 2025-06-20 14:51:26,373 apps AXES: BEGIN version 8.0.0, blocking by username or ip_address
INFO 2025-06-20 14:51:30,461 views load_content: Rendering learner/my_course.html for user learn, assessment 56
INFO 2025-06-20 14:51:44,484 views load_content: Rendering learner/my_course.html for user admin, assessment 56
INFO 2025-06-20 14:52:46,312 views load_content: Rendering learner/partials/content.html for user learn, material 1
INFO 2025-06-20 14:52:47,714 views load_content: Rendering learner/partials/content.html for user learn, assessment 1
INFO 2025-06-20 14:52:48,759 views load_content: Rendering learner/partials/content.html for user learn, assessment 56
INFO 2025-06-20 14:52:59,206 views load_content: Rendering learner/my_course.html for user learn, assessment 56
INFO 2025-06-20 14:53:02,498 views load_content: Rendering learner/my_course.html for user admin, assessment 56
INFO 2025-06-20 14:53:03,882 views load_content: Rendering learner/my_course.html for user admin, assessment 56
INFO 2025-06-20 14:58:17,633 apps AXES: BEGIN version 8.0.0, blocking by username or ip_address
INFO 2025-06-20 14:58:17,842 apps AXES: BEGIN version 8.0.0, blocking by username or ip_address
INFO 2025-06-20 14:58:17,949 apps AXES: BEGIN version 8.0.0, blocking by username or ip_address
INFO 2025-06-20 14:58:19,465 apps AXES: BEGIN version 8.0.0, blocking by username or ip_address
INFO 2025-06-20 14:58:26,736 apps AXES: BEGIN version 8.0.0, blocking by username or ip_address
INFO 2025-06-20 14:58:35,600 apps AXES: BEGIN version 8.0.0, blocking by username or ip_address
INFO 2025-06-20 14:58:35,621 apps AXES: BEGIN version 8.0.0, blocking by username or ip_address
INFO 2025-06-20 14:58:35,636 apps AXES: BEGIN version 8.0.0, blocking by username or ip_address
INFO 2025-06-20 14:58:43,061 views load_content: Rendering learner/my_course.html for user admin, assessment 56
INFO 2025-06-20 14:59:00,516 views load_content: Rendering learner/my_course.html for user admin, assessment 56
WARNING 2025-06-20 14:59:13,955 views Unauthorized access attempt by admin for kuruk
WARNING 2025-06-20 14:59:21,476 views Unauthorized access attempt by admin for kuruk
WARNING 2025-06-20 14:59:24,483 views Unauthorized access attempt by admin for kuruk
WARNING 2025-06-20 14:59:33,798 views Unauthorized access attempt by admin for kuruk
WARNING 2025-06-20 14:59:41,259 views Unauthorized access attempt by admin for kuruk
WARNING 2025-06-20 14:59:48,299 views Unauthorized access attempt by admin for kuruk
WARNING 2025-06-20 14:59:50,331 views Unauthorized access attempt by admin for kuruk
WARNING 2025-06-20 14:59:52,674 views Unauthorized access attempt by admin for kuruk
WARNING 2025-06-20 14:59:58,321 views Unauthorized access attempt by admin for kuruk
WARNING 2025-06-20 15:00:00,033 views Unauthorized access attempt by admin for kuruk
WARNING 2025-06-20 15:00:02,345 views Unauthorized access attempt by admin for kuruk
WARNING 2025-06-20 15:00:04,699 views Unauthorized access attempt by admin for kuruk
WARNING 2025-06-20 15:00:06,527 views Unauthorized access attempt by admin for kuruk
WARNING 2025-06-20 15:00:08,981 views Unauthorized access attempt by admin for kuruk
WARNING 2025-06-20 15:00:11,645 views Unauthorized access attempt by admin for kuruk
WARNING 2025-06-20 15:00:13,837 views Unauthorized access attempt by admin for kuruk
WARNING 2025-06-20 15:00:17,930 views Unauthorized access attempt by admin for kuruk
WARNING 2025-06-20 15:00:20,384 views Unauthorized access attempt by admin for kuruk
WARNING 2025-06-20 15:00:24,632 views Unauthorized access attempt by admin for kuruk
WARNING 2025-06-20 15:00:27,167 views Unauthorized access attempt by admin for kuruk
WARNING 2025-06-20 15:00:45,804 views Unauthorized access attempt by admin for kuruk
WARNING 2025-06-20 15:00:51,328 views Unauthorized access attempt by admin for kuruk
WARNING 2025-06-20 15:00:59,427 views Unauthorized access attempt by admin for kuruk
WARNING 2025-06-20 15:01:02,689 views Unauthorized access attempt by admin for kuruk
WARNING 2025-06-20 15:01:08,786 views Unauthorized access attempt by admin for kuruk
INFO 2025-06-20 15:01:13,466 views load_content: Rendering learner/my_course.html for user admin, assessment 56
INFO 2025-06-20 15:01:19,236 views load_content: Rendering learner/my_course.html for user learn, assessment 56
INFO 2025-06-20 15:01:31,482 views load_content: Rendering learner/my_course.html for user learn, assessment 56
INFO 2025-06-20 15:02:26,122 views load_content: Rendering learner/my_course.html for user learn, assessment 56
INFO 2025-06-20 15:02:33,093 views load_content: Rendering learner/my_course.html for user admin, assessment 56
INFO 2025-06-20 15:02:43,211 views load_content: Rendering learner/my_course.html for user learn, assessment 56
INFO 2025-06-20 15:02:45,555 views load_content: Rendering learner/partials/content.html for user learn, assessment 1
INFO 2025-06-20 15:02:46,975 views load_content: Rendering learner/partials/content.html for user learn, assessment 56
INFO 2025-06-20 15:02:56,287 views load_content: Rendering learner/partials/content.html for user admin, assessment 1
INFO 2025-06-20 15:02:57,979 views load_content: Rendering learner/partials/content.html for user admin, assessment 56
WARNING 2025-06-20 15:03:37,445 views Unauthorized access attempt by admin for kuruk
WARNING 2025-06-20 15:03:43,447 views Unauthorized access attempt by admin for kuruk
WARNING 2025-06-20 15:03:45,451 views Unauthorized access attempt by admin for kuruk
INFO 2025-06-20 15:03:47,638 views load_content: Rendering learner/my_course.html for user learn, assessment 56
WARNING 2025-06-20 15:04:05,729 views Unauthorized access attempt by admin for kuruk
WARNING 2025-06-20 15:04:09,174 views Unauthorized access attempt by admin for kuruk
INFO 2025-06-20 15:05:11,162 views load_content: Rendering learner/my_course.html for user learn, assessment 56
INFO 2025-06-20 15:05:17,505 views load_content: Rendering learner/my_course.html for user admin, assessment 56
INFO 2025-06-20 15:05:18,596 views load_content: Rendering learner/my_course.html for user admin, assessment 56
INFO 2025-06-20 15:05:19,048 views load_content: Rendering learner/my_course.html for user admin, assessment 56
INFO 2025-06-20 15:05:19,275 views load_content: Rendering learner/my_course.html for user admin, assessment 56
INFO 2025-06-20 15:05:19,667 views load_content: Rendering learner/my_course.html for user admin, assessment 56
INFO 2025-06-20 15:05:19,895 views load_content: Rendering learner/my_course.html for user admin, assessment 56
INFO 2025-06-20 15:05:20,295 views load_content: Rendering learner/my_course.html for user admin, assessment 56
INFO 2025-06-20 15:05:38,322 views load_content: Rendering learner/my_course.html for user learn, assessment 56
INFO 2025-06-20 15:06:14,543 views load_content: Rendering learner/my_course.html for user learn, assessment 56
INFO 2025-06-20 15:06:16,027 views load_content: Rendering learner/my_course.html for user learn, assessment 56
INFO 2025-06-20 15:06:50,808 views load_content: Rendering learner/my_course.html for user admin, assessment 56
INFO 2025-06-20 15:07:02,857 views load_content: Rendering learner/my_course.html for user admin, assessment 56
INFO 2025-06-20 15:11:42,989 apps AXES: BEGIN version 8.0.0, blocking by username or ip_address
INFO 2025-06-20 15:11:43,062 apps AXES: BEGIN version 8.0.0, blocking by username or ip_address
INFO 2025-06-20 15:11:43,110 apps AXES: BEGIN version 8.0.0, blocking by username or ip_address
INFO 2025-06-20 15:11:46,313 views load_content: Rendering learner/my_course.html for user learn, assessment 56
ERROR 2025-06-20 15:11:46,373 log Internal Server Error: /learn/backend-development/assessment/56/
Traceback (most recent call last):
  File "/home/TIM/mysite/.venv/lib/python3.10/site-packages/django/template/base.py", line 890, in _resolve_lookup
    raise TypeError
TypeError

During handling of the above exception, another exception occurred:

Traceback (most recent call last):
  File "/home/TIM/mysite/.venv/lib/python3.10/site-packages/django/template/base.py", line 901, in _resolve_lookup
    current = getattr(current, bit)
AttributeError: 'NoneType' object has no attribute 'distinct_reviewers'

During handling of the above exception, another exception occurred:

Traceback (most recent call last):
  File "/home/TIM/mysite/.venv/lib/python3.10/site-packages/django/template/base.py", line 907, in _resolve_lookup
    current = current[int(bit)]
ValueError: invalid literal for int() with base 10: 'distinct_reviewers'

During handling of the above exception, another exception occurred:

Traceback (most recent call last):
  File "/home/TIM/mysite/.venv/lib/python3.10/site-packages/django/core/handlers/exception.py", line 55, in inner
    response = get_response(request)
  File "/home/TIM/mysite/.venv/lib/python3.10/site-packages/django/core/handlers/base.py", line 197, in _get_response
    response = wrapped_callback(request, *callback_args, **callback_kwargs)
  File "/home/TIM/mysite/.venv/lib/python3.10/site-packages/django/contrib/auth/decorators.py", line 59, in _view_wrapper
    return view_func(request, *args, **kwargs)
  File "/home/TIM/mysite/learner/views.py", line 451, in load_content
    response = render(request, template, context)
  File "/home/TIM/mysite/.venv/lib/python3.10/site-packages/django/shortcuts.py", line 25, in render
    content = loader.render_to_string(template_name, context, request, using=using)
  File "/home/TIM/mysite/.venv/lib/python3.10/site-packages/django/template/loader.py", line 62, in render_to_string
    return template.render(context, request)
  File "/home/TIM/mysite/.venv/lib/python3.10/site-packages/django/template/backends/django.py", line 107, in render
    return self.template.render(context)
  File "/home/TIM/mysite/.venv/lib/python3.10/site-packages/django/template/base.py", line 171, in render
    return self._render(context)
  File "/home/TIM/mysite/.venv/lib/python3.10/site-packages/django/template/base.py", line 163, in _render
    return self.nodelist.render(context)
  File "/home/TIM/mysite/.venv/lib/python3.10/site-packages/django/template/base.py", line 1016, in render
    return SafeString("".join([node.render_annotated(context) for node in self]))
  File "/home/TIM/mysite/.venv/lib/python3.10/site-packages/django/template/base.py", line 1016, in <listcomp>
    return SafeString("".join([node.render_annotated(context) for node in self]))
  File "/home/TIM/mysite/.venv/lib/python3.10/site-packages/django/template/base.py", line 977, in render_annotated
    return self.render(context)
  File "/home/TIM/mysite/.venv/lib/python3.10/site-packages/django/template/loader_tags.py", line 159, in render
    return compiled_parent._render(context)
  File "/home/TIM/mysite/.venv/lib/python3.10/site-packages/django/template/base.py", line 163, in _render
    return self.nodelist.render(context)
  File "/home/TIM/mysite/.venv/lib/python3.10/site-packages/django/template/base.py", line 1016, in render
    return SafeString("".join([node.render_annotated(context) for node in self]))
  File "/home/TIM/mysite/.venv/lib/python3.10/site-packages/django/template/base.py", line 1016, in <listcomp>
    return SafeString("".join([node.render_annotated(context) for node in self]))
  File "/home/TIM/mysite/.venv/lib/python3.10/site-packages/django/template/base.py", line 977, in render_annotated
    return self.render(context)
  File "/home/TIM/mysite/.venv/lib/python3.10/site-packages/django/template/loader_tags.py", line 65, in render
    result = block.nodelist.render(context)
  File "/home/TIM/mysite/.venv/lib/python3.10/site-packages/django/template/base.py", line 1016, in render
    return SafeString("".join([node.render_annotated(context) for node in self]))
  File "/home/TIM/mysite/.venv/lib/python3.10/site-packages/django/template/base.py", line 1016, in <listcomp>
    return SafeString("".join([node.render_annotated(context) for node in self]))
  File "/home/TIM/mysite/.venv/lib/python3.10/site-packages/django/template/base.py", line 977, in render_annotated
    return self.render(context)
  File "/home/TIM/mysite/.venv/lib/python3.10/site-packages/django/template/loader_tags.py", line 210, in render
    return template.render(context)
  File "/home/TIM/mysite/.venv/lib/python3.10/site-packages/django/template/base.py", line 173, in render
    return self._render(context)
  File "/home/TIM/mysite/.venv/lib/python3.10/site-packages/django/template/base.py", line 163, in _render
    return self.nodelist.render(context)
  File "/home/TIM/mysite/.venv/lib/python3.10/site-packages/django/template/base.py", line 1016, in render
    return SafeString("".join([node.render_annotated(context) for node in self]))
  File "/home/TIM/mysite/.venv/lib/python3.10/site-packages/django/template/base.py", line 1016, in <listcomp>
    return SafeString("".join([node.render_annotated(context) for node in self]))
  File "/home/TIM/mysite/.venv/lib/python3.10/site-packages/django/template/base.py", line 977, in render_annotated
    return self.render(context)
  File "/home/TIM/mysite/.venv/lib/python3.10/site-packages/django/template/defaulttags.py", line 327, in render
    return nodelist.render(context)
  File "/home/TIM/mysite/.venv/lib/python3.10/site-packages/django/template/base.py", line 1016, in render
    return SafeString("".join([node.render_annotated(context) for node in self]))
  File "/home/TIM/mysite/.venv/lib/python3.10/site-packages/django/template/base.py", line 1016, in <listcomp>
    return SafeString("".join([node.render_annotated(context) for node in self]))
  File "/home/TIM/mysite/.venv/lib/python3.10/site-packages/django/template/base.py", line 977, in render_annotated
    return self.render(context)
  File "/home/TIM/mysite/.venv/lib/python3.10/site-packages/django/template/defaulttags.py", line 327, in render
    return nodelist.render(context)
  File "/home/TIM/mysite/.venv/lib/python3.10/site-packages/django/template/base.py", line 1016, in render
    return SafeString("".join([node.render_annotated(context) for node in self]))
  File "/home/TIM/mysite/.venv/lib/python3.10/site-packages/django/template/base.py", line 1016, in <listcomp>
    return SafeString("".join([node.render_annotated(context) for node in self]))
  File "/home/TIM/mysite/.venv/lib/python3.10/site-packages/django/template/base.py", line 977, in render_annotated
    return self.render(context)
  File "/home/TIM/mysite/.venv/lib/python3.10/site-packages/django/template/defaulttags.py", line 327, in render
    return nodelist.render(context)
  File "/home/TIM/mysite/.venv/lib/python3.10/site-packages/django/template/base.py", line 1016, in render
    return SafeString("".join([node.render_annotated(context) for node in self]))
  File "/home/TIM/mysite/.venv/lib/python3.10/site-packages/django/template/base.py", line 1016, in <listcomp>
    return SafeString("".join([node.render_annotated(context) for node in self]))
  File "/home/TIM/mysite/.venv/lib/python3.10/site-packages/django/template/base.py", line 977, in render_annotated
    return self.render(context)
  File "/home/TIM/mysite/.venv/lib/python3.10/site-packages/django/template/defaulttags.py", line 327, in render
    return nodelist.render(context)
  File "/home/TIM/mysite/.venv/lib/python3.10/site-packages/django/template/base.py", line 1016, in render
    return SafeString("".join([node.render_annotated(context) for node in self]))
  File "/home/TIM/mysite/.venv/lib/python3.10/site-packages/django/template/base.py", line 1016, in <listcomp>
    return SafeString("".join([node.render_annotated(context) for node in self]))
  File "/home/TIM/mysite/.venv/lib/python3.10/site-packages/django/template/base.py", line 977, in render_annotated
    return self.render(context)
  File "/home/TIM/mysite/.venv/lib/python3.10/site-packages/django/template/defaulttags.py", line 243, in render
    nodelist.append(node.render_annotated(context))
  File "/home/TIM/mysite/.venv/lib/python3.10/site-packages/django/template/base.py", line 977, in render_annotated
    return self.render(context)
  File "/home/TIM/mysite/.venv/lib/python3.10/site-packages/django/template/defaulttags.py", line 550, in render
    return self.nodelist.render(context)
  File "/home/TIM/mysite/.venv/lib/python3.10/site-packages/django/template/base.py", line 1016, in render
    return SafeString("".join([node.render_annotated(context) for node in self]))
  File "/home/TIM/mysite/.venv/lib/python3.10/site-packages/django/template/base.py", line 1016, in <listcomp>
    return SafeString("".join([node.render_annotated(context) for node in self]))
  File "/home/TIM/mysite/.venv/lib/python3.10/site-packages/django/template/base.py", line 977, in render_annotated
    return self.render(context)
  File "/home/TIM/mysite/.venv/lib/python3.10/site-packages/django/template/defaulttags.py", line 327, in render
    return nodelist.render(context)
  File "/home/TIM/mysite/.venv/lib/python3.10/site-packages/django/template/base.py", line 1016, in render
    return SafeString("".join([node.render_annotated(context) for node in self]))
  File "/home/TIM/mysite/.venv/lib/python3.10/site-packages/django/template/base.py", line 1016, in <listcomp>
    return SafeString("".join([node.render_annotated(context) for node in self]))
  File "/home/TIM/mysite/.venv/lib/python3.10/site-packages/django/template/base.py", line 977, in render_annotated
    return self.render(context)
  File "/home/TIM/mysite/.venv/lib/python3.10/site-packages/django/template/defaulttags.py", line 548, in render
    values = {key: val.resolve(context) for key, val in self.extra_context.items()}
  File "/home/TIM/mysite/.venv/lib/python3.10/site-packages/django/template/defaulttags.py", line 548, in <dictcomp>
    values = {key: val.resolve(context) for key, val in self.extra_context.items()}
  File "/home/TIM/mysite/.venv/lib/python3.10/site-packages/django/template/base.py", line 743, in resolve
    arg_vals.append(arg.resolve(context))
  File "/home/TIM/mysite/.venv/lib/python3.10/site-packages/django/template/base.py", line 854, in resolve
    value = self._resolve_lookup(context)
  File "/home/TIM/mysite/.venv/lib/python3.10/site-packages/django/template/base.py", line 914, in _resolve_lookup
    raise VariableDoesNotExist(
django.template.base.VariableDoesNotExist: Failed lookup for key [distinct_reviewers] in None
INFO 2025-06-20 15:14:15,206 apps AXES: BEGIN version 8.0.0, blocking by username or ip_address
INFO 2025-06-20 15:14:15,379 apps AXES: BEGIN version 8.0.0, blocking by username or ip_address
INFO 2025-06-20 15:14:15,433 apps AXES: BEGIN version 8.0.0, blocking by username or ip_address
INFO 2025-06-20 15:14:16,551 views load_content: Rendering learner/my_course.html for user learn, assessment 56
INFO 2025-06-20 15:14:36,194 views load_content: Rendering learner/my_course.html for user admin, assessment 56
INFO 2025-06-20 15:14:37,645 views load_content: Rendering learner/my_course.html for user admin, assessment 56
INFO 2025-06-20 15:14:38,584 views load_content: Rendering learner/my_course.html for user admin, assessment 56
INFO 2025-06-20 15:14:57,649 apps AXES: BEGIN version 8.0.0, blocking by username or ip_address
INFO 2025-06-20 15:14:57,907 apps AXES: BEGIN version 8.0.0, blocking by username or ip_address
INFO 2025-06-20 15:14:57,918 apps AXES: BEGIN version 8.0.0, blocking by username or ip_address
INFO 2025-06-20 15:14:58,754 views load_content: Rendering learner/my_course.html for user learn, assessment 56
ERROR 2025-06-20 15:14:58,810 log Internal Server Error: /learn/backend-development/assessment/56/
Traceback (most recent call last):
  File "/home/TIM/mysite/.venv/lib/python3.10/site-packages/django/template/base.py", line 890, in _resolve_lookup
    raise TypeError
TypeError

During handling of the above exception, another exception occurred:

Traceback (most recent call last):
  File "/home/TIM/mysite/.venv/lib/python3.10/site-packages/django/template/base.py", line 901, in _resolve_lookup
    current = getattr(current, bit)
AttributeError: 'NoneType' object has no attribute 'distinct_reviewers'

During handling of the above exception, another exception occurred:

Traceback (most recent call last):
  File "/home/TIM/mysite/.venv/lib/python3.10/site-packages/django/template/base.py", line 907, in _resolve_lookup
    current = current[int(bit)]
ValueError: invalid literal for int() with base 10: 'distinct_reviewers'

During handling of the above exception, another exception occurred:

Traceback (most recent call last):
  File "/home/TIM/mysite/.venv/lib/python3.10/site-packages/django/core/handlers/exception.py", line 55, in inner
    response = get_response(request)
  File "/home/TIM/mysite/.venv/lib/python3.10/site-packages/django/core/handlers/base.py", line 197, in _get_response
    response = wrapped_callback(request, *callback_args, **callback_kwargs)
  File "/home/TIM/mysite/.venv/lib/python3.10/site-packages/django/contrib/auth/decorators.py", line 59, in _view_wrapper
    return view_func(request, *args, **kwargs)
  File "/home/TIM/mysite/learner/views.py", line 451, in load_content
    response = render(request, template, context)
  File "/home/TIM/mysite/.venv/lib/python3.10/site-packages/django/shortcuts.py", line 25, in render
    content = loader.render_to_string(template_name, context, request, using=using)
  File "/home/TIM/mysite/.venv/lib/python3.10/site-packages/django/template/loader.py", line 62, in render_to_string
    return template.render(context, request)
  File "/home/TIM/mysite/.venv/lib/python3.10/site-packages/django/template/backends/django.py", line 107, in render
    return self.template.render(context)
  File "/home/TIM/mysite/.venv/lib/python3.10/site-packages/django/template/base.py", line 171, in render
    return self._render(context)
  File "/home/TIM/mysite/.venv/lib/python3.10/site-packages/django/template/base.py", line 163, in _render
    return self.nodelist.render(context)
  File "/home/TIM/mysite/.venv/lib/python3.10/site-packages/django/template/base.py", line 1016, in render
    return SafeString("".join([node.render_annotated(context) for node in self]))
  File "/home/TIM/mysite/.venv/lib/python3.10/site-packages/django/template/base.py", line 1016, in <listcomp>
    return SafeString("".join([node.render_annotated(context) for node in self]))
  File "/home/TIM/mysite/.venv/lib/python3.10/site-packages/django/template/base.py", line 977, in render_annotated
    return self.render(context)
  File "/home/TIM/mysite/.venv/lib/python3.10/site-packages/django/template/loader_tags.py", line 159, in render
    return compiled_parent._render(context)
  File "/home/TIM/mysite/.venv/lib/python3.10/site-packages/django/template/base.py", line 163, in _render
    return self.nodelist.render(context)
  File "/home/TIM/mysite/.venv/lib/python3.10/site-packages/django/template/base.py", line 1016, in render
    return SafeString("".join([node.render_annotated(context) for node in self]))
  File "/home/TIM/mysite/.venv/lib/python3.10/site-packages/django/template/base.py", line 1016, in <listcomp>
    return SafeString("".join([node.render_annotated(context) for node in self]))
  File "/home/TIM/mysite/.venv/lib/python3.10/site-packages/django/template/base.py", line 977, in render_annotated
    return self.render(context)
  File "/home/TIM/mysite/.venv/lib/python3.10/site-packages/django/template/loader_tags.py", line 65, in render
    result = block.nodelist.render(context)
  File "/home/TIM/mysite/.venv/lib/python3.10/site-packages/django/template/base.py", line 1016, in render
    return SafeString("".join([node.render_annotated(context) for node in self]))
  File "/home/TIM/mysite/.venv/lib/python3.10/site-packages/django/template/base.py", line 1016, in <listcomp>
    return SafeString("".join([node.render_annotated(context) for node in self]))
  File "/home/TIM/mysite/.venv/lib/python3.10/site-packages/django/template/base.py", line 977, in render_annotated
    return self.render(context)
  File "/home/TIM/mysite/.venv/lib/python3.10/site-packages/django/template/loader_tags.py", line 210, in render
    return template.render(context)
  File "/home/TIM/mysite/.venv/lib/python3.10/site-packages/django/template/base.py", line 173, in render
    return self._render(context)
  File "/home/TIM/mysite/.venv/lib/python3.10/site-packages/django/template/base.py", line 163, in _render
    return self.nodelist.render(context)
  File "/home/TIM/mysite/.venv/lib/python3.10/site-packages/django/template/base.py", line 1016, in render
    return SafeString("".join([node.render_annotated(context) for node in self]))
  File "/home/TIM/mysite/.venv/lib/python3.10/site-packages/django/template/base.py", line 1016, in <listcomp>
    return SafeString("".join([node.render_annotated(context) for node in self]))
  File "/home/TIM/mysite/.venv/lib/python3.10/site-packages/django/template/base.py", line 977, in render_annotated
    return self.render(context)
  File "/home/TIM/mysite/.venv/lib/python3.10/site-packages/django/template/defaulttags.py", line 327, in render
    return nodelist.render(context)
  File "/home/TIM/mysite/.venv/lib/python3.10/site-packages/django/template/base.py", line 1016, in render
    return SafeString("".join([node.render_annotated(context) for node in self]))
  File "/home/TIM/mysite/.venv/lib/python3.10/site-packages/django/template/base.py", line 1016, in <listcomp>
    return SafeString("".join([node.render_annotated(context) for node in self]))
  File "/home/TIM/mysite/.venv/lib/python3.10/site-packages/django/template/base.py", line 977, in render_annotated
    return self.render(context)
  File "/home/TIM/mysite/.venv/lib/python3.10/site-packages/django/template/defaulttags.py", line 327, in render
    return nodelist.render(context)
  File "/home/TIM/mysite/.venv/lib/python3.10/site-packages/django/template/base.py", line 1016, in render
    return SafeString("".join([node.render_annotated(context) for node in self]))
  File "/home/TIM/mysite/.venv/lib/python3.10/site-packages/django/template/base.py", line 1016, in <listcomp>
    return SafeString("".join([node.render_annotated(context) for node in self]))
  File "/home/TIM/mysite/.venv/lib/python3.10/site-packages/django/template/base.py", line 977, in render_annotated
    return self.render(context)
  File "/home/TIM/mysite/.venv/lib/python3.10/site-packages/django/template/defaulttags.py", line 327, in render
    return nodelist.render(context)
  File "/home/TIM/mysite/.venv/lib/python3.10/site-packages/django/template/base.py", line 1016, in render
    return SafeString("".join([node.render_annotated(context) for node in self]))
  File "/home/TIM/mysite/.venv/lib/python3.10/site-packages/django/template/base.py", line 1016, in <listcomp>
    return SafeString("".join([node.render_annotated(context) for node in self]))
  File "/home/TIM/mysite/.venv/lib/python3.10/site-packages/django/template/base.py", line 977, in render_annotated
    return self.render(context)
  File "/home/TIM/mysite/.venv/lib/python3.10/site-packages/django/template/defaulttags.py", line 327, in render
    return nodelist.render(context)
  File "/home/TIM/mysite/.venv/lib/python3.10/site-packages/django/template/base.py", line 1016, in render
    return SafeString("".join([node.render_annotated(context) for node in self]))
  File "/home/TIM/mysite/.venv/lib/python3.10/site-packages/django/template/base.py", line 1016, in <listcomp>
    return SafeString("".join([node.render_annotated(context) for node in self]))
  File "/home/TIM/mysite/.venv/lib/python3.10/site-packages/django/template/base.py", line 977, in render_annotated
    return self.render(context)
  File "/home/TIM/mysite/.venv/lib/python3.10/site-packages/django/template/defaulttags.py", line 243, in render
    nodelist.append(node.render_annotated(context))
  File "/home/TIM/mysite/.venv/lib/python3.10/site-packages/django/template/base.py", line 977, in render_annotated
    return self.render(context)
  File "/home/TIM/mysite/.venv/lib/python3.10/site-packages/django/template/defaulttags.py", line 550, in render
    return self.nodelist.render(context)
  File "/home/TIM/mysite/.venv/lib/python3.10/site-packages/django/template/base.py", line 1016, in render
    return SafeString("".join([node.render_annotated(context) for node in self]))
  File "/home/TIM/mysite/.venv/lib/python3.10/site-packages/django/template/base.py", line 1016, in <listcomp>
    return SafeString("".join([node.render_annotated(context) for node in self]))
  File "/home/TIM/mysite/.venv/lib/python3.10/site-packages/django/template/base.py", line 977, in render_annotated
    return self.render(context)
  File "/home/TIM/mysite/.venv/lib/python3.10/site-packages/django/template/defaulttags.py", line 327, in render
    return nodelist.render(context)
  File "/home/TIM/mysite/.venv/lib/python3.10/site-packages/django/template/base.py", line 1016, in render
    return SafeString("".join([node.render_annotated(context) for node in self]))
  File "/home/TIM/mysite/.venv/lib/python3.10/site-packages/django/template/base.py", line 1016, in <listcomp>
    return SafeString("".join([node.render_annotated(context) for node in self]))
  File "/home/TIM/mysite/.venv/lib/python3.10/site-packages/django/template/base.py", line 977, in render_annotated
    return self.render(context)
  File "/home/TIM/mysite/.venv/lib/python3.10/site-packages/django/template/defaulttags.py", line 548, in render
    values = {key: val.resolve(context) for key, val in self.extra_context.items()}
  File "/home/TIM/mysite/.venv/lib/python3.10/site-packages/django/template/defaulttags.py", line 548, in <dictcomp>
    values = {key: val.resolve(context) for key, val in self.extra_context.items()}
  File "/home/TIM/mysite/.venv/lib/python3.10/site-packages/django/template/base.py", line 743, in resolve
    arg_vals.append(arg.resolve(context))
  File "/home/TIM/mysite/.venv/lib/python3.10/site-packages/django/template/base.py", line 854, in resolve
    value = self._resolve_lookup(context)
  File "/home/TIM/mysite/.venv/lib/python3.10/site-packages/django/template/base.py", line 914, in _resolve_lookup
    raise VariableDoesNotExist(
django.template.base.VariableDoesNotExist: Failed lookup for key [distinct_reviewers] in None
INFO 2025-06-20 15:15:10,659 apps AXES: BEGIN version 8.0.0, blocking by username or ip_address
INFO 2025-06-20 15:15:10,922 apps AXES: BEGIN version 8.0.0, blocking by username or ip_address
INFO 2025-06-20 15:15:11,190 apps AXES: BEGIN version 8.0.0, blocking by username or ip_address
INFO 2025-06-20 15:15:12,938 views load_content: Rendering learner/my_course.html for user learn, assessment 56
INFO 2025-06-20 15:16:55,445 apps AXES: BEGIN version 8.0.0, blocking by username or ip_address
INFO 2025-06-20 15:16:55,558 apps AXES: BEGIN version 8.0.0, blocking by username or ip_address
INFO 2025-06-20 15:16:55,614 apps AXES: BEGIN version 8.0.0, blocking by username or ip_address
INFO 2025-06-20 15:16:57,028 views load_content: Rendering learner/my_course.html for user learn, assessment 56
ERROR 2025-06-20 15:16:57,085 log Internal Server Error: /learn/backend-development/assessment/56/
Traceback (most recent call last):
  File "/home/TIM/mysite/.venv/lib/python3.10/site-packages/django/template/base.py", line 890, in _resolve_lookup
    raise TypeError
TypeError

During handling of the above exception, another exception occurred:

Traceback (most recent call last):
  File "/home/TIM/mysite/.venv/lib/python3.10/site-packages/django/template/base.py", line 901, in _resolve_lookup
    current = getattr(current, bit)
AttributeError: 'NoneType' object has no attribute 'distinct_reviewers'

During handling of the above exception, another exception occurred:

Traceback (most recent call last):
  File "/home/TIM/mysite/.venv/lib/python3.10/site-packages/django/template/base.py", line 907, in _resolve_lookup
    current = current[int(bit)]
ValueError: invalid literal for int() with base 10: 'distinct_reviewers'

During handling of the above exception, another exception occurred:

Traceback (most recent call last):
  File "/home/TIM/mysite/.venv/lib/python3.10/site-packages/django/core/handlers/exception.py", line 55, in inner
    response = get_response(request)
  File "/home/TIM/mysite/.venv/lib/python3.10/site-packages/django/core/handlers/base.py", line 197, in _get_response
    response = wrapped_callback(request, *callback_args, **callback_kwargs)
  File "/home/TIM/mysite/.venv/lib/python3.10/site-packages/django/contrib/auth/decorators.py", line 59, in _view_wrapper
    return view_func(request, *args, **kwargs)
  File "/home/TIM/mysite/learner/views.py", line 451, in load_content
    response = render(request, template, context)
  File "/home/TIM/mysite/.venv/lib/python3.10/site-packages/django/shortcuts.py", line 25, in render
    content = loader.render_to_string(template_name, context, request, using=using)
  File "/home/TIM/mysite/.venv/lib/python3.10/site-packages/django/template/loader.py", line 62, in render_to_string
    return template.render(context, request)
  File "/home/TIM/mysite/.venv/lib/python3.10/site-packages/django/template/backends/django.py", line 107, in render
    return self.template.render(context)
  File "/home/TIM/mysite/.venv/lib/python3.10/site-packages/django/template/base.py", line 171, in render
    return self._render(context)
  File "/home/TIM/mysite/.venv/lib/python3.10/site-packages/django/template/base.py", line 163, in _render
    return self.nodelist.render(context)
  File "/home/TIM/mysite/.venv/lib/python3.10/site-packages/django/template/base.py", line 1016, in render
    return SafeString("".join([node.render_annotated(context) for node in self]))
  File "/home/TIM/mysite/.venv/lib/python3.10/site-packages/django/template/base.py", line 1016, in <listcomp>
    return SafeString("".join([node.render_annotated(context) for node in self]))
  File "/home/TIM/mysite/.venv/lib/python3.10/site-packages/django/template/base.py", line 977, in render_annotated
    return self.render(context)
  File "/home/TIM/mysite/.venv/lib/python3.10/site-packages/django/template/loader_tags.py", line 159, in render
    return compiled_parent._render(context)
  File "/home/TIM/mysite/.venv/lib/python3.10/site-packages/django/template/base.py", line 163, in _render
    return self.nodelist.render(context)
  File "/home/TIM/mysite/.venv/lib/python3.10/site-packages/django/template/base.py", line 1016, in render
    return SafeString("".join([node.render_annotated(context) for node in self]))
  File "/home/TIM/mysite/.venv/lib/python3.10/site-packages/django/template/base.py", line 1016, in <listcomp>
    return SafeString("".join([node.render_annotated(context) for node in self]))
  File "/home/TIM/mysite/.venv/lib/python3.10/site-packages/django/template/base.py", line 977, in render_annotated
    return self.render(context)
  File "/home/TIM/mysite/.venv/lib/python3.10/site-packages/django/template/loader_tags.py", line 65, in render
    result = block.nodelist.render(context)
  File "/home/TIM/mysite/.venv/lib/python3.10/site-packages/django/template/base.py", line 1016, in render
    return SafeString("".join([node.render_annotated(context) for node in self]))
  File "/home/TIM/mysite/.venv/lib/python3.10/site-packages/django/template/base.py", line 1016, in <listcomp>
    return SafeString("".join([node.render_annotated(context) for node in self]))
  File "/home/TIM/mysite/.venv/lib/python3.10/site-packages/django/template/base.py", line 977, in render_annotated
    return self.render(context)
  File "/home/TIM/mysite/.venv/lib/python3.10/site-packages/django/template/loader_tags.py", line 210, in render
    return template.render(context)
  File "/home/TIM/mysite/.venv/lib/python3.10/site-packages/django/template/base.py", line 173, in render
    return self._render(context)
  File "/home/TIM/mysite/.venv/lib/python3.10/site-packages/django/template/base.py", line 163, in _render
    return self.nodelist.render(context)
  File "/home/TIM/mysite/.venv/lib/python3.10/site-packages/django/template/base.py", line 1016, in render
    return SafeString("".join([node.render_annotated(context) for node in self]))
  File "/home/TIM/mysite/.venv/lib/python3.10/site-packages/django/template/base.py", line 1016, in <listcomp>
    return SafeString("".join([node.render_annotated(context) for node in self]))
  File "/home/TIM/mysite/.venv/lib/python3.10/site-packages/django/template/base.py", line 977, in render_annotated
    return self.render(context)
  File "/home/TIM/mysite/.venv/lib/python3.10/site-packages/django/template/defaulttags.py", line 327, in render
    return nodelist.render(context)
  File "/home/TIM/mysite/.venv/lib/python3.10/site-packages/django/template/base.py", line 1016, in render
    return SafeString("".join([node.render_annotated(context) for node in self]))
  File "/home/TIM/mysite/.venv/lib/python3.10/site-packages/django/template/base.py", line 1016, in <listcomp>
    return SafeString("".join([node.render_annotated(context) for node in self]))
  File "/home/TIM/mysite/.venv/lib/python3.10/site-packages/django/template/base.py", line 977, in render_annotated
    return self.render(context)
  File "/home/TIM/mysite/.venv/lib/python3.10/site-packages/django/template/defaulttags.py", line 327, in render
    return nodelist.render(context)
  File "/home/TIM/mysite/.venv/lib/python3.10/site-packages/django/template/base.py", line 1016, in render
    return SafeString("".join([node.render_annotated(context) for node in self]))
  File "/home/TIM/mysite/.venv/lib/python3.10/site-packages/django/template/base.py", line 1016, in <listcomp>
    return SafeString("".join([node.render_annotated(context) for node in self]))
  File "/home/TIM/mysite/.venv/lib/python3.10/site-packages/django/template/base.py", line 977, in render_annotated
    return self.render(context)
  File "/home/TIM/mysite/.venv/lib/python3.10/site-packages/django/template/defaulttags.py", line 327, in render
    return nodelist.render(context)
  File "/home/TIM/mysite/.venv/lib/python3.10/site-packages/django/template/base.py", line 1016, in render
    return SafeString("".join([node.render_annotated(context) for node in self]))
  File "/home/TIM/mysite/.venv/lib/python3.10/site-packages/django/template/base.py", line 1016, in <listcomp>
    return SafeString("".join([node.render_annotated(context) for node in self]))
  File "/home/TIM/mysite/.venv/lib/python3.10/site-packages/django/template/base.py", line 977, in render_annotated
    return self.render(context)
  File "/home/TIM/mysite/.venv/lib/python3.10/site-packages/django/template/defaulttags.py", line 327, in render
    return nodelist.render(context)
  File "/home/TIM/mysite/.venv/lib/python3.10/site-packages/django/template/base.py", line 1016, in render
    return SafeString("".join([node.render_annotated(context) for node in self]))
  File "/home/TIM/mysite/.venv/lib/python3.10/site-packages/django/template/base.py", line 1016, in <listcomp>
    return SafeString("".join([node.render_annotated(context) for node in self]))
  File "/home/TIM/mysite/.venv/lib/python3.10/site-packages/django/template/base.py", line 977, in render_annotated
    return self.render(context)
  File "/home/TIM/mysite/.venv/lib/python3.10/site-packages/django/template/defaulttags.py", line 243, in render
    nodelist.append(node.render_annotated(context))
  File "/home/TIM/mysite/.venv/lib/python3.10/site-packages/django/template/base.py", line 977, in render_annotated
    return self.render(context)
  File "/home/TIM/mysite/.venv/lib/python3.10/site-packages/django/template/defaulttags.py", line 550, in render
    return self.nodelist.render(context)
  File "/home/TIM/mysite/.venv/lib/python3.10/site-packages/django/template/base.py", line 1016, in render
    return SafeString("".join([node.render_annotated(context) for node in self]))
  File "/home/TIM/mysite/.venv/lib/python3.10/site-packages/django/template/base.py", line 1016, in <listcomp>
    return SafeString("".join([node.render_annotated(context) for node in self]))
  File "/home/TIM/mysite/.venv/lib/python3.10/site-packages/django/template/base.py", line 977, in render_annotated
    return self.render(context)
  File "/home/TIM/mysite/.venv/lib/python3.10/site-packages/django/template/defaulttags.py", line 327, in render
    return nodelist.render(context)
  File "/home/TIM/mysite/.venv/lib/python3.10/site-packages/django/template/base.py", line 1016, in render
    return SafeString("".join([node.render_annotated(context) for node in self]))
  File "/home/TIM/mysite/.venv/lib/python3.10/site-packages/django/template/base.py", line 1016, in <listcomp>
    return SafeString("".join([node.render_annotated(context) for node in self]))
  File "/home/TIM/mysite/.venv/lib/python3.10/site-packages/django/template/base.py", line 977, in render_annotated
    return self.render(context)
  File "/home/TIM/mysite/.venv/lib/python3.10/site-packages/django/template/defaulttags.py", line 548, in render
    values = {key: val.resolve(context) for key, val in self.extra_context.items()}
  File "/home/TIM/mysite/.venv/lib/python3.10/site-packages/django/template/defaulttags.py", line 548, in <dictcomp>
    values = {key: val.resolve(context) for key, val in self.extra_context.items()}
  File "/home/TIM/mysite/.venv/lib/python3.10/site-packages/django/template/base.py", line 743, in resolve
    arg_vals.append(arg.resolve(context))
  File "/home/TIM/mysite/.venv/lib/python3.10/site-packages/django/template/base.py", line 854, in resolve
    value = self._resolve_lookup(context)
  File "/home/TIM/mysite/.venv/lib/python3.10/site-packages/django/template/base.py", line 914, in _resolve_lookup
    raise VariableDoesNotExist(
django.template.base.VariableDoesNotExist: Failed lookup for key [distinct_reviewers] in None
INFO 2025-06-20 15:17:36,035 apps AXES: BEGIN version 8.0.0, blocking by username or ip_address
INFO 2025-06-20 15:17:36,041 apps AXES: BEGIN version 8.0.0, blocking by username or ip_address
INFO 2025-06-20 15:17:36,132 apps AXES: BEGIN version 8.0.0, blocking by username or ip_address
INFO 2025-06-20 15:17:40,694 views load_content: Rendering learner/my_course.html for user learn, assessment 56
INFO 2025-06-20 15:17:47,600 views load_content: Rendering learner/partials/content.html for user learn, material 1
INFO 2025-06-20 15:17:48,335 views load_content: Rendering learner/partials/content.html for user learn, assessment 1
INFO 2025-06-20 15:17:49,069 views load_content: Rendering learner/partials/content.html for user learn, assessment 56
