INFO 2025-07-03 16:17:30,020 apps AXES: BEGIN version 8.0.0, blocking by username or ip_address
INFO 2025-07-03 16:17:30,078 apps AXES: BEGIN version 8.0.0, blocking by username or ip_address
INFO 2025-07-03 16:17:30,255 apps AXES: BEGIN version 8.0.0, blocking by username or ip_address
WARNING 2025-07-03 16:18:27,588 log Forbidden (Referer checking failed - no Referer.): /
WARNING 2025-07-03 16:18:27,934 log Forbidden (Referer checking failed - no Referer.): /
WARNING 2025-07-03 16:18:27,940 log Forbidden (Referer checking failed - no Referer.): /
WARNING 2025-07-03 16:18:31,272 log Forbidden (Referer checking failed - no Referer.): /
WARNING 2025-07-03 16:18:32,458 log Forbidden (Referer checking failed - no Referer.): /
INFO 2025-07-03 16:18:49,242 apps AXES: BEGIN version 8.0.0, blocking by username or ip_address
INFO 2025-07-03 16:18:49,442 apps AXES: BEGIN version 8.0.0, blocking by username or ip_address
INFO 2025-07-03 16:18:49,533 apps AXES: BEGIN version 8.0.0, blocking by username or ip_address
WARNING 2025-07-03 16:18:59,535 log Forbidden (Referer checking failed - no Referer.): /
WARNING 2025-07-03 16:18:59,703 log Forbidden (Referer checking failed - no Referer.): /
WARNING 2025-07-03 16:18:59,842 log Forbidden (Referer checking failed - no Referer.): /
WARNING 2025-07-03 16:19:01,663 log Forbidden (Referer checking failed - no Referer.): /
WARNING 2025-07-03 16:19:13,951 log Forbidden (Referer checking failed - no Referer.): /
WARNING 2025-07-03 16:19:14,844 log Forbidden (Referer checking failed - no Referer.): /
WARNING 2025-07-03 16:19:15,253 log Forbidden (Referer checking failed - no Referer.): /
WARNING 2025-07-03 16:19:23,030 log Forbidden (Referer checking failed - no Referer.): /
WARNING 2025-07-03 16:19:23,477 log Forbidden (Referer checking failed - no Referer.): /
WARNING 2025-07-03 16:19:23,494 log Forbidden (Referer checking failed - no Referer.): /
WARNING 2025-07-03 16:19:55,852 views Invalid referer:  from IP 
WARNING 2025-07-03 16:19:59,074 log Forbidden (Referer checking failed - no Referer.): /
WARNING 2025-07-03 16:19:59,223 log Forbidden (Referer checking failed - no Referer.): /
WARNING 2025-07-03 16:20:12,334 log Forbidden (Referer checking failed - no Referer.): /
WARNING 2025-07-03 16:20:12,498 log Forbidden (Referer checking failed - no Referer.): /
WARNING 2025-07-03 16:20:14,168 log Forbidden (Referer checking failed - no Referer.): /
INFO 2025-07-03 16:20:18,584 apps AXES: BEGIN version 8.0.0, blocking by username or ip_address
INFO 2025-07-03 16:20:18,651 apps AXES: BEGIN version 8.0.0, blocking by username or ip_address
INFO 2025-07-03 16:20:18,791 apps AXES: BEGIN version 8.0.0, blocking by username or ip_address
WARNING 2025-07-03 16:20:19,940 log Forbidden (Referer checking failed - no Referer.): /
WARNING 2025-07-03 16:20:24,893 log Forbidden (Referer checking failed - no Referer.): /
WARNING 2025-07-03 16:20:26,116 log Forbidden (Referer checking failed - no Referer.): /
INFO 2025-07-03 16:20:48,454 apps AXES: BEGIN version 8.0.0, blocking by username or ip_address
INFO 2025-07-03 16:20:48,554 apps AXES: BEGIN version 8.0.0, blocking by username or ip_address
INFO 2025-07-03 16:20:48,655 apps AXES: BEGIN version 8.0.0, blocking by username or ip_address
WARNING 2025-07-03 16:20:56,501 log Forbidden (Referer checking failed - no Referer.): /
WARNING 2025-07-03 16:20:57,013 log Forbidden (Referer checking failed - no Referer.): /
WARNING 2025-07-03 16:20:57,042 log Forbidden (Referer checking failed - no Referer.): /
WARNING 2025-07-03 16:20:57,759 log Forbidden (Referer checking failed - no Referer.): /
WARNING 2025-07-03 16:21:21,371 log Forbidden (Referer checking failed - no Referer.): /
WARNING 2025-07-03 16:21:21,396 log Forbidden (Referer checking failed - no Referer.): /
WARNING 2025-07-03 16:21:21,722 log Forbidden (Referer checking failed - no Referer.): /
WARNING 2025-07-03 16:21:22,631 log Forbidden (Referer checking failed - no Referer.): /
WARNING 2025-07-03 16:21:23,193 log Forbidden (Referer checking failed - no Referer.): /
WARNING 2025-07-03 16:21:44,094 log Forbidden (Referer checking failed - no Referer.): /
WARNING 2025-07-03 16:21:44,915 log Forbidden (Referer checking failed - no Referer.): /
WARNING 2025-07-03 16:21:45,241 log Forbidden (Referer checking failed - no Referer.): /
WARNING 2025-07-03 16:22:03,497 log Forbidden (Referer checking failed - no Referer.): /
WARNING 2025-07-03 16:22:04,796 log Forbidden (Referer checking failed - no Referer.): /
WARNING 2025-07-03 16:22:05,250 log Forbidden (Referer checking failed - no Referer.): /
WARNING 2025-07-03 16:22:06,054 log Forbidden (Referer checking failed - no Referer.): /
WARNING 2025-07-03 16:22:06,506 log Forbidden (Referer checking failed - no Referer.): /
WARNING 2025-07-03 16:22:06,664 log Forbidden (Referer checking failed - no Referer.): /
WARNING 2025-07-03 16:22:06,705 log Forbidden (Referer checking failed - no Referer.): /
WARNING 2025-07-03 16:22:36,197 log Forbidden (Referer checking failed - no Referer.): /
WARNING 2025-07-03 16:22:37,709 log Forbidden (Referer checking failed - no Referer.): /
WARNING 2025-07-03 16:22:37,719 log Forbidden (Referer checking failed - no Referer.): /
WARNING 2025-07-03 16:22:38,408 log Forbidden (Referer checking failed - no Referer.): /
WARNING 2025-07-03 16:22:56,869 log Forbidden (Referer checking failed - no Referer.): /
WARNING 2025-07-03 16:22:58,067 log Forbidden (Referer checking failed - no Referer.): /
WARNING 2025-07-03 16:22:58,531 log Forbidden (Referer checking failed - no Referer.): /
WARNING 2025-07-03 16:22:58,537 log Forbidden (Referer checking failed - no Referer.): /
WARNING 2025-07-03 16:22:58,676 log Forbidden (Referer checking failed - no Referer.): /
WARNING 2025-07-03 16:23:00,203 log Forbidden (Referer checking failed - no Referer.): /
INFO 2025-07-03 16:23:58,203 apps AXES: BEGIN version 8.0.0, blocking by username or ip_address
INFO 2025-07-03 16:23:58,447 apps AXES: BEGIN version 8.0.0, blocking by username or ip_address
INFO 2025-07-03 16:23:58,669 apps AXES: BEGIN version 8.0.0, blocking by username or ip_address
ERROR 2025-07-03 16:23:59,431 log Internal Server Error: /post/digital-marketing-the-key-to-success-in-the-online-world/
Traceback (most recent call last):
  File "/home/TIM/mysite/.venv/lib/python3.10/site-packages/django/template/base.py", line 510, in parse
    compile_func = self.tags[command]
KeyError: 'endfor'

During handling of the above exception, another exception occurred:

Traceback (most recent call last):
  File "/home/TIM/mysite/.venv/lib/python3.10/site-packages/django/core/handlers/exception.py", line 55, in inner
    response = get_response(request)
  File "/home/TIM/mysite/.venv/lib/python3.10/site-packages/django/core/handlers/base.py", line 220, in _get_response
    response = response.render()
  File "/home/TIM/mysite/.venv/lib/python3.10/site-packages/django/template/response.py", line 114, in render
    self.content = self.rendered_content
  File "/home/TIM/mysite/.venv/lib/python3.10/site-packages/django/template/response.py", line 90, in rendered_content
    template = self.resolve_template(self.template_name)
  File "/home/TIM/mysite/.venv/lib/python3.10/site-packages/django/template/response.py", line 72, in resolve_template
    return select_template(template, using=self.using)
  File "/home/TIM/mysite/.venv/lib/python3.10/site-packages/django/template/loader.py", line 42, in select_template
    return engine.get_template(template_name)
  File "/home/TIM/mysite/.venv/lib/python3.10/site-packages/django/template/backends/django.py", line 79, in get_template
    return Template(self.engine.get_template(template_name), self)
  File "/home/TIM/mysite/.venv/lib/python3.10/site-packages/django/template/engine.py", line 177, in get_template
    template, origin = self.find_template(template_name)
  File "/home/TIM/mysite/.venv/lib/python3.10/site-packages/django/template/engine.py", line 159, in find_template
    template = loader.get_template(name, skip=skip)
  File "/home/TIM/mysite/.venv/lib/python3.10/site-packages/django/template/loaders/cached.py", line 57, in get_template
    template = super().get_template(template_name, skip)
  File "/home/TIM/mysite/.venv/lib/python3.10/site-packages/django/template/loaders/base.py", line 28, in get_template
    return Template(
  File "/home/TIM/mysite/.venv/lib/python3.10/site-packages/django/template/base.py", line 154, in __init__
    self.nodelist = self.compile_nodelist()
  File "/home/TIM/mysite/.venv/lib/python3.10/site-packages/django/template/base.py", line 196, in compile_nodelist
    nodelist = parser.parse()
  File "/home/TIM/mysite/.venv/lib/python3.10/site-packages/django/template/base.py", line 518, in parse
    raise self.error(token, e)
  File "/home/TIM/mysite/.venv/lib/python3.10/site-packages/django/template/base.py", line 516, in parse
    compiled_result = compile_func(self, token)
  File "/home/TIM/mysite/.venv/lib/python3.10/site-packages/django/template/loader_tags.py", line 299, in do_extends
    nodelist = parser.parse()
  File "/home/TIM/mysite/.venv/lib/python3.10/site-packages/django/template/base.py", line 518, in parse
    raise self.error(token, e)
  File "/home/TIM/mysite/.venv/lib/python3.10/site-packages/django/template/base.py", line 516, in parse
    compiled_result = compile_func(self, token)
  File "/home/TIM/mysite/.venv/lib/python3.10/site-packages/django/template/loader_tags.py", line 234, in do_block
    nodelist = parser.parse(("endblock",))
  File "/home/TIM/mysite/.venv/lib/python3.10/site-packages/django/template/base.py", line 512, in parse
    self.invalid_block_tag(token, command, parse_until)
  File "/home/TIM/mysite/.venv/lib/python3.10/site-packages/django/template/base.py", line 567, in invalid_block_tag
    raise self.error(
django.template.exceptions.TemplateSyntaxError: Invalid block tag on line 70: 'endfor', expected 'endblock'. Did you forget to register or load this tag?
INFO 2025-07-03 16:25:52,068 apps AXES: BEGIN version 8.0.0, blocking by username or ip_address
INFO 2025-07-03 16:25:52,441 apps AXES: BEGIN version 8.0.0, blocking by username or ip_address
INFO 2025-07-03 16:25:52,688 apps AXES: BEGIN version 8.0.0, blocking by username or ip_address
INFO 2025-07-03 16:26:23,203 apps AXES: BEGIN version 8.0.0, blocking by username or ip_address
INFO 2025-07-03 16:26:23,407 apps AXES: BEGIN version 8.0.0, blocking by username or ip_address
INFO 2025-07-03 16:26:23,422 apps AXES: BEGIN version 8.0.0, blocking by username or ip_address
WARNING 2025-07-03 16:31:14,092 log Forbidden (Referer checking failed - no Referer.): /
INFO 2025-07-03 16:31:24,980 apps AXES: BEGIN version 8.0.0, blocking by username or ip_address
INFO 2025-07-03 16:31:25,333 apps AXES: BEGIN version 8.0.0, blocking by username or ip_address
INFO 2025-07-03 16:31:25,440 apps AXES: BEGIN version 8.0.0, blocking by username or ip_address
INFO 2025-07-03 16:31:50,806 apps AXES: BEGIN version 8.0.0, blocking by username or ip_address
INFO 2025-07-03 16:31:50,948 apps AXES: BEGIN version 8.0.0, blocking by username or ip_address
INFO 2025-07-03 16:31:51,067 apps AXES: BEGIN version 8.0.0, blocking by username or ip_address
ERROR 2025-07-03 16:31:55,329 log Internal Server Error: /post/digital-marketing-the-key-to-success-in-the-online-world/
Traceback (most recent call last):
  File "/home/TIM/mysite/.venv/lib/python3.10/site-packages/django/core/handlers/exception.py", line 55, in inner
    response = get_response(request)
  File "/home/TIM/mysite/.venv/lib/python3.10/site-packages/django/core/handlers/base.py", line 220, in _get_response
    response = response.render()
  File "/home/TIM/mysite/.venv/lib/python3.10/site-packages/django/template/response.py", line 114, in render
    self.content = self.rendered_content
  File "/home/TIM/mysite/.venv/lib/python3.10/site-packages/django/template/response.py", line 90, in rendered_content
    template = self.resolve_template(self.template_name)
  File "/home/TIM/mysite/.venv/lib/python3.10/site-packages/django/template/response.py", line 72, in resolve_template
    return select_template(template, using=self.using)
  File "/home/TIM/mysite/.venv/lib/python3.10/site-packages/django/template/loader.py", line 42, in select_template
    return engine.get_template(template_name)
  File "/home/TIM/mysite/.venv/lib/python3.10/site-packages/django/template/backends/django.py", line 79, in get_template
    return Template(self.engine.get_template(template_name), self)
  File "/home/TIM/mysite/.venv/lib/python3.10/site-packages/django/template/engine.py", line 177, in get_template
    template, origin = self.find_template(template_name)
  File "/home/TIM/mysite/.venv/lib/python3.10/site-packages/django/template/engine.py", line 159, in find_template
    template = loader.get_template(name, skip=skip)
  File "/home/TIM/mysite/.venv/lib/python3.10/site-packages/django/template/loaders/cached.py", line 57, in get_template
    template = super().get_template(template_name, skip)
  File "/home/TIM/mysite/.venv/lib/python3.10/site-packages/django/template/loaders/base.py", line 28, in get_template
    return Template(
  File "/home/TIM/mysite/.venv/lib/python3.10/site-packages/django/template/base.py", line 154, in __init__
    self.nodelist = self.compile_nodelist()
  File "/home/TIM/mysite/.venv/lib/python3.10/site-packages/django/template/base.py", line 196, in compile_nodelist
    nodelist = parser.parse()
  File "/home/TIM/mysite/.venv/lib/python3.10/site-packages/django/template/base.py", line 518, in parse
    raise self.error(token, e)
  File "/home/TIM/mysite/.venv/lib/python3.10/site-packages/django/template/base.py", line 516, in parse
    compiled_result = compile_func(self, token)
  File "/home/TIM/mysite/.venv/lib/python3.10/site-packages/django/template/loader_tags.py", line 299, in do_extends
    nodelist = parser.parse()
  File "/home/TIM/mysite/.venv/lib/python3.10/site-packages/django/template/base.py", line 518, in parse
    raise self.error(token, e)
  File "/home/TIM/mysite/.venv/lib/python3.10/site-packages/django/template/base.py", line 516, in parse
    compiled_result = compile_func(self, token)
  File "/home/TIM/mysite/.venv/lib/python3.10/site-packages/django/template/loader_tags.py", line 234, in do_block
    nodelist = parser.parse(("endblock",))
  File "/home/TIM/mysite/.venv/lib/python3.10/site-packages/django/template/base.py", line 489, in parse
    raise self.error(token, e)
  File "/home/TIM/mysite/.venv/lib/python3.10/site-packages/django/template/base.py", line 487, in parse
    filter_expression = self.compile_filter(token.contents)
  File "/home/TIM/mysite/.venv/lib/python3.10/site-packages/django/template/base.py", line 609, in compile_filter
    return FilterExpression(token, self)
  File "/home/TIM/mysite/.venv/lib/python3.10/site-packages/django/template/base.py", line 705, in __init__
    filter_func = parser.find_filter(filter_name)
  File "/home/TIM/mysite/.venv/lib/python3.10/site-packages/django/template/base.py", line 615, in find_filter
    raise TemplateSyntaxError("Invalid filter: '%s'" % filter_name)
django.template.exceptions.TemplateSyntaxError: Invalid filter: 'add_class'
INFO 2025-07-03 16:35:28,549 apps AXES: BEGIN version 8.0.0, blocking by username or ip_address
INFO 2025-07-03 16:35:28,582 apps AXES: BEGIN version 8.0.0, blocking by username or ip_address
INFO 2025-07-03 16:35:28,599 apps AXES: BEGIN version 8.0.0, blocking by username or ip_address
INFO 2025-07-03 16:36:24,909 apps AXES: BEGIN version 8.0.0, blocking by username or ip_address
INFO 2025-07-03 16:36:25,088 apps AXES: BEGIN version 8.0.0, blocking by username or ip_address
INFO 2025-07-03 16:36:25,162 apps AXES: BEGIN version 8.0.0, blocking by username or ip_address
WARNING 2025-07-03 16:43:10,762 views Invalid referer:  from IP 
WARNING 2025-07-03 16:55:18,674 views Invalid referer:  from IP 
WARNING 2025-07-03 16:59:19,298 views Invalid referer:  from IP 
WARNING 2025-07-03 17:00:29,422 views Invalid referer:  from IP 
WARNING 2025-07-03 17:18:31,051 views Invalid referer:  from IP 
WARNING 2025-07-03 17:19:10,651 views Invalid referer:  from IP 
WARNING 2025-07-03 17:22:30,722 views Invalid referer:  from IP 
WARNING 2025-07-03 17:36:15,771 views Invalid referer:  from IP 
WARNING 2025-07-03 17:37:15,700 views Invalid referer:  from IP 
WARNING 2025-07-03 17:43:37,555 views Invalid referer:  from IP 
WARNING 2025-07-03 17:49:33,668 views Invalid referer:  from IP 
WARNING 2025-07-03 17:49:34,195 views Invalid referer:  from IP 
WARNING 2025-07-03 18:11:00,391 views Invalid referer:  from IP 
WARNING 2025-07-03 18:29:42,048 log Forbidden (Referer checking failed - no Referer.): /
WARNING 2025-07-03 18:33:07,925 views Invalid referer:  from IP 
WARNING 2025-07-03 18:37:32,372 views Invalid referer:  from IP 
WARNING 2025-07-03 18:41:41,198 views Invalid referer:  from IP 
WARNING 2025-07-03 18:44:38,776 views Invalid referer:  from IP 
WARNING 2025-07-03 18:49:04,120 log Forbidden (Referer checking failed - no Referer.): /
WARNING 2025-07-03 18:49:32,472 views Invalid referer:  from IP 
WARNING 2025-07-03 19:29:04,514 log Forbidden (Referer checking failed - no Referer.): /
INFO 2025-07-03 20:09:40,436 apps AXES: BEGIN version 8.0.0, blocking by username or ip_address
INFO 2025-07-03 20:09:40,478 apps AXES: BEGIN version 8.0.0, blocking by username or ip_address
INFO 2025-07-03 20:09:40,537 apps AXES: BEGIN version 8.0.0, blocking by username or ip_address
WARNING 2025-07-03 20:28:12,469 views Invalid referer:  from IP 
WARNING 2025-07-03 20:43:54,616 views Invalid referer:  from IP 
WARNING 2025-07-03 21:38:16,041 log Forbidden (Referer checking failed - no Referer.): /
WARNING 2025-07-03 21:56:10,964 views Invalid referer:  from IP 
WARNING 2025-07-03 21:56:43,139 log Forbidden (Referer checking failed - no Referer.): /
WARNING 2025-07-03 22:15:42,733 views Invalid referer:  from IP 
WARNING 2025-07-03 22:18:49,563 views Invalid referer:  from IP 
WARNING 2025-07-03 22:19:09,012 views Invalid referer:  from IP 
WARNING 2025-07-03 22:29:36,392 log Forbidden (Referer checking failed - no Referer.): /
WARNING 2025-07-03 22:29:42,408 log Forbidden (Referer checking failed - no Referer.): /
WARNING 2025-07-03 22:40:11,393 views Invalid referer:  from IP 
WARNING 2025-07-03 22:44:02,047 views Invalid referer:  from IP 
WARNING 2025-07-03 23:17:34,281 log Forbidden (Referer checking failed - no Referer.): /
WARNING 2025-07-03 23:21:54,836 views Invalid referer:  from IP 
WARNING 2025-07-03 23:31:43,160 views Invalid referer:  from IP 
WARNING 2025-07-04 00:04:31,902 log Forbidden (Referer checking failed - no Referer.): /
WARNING 2025-07-04 00:13:10,230 views Invalid referer:  from IP 
WARNING 2025-07-04 01:24:37,315 views Invalid referer:  from IP 
WARNING 2025-07-04 02:14:14,028 views Invalid referer:  from IP 
WARNING 2025-07-04 02:25:25,056 views Invalid referer:  from IP 
ERROR 2025-07-04 02:49:59,151 exception Invalid HTTP_HOST header: 'localhost'. You may need to add 'localhost' to ALLOWED_HOSTS.
Traceback (most recent call last):
  File "/home/TIM/mysite/.venv/lib/python3.10/site-packages/django/core/handlers/exception.py", line 55, in inner
    response = get_response(request)
  File "/home/TIM/mysite/.venv/lib/python3.10/site-packages/django/utils/deprecation.py", line 119, in __call__
    response = self.process_request(request)
  File "/home/TIM/mysite/.venv/lib/python3.10/site-packages/django/middleware/common.py", line 48, in process_request
    host = request.get_host()
  File "/home/TIM/mysite/.venv/lib/python3.10/site-packages/django/http/request.py", line 186, in get_host
    raise DisallowedHost(msg)
django.core.exceptions.DisallowedHost: Invalid HTTP_HOST header: 'localhost'. You may need to add 'localhost' to ALLOWED_HOSTS.
WARNING 2025-07-04 03:14:16,663 log Forbidden (Referer checking failed - no Referer.): /
WARNING 2025-07-04 04:15:05,581 views Invalid referer:  from IP 
WARNING 2025-07-04 04:50:48,661 views Invalid referer:  from IP 
WARNING 2025-07-04 05:14:23,392 log Forbidden (Referer checking failed - no Referer.): /
WARNING 2025-07-04 05:17:27,471 log Forbidden (Referer checking failed - no Referer.): /
WARNING 2025-07-04 05:21:41,060 views Invalid referer:  from IP 
WARNING 2025-07-04 05:32:50,333 views Invalid referer:  from IP 
WARNING 2025-07-04 05:59:45,296 views Invalid referer:  from IP 
WARNING 2025-07-04 06:11:46,065 log Forbidden (Referer checking failed - no Referer.): /
WARNING 2025-07-04 06:17:45,865 views Invalid referer:  from IP 
WARNING 2025-07-04 06:52:48,199 views Invalid referer:  from IP 
WARNING 2025-07-04 07:53:06,072 views Invalid referer:  from IP 
WARNING 2025-07-04 08:00:56,398 views Invalid referer:  from IP 
INFO 2025-07-04 08:01:04,422 apps AXES: BEGIN version 8.0.0, blocking by username or ip_address
INFO 2025-07-04 08:01:04,591 apps AXES: BEGIN version 8.0.0, blocking by username or ip_address
INFO 2025-07-04 08:01:04,716 apps AXES: BEGIN version 8.0.0, blocking by username or ip_address
INFO 2025-07-04 08:02:26,552 apps AXES: BEGIN version 8.0.0, blocking by username or ip_address
INFO 2025-07-04 08:02:26,876 apps AXES: BEGIN version 8.0.0, blocking by username or ip_address
INFO 2025-07-04 08:02:26,940 apps AXES: BEGIN version 8.0.0, blocking by username or ip_address
INFO 2025-07-04 08:03:58,308 apps AXES: BEGIN version 8.0.0, blocking by username or ip_address
INFO 2025-07-04 08:03:58,465 apps AXES: BEGIN version 8.0.0, blocking by username or ip_address
INFO 2025-07-04 08:03:58,514 apps AXES: BEGIN version 8.0.0, blocking by username or ip_address
