INFO 2025-06-20 17:12:30,018 views load_content: Rendering learner/my_course.html for user learn, assessment 56
ERROR 2025-06-20 17:12:30,038 log Internal Server Error: /learn/backend-development/assessment/56/
Traceback (most recent call last):
  File "/home/TIM/mysite/.venv/lib/python3.10/site-packages/django/template/smartif.py", line 180, in translate_token
    op = OPERATORS[token]
KeyError: 'Submission.objects.filter(askora__assessment=assessment).exclude(user=request.user).exists'

During handling of the above exception, another exception occurred:

Traceback (most recent call last):
  File "/home/TIM/mysite/.venv/lib/python3.10/site-packages/django/core/handlers/exception.py", line 55, in inner
    response = get_response(request)
  File "/home/TIM/mysite/.venv/lib/python3.10/site-packages/django/core/handlers/base.py", line 197, in _get_response
    response = wrapped_callback(request, *callback_args, **callback_kwargs)
  File "/home/TIM/mysite/.venv/lib/python3.10/site-packages/django/contrib/auth/decorators.py", line 59, in _view_wrapper
    return view_func(request, *args, **kwargs)
  File "/home/TIM/mysite/learner/views.py", line 453, in load_content
    response = render(request, template, context)
  File "/home/TIM/mysite/.venv/lib/python3.10/site-packages/django/shortcuts.py", line 25, in render
    content = loader.render_to_string(template_name, context, request, using=using)
  File "/home/TIM/mysite/.venv/lib/python3.10/site-packages/django/template/loader.py", line 62, in render_to_string
    return template.render(context, request)
  File "/home/TIM/mysite/.venv/lib/python3.10/site-packages/django/template/backends/django.py", line 107, in render
    return self.template.render(context)
  File "/home/TIM/mysite/.venv/lib/python3.10/site-packages/django/template/base.py", line 171, in render
    return self._render(context)
  File "/home/TIM/mysite/.venv/lib/python3.10/site-packages/django/template/base.py", line 163, in _render
    return self.nodelist.render(context)
  File "/home/TIM/mysite/.venv/lib/python3.10/site-packages/django/template/base.py", line 1016, in render
    return SafeString("".join([node.render_annotated(context) for node in self]))
  File "/home/TIM/mysite/.venv/lib/python3.10/site-packages/django/template/base.py", line 1016, in <listcomp>
    return SafeString("".join([node.render_annotated(context) for node in self]))
  File "/home/TIM/mysite/.venv/lib/python3.10/site-packages/django/template/base.py", line 977, in render_annotated
    return self.render(context)
  File "/home/TIM/mysite/.venv/lib/python3.10/site-packages/django/template/loader_tags.py", line 159, in render
    return compiled_parent._render(context)
  File "/home/TIM/mysite/.venv/lib/python3.10/site-packages/django/template/base.py", line 163, in _render
    return self.nodelist.render(context)
  File "/home/TIM/mysite/.venv/lib/python3.10/site-packages/django/template/base.py", line 1016, in render
    return SafeString("".join([node.render_annotated(context) for node in self]))
  File "/home/TIM/mysite/.venv/lib/python3.10/site-packages/django/template/base.py", line 1016, in <listcomp>
    return SafeString("".join([node.render_annotated(context) for node in self]))
  File "/home/TIM/mysite/.venv/lib/python3.10/site-packages/django/template/base.py", line 977, in render_annotated
    return self.render(context)
  File "/home/TIM/mysite/.venv/lib/python3.10/site-packages/django/template/loader_tags.py", line 65, in render
    result = block.nodelist.render(context)
  File "/home/TIM/mysite/.venv/lib/python3.10/site-packages/django/template/base.py", line 1016, in render
    return SafeString("".join([node.render_annotated(context) for node in self]))
  File "/home/TIM/mysite/.venv/lib/python3.10/site-packages/django/template/base.py", line 1016, in <listcomp>
    return SafeString("".join([node.render_annotated(context) for node in self]))
  File "/home/TIM/mysite/.venv/lib/python3.10/site-packages/django/template/base.py", line 977, in render_annotated
    return self.render(context)
  File "/home/TIM/mysite/.venv/lib/python3.10/site-packages/django/template/loader_tags.py", line 199, in render
    template = context.template.engine.select_template(template_name)
  File "/home/TIM/mysite/.venv/lib/python3.10/site-packages/django/template/engine.py", line 208, in select_template
    return self.get_template(template_name)
  File "/home/TIM/mysite/.venv/lib/python3.10/site-packages/django/template/engine.py", line 177, in get_template
    template, origin = self.find_template(template_name)
  File "/home/TIM/mysite/.venv/lib/python3.10/site-packages/django/template/engine.py", line 159, in find_template
    template = loader.get_template(name, skip=skip)
  File "/home/TIM/mysite/.venv/lib/python3.10/site-packages/django/template/loaders/cached.py", line 57, in get_template
    template = super().get_template(template_name, skip)
  File "/home/TIM/mysite/.venv/lib/python3.10/site-packages/django/template/loaders/base.py", line 28, in get_template
    return Template(
  File "/home/TIM/mysite/.venv/lib/python3.10/site-packages/django/template/base.py", line 154, in __init__
    self.nodelist = self.compile_nodelist()
  File "/home/TIM/mysite/.venv/lib/python3.10/site-packages/django/template/base.py", line 196, in compile_nodelist
    nodelist = parser.parse()
  File "/home/TIM/mysite/.venv/lib/python3.10/site-packages/django/template/base.py", line 518, in parse
    raise self.error(token, e)
  File "/home/TIM/mysite/.venv/lib/python3.10/site-packages/django/template/base.py", line 516, in parse
    compiled_result = compile_func(self, token)
  File "/home/TIM/mysite/.venv/lib/python3.10/site-packages/django/template/defaulttags.py", line 962, in do_if
    nodelist = parser.parse(("elif", "else", "endif"))
  File "/home/TIM/mysite/.venv/lib/python3.10/site-packages/django/template/base.py", line 518, in parse
    raise self.error(token, e)
  File "/home/TIM/mysite/.venv/lib/python3.10/site-packages/django/template/base.py", line 516, in parse
    compiled_result = compile_func(self, token)
  File "/home/TIM/mysite/.venv/lib/python3.10/site-packages/django/template/defaulttags.py", line 970, in do_if
    nodelist = parser.parse(("elif", "else", "endif"))
  File "/home/TIM/mysite/.venv/lib/python3.10/site-packages/django/template/base.py", line 518, in parse
    raise self.error(token, e)
  File "/home/TIM/mysite/.venv/lib/python3.10/site-packages/django/template/base.py", line 516, in parse
    compiled_result = compile_func(self, token)
  File "/home/TIM/mysite/.venv/lib/python3.10/site-packages/django/template/defaulttags.py", line 976, in do_if
    nodelist = parser.parse(("endif",))
  File "/home/TIM/mysite/.venv/lib/python3.10/site-packages/django/template/base.py", line 518, in parse
    raise self.error(token, e)
  File "/home/TIM/mysite/.venv/lib/python3.10/site-packages/django/template/base.py", line 516, in parse
    compiled_result = compile_func(self, token)
  File "/home/TIM/mysite/.venv/lib/python3.10/site-packages/django/template/defaulttags.py", line 976, in do_if
    nodelist = parser.parse(("endif",))
  File "/home/TIM/mysite/.venv/lib/python3.10/site-packages/django/template/base.py", line 518, in parse
    raise self.error(token, e)
  File "/home/TIM/mysite/.venv/lib/python3.10/site-packages/django/template/base.py", line 516, in parse
    compiled_result = compile_func(self, token)
  File "/home/TIM/mysite/.venv/lib/python3.10/site-packages/django/template/defaulttags.py", line 961, in do_if
    condition = TemplateIfParser(parser, bits).parse()
  File "/home/TIM/mysite/.venv/lib/python3.10/site-packages/django/template/defaulttags.py", line 894, in __init__
    super().__init__(*args, **kwargs)
  File "/home/TIM/mysite/.venv/lib/python3.10/site-packages/django/template/smartif.py", line 171, in __init__
    mapped_tokens.append(self.translate_token(token))
  File "/home/TIM/mysite/.venv/lib/python3.10/site-packages/django/template/smartif.py", line 182, in translate_token
    return self.create_var(token)
  File "/home/TIM/mysite/.venv/lib/python3.10/site-packages/django/template/defaulttags.py", line 897, in create_var
    return TemplateLiteral(self.template_parser.compile_filter(value), value)
  File "/home/TIM/mysite/.venv/lib/python3.10/site-packages/django/template/base.py", line 609, in compile_filter
    return FilterExpression(token, self)
  File "/home/TIM/mysite/.venv/lib/python3.10/site-packages/django/template/base.py", line 710, in __init__
    raise TemplateSyntaxError(
django.template.exceptions.TemplateSyntaxError: Could not parse the remainder: '(askora__assessment=assessment).exclude(user=request.user).exists' from 'Submission.objects.filter(askora__assessment=assessment).exclude(user=request.user).exists'
INFO 2025-06-20 17:15:26,795 apps AXES: BEGIN version 8.0.0, blocking by username or ip_address
INFO 2025-06-20 17:15:26,896 apps AXES: BEGIN version 8.0.0, blocking by username or ip_address
INFO 2025-06-20 17:15:27,145 apps AXES: BEGIN version 8.0.0, blocking by username or ip_address
INFO 2025-06-20 17:16:01,668 apps AXES: BEGIN version 8.0.0, blocking by username or ip_address
INFO 2025-06-20 17:16:01,701 apps AXES: BEGIN version 8.0.0, blocking by username or ip_address
INFO 2025-06-20 17:16:01,743 apps AXES: BEGIN version 8.0.0, blocking by username or ip_address
INFO 2025-06-20 17:16:09,615 views load_content: Rendering learner/my_course.html for user learn, assessment 1
INFO 2025-06-20 17:16:11,992 views load_content: Rendering learner/partials/content.html for user learn, assessment 56
INFO 2025-06-20 17:16:20,973 views Peer review berhasil dibuat untuk submission 22 oleh learn
INFO 2025-06-20 17:16:21,028 views submit_peer_review_new: Rendering learner/partials/content.html untuk user learn, assessment 56
INFO 2025-06-20 17:16:35,709 views load_content: Rendering learner/my_course.html for user admin, assessment 56
INFO 2025-06-20 17:17:01,266 views Peer review berhasil dibuat untuk submission 21 oleh admin
INFO 2025-06-20 17:17:01,336 views submit_peer_review_new: Rendering learner/partials/content.html untuk user admin, assessment 56
INFO 2025-06-20 17:17:07,552 views load_content: Rendering learner/my_course.html for user admin, assessment 56
INFO 2025-06-20 17:17:10,470 views load_content: Rendering learner/my_course.html for user learn, assessment 56
INFO 2025-06-20 17:22:19,290 views load_content: Rendering learner/my_course.html for user learn, assessment 56
INFO 2025-06-20 17:22:31,989 views load_content: Rendering learner/partials/content.html for user learn, assessment 1
INFO 2025-06-20 17:22:33,407 views load_content: Rendering learner/partials/content.html for user learn, assessment 56
INFO 2025-06-20 17:22:36,519 views load_content: Rendering learner/partials/content.html for user learn, assessment 1
WARNING 2025-06-20 17:28:36,829 log Forbidden (Referer checking failed - no Referer.): /
INFO 2025-06-20 17:29:25,371 views load_content: Rendering learner/partials/content.html for user learn, assessment 56
INFO 2025-06-20 17:29:27,555 views load_content: Rendering learner/partials/content.html for user learn, assessment 1
INFO 2025-06-20 17:29:29,285 views load_content: Rendering learner/partials/content.html for user learn, material 1
