[ERROR] 2025-07-29 11:05:48,110 [django.request] Internal Server Error: /dasbord/
Traceback (most recent call last):
  File "/home/TIM/mysite/.venv/lib/python3.10/site-packages/django/template/base.py", line 890, in _resolve_lookup
    raise TypeError
TypeError

During handling of the above exception, another exception occurred:

Traceback (most recent call last):
  File "/home/TIM/mysite/.venv/lib/python3.10/site-packages/django/core/handlers/exception.py", line 55, in inner
    response = get_response(request)
  File "/home/TIM/mysite/.venv/lib/python3.10/site-packages/django/core/handlers/base.py", line 197, in _get_response
    response = wrapped_callback(request, *callback_args, **callback_kwargs)
  File "/home/TIM/mysite/.venv/lib/python3.10/site-packages/django/contrib/auth/decorators.py", line 59, in _view_wrapper
    return view_func(request, *args, **kwargs)
  File "/home/TIM/mysite/.venv/lib/python3.10/site-packages/django_ratelimit/decorators.py", line 27, in _wrapped
    return fn(request, *args, **kw)
  File "/home/TIM/mysite/authentication/views.py", line 799, in dasbord
    return render(request, 'home/dasbord.html', context)
  File "/home/TIM/mysite/.venv/lib/python3.10/site-packages/django/shortcuts.py", line 25, in render
    content = loader.render_to_string(template_name, context, request, using=using)
  File "/home/TIM/mysite/.venv/lib/python3.10/site-packages/django/template/loader.py", line 62, in render_to_string
    return template.render(context, request)
  File "/home/TIM/mysite/.venv/lib/python3.10/site-packages/django/template/backends/django.py", line 107, in render
    return self.template.render(context)
  File "/home/TIM/mysite/.venv/lib/python3.10/site-packages/django/template/base.py", line 171, in render
    return self._render(context)
  File "/home/TIM/mysite/.venv/lib/python3.10/site-packages/django/template/base.py", line 163, in _render
    return self.nodelist.render(context)
  File "/home/TIM/mysite/.venv/lib/python3.10/site-packages/django/template/base.py", line 1016, in render
    return SafeString("".join([node.render_annotated(context) for node in self]))
  File "/home/TIM/mysite/.venv/lib/python3.10/site-packages/django/template/base.py", line 1016, in <listcomp>
    return SafeString("".join([node.render_annotated(context) for node in self]))
  File "/home/TIM/mysite/.venv/lib/python3.10/site-packages/django/template/base.py", line 977, in render_annotated
    return self.render(context)
  File "/home/TIM/mysite/.venv/lib/python3.10/site-packages/django/template/loader_tags.py", line 159, in render
    return compiled_parent._render(context)
  File "/home/TIM/mysite/.venv/lib/python3.10/site-packages/django/template/base.py", line 163, in _render
    return self.nodelist.render(context)
  File "/home/TIM/mysite/.venv/lib/python3.10/site-packages/django/template/base.py", line 1016, in render
    return SafeString("".join([node.render_annotated(context) for node in self]))
  File "/home/TIM/mysite/.venv/lib/python3.10/site-packages/django/template/base.py", line 1016, in <listcomp>
    return SafeString("".join([node.render_annotated(context) for node in self]))
  File "/home/TIM/mysite/.venv/lib/python3.10/site-packages/django/template/base.py", line 977, in render_annotated
    return self.render(context)
  File "/home/TIM/mysite/.venv/lib/python3.10/site-packages/django/template/loader_tags.py", line 65, in render
    result = block.nodelist.render(context)
  File "/home/TIM/mysite/.venv/lib/python3.10/site-packages/django/template/base.py", line 1016, in render
    return SafeString("".join([node.render_annotated(context) for node in self]))
  File "/home/TIM/mysite/.venv/lib/python3.10/site-packages/django/template/base.py", line 1016, in <listcomp>
    return SafeString("".join([node.render_annotated(context) for node in self]))
  File "/home/TIM/mysite/.venv/lib/python3.10/site-packages/django/template/base.py", line 977, in render_annotated
    return self.render(context)
  File "/home/TIM/mysite/.venv/lib/python3.10/site-packages/django/template/defaulttags.py", line 243, in render
    nodelist.append(node.render_annotated(context))
  File "/home/TIM/mysite/.venv/lib/python3.10/site-packages/django/template/base.py", line 977, in render_annotated
    return self.render(context)
  File "/home/TIM/mysite/.venv/lib/python3.10/site-packages/django/template/base.py", line 1075, in render
    output = self.filter_expression.resolve(context)
  File "/home/TIM/mysite/.venv/lib/python3.10/site-packages/django/template/base.py", line 722, in resolve
    obj = self.var.resolve(context)
  File "/home/TIM/mysite/.venv/lib/python3.10/site-packages/django/template/base.py", line 854, in resolve
    value = self._resolve_lookup(context)
  File "/home/TIM/mysite/.venv/lib/python3.10/site-packages/django/template/base.py", line 901, in _resolve_lookup
    current = getattr(current, bit)
  File "/home/TIM/mysite/.venv/lib/python3.10/site-packages/django/db/models/fields/files.py", line 69, in url
    self._require_file()
  File "/home/TIM/mysite/.venv/lib/python3.10/site-packages/django/db/models/fields/files.py", line 44, in _require_file
    raise ValueError(
ValueError: The 'photo' attribute has no file associated with it.
[WARNING] 2025-07-29 11:06:03,175 [django.request] Not Found: /partner/ping-session/
[WARNING] 2025-07-29 11:06:39,488 [django.request] Not Found: /version
[WARNING] 2025-07-29 11:07:02,302 [django.request] Not Found: /partner/ping-session/
[INFO] 2025-07-29 11:07:15,517 [axes.apps] AXES: BEGIN version 8.0.0, blocking by username or ip_address
[INFO] 2025-07-29 11:07:15,637 [axes.apps] AXES: BEGIN version 8.0.0, blocking by username or ip_address
[INFO] 2025-07-29 11:07:16,046 [axes.apps] AXES: BEGIN version 8.0.0, blocking by username or ip_address
[WARNING] 2025-07-29 11:07:36,882 [django.request] Not Found: /favicon.ico
[INFO] 2025-07-29 11:07:39,972 [axes.apps] AXES: BEGIN version 8.0.0, blocking by username or ip_address
[INFO] 2025-07-29 11:07:40,140 [axes.apps] AXES: BEGIN version 8.0.0, blocking by username or ip_address
[INFO] 2025-07-29 11:07:40,309 [axes.apps] AXES: BEGIN version 8.0.0, blocking by username or ip_address
[WARNING] 2025-07-29 11:08:02,284 [django.request] Not Found: /partner/ping-session/
[DEBUG] 2025-07-29 11:08:14,913 [axes.helpers] Using request.META.get('REMOTE_ADDR', None) fallback method to get client IP address
[INFO] 2025-07-29 11:08:14,915 [axes.handlers.database] AXES: Cleaned up 0 expired access attempts from database that were older than 2025-07-29 03:08:14.913031+00:00
[INFO] 2025-07-29 11:08:14,916 [axes.handlers.database] AXES: Successful logout by {username: "********************", ip_address: "********************", user_agent: "Mozilla/5.0 (X11; Ubuntu; Linux x86_64; rv:141.0) Gecko/20100101 Firefox/141.0", path_info: "/logout/"}.
[WARNING] 2025-07-29 11:09:02,287 [django.request] Not Found: /partner/ping-session/
[DEBUG] 2025-07-29 11:09:36,293 [axes.helpers] Using request.META.get('REMOTE_ADDR', None) fallback method to get client IP address
[DEBUG] 2025-07-29 11:09:36,294 [axes.helpers] Using parameter credentials to get username with key settings.AXES_USERNAME_FORM_FIELD
[DEBUG] 2025-07-29 11:09:36,295 [axes.handlers.database] AXES: Getting access attempts that are newer than 2025-07-29 03:09:36.293232+00:00
[INFO] 2025-07-29 11:09:37,274 [axes.handlers.database] AXES: Successful login by {username: "********************", ip_address: "********************", user_agent: "Mozilla/5.0 (X11; Ubuntu; Linux x86_64; rv:141.0) Gecko/20100101 Firefox/141.0", path_info: "/login/"}.
[INFO] 2025-07-29 11:09:37,275 [axes.handlers.database] AXES: Cleaned up 0 expired access attempts from database that were older than 2025-07-29 03:09:36.293232+00:00
[WARNING] 2025-07-29 11:10:02,268 [django.request] Not Found: /partner/ping-session/
[DEBUG] 2025-07-29 11:10:16,580 [axes.helpers] Using request.META.get('REMOTE_ADDR', None) fallback method to get client IP address
[INFO] 2025-07-29 11:10:16,581 [axes.handlers.database] AXES: Cleaned up 0 expired access attempts from database that were older than 2025-07-29 03:10:16.580316+00:00
[INFO] 2025-07-29 11:10:16,581 [axes.handlers.database] AXES: Successful logout by {username: "********************", ip_address: "********************", user_agent: "Mozilla/5.0 (X11; Ubuntu; Linux x86_64; rv:141.0) Gecko/20100101 Firefox/141.0", path_info: "/logout/"}.
[WARNING] 2025-07-29 11:11:02,288 [django.request] Not Found: /partner/ping-session/
[WARNING] 2025-07-29 11:12:02,278 [django.request] Not Found: /partner/ping-session/
[WARNING] 2025-07-29 11:13:02,278 [django.request] Not Found: /partner/ping-session/
[WARNING] 2025-07-29 11:14:02,275 [django.request] Not Found: /partner/ping-session/
[WARNING] 2025-07-29 11:15:02,271 [django.request] Not Found: /partner/ping-session/
[WARNING] 2025-07-29 11:16:02,282 [django.request] Not Found: /partner/ping-session/
[WARNING] 2025-07-29 11:17:00,570 [django.request] Not Found: /robots.txt
[WARNING] 2025-07-29 11:17:02,293 [django.request] Not Found: /partner/ping-session/
[WARNING] 2025-07-29 11:18:00,493 [django.request] Not Found: /robots.txt
[WARNING] 2025-07-29 11:18:02,284 [django.request] Not Found: /partner/ping-session/
[WARNING] 2025-07-29 11:19:02,288 [django.request] Not Found: /partner/ping-session/
[WARNING] 2025-07-29 11:20:02,316 [django.request] Not Found: /partner/ping-session/
[WARNING] 2025-07-29 11:21:02,359 [django.request] Not Found: /partner/ping-session/
[WARNING] 2025-07-29 11:22:02,292 [django.request] Not Found: /partner/ping-session/
[WARNING] 2025-07-29 11:23:02,300 [django.request] Not Found: /partner/ping-session/
[WARNING] 2025-07-29 11:24:02,285 [django.request] Not Found: /partner/ping-session/
[WARNING] 2025-07-29 11:25:02,297 [django.request] Not Found: /partner/ping-session/
[DEBUG] 2025-07-29 11:25:44,491 [axes.helpers] Using request.META.get('REMOTE_ADDR', None) fallback method to get client IP address
[DEBUG] 2025-07-29 11:25:44,492 [axes.helpers] Using parameter credentials to get username with key settings.AXES_USERNAME_FORM_FIELD
[DEBUG] 2025-07-29 11:25:44,492 [axes.handlers.database] AXES: Getting access attempts that are newer than 2025-07-29 03:25:44.491095+00:00
[INFO] 2025-07-29 11:25:45,421 [axes.handlers.database] AXES: Successful login by {username: "********************", ip_address: "********************", user_agent: "Mozilla/5.0 (X11; Ubuntu; Linux x86_64; rv:141.0) Gecko/20100101 Firefox/141.0", path_info: "/login/"}.
[INFO] 2025-07-29 11:25:45,423 [axes.handlers.database] AXES: Cleaned up 0 expired access attempts from database that were older than 2025-07-29 03:25:44.491095+00:00
[WARNING] 2025-07-29 11:26:02,295 [django.request] Not Found: /partner/ping-session/
[WARNING] 2025-07-29 11:27:02,277 [django.request] Not Found: /partner/ping-session/
[WARNING] 2025-07-29 11:28:02,286 [django.request] Not Found: /partner/ping-session/
[WARNING] 2025-07-29 11:29:02,291 [django.request] Not Found: /partner/ping-session/
[WARNING] 2025-07-29 11:30:02,289 [django.request] Not Found: /partner/ping-session/
[WARNING] 2025-07-29 11:31:02,300 [django.request] Not Found: /partner/ping-session/
[WARNING] 2025-07-29 11:32:02,303 [django.request] Not Found: /partner/ping-session/
[WARNING] 2025-07-29 11:33:02,291 [django.request] Not Found: /partner/ping-session/
[WARNING] 2025-07-29 11:34:02,292 [django.request] Not Found: /partner/ping-session/
[WARNING] 2025-07-29 11:35:02,286 [django.request] Not Found: /partner/ping-session/
[WARNING] 2025-07-29 11:36:02,300 [django.request] Not Found: /partner/ping-session/
[WARNING] 2025-07-29 11:37:02,292 [django.request] Not Found: /partner/ping-session/
[WARNING] 2025-07-29 11:38:02,296 [django.request] Not Found: /partner/ping-session/
[WARNING] 2025-07-29 11:39:02,297 [django.request] Not Found: /partner/ping-session/
[WARNING] 2025-07-29 11:40:02,295 [django.request] Not Found: /partner/ping-session/
[WARNING] 2025-07-29 11:41:02,288 [django.request] Not Found: /partner/ping-session/
[WARNING] 2025-07-29 11:42:02,290 [django.request] Not Found: /partner/ping-session/
[WARNING] 2025-07-29 11:43:02,288 [django.request] Not Found: /partner/ping-session/
[WARNING] 2025-07-29 11:44:02,291 [django.request] Not Found: /partner/ping-session/
[WARNING] 2025-07-29 11:45:02,291 [django.request] Not Found: /partner/ping-session/
[INFO] 2025-07-29 11:45:46,907 [axes.apps] AXES: BEGIN version 8.0.0, blocking by username or ip_address
[INFO] 2025-07-29 11:45:47,057 [axes.apps] AXES: BEGIN version 8.0.0, blocking by username or ip_address
[INFO] 2025-07-29 11:45:47,106 [axes.apps] AXES: BEGIN version 8.0.0, blocking by username or ip_address
[WARNING] 2025-07-29 11:46:02,291 [django.request] Not Found: /partner/ping-session/
[WARNING] 2025-07-29 11:47:02,298 [django.request] Not Found: /partner/ping-session/
[WARNING] 2025-07-29 11:48:03,145 [django.request] Not Found: /partner/ping-session/
[WARNING] 2025-07-29 11:49:02,347 [django.request] Not Found: /partner/ping-session/
[INFO] 2025-07-29 11:49:32,523 [axes.apps] AXES: BEGIN version 8.0.0, blocking by username or ip_address
[INFO] 2025-07-29 11:49:32,647 [axes.apps] AXES: BEGIN version 8.0.0, blocking by username or ip_address
[INFO] 2025-07-29 11:49:32,742 [axes.apps] AXES: BEGIN version 8.0.0, blocking by username or ip_address
[ERROR] 2025-07-29 11:49:38,590 [django.request] Internal Server Error: /course-detail/12/build-powerful-web-applications-with-django-2026/
Traceback (most recent call last):
  File "/home/TIM/mysite/.venv/lib/python3.10/site-packages/django/core/handlers/exception.py", line 55, in inner
    response = get_response(request)
  File "/home/TIM/mysite/.venv/lib/python3.10/site-packages/django/core/handlers/base.py", line 197, in _get_response
    response = wrapped_callback(request, *callback_args, **callback_kwargs)
  File "/home/TIM/mysite/.venv/lib/python3.10/site-packages/django_ratelimit/decorators.py", line 27, in _wrapped
    return fn(request, *args, **kw)
  File "/home/TIM/mysite/courses/views.py", line 3695, in course_lms_detail
    course = get_object_or_404(Course.objects.select_related('category', 'instructor__user', 'status_course')
  File "/home/TIM/mysite/.venv/lib/python3.10/site-packages/django/shortcuts.py", line 90, in get_object_or_404
    return queryset.get(*args, **kwargs)
  File "/home/TIM/mysite/.venv/lib/python3.10/site-packages/django/db/models/query.py", line 629, in get
    num = len(clone)
  File "/home/TIM/mysite/.venv/lib/python3.10/site-packages/django/db/models/query.py", line 366, in __len__
    self._fetch_all()
  File "/home/TIM/mysite/.venv/lib/python3.10/site-packages/django/db/models/query.py", line 1945, in _fetch_all
    self._result_cache = list(self._iterable_class(self))
  File "/home/TIM/mysite/.venv/lib/python3.10/site-packages/django/db/models/query.py", line 131, in __iter__
    setattr(obj, attr_name, row[col_pos])
AttributeError: can't set attribute 'total_reviews'
[WARNING] 2025-07-29 11:50:03,212 [django.request] Not Found: /partner/ping-session/
[WARNING] 2025-07-29 11:51:03,190 [django.request] Not Found: /partner/ping-session/
[INFO] 2025-07-29 11:51:38,791 [axes.apps] AXES: BEGIN version 8.0.0, blocking by username or ip_address
[INFO] 2025-07-29 11:51:38,855 [axes.apps] AXES: BEGIN version 8.0.0, blocking by username or ip_address
[INFO] 2025-07-29 11:51:38,912 [axes.apps] AXES: BEGIN version 8.0.0, blocking by username or ip_address
[WARNING] 2025-07-29 11:52:02,284 [django.request] Not Found: /partner/ping-session/
