[INFO] 2025-07-24 10:04:07,068 [axes.apps] AXES: BEGIN version 8.0.0, blocking by username or ip_address
[INFO] 2025-07-24 10:04:07,126 [axes.apps] AXES: BEGIN version 8.0.0, blocking by username or ip_address
[INFO] 2025-07-24 10:04:07,219 [axes.apps] AXES: BEGIN version 8.0.0, blocking by username or ip_address
[WARNING] 2025-07-24 10:04:15,292 [learner.views] Upaya akses tidak sah oleh learn untuk course
[WARNING] 2025-07-24 10:04:15,293 [django.request] Forbidden: /course/16/score-summary/
[INFO] 2025-07-24 10:06:20,137 [axes.apps] AXES: BEGIN version 8.0.0, blocking by username or ip_address
[INFO] 2025-07-24 10:06:20,360 [axes.apps] AXES: BEGIN version 8.0.0, blocking by username or ip_address
[INFO] 2025-07-24 10:06:20,561 [axes.apps] AXES: BEGIN version 8.0.0, blocking by username or ip_address
[WARNING] 2025-07-24 10:06:23,142 [django.request] Not Found: /favicon.ico
[WARNING] 2025-07-24 10:06:30,161 [learner.views] Upaya akses tidak sah oleh learn untuk course
[WARNING] 2025-07-24 10:06:30,162 [django.request] Forbidden: /course/10/score-summary/
[DEBUG] 2025-07-24 10:07:53,813 [axes.helpers] Using request.META.get('REMOTE_ADDR', None) fallback method to get client IP address
[INFO] 2025-07-24 10:07:53,815 [axes.handlers.database] AXES: Cleaned up 0 expired access attempts from database that were older than 2025-07-24 02:07:53.813286+00:00
[INFO] 2025-07-24 10:07:53,816 [axes.handlers.database] AXES: Successful logout by {username: "********************", ip_address: "********************", user_agent: "Mozilla/5.0 (X11; Ubuntu; Linux x86_64; rv:141.0) Gecko/20100101 Firefox/141.0", path_info: "/logout/"}.
[DEBUG] 2025-07-24 10:08:04,957 [axes.helpers] Using request.META.get('REMOTE_ADDR', None) fallback method to get client IP address
[DEBUG] 2025-07-24 10:08:04,958 [axes.helpers] Using parameter credentials to get username with key settings.AXES_USERNAME_FORM_FIELD
[DEBUG] 2025-07-24 10:08:04,959 [axes.handlers.database] AXES: Getting access attempts that are newer than 2025-07-24 02:08:04.957417+00:00
[INFO] 2025-07-24 10:08:05,966 [axes.handlers.database] AXES: Successful login by {username: "********************", ip_address: "********************", user_agent: "Mozilla/5.0 (X11; Ubuntu; Linux x86_64; rv:141.0) Gecko/20100101 Firefox/141.0", path_info: "/login/"}.
[INFO] 2025-07-24 10:08:05,968 [axes.handlers.database] AXES: Cleaned up 0 expired access attempts from database that were older than 2025-07-24 02:08:04.957417+00:00
[WARNING] 2025-07-24 10:08:11,209 [learner.views] Upaya akses tidak sah oleh admin untuk course
[WARNING] 2025-07-24 10:08:11,210 [django.request] Forbidden: /course/1/score-summary/
[DEBUG] 2025-07-24 10:08:29,969 [axes.helpers] Using request.META.get('REMOTE_ADDR', None) fallback method to get client IP address
[INFO] 2025-07-24 10:08:29,970 [axes.handlers.database] AXES: Cleaned up 0 expired access attempts from database that were older than 2025-07-24 02:08:29.969056+00:00
[INFO] 2025-07-24 10:08:29,970 [axes.handlers.database] AXES: Successful logout by {username: "********************", ip_address: "********************", user_agent: "Mozilla/5.0 (X11; Ubuntu; Linux x86_64; rv:141.0) Gecko/20100101 Firefox/141.0", path_info: "/logout/"}.
[DEBUG] 2025-07-24 10:08:41,611 [axes.helpers] Using request.META.get('REMOTE_ADDR', None) fallback method to get client IP address
[DEBUG] 2025-07-24 10:08:41,612 [axes.helpers] Using parameter credentials to get username with key settings.AXES_USERNAME_FORM_FIELD
[DEBUG] 2025-07-24 10:08:41,613 [axes.handlers.database] AXES: Getting access attempts that are newer than 2025-07-24 02:08:41.611168+00:00
[INFO] 2025-07-24 10:08:42,602 [axes.handlers.database] AXES: Successful login by {username: "********************", ip_address: "********************", user_agent: "Mozilla/5.0 (X11; Ubuntu; Linux x86_64; rv:141.0) Gecko/20100101 Firefox/141.0", path_info: "/login/"}.
[INFO] 2025-07-24 10:08:42,606 [axes.handlers.database] AXES: Cleaned up 0 expired access attempts from database that were older than 2025-07-24 02:08:41.611168+00:00
[WARNING] 2025-07-24 10:08:47,148 [learner.views] Upaya akses tidak sah oleh learn untuk course
[WARNING] 2025-07-24 10:08:47,148 [django.request] Forbidden: /course/10/score-summary/
[INFO] 2025-07-24 10:09:32,588 [axes.apps] AXES: BEGIN version 8.0.0, blocking by username or ip_address
[INFO] 2025-07-24 10:09:32,628 [axes.apps] AXES: BEGIN version 8.0.0, blocking by username or ip_address
[INFO] 2025-07-24 10:09:32,772 [axes.apps] AXES: BEGIN version 8.0.0, blocking by username or ip_address
[WARNING] 2025-07-24 10:09:41,960 [learner.views] Upaya akses tidak sah oleh learn untuk course
[WARNING] 2025-07-24 10:09:41,961 [django.request] Forbidden: /course/10/score-summary/
[INFO] 2025-07-24 10:11:25,870 [axes.apps] AXES: BEGIN version 8.0.0, blocking by username or ip_address
[INFO] 2025-07-24 10:11:25,949 [axes.apps] AXES: BEGIN version 8.0.0, blocking by username or ip_address
[INFO] 2025-07-24 10:11:25,990 [axes.apps] AXES: BEGIN version 8.0.0, blocking by username or ip_address
[WARNING] 2025-07-24 10:11:29,012 [django.request] Not Found: /favicon.ico
[WARNING] 2025-07-24 10:11:32,690 [learner.views] Upaya akses tidak sah oleh learn untuk course
[WARNING] 2025-07-24 10:11:32,691 [django.request] Forbidden: /course/10/score-summary/
[WARNING] 2025-07-24 10:12:03,577 [learner.views] Upaya akses tidak sah oleh learn untuk course
[WARNING] 2025-07-24 10:12:03,578 [django.request] Forbidden: /course/10/score-summary/
[INFO] 2025-07-24 10:13:23,582 [axes.apps] AXES: BEGIN version 8.0.0, blocking by username or ip_address
[INFO] 2025-07-24 10:13:23,905 [axes.apps] AXES: BEGIN version 8.0.0, blocking by username or ip_address
[INFO] 2025-07-24 10:13:23,963 [axes.apps] AXES: BEGIN version 8.0.0, blocking by username or ip_address
[INFO] 2025-07-24 10:13:54,903 [axes.apps] AXES: BEGIN version 8.0.0, blocking by username or ip_address
[INFO] 2025-07-24 10:13:54,927 [axes.apps] AXES: BEGIN version 8.0.0, blocking by username or ip_address
[INFO] 2025-07-24 10:13:55,076 [axes.apps] AXES: BEGIN version 8.0.0, blocking by username or ip_address
[WARNING] 2025-07-24 10:13:55,940 [learner.views] Upaya akses tidak sah oleh learn untuk course
[WARNING] 2025-07-24 10:13:55,941 [django.request] Forbidden: /course/10/score-summary/
[ERROR] 2025-07-24 10:14:06,347 [django.request] Internal Server Error: /learner/learn/16/score-summary/
Traceback (most recent call last):
  File "/home/TIM/mysite/.venv/lib/python3.10/site-packages/django/core/handlers/exception.py", line 55, in inner
    response = get_response(request)
  File "/home/TIM/mysite/.venv/lib/python3.10/site-packages/django/core/handlers/base.py", line 197, in _get_response
    response = wrapped_callback(request, *callback_args, **callback_kwargs)
TypeError: score_summary_view() got an unexpected keyword argument 'username'
[INFO] 2025-07-24 10:15:21,215 [axes.apps] AXES: BEGIN version 8.0.0, blocking by username or ip_address
[INFO] 2025-07-24 10:15:21,516 [axes.apps] AXES: BEGIN version 8.0.0, blocking by username or ip_address
[INFO] 2025-07-24 10:15:21,627 [axes.apps] AXES: BEGIN version 8.0.0, blocking by username or ip_address
[INFO] 2025-07-24 10:15:56,282 [axes.apps] AXES: BEGIN version 8.0.0, blocking by username or ip_address
[INFO] 2025-07-24 10:15:56,367 [axes.apps] AXES: BEGIN version 8.0.0, blocking by username or ip_address
[INFO] 2025-07-24 10:15:56,398 [axes.apps] AXES: BEGIN version 8.0.0, blocking by username or ip_address
[ERROR] 2025-07-24 10:15:57,996 [django.request] Internal Server Error: /learner/learn/16/score-summary/
Traceback (most recent call last):
  File "/home/TIM/mysite/.venv/lib/python3.10/site-packages/django/core/handlers/exception.py", line 55, in inner
    response = get_response(request)
  File "/home/TIM/mysite/.venv/lib/python3.10/site-packages/django/core/handlers/base.py", line 197, in _get_response
    response = wrapped_callback(request, *callback_args, **callback_kwargs)
  File "/home/TIM/mysite/learner/views.py", line 71, in score_summary_view
    assessments = Assessment.objects.filter(course=course)
  File "/home/TIM/mysite/.venv/lib/python3.10/site-packages/django/db/models/manager.py", line 87, in manager_method
    return getattr(self.get_queryset(), name)(*args, **kwargs)
  File "/home/TIM/mysite/.venv/lib/python3.10/site-packages/django/db/models/query.py", line 1491, in filter
    return self._filter_or_exclude(False, args, kwargs)
  File "/home/TIM/mysite/.venv/lib/python3.10/site-packages/django/db/models/query.py", line 1509, in _filter_or_exclude
    clone._filter_or_exclude_inplace(negate, args, kwargs)
  File "/home/TIM/mysite/.venv/lib/python3.10/site-packages/django/db/models/query.py", line 1516, in _filter_or_exclude_inplace
    self._query.add_q(Q(*args, **kwargs))
  File "/home/TIM/mysite/.venv/lib/python3.10/site-packages/django/db/models/sql/query.py", line 1643, in add_q
    clause, _ = self._add_q(q_object, can_reuse)
  File "/home/TIM/mysite/.venv/lib/python3.10/site-packages/django/db/models/sql/query.py", line 1675, in _add_q
    child_clause, needed_inner = self.build_filter(
  File "/home/TIM/mysite/.venv/lib/python3.10/site-packages/django/db/models/sql/query.py", line 1523, in build_filter
    lookups, parts, reffed_expression = self.solve_lookup_type(arg, summarize)
  File "/home/TIM/mysite/.venv/lib/python3.10/site-packages/django/db/models/sql/query.py", line 1330, in solve_lookup_type
    _, field, _, lookup_parts = self.names_to_path(lookup_splitted, self.get_meta())
  File "/home/TIM/mysite/.venv/lib/python3.10/site-packages/django/db/models/sql/query.py", line 1802, in names_to_path
    raise FieldError(
django.core.exceptions.FieldError: Cannot resolve keyword 'course' into field. Choices are: ask_oras, assessmentread, assessmentsession, created_at, description, duration_in_minutes, flag, grade_range, grade_range_id, id, lastaccesscourse, lti_tool, ltiresult, name, questions, section, section_id, weight
[INFO] 2025-07-24 10:18:48,597 [axes.apps] AXES: BEGIN version 8.0.0, blocking by username or ip_address
[INFO] 2025-07-24 10:18:48,704 [axes.apps] AXES: BEGIN version 8.0.0, blocking by username or ip_address
[INFO] 2025-07-24 10:18:48,718 [axes.apps] AXES: BEGIN version 8.0.0, blocking by username or ip_address
[WARNING] 2025-07-24 10:18:49,670 [django.request] Not Found: /favicon.ico
[INFO] 2025-07-24 10:20:15,120 [axes.apps] AXES: BEGIN version 8.0.0, blocking by username or ip_address
[INFO] 2025-07-24 10:20:15,120 [axes.apps] AXES: BEGIN version 8.0.0, blocking by username or ip_address
[INFO] 2025-07-24 10:20:15,158 [axes.apps] AXES: BEGIN version 8.0.0, blocking by username or ip_address
[INFO] 2025-07-24 10:23:44,874 [learner.views] my_course: Rendering untuk pengguna learn, kursus backend-development, assessment_id=None
[INFO] 2025-07-24 10:23:47,886 [learner.views] load_content: Rendering learner/partials/content.html untuk pengguna learn, assessment 56
[INFO] 2025-07-24 10:23:50,203 [courses.views] Partner logo found: https://ini.icei.ac.id/media/logos/logo_AuYlFX8.webp
[INFO] 2025-07-24 10:23:50,204 [courses.views] Certificate c0a1da1a-2ab6-45cb-a415-b1ea9bd63699 already exists for user learn
[INFO] 2025-07-24 10:23:50,210 [weasyprint.progress] Step 1 - Fetching and parsing HTML - HTML string
[INFO] 2025-07-24 10:23:50,244 [weasyprint.progress] Step 2 - Fetching and parsing CSS - CSS string
[INFO] 2025-07-24 10:23:50,249 [weasyprint.progress] Step 2 - Fetching and parsing CSS - https://fonts.googleapis.com/css2?family=Inter:wght@300;400;600&family=Playfair+Display:wght@400;700&display=swap
[DEBUG] 2025-07-24 10:23:52,082 [weasyprint] Ignored `pointer-events: none` at 197:13, the property does not apply for the print media.
[INFO] 2025-07-24 10:23:52,084 [weasyprint.progress] Step 3 - Applying CSS
[INFO] 2025-07-24 10:23:52,090 [weasyprint.progress] Step 4 - Creating formatting structure
[ERROR] 2025-07-24 10:23:52,276 [weasyprint] Failed to load image at 'https://ini.icei.ac.id/media/qrcodes/certificate_c0a1da1a-2ab6-45cb-a415-b1ea9bd63699.png': HTTPError: HTTP Error 403: Forbidden
[DEBUG] 2025-07-24 10:23:52,277 [weasyprint] Error while loading image:
Traceback (most recent call last):
  File "/home/TIM/mysite/.venv/lib/python3.10/site-packages/weasyprint/urls.py", line 258, in fetch
    result = url_fetcher(url)
  File "/home/TIM/mysite/.venv/lib/python3.10/site-packages/weasyprint/urls.py", line 223, in default_url_fetcher
    response = urlopen(
  File "/usr/lib/python3.10/urllib/request.py", line 216, in urlopen
    return opener.open(url, data, timeout)
  File "/usr/lib/python3.10/urllib/request.py", line 525, in open
    response = meth(req, response)
  File "/usr/lib/python3.10/urllib/request.py", line 634, in http_response
    response = self.parent.error(
  File "/usr/lib/python3.10/urllib/request.py", line 563, in error
    return self._call_chain(*args)
  File "/usr/lib/python3.10/urllib/request.py", line 496, in _call_chain
    result = func(*args)
  File "/usr/lib/python3.10/urllib/request.py", line 643, in http_error_default
    raise HTTPError(req.full_url, code, msg, hdrs, fp)
urllib.error.HTTPError: HTTP Error 403: Forbidden

During handling of the above exception, another exception occurred:

Traceback (most recent call last):
  File "/home/TIM/mysite/.venv/lib/python3.10/site-packages/weasyprint/images.py", line 301, in get_image_from_uri
    with fetch(url_fetcher, url) as result:
  File "/usr/lib/python3.10/contextlib.py", line 135, in __enter__
    return next(self.gen)
  File "/home/TIM/mysite/.venv/lib/python3.10/site-packages/weasyprint/urls.py", line 260, in fetch
    raise URLFetchingError(f'{type(exception).__name__}: {exception}')
weasyprint.urls.URLFetchingError: HTTPError: HTTP Error 403: Forbidden
[INFO] 2025-07-24 10:23:52,283 [weasyprint.progress] Step 5 - Creating layout - Page 1
[ERROR] 2025-07-24 10:23:52,414 [weasyprint] Failed to load image at 'https://ini.icei.ac.id/media/logos/logo_AuYlFX8.webp': HTTPError: HTTP Error 403: Forbidden
[DEBUG] 2025-07-24 10:23:52,415 [weasyprint] Error while loading image:
Traceback (most recent call last):
  File "/home/TIM/mysite/.venv/lib/python3.10/site-packages/weasyprint/urls.py", line 258, in fetch
    result = url_fetcher(url)
  File "/home/TIM/mysite/.venv/lib/python3.10/site-packages/weasyprint/urls.py", line 223, in default_url_fetcher
    response = urlopen(
  File "/usr/lib/python3.10/urllib/request.py", line 216, in urlopen
    return opener.open(url, data, timeout)
  File "/usr/lib/python3.10/urllib/request.py", line 525, in open
    response = meth(req, response)
  File "/usr/lib/python3.10/urllib/request.py", line 634, in http_response
    response = self.parent.error(
  File "/usr/lib/python3.10/urllib/request.py", line 563, in error
    return self._call_chain(*args)
  File "/usr/lib/python3.10/urllib/request.py", line 496, in _call_chain
    result = func(*args)
  File "/usr/lib/python3.10/urllib/request.py", line 643, in http_error_default
    raise HTTPError(req.full_url, code, msg, hdrs, fp)
urllib.error.HTTPError: HTTP Error 403: Forbidden

During handling of the above exception, another exception occurred:

Traceback (most recent call last):
  File "/home/TIM/mysite/.venv/lib/python3.10/site-packages/weasyprint/images.py", line 301, in get_image_from_uri
    with fetch(url_fetcher, url) as result:
  File "/usr/lib/python3.10/contextlib.py", line 135, in __enter__
    return next(self.gen)
  File "/home/TIM/mysite/.venv/lib/python3.10/site-packages/weasyprint/urls.py", line 260, in fetch
    raise URLFetchingError(f'{type(exception).__name__}: {exception}')
weasyprint.urls.URLFetchingError: HTTPError: HTTP Error 403: Forbidden
[INFO] 2025-07-24 10:23:52,422 [weasyprint.progress] Step 6 - Creating PDF
[INFO] 2025-07-24 10:23:52,474 [weasyprint.progress] Step 7 - Adding PDF metadata
[DEBUG] 2025-07-24 10:23:52,476 [fontTools.ttLib.ttFont] Reading 'maxp' table from disk
[DEBUG] 2025-07-24 10:23:52,477 [fontTools.ttLib.ttFont] Decompiling 'maxp' table
[DEBUG] 2025-07-24 10:23:52,477 [fontTools.subset.timer] Took 0.001s to load 'maxp'
[DEBUG] 2025-07-24 10:23:52,477 [fontTools.subset.timer] Took 0.000s to prune 'maxp'
[INFO] 2025-07-24 10:23:52,477 [fontTools.subset] maxp pruned
[DEBUG] 2025-07-24 10:23:52,479 [fontTools.ttLib.ttFont] Reading 'cmap' table from disk
[DEBUG] 2025-07-24 10:23:52,479 [fontTools.ttLib.ttFont] Decompiling 'cmap' table
[DEBUG] 2025-07-24 10:23:52,479 [fontTools.ttLib.ttFont] Reading 'post' table from disk
[DEBUG] 2025-07-24 10:23:52,480 [fontTools.ttLib.ttFont] Decompiling 'post' table
[DEBUG] 2025-07-24 10:23:52,481 [fontTools.subset.timer] Took 0.002s to load 'cmap'
[DEBUG] 2025-07-24 10:23:52,481 [fontTools.subset.timer] Took 0.000s to prune 'cmap'
[INFO] 2025-07-24 10:23:52,481 [fontTools.subset] cmap pruned
[INFO] 2025-07-24 10:23:52,481 [fontTools.subset] prep dropped
[DEBUG] 2025-07-24 10:23:52,482 [fontTools.subset.timer] Took 0.000s to load 'post'
[DEBUG] 2025-07-24 10:23:52,482 [fontTools.subset.timer] Took 0.000s to prune 'post'
[INFO] 2025-07-24 10:23:52,482 [fontTools.subset] post pruned
[INFO] 2025-07-24 10:23:52,483 [fontTools.subset] GPOS dropped
[INFO] 2025-07-24 10:23:52,483 [fontTools.subset] GSUB dropped
[DEBUG] 2025-07-24 10:23:52,483 [fontTools.ttLib.ttFont] Reading 'glyf' table from disk
[DEBUG] 2025-07-24 10:23:52,483 [fontTools.ttLib.ttFont] Decompiling 'glyf' table
[DEBUG] 2025-07-24 10:23:52,484 [fontTools.ttLib.ttFont] Reading 'loca' table from disk
[DEBUG] 2025-07-24 10:23:52,484 [fontTools.ttLib.ttFont] Decompiling 'loca' table
[DEBUG] 2025-07-24 10:23:52,484 [fontTools.ttLib.ttFont] Reading 'head' table from disk
[DEBUG] 2025-07-24 10:23:52,484 [fontTools.ttLib.ttFont] Decompiling 'head' table
[DEBUG] 2025-07-24 10:23:52,486 [fontTools.subset.timer] Took 0.003s to load 'glyf'
[DEBUG] 2025-07-24 10:23:52,486 [fontTools.subset.timer] Took 0.000s to prune 'glyf'
[INFO] 2025-07-24 10:23:52,487 [fontTools.subset] glyf pruned
[DEBUG] 2025-07-24 10:23:52,487 [fontTools.subset.timer] Took 0.000s to close glyph list over 'cmap'
[INFO] 2025-07-24 10:23:52,487 [fontTools.subset] Added gid0 to subset
[INFO] 2025-07-24 10:23:52,487 [fontTools.subset] Closing glyph list over 'glyf': 29 glyphs before
[INFO] 2025-07-24 10:23:52,487 [fontTools.subset] Glyph names: ['.notdef', 'A', 'C', 'E', 'F', 'I', 'L', 'M', 'N', 'O', 'P', 'R', 'T', 'a', 'c', 'd', 'e', 'f', 'fi', 'h', 'i', 'm', 'n', 'o', 'r', 's', 'space', 't', 'v']
[INFO] 2025-07-24 10:23:52,488 [fontTools.subset] Glyph IDs:   [0, 1, 26, 36, 56, 69, 87, 93, 94, 100, 125, 128, 140, 190, 215, 221, 225, 246, 255, 259, 286, 287, 294, 322, 326, 334, 359, 387, 633]
[INFO] 2025-07-24 10:23:52,488 [fontTools.subset] Closed glyph list over 'glyf': 31 glyphs after
[INFO] 2025-07-24 10:23:52,488 [fontTools.subset] Glyph names: ['.notdef', 'A', 'C', 'E', 'F', 'I', 'L', 'M', 'N', 'O', 'P', 'R', 'T', 'a', 'c', 'd', 'dotlessi', 'e', 'f', 'fi', 'h', 'i', 'm', 'n', 'o', 'r', 's', 'space', 't', 'uni0307', 'v']
[INFO] 2025-07-24 10:23:52,488 [fontTools.subset] Glyph IDs:   [0, 1, 26, 36, 56, 69, 87, 93, 94, 100, 125, 128, 140, 190, 215, 221, 225, 246, 255, 259, 260, 286, 287, 294, 322, 326, 334, 359, 387, 633, 700]
[DEBUG] 2025-07-24 10:23:52,489 [fontTools.subset.timer] Took 0.001s to close glyph list over 'glyf'
[INFO] 2025-07-24 10:23:52,489 [fontTools.subset] Retaining 31 glyphs
[INFO] 2025-07-24 10:23:52,490 [fontTools.subset] head subsetting not needed
[INFO] 2025-07-24 10:23:52,490 [fontTools.subset] hhea subsetting not needed
[INFO] 2025-07-24 10:23:52,490 [fontTools.subset] maxp subsetting not needed
[INFO] 2025-07-24 10:23:52,490 [fontTools.subset] OS/2 subsetting not needed
[DEBUG] 2025-07-24 10:23:52,491 [fontTools.ttLib.ttFont] Reading 'hmtx' table from disk
[DEBUG] 2025-07-24 10:23:52,491 [fontTools.ttLib.ttFont] Decompiling 'hmtx' table
[DEBUG] 2025-07-24 10:23:52,491 [fontTools.ttLib.ttFont] Reading 'hhea' table from disk
[DEBUG] 2025-07-24 10:23:52,491 [fontTools.ttLib.ttFont] Decompiling 'hhea' table
[DEBUG] 2025-07-24 10:23:52,493 [fontTools.subset.timer] Took 0.003s to subset 'hmtx'
[INFO] 2025-07-24 10:23:52,494 [fontTools.subset] hmtx subsetted
[DEBUG] 2025-07-24 10:23:52,494 [fontTools.subset.timer] Took 0.000s to subset 'cmap'
[INFO] 2025-07-24 10:23:52,494 [fontTools.subset] cmap subsetted
[INFO] 2025-07-24 10:23:52,494 [fontTools.subset] loca subsetting not needed
[DEBUG] 2025-07-24 10:23:52,495 [fontTools.subset.timer] Took 0.000s to subset 'post'
[INFO] 2025-07-24 10:23:52,495 [fontTools.subset] post subsetted
[INFO] 2025-07-24 10:23:52,495 [fontTools.subset] gasp subsetting not needed
[INFO] 2025-07-24 10:23:52,495 [fontTools.subset] STAT subsetting not needed
[DEBUG] 2025-07-24 10:23:52,495 [fontTools.ttLib.ttFont] Reading 'GDEF' table from disk
[DEBUG] 2025-07-24 10:23:52,496 [fontTools.ttLib.ttFont] Decompiling 'GDEF' table
[DEBUG] 2025-07-24 10:23:52,497 [fontTools.subset.timer] Took 0.001s to subset 'GDEF'
[INFO] 2025-07-24 10:23:52,497 [fontTools.subset] GDEF subsetted
[INFO] 2025-07-24 10:23:52,497 [fontTools.subset] name subsetting not needed
[DEBUG] 2025-07-24 10:23:52,498 [fontTools.subset.timer] Took 0.001s to subset 'glyf'
[INFO] 2025-07-24 10:23:52,498 [fontTools.subset] glyf subsetted
[DEBUG] 2025-07-24 10:23:52,498 [fontTools.subset.timer] Took 0.000s to subset GlyphOrder
[DEBUG] 2025-07-24 10:23:52,499 [fontTools.subset.timer] Took 0.000s to prune 'head'
[INFO] 2025-07-24 10:23:52,499 [fontTools.subset] head pruned
[DEBUG] 2025-07-24 10:23:52,499 [fontTools.ttLib.ttFont] Reading 'OS/2' table from disk
[DEBUG] 2025-07-24 10:23:52,499 [fontTools.ttLib.ttFont] Decompiling 'OS/2' table
[INFO] 2025-07-24 10:23:52,500 [fontTools.subset] OS/2 Unicode ranges pruned: [0, 62]
[INFO] 2025-07-24 10:23:52,500 [fontTools.subset] OS/2 CodePage ranges pruned: [0]
[DEBUG] 2025-07-24 10:23:52,501 [fontTools.subset.timer] Took 0.001s to prune 'glyf'
[INFO] 2025-07-24 10:23:52,501 [fontTools.subset] glyf pruned
[DEBUG] 2025-07-24 10:23:52,502 [fontTools.subset.timer] Took 0.000s to prune 'GDEF'
[INFO] 2025-07-24 10:23:52,502 [fontTools.subset] GDEF pruned
[DEBUG] 2025-07-24 10:23:52,502 [fontTools.ttLib.ttFont] Reading 'name' table from disk
[DEBUG] 2025-07-24 10:23:52,502 [fontTools.ttLib.ttFont] Decompiling 'name' table
[DEBUG] 2025-07-24 10:23:52,502 [fontTools.ttLib.ttFont] Reading 'gasp' table from disk
[DEBUG] 2025-07-24 10:23:52,503 [fontTools.ttLib.ttFont] Decompiling 'gasp' table
[DEBUG] 2025-07-24 10:23:52,503 [fontTools.ttLib.ttFont] Reading 'STAT' table from disk
[DEBUG] 2025-07-24 10:23:52,503 [fontTools.ttLib.ttFont] Decompiling 'STAT' table
[DEBUG] 2025-07-24 10:23:52,504 [fontTools.subset.timer] Took 0.002s to prune 'name'
[INFO] 2025-07-24 10:23:52,504 [fontTools.subset] name pruned
[DEBUG] 2025-07-24 10:23:52,504 [fontTools.ttLib.ttFont] Compiling 'glyf' table
[DEBUG] 2025-07-24 10:23:52,518 [fontTools.ttLib.ttFont] Writing 'glyf' table to disk
[DEBUG] 2025-07-24 10:23:52,518 [fontTools.ttLib.ttFont] Compiling 'maxp' table
[DEBUG] 2025-07-24 10:23:52,519 [fontTools.ttLib.ttFont] Writing 'maxp' table to disk
[DEBUG] 2025-07-24 10:23:52,519 [fontTools.ttLib.ttFont] Compiling 'loca' table
[DEBUG] 2025-07-24 10:23:52,519 [fontTools.ttLib.ttFont] Writing 'loca' table to disk
[DEBUG] 2025-07-24 10:23:52,520 [fontTools.ttLib.ttFont] Compiling 'head' table
[DEBUG] 2025-07-24 10:23:52,520 [fontTools.ttLib.ttFont] Writing 'head' table to disk
[DEBUG] 2025-07-24 10:23:52,520 [fontTools.ttLib.ttFont] Compiling 'hmtx' table
[DEBUG] 2025-07-24 10:23:52,521 [fontTools.ttLib.ttFont] Writing 'hmtx' table to disk
[DEBUG] 2025-07-24 10:23:52,521 [fontTools.ttLib.ttFont] Compiling 'hhea' table
[DEBUG] 2025-07-24 10:23:52,522 [fontTools.ttLib.ttFont] Writing 'hhea' table to disk
[DEBUG] 2025-07-24 10:23:52,522 [fontTools.ttLib.ttFont] Compiling 'OS/2' table
[DEBUG] 2025-07-24 10:23:52,522 [fontTools.ttLib.ttFont] Writing 'OS/2' table to disk
[DEBUG] 2025-07-24 10:23:52,523 [fontTools.ttLib.ttFont] Compiling 'cmap' table
[DEBUG] 2025-07-24 10:23:52,523 [fontTools.ttLib.ttFont] Writing 'cmap' table to disk
[DEBUG] 2025-07-24 10:23:52,523 [fontTools.ttLib.ttFont] Compiling 'name' table
[DEBUG] 2025-07-24 10:23:52,524 [fontTools.ttLib.ttFont] Writing 'name' table to disk
[DEBUG] 2025-07-24 10:23:52,524 [fontTools.ttLib.ttFont] Compiling 'post' table
[DEBUG] 2025-07-24 10:23:52,524 [fontTools.ttLib.ttFont] Writing 'post' table to disk
[DEBUG] 2025-07-24 10:23:52,524 [fontTools.ttLib.ttFont] Compiling 'gasp' table
[DEBUG] 2025-07-24 10:23:52,524 [fontTools.ttLib.ttFont] Writing 'gasp' table to disk
[DEBUG] 2025-07-24 10:23:52,524 [fontTools.ttLib.ttFont] Compiling 'GDEF' table
[DEBUG] 2025-07-24 10:23:52,526 [fontTools.ttLib.ttFont] Writing 'GDEF' table to disk
[DEBUG] 2025-07-24 10:23:52,526 [fontTools.ttLib.ttFont] Compiling 'STAT' table
[DEBUG] 2025-07-24 10:23:52,526 [fontTools.ttLib.ttFont] Writing 'STAT' table to disk
[DEBUG] 2025-07-24 10:23:52,529 [fontTools.ttLib.ttFont] Reading 'maxp' table from disk
[DEBUG] 2025-07-24 10:23:52,529 [fontTools.ttLib.ttFont] Decompiling 'maxp' table
[DEBUG] 2025-07-24 10:23:52,529 [fontTools.subset.timer] Took 0.000s to load 'maxp'
[DEBUG] 2025-07-24 10:23:52,529 [fontTools.subset.timer] Took 0.000s to prune 'maxp'
[INFO] 2025-07-24 10:23:52,530 [fontTools.subset] maxp pruned
[DEBUG] 2025-07-24 10:23:52,530 [fontTools.ttLib.ttFont] Reading 'cmap' table from disk
[DEBUG] 2025-07-24 10:23:52,530 [fontTools.ttLib.ttFont] Decompiling 'cmap' table
[DEBUG] 2025-07-24 10:23:52,532 [fontTools.ttLib.ttFont] Reading 'post' table from disk
[DEBUG] 2025-07-24 10:23:52,532 [fontTools.ttLib.ttFont] Decompiling 'post' table
[DEBUG] 2025-07-24 10:23:52,540 [fontTools.subset.timer] Took 0.010s to load 'cmap'
[DEBUG] 2025-07-24 10:23:52,540 [fontTools.subset.timer] Took 0.000s to prune 'cmap'
[INFO] 2025-07-24 10:23:52,540 [fontTools.subset] cmap pruned
[INFO] 2025-07-24 10:23:52,541 [fontTools.subset] prep dropped
[DEBUG] 2025-07-24 10:23:52,541 [fontTools.subset.timer] Took 0.000s to load 'post'
[DEBUG] 2025-07-24 10:23:52,541 [fontTools.subset.timer] Took 0.000s to prune 'post'
[INFO] 2025-07-24 10:23:52,541 [fontTools.subset] post pruned
[INFO] 2025-07-24 10:23:52,542 [fontTools.subset] GPOS dropped
[INFO] 2025-07-24 10:23:52,542 [fontTools.subset] GSUB dropped
[DEBUG] 2025-07-24 10:23:52,542 [fontTools.ttLib.ttFont] Reading 'glyf' table from disk
[DEBUG] 2025-07-24 10:23:52,542 [fontTools.ttLib.ttFont] Decompiling 'glyf' table
[DEBUG] 2025-07-24 10:23:52,542 [fontTools.ttLib.ttFont] Reading 'loca' table from disk
[DEBUG] 2025-07-24 10:23:52,543 [fontTools.ttLib.ttFont] Decompiling 'loca' table
[DEBUG] 2025-07-24 10:23:52,543 [fontTools.ttLib.ttFont] Reading 'head' table from disk
[DEBUG] 2025-07-24 10:23:52,543 [fontTools.ttLib.ttFont] Decompiling 'head' table
[DEBUG] 2025-07-24 10:23:52,547 [fontTools.subset.timer] Took 0.005s to load 'glyf'
[DEBUG] 2025-07-24 10:23:52,548 [fontTools.subset.timer] Took 0.000s to prune 'glyf'
[INFO] 2025-07-24 10:23:52,548 [fontTools.subset] glyf pruned
[DEBUG] 2025-07-24 10:23:52,549 [fontTools.subset.timer] Took 0.001s to close glyph list over 'cmap'
[INFO] 2025-07-24 10:23:52,549 [fontTools.subset] Added gid0 to subset
[INFO] 2025-07-24 10:23:52,550 [fontTools.subset] Closing glyph list over 'glyf': 47 glyphs before
[INFO] 2025-07-24 10:23:52,550 [fontTools.subset] Glyph names: ['.notdef', 'A', 'C', 'I', 'O', 'P', 'Q', 'R', 'S', 'T', 'U', 'V', 'a', 'b', 'c', 'colon', 'd', 'e', 'eight', 'f', 'five', 'four', 'g', 'h', 'hyphen.case', 'i', 'l', 'm', 'n', 'o', 'one', 'p', 'period', 'r', 's', 'six', 'space', 't', 'three', 'two', 'u', 'v', 'w', 'x', 'y', 'z', 'zero']
[INFO] 2025-07-24 10:23:52,551 [fontTools.subset] Glyph IDs:   [0, 2, 73, 197, 321, 375, 382, 384, 397, 411, 424, 456, 507, 578, 586, 597, 614, 647, 658, 670, 689, 736, 766, 773, 790, 843, 852, 871, 888, 913, 978, 982, 991, 996, 1020, 1339, 1340, 1341, 1343, 1344, 1345, 1347, 1349, 1469, 1500, 1503, 1747]
[INFO] 2025-07-24 10:23:52,551 [fontTools.subset] Closed glyph list over 'glyf': 50 glyphs after
[INFO] 2025-07-24 10:23:52,551 [fontTools.subset] Glyph names: ['.notdef', 'A', 'C', 'I', 'O', 'P', 'Q', 'R', 'S', 'T', 'U', 'V', 'a', 'b', 'c', 'colon', 'd', 'dotlessi', 'e', 'eight', 'f', 'five', 'four', 'g', 'h', 'hyphen', 'hyphen.case', 'i', 'l', 'm', 'n', 'o', 'one', 'p', 'period', 'r', 's', 'six', 'space', 't', 'three', 'two', 'u', 'uni0307', 'v', 'w', 'x', 'y', 'z', 'zero']
[INFO] 2025-07-24 10:23:52,552 [fontTools.subset] Glyph IDs:   [0, 2, 73, 197, 321, 375, 382, 384, 397, 411, 424, 456, 507, 578, 586, 597, 614, 647, 658, 670, 689, 690, 736, 766, 773, 790, 843, 852, 871, 888, 913, 978, 982, 991, 996, 1020, 1339, 1340, 1341, 1343, 1344, 1345, 1347, 1349, 1457, 1469, 1500, 1503, 1747, 2645]
[DEBUG] 2025-07-24 10:23:52,552 [fontTools.subset.timer] Took 0.002s to close glyph list over 'glyf'
[INFO] 2025-07-24 10:23:52,555 [fontTools.subset] Retaining 50 glyphs
[INFO] 2025-07-24 10:23:52,556 [fontTools.subset] head subsetting not needed
[INFO] 2025-07-24 10:23:52,556 [fontTools.subset] hhea subsetting not needed
[INFO] 2025-07-24 10:23:52,556 [fontTools.subset] maxp subsetting not needed
[INFO] 2025-07-24 10:23:52,556 [fontTools.subset] OS/2 subsetting not needed
[DEBUG] 2025-07-24 10:23:52,556 [fontTools.ttLib.ttFont] Reading 'hmtx' table from disk
[DEBUG] 2025-07-24 10:23:52,557 [fontTools.ttLib.ttFont] Decompiling 'hmtx' table
[DEBUG] 2025-07-24 10:23:52,557 [fontTools.ttLib.ttFont] Reading 'hhea' table from disk
[DEBUG] 2025-07-24 10:23:52,557 [fontTools.ttLib.ttFont] Decompiling 'hhea' table
[DEBUG] 2025-07-24 10:23:52,560 [fontTools.subset.timer] Took 0.004s to subset 'hmtx'
[INFO] 2025-07-24 10:23:52,560 [fontTools.subset] hmtx subsetted
[DEBUG] 2025-07-24 10:23:52,562 [fontTools.subset.timer] Took 0.001s to subset 'cmap'
[INFO] 2025-07-24 10:23:52,562 [fontTools.subset] cmap subsetted
[INFO] 2025-07-24 10:23:52,562 [fontTools.subset] loca subsetting not needed
[DEBUG] 2025-07-24 10:23:52,562 [fontTools.subset.timer] Took 0.000s to subset 'post'
[INFO] 2025-07-24 10:23:52,563 [fontTools.subset] post subsetted
[INFO] 2025-07-24 10:23:52,563 [fontTools.subset] gasp subsetting not needed
[INFO] 2025-07-24 10:23:52,563 [fontTools.subset] STAT subsetting not needed
[DEBUG] 2025-07-24 10:23:52,563 [fontTools.ttLib.ttFont] Reading 'GDEF' table from disk
[DEBUG] 2025-07-24 10:23:52,563 [fontTools.ttLib.ttFont] Decompiling 'GDEF' table
[DEBUG] 2025-07-24 10:23:52,565 [fontTools.subset.timer] Took 0.002s to subset 'GDEF'
[INFO] 2025-07-24 10:23:52,565 [fontTools.subset] GDEF subsetted
[INFO] 2025-07-24 10:23:52,566 [fontTools.subset] name subsetting not needed
[DEBUG] 2025-07-24 10:23:52,568 [fontTools.subset.timer] Took 0.002s to subset 'glyf'
[INFO] 2025-07-24 10:23:52,568 [fontTools.subset] glyf subsetted
[DEBUG] 2025-07-24 10:23:52,568 [fontTools.subset.timer] Took 0.000s to subset GlyphOrder
[DEBUG] 2025-07-24 10:23:52,569 [fontTools.subset.timer] Took 0.000s to prune 'head'
[INFO] 2025-07-24 10:23:52,569 [fontTools.subset] head pruned
[DEBUG] 2025-07-24 10:23:52,569 [fontTools.ttLib.ttFont] Reading 'OS/2' table from disk
[DEBUG] 2025-07-24 10:23:52,569 [fontTools.ttLib.ttFont] Decompiling 'OS/2' table
[INFO] 2025-07-24 10:23:52,570 [fontTools.subset] OS/2 Unicode ranges pruned: [0, 60]
[INFO] 2025-07-24 10:23:52,570 [fontTools.subset] OS/2 CodePage ranges pruned: [0]
[DEBUG] 2025-07-24 10:23:52,572 [fontTools.subset.timer] Took 0.002s to prune 'glyf'
[INFO] 2025-07-24 10:23:52,572 [fontTools.subset] glyf pruned
[DEBUG] 2025-07-24 10:23:52,573 [fontTools.subset.timer] Took 0.000s to prune 'GDEF'
[INFO] 2025-07-24 10:23:52,573 [fontTools.subset] GDEF pruned
[DEBUG] 2025-07-24 10:23:52,573 [fontTools.ttLib.ttFont] Reading 'name' table from disk
[DEBUG] 2025-07-24 10:23:52,573 [fontTools.ttLib.ttFont] Decompiling 'name' table
[DEBUG] 2025-07-24 10:23:52,574 [fontTools.ttLib.ttFont] Reading 'gasp' table from disk
[DEBUG] 2025-07-24 10:23:52,574 [fontTools.ttLib.ttFont] Decompiling 'gasp' table
[DEBUG] 2025-07-24 10:23:52,574 [fontTools.ttLib.ttFont] Reading 'STAT' table from disk
[DEBUG] 2025-07-24 10:23:52,575 [fontTools.ttLib.ttFont] Decompiling 'STAT' table
[DEBUG] 2025-07-24 10:23:52,575 [fontTools.subset.timer] Took 0.002s to prune 'name'
[INFO] 2025-07-24 10:23:52,575 [fontTools.subset] name pruned
[DEBUG] 2025-07-24 10:23:52,576 [fontTools.ttLib.ttFont] Compiling 'glyf' table
[DEBUG] 2025-07-24 10:23:52,591 [fontTools.ttLib.ttFont] Writing 'glyf' table to disk
[DEBUG] 2025-07-24 10:23:52,591 [fontTools.ttLib.ttFont] Compiling 'maxp' table
[DEBUG] 2025-07-24 10:23:52,594 [fontTools.ttLib.ttFont] Writing 'maxp' table to disk
[DEBUG] 2025-07-24 10:23:52,594 [fontTools.ttLib.ttFont] Compiling 'loca' table
[DEBUG] 2025-07-24 10:23:52,595 [fontTools.ttLib.ttFont] Writing 'loca' table to disk
[DEBUG] 2025-07-24 10:23:52,596 [fontTools.ttLib.ttFont] Compiling 'head' table
[DEBUG] 2025-07-24 10:23:52,596 [fontTools.ttLib.ttFont] Writing 'head' table to disk
[DEBUG] 2025-07-24 10:23:52,596 [fontTools.ttLib.ttFont] Compiling 'hmtx' table
[DEBUG] 2025-07-24 10:23:52,695 [fontTools.ttLib.ttFont] Writing 'hmtx' table to disk
[DEBUG] 2025-07-24 10:23:52,696 [fontTools.ttLib.ttFont] Compiling 'hhea' table
[DEBUG] 2025-07-24 10:23:52,699 [fontTools.ttLib.ttFont] Writing 'hhea' table to disk
[DEBUG] 2025-07-24 10:23:52,699 [fontTools.ttLib.ttFont] Compiling 'OS/2' table
[DEBUG] 2025-07-24 10:23:52,700 [fontTools.ttLib.ttFont] Writing 'OS/2' table to disk
[DEBUG] 2025-07-24 10:23:52,700 [fontTools.ttLib.ttFont] Compiling 'cmap' table
[DEBUG] 2025-07-24 10:23:52,700 [fontTools.ttLib.ttFont] Writing 'cmap' table to disk
[DEBUG] 2025-07-24 10:23:52,701 [fontTools.ttLib.ttFont] Compiling 'name' table
[DEBUG] 2025-07-24 10:23:52,701 [fontTools.ttLib.ttFont] Writing 'name' table to disk
[DEBUG] 2025-07-24 10:23:52,701 [fontTools.ttLib.ttFont] Compiling 'post' table
[DEBUG] 2025-07-24 10:23:52,701 [fontTools.ttLib.ttFont] Writing 'post' table to disk
[DEBUG] 2025-07-24 10:23:52,702 [fontTools.ttLib.ttFont] Compiling 'gasp' table
[DEBUG] 2025-07-24 10:23:52,702 [fontTools.ttLib.ttFont] Writing 'gasp' table to disk
[DEBUG] 2025-07-24 10:23:52,702 [fontTools.ttLib.ttFont] Compiling 'GDEF' table
[DEBUG] 2025-07-24 10:23:52,703 [fontTools.ttLib.ttFont] Writing 'GDEF' table to disk
[DEBUG] 2025-07-24 10:23:52,703 [fontTools.ttLib.ttFont] Compiling 'STAT' table
[DEBUG] 2025-07-24 10:23:52,704 [fontTools.ttLib.ttFont] Writing 'STAT' table to disk
[DEBUG] 2025-07-24 10:23:52,705 [fontTools.ttLib.ttFont] Reading 'maxp' table from disk
[DEBUG] 2025-07-24 10:23:52,706 [fontTools.ttLib.ttFont] Decompiling 'maxp' table
[DEBUG] 2025-07-24 10:23:52,706 [fontTools.subset.timer] Took 0.000s to load 'maxp'
[DEBUG] 2025-07-24 10:23:52,706 [fontTools.subset.timer] Took 0.000s to prune 'maxp'
[INFO] 2025-07-24 10:23:52,706 [fontTools.subset] maxp pruned
[DEBUG] 2025-07-24 10:23:52,706 [fontTools.ttLib.ttFont] Reading 'cmap' table from disk
[DEBUG] 2025-07-24 10:23:52,707 [fontTools.ttLib.ttFont] Decompiling 'cmap' table
[DEBUG] 2025-07-24 10:23:52,708 [fontTools.ttLib.ttFont] Reading 'post' table from disk
[DEBUG] 2025-07-24 10:23:52,708 [fontTools.ttLib.ttFont] Decompiling 'post' table
[DEBUG] 2025-07-24 10:23:52,718 [fontTools.subset.timer] Took 0.011s to load 'cmap'
[DEBUG] 2025-07-24 10:23:52,718 [fontTools.subset.timer] Took 0.000s to prune 'cmap'
[INFO] 2025-07-24 10:23:52,718 [fontTools.subset] cmap pruned
[INFO] 2025-07-24 10:23:52,718 [fontTools.subset] prep dropped
[DEBUG] 2025-07-24 10:23:52,719 [fontTools.subset.timer] Took 0.000s to load 'post'
[DEBUG] 2025-07-24 10:23:52,719 [fontTools.subset.timer] Took 0.000s to prune 'post'
[INFO] 2025-07-24 10:23:52,719 [fontTools.subset] post pruned
[INFO] 2025-07-24 10:23:52,719 [fontTools.subset] GPOS dropped
[INFO] 2025-07-24 10:23:52,719 [fontTools.subset] GSUB dropped
[DEBUG] 2025-07-24 10:23:52,720 [fontTools.ttLib.ttFont] Reading 'glyf' table from disk
[DEBUG] 2025-07-24 10:23:52,720 [fontTools.ttLib.ttFont] Decompiling 'glyf' table
[DEBUG] 2025-07-24 10:23:52,720 [fontTools.ttLib.ttFont] Reading 'loca' table from disk
[DEBUG] 2025-07-24 10:23:52,720 [fontTools.ttLib.ttFont] Decompiling 'loca' table
[DEBUG] 2025-07-24 10:23:52,720 [fontTools.ttLib.ttFont] Reading 'head' table from disk
[DEBUG] 2025-07-24 10:23:52,721 [fontTools.ttLib.ttFont] Decompiling 'head' table
[DEBUG] 2025-07-24 10:23:52,725 [fontTools.subset.timer] Took 0.006s to load 'glyf'
[DEBUG] 2025-07-24 10:23:52,726 [fontTools.subset.timer] Took 0.000s to prune 'glyf'
[INFO] 2025-07-24 10:23:52,726 [fontTools.subset] glyf pruned
[DEBUG] 2025-07-24 10:23:52,727 [fontTools.subset.timer] Took 0.000s to close glyph list over 'cmap'
[INFO] 2025-07-24 10:23:52,727 [fontTools.subset] Added gid0 to subset
[INFO] 2025-07-24 10:23:52,727 [fontTools.subset] Closing glyph list over 'glyf': 43 glyphs before
[INFO] 2025-07-24 10:23:52,727 [fontTools.subset] Glyph names: ['.notdef', 'A', 'B', 'C', 'D', 'E', 'H', 'I', 'M', 'N', 'O', 'P', 'R', 'S', 'T', 'U', 'V', 'X', 'a', 'at', 'c', 'd', 'e', 'f', 'five', 'i', 'k', 'l', 'm', 'n', 'o', 'p', 'period', 'r', 's', 'space', 't', 'three', 'u', 'v', 'x', 'y', 'zero']
[INFO] 2025-07-24 10:23:52,728 [fontTools.subset] Glyph IDs:   [0, 2, 65, 73, 84, 95, 161, 197, 292, 300, 321, 375, 384, 397, 411, 424, 456, 466, 507, 586, 597, 614, 647, 689, 727, 736, 766, 773, 790, 843, 852, 871, 888, 913, 978, 991, 996, 1339, 1343, 1345, 1443, 1500, 1747]
[INFO] 2025-07-24 10:23:52,728 [fontTools.subset] Closed glyph list over 'glyf': 45 glyphs after
[INFO] 2025-07-24 10:23:52,728 [fontTools.subset] Glyph names: ['.notdef', 'A', 'B', 'C', 'D', 'E', 'H', 'I', 'M', 'N', 'O', 'P', 'R', 'S', 'T', 'U', 'V', 'X', 'a', 'at', 'c', 'd', 'dotlessi', 'e', 'f', 'five', 'i', 'k', 'l', 'm', 'n', 'o', 'p', 'period', 'r', 's', 'space', 't', 'three', 'u', 'uni0307', 'v', 'x', 'y', 'zero']
[INFO] 2025-07-24 10:23:52,729 [fontTools.subset] Glyph IDs:   [0, 2, 65, 73, 84, 95, 161, 197, 292, 300, 321, 375, 384, 397, 411, 424, 456, 466, 507, 586, 597, 614, 647, 689, 690, 727, 736, 766, 773, 790, 843, 852, 871, 888, 913, 978, 991, 996, 1339, 1343, 1345, 1443, 1500, 1747, 2645]
[DEBUG] 2025-07-24 10:23:52,729 [fontTools.subset.timer] Took 0.002s to close glyph list over 'glyf'
[INFO] 2025-07-24 10:23:52,735 [fontTools.subset] Retaining 45 glyphs
[INFO] 2025-07-24 10:23:52,735 [fontTools.subset] head subsetting not needed
[INFO] 2025-07-24 10:23:52,735 [fontTools.subset] hhea subsetting not needed
[INFO] 2025-07-24 10:23:52,736 [fontTools.subset] maxp subsetting not needed
[INFO] 2025-07-24 10:23:52,736 [fontTools.subset] OS/2 subsetting not needed
[DEBUG] 2025-07-24 10:23:52,736 [fontTools.ttLib.ttFont] Reading 'hmtx' table from disk
[DEBUG] 2025-07-24 10:23:52,736 [fontTools.ttLib.ttFont] Decompiling 'hmtx' table
[DEBUG] 2025-07-24 10:23:52,737 [fontTools.ttLib.ttFont] Reading 'hhea' table from disk
[DEBUG] 2025-07-24 10:23:52,737 [fontTools.ttLib.ttFont] Decompiling 'hhea' table
[DEBUG] 2025-07-24 10:23:52,741 [fontTools.subset.timer] Took 0.005s to subset 'hmtx'
[INFO] 2025-07-24 10:23:52,741 [fontTools.subset] hmtx subsetted
[DEBUG] 2025-07-24 10:23:52,743 [fontTools.subset.timer] Took 0.002s to subset 'cmap'
[INFO] 2025-07-24 10:23:52,743 [fontTools.subset] cmap subsetted
[INFO] 2025-07-24 10:23:52,744 [fontTools.subset] loca subsetting not needed
[DEBUG] 2025-07-24 10:23:52,744 [fontTools.subset.timer] Took 0.000s to subset 'post'
[INFO] 2025-07-24 10:23:52,744 [fontTools.subset] post subsetted
[INFO] 2025-07-24 10:23:52,744 [fontTools.subset] gasp subsetting not needed
[INFO] 2025-07-24 10:23:52,744 [fontTools.subset] STAT subsetting not needed
[DEBUG] 2025-07-24 10:23:52,745 [fontTools.ttLib.ttFont] Reading 'GDEF' table from disk
[DEBUG] 2025-07-24 10:23:52,745 [fontTools.ttLib.ttFont] Decompiling 'GDEF' table
[DEBUG] 2025-07-24 10:23:52,748 [fontTools.subset.timer] Took 0.003s to subset 'GDEF'
[INFO] 2025-07-24 10:23:52,748 [fontTools.subset] GDEF subsetted
[INFO] 2025-07-24 10:23:52,748 [fontTools.subset] name subsetting not needed
[DEBUG] 2025-07-24 10:23:52,751 [fontTools.subset.timer] Took 0.003s to subset 'glyf'
[INFO] 2025-07-24 10:23:52,751 [fontTools.subset] glyf subsetted
[DEBUG] 2025-07-24 10:23:52,751 [fontTools.subset.timer] Took 0.000s to subset GlyphOrder
[DEBUG] 2025-07-24 10:23:52,752 [fontTools.subset.timer] Took 0.000s to prune 'head'
[INFO] 2025-07-24 10:23:52,752 [fontTools.subset] head pruned
[DEBUG] 2025-07-24 10:23:52,752 [fontTools.ttLib.ttFont] Reading 'OS/2' table from disk
[DEBUG] 2025-07-24 10:23:52,752 [fontTools.ttLib.ttFont] Decompiling 'OS/2' table
[INFO] 2025-07-24 10:23:52,753 [fontTools.subset] OS/2 Unicode ranges pruned: [0]
[INFO] 2025-07-24 10:23:52,753 [fontTools.subset] OS/2 CodePage ranges pruned: [0]
[DEBUG] 2025-07-24 10:23:52,755 [fontTools.subset.timer] Took 0.001s to prune 'glyf'
[INFO] 2025-07-24 10:23:52,755 [fontTools.subset] glyf pruned
[DEBUG] 2025-07-24 10:23:52,755 [fontTools.subset.timer] Took 0.000s to prune 'GDEF'
[INFO] 2025-07-24 10:23:52,755 [fontTools.subset] GDEF pruned
[DEBUG] 2025-07-24 10:23:52,756 [fontTools.ttLib.ttFont] Reading 'name' table from disk
[DEBUG] 2025-07-24 10:23:52,756 [fontTools.ttLib.ttFont] Decompiling 'name' table
[DEBUG] 2025-07-24 10:23:52,756 [fontTools.ttLib.ttFont] Reading 'gasp' table from disk
[DEBUG] 2025-07-24 10:23:52,756 [fontTools.ttLib.ttFont] Decompiling 'gasp' table
[DEBUG] 2025-07-24 10:23:52,757 [fontTools.ttLib.ttFont] Reading 'STAT' table from disk
[DEBUG] 2025-07-24 10:23:52,757 [fontTools.ttLib.ttFont] Decompiling 'STAT' table
[DEBUG] 2025-07-24 10:23:52,758 [fontTools.subset.timer] Took 0.002s to prune 'name'
[INFO] 2025-07-24 10:23:52,758 [fontTools.subset] name pruned
[DEBUG] 2025-07-24 10:23:52,758 [fontTools.ttLib.ttFont] Compiling 'glyf' table
[DEBUG] 2025-07-24 10:23:52,773 [fontTools.ttLib.ttFont] Writing 'glyf' table to disk
[DEBUG] 2025-07-24 10:23:52,773 [fontTools.ttLib.ttFont] Compiling 'maxp' table
[DEBUG] 2025-07-24 10:23:52,775 [fontTools.ttLib.ttFont] Writing 'maxp' table to disk
[DEBUG] 2025-07-24 10:23:52,775 [fontTools.ttLib.ttFont] Compiling 'loca' table
[DEBUG] 2025-07-24 10:23:52,776 [fontTools.ttLib.ttFont] Writing 'loca' table to disk
[DEBUG] 2025-07-24 10:23:52,776 [fontTools.ttLib.ttFont] Compiling 'head' table
[DEBUG] 2025-07-24 10:23:52,777 [fontTools.ttLib.ttFont] Writing 'head' table to disk
[DEBUG] 2025-07-24 10:23:52,777 [fontTools.ttLib.ttFont] Compiling 'hmtx' table
[DEBUG] 2025-07-24 10:23:52,780 [fontTools.ttLib.ttFont] Writing 'hmtx' table to disk
[DEBUG] 2025-07-24 10:23:52,780 [fontTools.ttLib.ttFont] Compiling 'hhea' table
[DEBUG] 2025-07-24 10:23:52,782 [fontTools.ttLib.ttFont] Writing 'hhea' table to disk
[DEBUG] 2025-07-24 10:23:52,782 [fontTools.ttLib.ttFont] Compiling 'OS/2' table
[DEBUG] 2025-07-24 10:23:52,783 [fontTools.ttLib.ttFont] Writing 'OS/2' table to disk
[DEBUG] 2025-07-24 10:23:52,783 [fontTools.ttLib.ttFont] Compiling 'cmap' table
[DEBUG] 2025-07-24 10:23:52,784 [fontTools.ttLib.ttFont] Writing 'cmap' table to disk
[DEBUG] 2025-07-24 10:23:52,784 [fontTools.ttLib.ttFont] Compiling 'name' table
[DEBUG] 2025-07-24 10:23:52,784 [fontTools.ttLib.ttFont] Writing 'name' table to disk
[DEBUG] 2025-07-24 10:23:52,785 [fontTools.ttLib.ttFont] Compiling 'post' table
[DEBUG] 2025-07-24 10:23:52,785 [fontTools.ttLib.ttFont] Writing 'post' table to disk
[DEBUG] 2025-07-24 10:23:52,785 [fontTools.ttLib.ttFont] Compiling 'gasp' table
[DEBUG] 2025-07-24 10:23:52,785 [fontTools.ttLib.ttFont] Writing 'gasp' table to disk
[DEBUG] 2025-07-24 10:23:52,785 [fontTools.ttLib.ttFont] Compiling 'GDEF' table
[DEBUG] 2025-07-24 10:23:52,786 [fontTools.ttLib.ttFont] Writing 'GDEF' table to disk
[DEBUG] 2025-07-24 10:23:52,786 [fontTools.ttLib.ttFont] Compiling 'STAT' table
[DEBUG] 2025-07-24 10:23:52,787 [fontTools.ttLib.ttFont] Writing 'STAT' table to disk
[WARNING] 2025-07-24 10:26:22,585 [django.request] Not Found: /favicon.ico
