Method Not Allowed (GET): /course/4/enroll/
Method Not Allowed (GET): /course/4/enroll/
Method Not Allowed (GET): /course/4/enroll/
Method Not Allowed (GET): /course/4/enroll/
Method Not Allowed (GET): /course/4/enroll/
Method Not Allowed (GET): /course/4/enroll/
Method Not Allowed (GET): /course/4/enroll/
Method Not Allowed (GET): /course/4/enroll/
Method Not Allowed (GET): /course/4/enroll/
Method Not Allowed (GET): /course/4/enroll/
Method Not Allowed (GET): /course/4/enroll/
Method Not Allowed (GET): /course/4/enroll/
Method Not Allowed (GET): /course/4/enroll/
Method Not Allowed (GET): /course/4/enroll/
Invalid referer:  from IP 
Forbidden: /search/
Invalid referer:  from IP 
Forbidden: /search/
Invalid referer:  from IP 
Forbidden: /search/
Invalid referer:  from IP 
Forbidden: /search/
Not Found: /robots.txt
Invalid referer:  from IP 
Forbidden: /search/
Invalid referer:  from IP 
Forbidden: /search/
Internal Server Error: /send-invitation/
Traceback (most recent call last):
  File "/home/TIM/mysite/.venv/lib/python3.10/site-packages/django/core/handlers/exception.py", line 55, in inner
    response = get_response(request)
  File "/home/TIM/mysite/.venv/lib/python3.10/site-packages/django/core/handlers/base.py", line 197, in _get_response
    response = wrapped_callback(request, *callback_args, **callback_kwargs)
  File "/home/TIM/mysite/licensing/views.py", line 61, in send_invitation
    token = invitation.token  # Token dari undangan
AttributeError: 'Invitation' object has no attribute 'token'
Not Found: /.env
Forbidden (Referer checking failed - no Referer.): /
Internal Server Error: /accept-invitation/MQ/aa26fc8a-df1a-4597-b024-c1b0520183b5/
Traceback (most recent call last):
  File "/home/TIM/mysite/.venv/lib/python3.10/site-packages/django/urls/base.py", line 71, in reverse
    extra, resolver = resolver.namespace_dict[ns]
KeyError: 'authentications'

During handling of the above exception, another exception occurred:

Traceback (most recent call last):
  File "/home/TIM/mysite/.venv/lib/python3.10/site-packages/django/core/handlers/exception.py", line 55, in inner
    response = get_response(request)
  File "/home/TIM/mysite/.venv/lib/python3.10/site-packages/django/core/handlers/base.py", line 197, in _get_response
    response = wrapped_callback(request, *callback_args, **callback_kwargs)
  File "/home/TIM/mysite/licensing/views.py", line 118, in accept_invitation
    return redirect('authentications:login')  # Ganti dengan URL login Anda
  File "/home/TIM/mysite/.venv/lib/python3.10/site-packages/django/shortcuts.py", line 49, in redirect
    return redirect_class(resolve_url(to, *args, **kwargs))
  File "/home/TIM/mysite/.venv/lib/python3.10/site-packages/django/shortcuts.py", line 180, in resolve_url
    return reverse(to, args=args, kwargs=kwargs)
  File "/home/TIM/mysite/.venv/lib/python3.10/site-packages/django/urls/base.py", line 82, in reverse
    raise NoReverseMatch("%s is not a registered namespace" % key)
django.urls.exceptions.NoReverseMatch: 'authentications' is not a registered namespace
Invalid referer:  from IP 
Forbidden: /search/
Internal Server Error: /accept-invitation/MQ/aa26fc8a-df1a-4597-b024-c1b0520183b5/
Traceback (most recent call last):
  File "/home/TIM/mysite/.venv/lib/python3.10/site-packages/django/urls/base.py", line 71, in reverse
    extra, resolver = resolver.namespace_dict[ns]
KeyError: 'authentications'

During handling of the above exception, another exception occurred:

Traceback (most recent call last):
  File "/home/TIM/mysite/.venv/lib/python3.10/site-packages/django/core/handlers/exception.py", line 55, in inner
    response = get_response(request)
  File "/home/TIM/mysite/.venv/lib/python3.10/site-packages/django/core/handlers/base.py", line 197, in _get_response
    response = wrapped_callback(request, *callback_args, **callback_kwargs)
  File "/home/TIM/mysite/licensing/views.py", line 118, in accept_invitation
    return redirect('authentications:login')  # Ganti dengan URL login Anda
  File "/home/TIM/mysite/.venv/lib/python3.10/site-packages/django/shortcuts.py", line 49, in redirect
    return redirect_class(resolve_url(to, *args, **kwargs))
  File "/home/TIM/mysite/.venv/lib/python3.10/site-packages/django/shortcuts.py", line 180, in resolve_url
    return reverse(to, args=args, kwargs=kwargs)
  File "/home/TIM/mysite/.venv/lib/python3.10/site-packages/django/urls/base.py", line 82, in reverse
    raise NoReverseMatch("%s is not a registered namespace" % key)
django.urls.exceptions.NoReverseMatch: 'authentications' is not a registered namespace
Internal Server Error: /accept-invitation/MQ/aa26fc8a-df1a-4597-b024-c1b0520183b5/
Traceback (most recent call last):
  File "/home/TIM/mysite/.venv/lib/python3.10/site-packages/django/urls/base.py", line 71, in reverse
    extra, resolver = resolver.namespace_dict[ns]
KeyError: 'authentications'

During handling of the above exception, another exception occurred:

Traceback (most recent call last):
  File "/home/TIM/mysite/.venv/lib/python3.10/site-packages/django/core/handlers/exception.py", line 55, in inner
    response = get_response(request)
  File "/home/TIM/mysite/.venv/lib/python3.10/site-packages/django/core/handlers/base.py", line 197, in _get_response
    response = wrapped_callback(request, *callback_args, **callback_kwargs)
  File "/home/TIM/mysite/licensing/views.py", line 118, in accept_invitation
    return redirect('authentications:login')  # Ganti dengan URL login Anda
  File "/home/TIM/mysite/.venv/lib/python3.10/site-packages/django/shortcuts.py", line 49, in redirect
    return redirect_class(resolve_url(to, *args, **kwargs))
  File "/home/TIM/mysite/.venv/lib/python3.10/site-packages/django/shortcuts.py", line 180, in resolve_url
    return reverse(to, args=args, kwargs=kwargs)
  File "/home/TIM/mysite/.venv/lib/python3.10/site-packages/django/urls/base.py", line 82, in reverse
    raise NoReverseMatch("%s is not a registered namespace" % key)
django.urls.exceptions.NoReverseMatch: 'authentications' is not a registered namespace
Not Found: /favicon.ico
Invalid referer:  from IP 
Forbidden: /search/
Not Found: /course-detail/6/digital-marketing-2025-1/course-wishlist.html
Not Found: //wp-includes/wlwmanifest.xml
Not Found: //xmlrpc.php
Not Found: //blog/wp-includes/wlwmanifest.xml
Not Found: //web/wp-includes/wlwmanifest.xml
Not Found: //wordpress/wp-includes/wlwmanifest.xml
Not Found: //website/wp-includes/wlwmanifest.xml
Not Found: //wp/wp-includes/wlwmanifest.xml
Not Found: //news/wp-includes/wlwmanifest.xml
Not Found: //2020/wp-includes/wlwmanifest.xml
Not Found: //2019/wp-includes/wlwmanifest.xml
Not Found: //shop/wp-includes/wlwmanifest.xml
Not Found: //wp1/wp-includes/wlwmanifest.xml
Not Found: //test/wp-includes/wlwmanifest.xml
Not Found: //wp2/wp-includes/wlwmanifest.xml
Not Found: //site/wp-includes/wlwmanifest.xml
Not Found: //cms/wp-includes/wlwmanifest.xml
Not Found: //sito/wp-includes/wlwmanifest.xml
Not Found: /robots.txt
Invalid referer:  from IP 
Forbidden: /search/
Not Found: /course-detail/6/digital-marketing-2025-1/course-wishlist.html
Invalid referer:  from IP 
Forbidden: /search/
Invalid referer:  from IP 
Forbidden: /search/
Invalid referer:  from IP 
Forbidden: /search/
Not Found: /robots.txt
Not Found: /robots.txt
Not Found: /course-detail/1/full-stack-development/
Invalid referer:  from IP 
Forbidden: /search/
Invalid referer:  from IP 
Forbidden: /search/
Invalid referer:  from IP 
Forbidden: /search/
Internal Server Error: /accept-invitation/MQ/aa26fc8a-df1a-4597-b024-c1b0520183b5/
Traceback (most recent call last):
  File "/home/TIM/mysite/.venv/lib/python3.10/site-packages/django/core/handlers/exception.py", line 55, in inner
    response = get_response(request)
  File "/home/TIM/mysite/.venv/lib/python3.10/site-packages/django/core/handlers/base.py", line 197, in _get_response
    response = wrapped_callback(request, *callback_args, **callback_kwargs)
  File "/home/TIM/mysite/licensing/views.py", line 111, in accept_invitation
    invitation.license.user.add(request.user)  # Daftarkan pengguna pada lisensi
AttributeError: 'CustomUser' object has no attribute 'add'
Internal Server Error: /accept-invitation/MQ/aa26fc8a-df1a-4597-b024-c1b0520183b5/
Traceback (most recent call last):
  File "/home/TIM/mysite/.venv/lib/python3.10/site-packages/django/urls/base.py", line 71, in reverse
    extra, resolver = resolver.namespace_dict[ns]
KeyError: 'authentications'

During handling of the above exception, another exception occurred:

Traceback (most recent call last):
  File "/home/TIM/mysite/.venv/lib/python3.10/site-packages/django/core/handlers/exception.py", line 55, in inner
    response = get_response(request)
  File "/home/TIM/mysite/.venv/lib/python3.10/site-packages/django/core/handlers/base.py", line 197, in _get_response
    response = wrapped_callback(request, *callback_args, **callback_kwargs)
  File "/home/TIM/mysite/licensing/views.py", line 101, in accept_invitation
    return redirect('authentications:home')
  File "/home/TIM/mysite/.venv/lib/python3.10/site-packages/django/shortcuts.py", line 49, in redirect
    return redirect_class(resolve_url(to, *args, **kwargs))
  File "/home/TIM/mysite/.venv/lib/python3.10/site-packages/django/shortcuts.py", line 180, in resolve_url
    return reverse(to, args=args, kwargs=kwargs)
  File "/home/TIM/mysite/.venv/lib/python3.10/site-packages/django/urls/base.py", line 82, in reverse
    raise NoReverseMatch("%s is not a registered namespace" % key)
django.urls.exceptions.NoReverseMatch: 'authentications' is not a registered namespace
Not Found: /favicon.ico
Not Found: /cgi-bin/luci/;stok=/locale
Not Found: /wp
Not Found: /wordpress
Not Found: /ini
Not Found: /WP
Not Found: /WordPress
Not Found: /WORDPRESS
Not Found: /Ini
Not Found: /new
Not Found: /newsite
Not Found: /demo
Not Found: /backup
Not Found: /Backup
Not Found: /BACKUP
Not Found: /test
Not Found: /home
Not Found: /main
Not Found: /core
Not Found: /site
Not Found: /news
Not Found: /2023
Not Found: /2024
Not Found: /bk
Not Found: /staging
Not Found: /administrator
Not Found: /portal
Not Found: /web
Not Found: /cms
Not Found: /konten
Not Found: /informasi
Not Found: /artikel
Not Found: /media
Not Found: /posting
Not Found: /profil
Not Found: /company
Not Found: /tentang
Not Found: /layanan
Not Found: /produk
Not Found: /services
Not Found: /store
Not Found: /shop
Not Found: /toko
Not Found: /galeri
Not Found: /gallery
Not Found: /event
Not Found: /acara
Not Found: /agenda
Not Found: /seminar
Not Found: /workshop
Not Found: /pelatihan
Not Found: /support
Not Found: /help
Not Found: /bantuan
Not Found: /download
Not Found: /unduh
Not Found: /backup_old
Not Found: /backup_site
Not Found: /backup_db
Not Found: /wp-backup
Not Found: /wordpress-backup
Not Found: /wp-bak
Not Found: /wordpress-bak
Not Found: /cpanel_backup
Not Found: /public_html_old
Not Found: /www_old
Not Found: /old_site
Not Found: /backup1
Not Found: /backup2
Not Found: /backup3
Not Found: /backup4
Not Found: /backup5
Not Found: /backup6
Not Found: /backup7
Not Found: /backup8
Not Found: /backup9
Not Found: /backup10
Not Found: /wpbackup1
Not Found: /wpbackup2
Not Found: /wpbackup3
Not Found: /wpbackup4
Not Found: /wpbackup5
Not Found: /backup-01
Not Found: /backup-02
Not Found: /backup-03
Not Found: /backup-04
Not Found: /backup-05
Not Found: /staging
Not Found: /test
Not Found: /dev
Not Found: /demo
Not Found: /old
Not Found: /wp_old
Not Found: /wp_backup
Not Found: /ini1
Not Found: /ini2
Not Found: /ini3
Not Found: /ini4
Not Found: /ini5
Not Found: /ini6
Not Found: /ini7
Not Found: /ini8
Not Found: /ini9
Not Found: /ini10
Not Found: /Ini1
Not Found: /Ini2
Not Found: /Ini3
Not Found: /Ini4
Not Found: /Ini5
Not Found: /Ini6
Not Found: /Ini7
Not Found: /Ini8
Not Found: /Ini9
Not Found: /Ini10
Not Found: /ini2019
Not Found: /ini2020
Not Found: /ini2021
Not Found: /ini2022
Not Found: /ini2023
Not Found: /ini2024
Not Found: /ini2025
Not Found: /Ini2019
Invalid referer:  from IP 
Forbidden: /search/
Not Found: /Ini2020
Not Found: /Ini2021
Not Found: /Ini2022
Not Found: /Ini2023
Not Found: /Ini2024
Not Found: /Ini2025
Not Found: /ini-bak
Invalid referer:  from IP 
Forbidden: /search/
Not Found: /ini-backup
Not Found: /ini-cadangan
Internal Server Error: /licens-dashboard/
Traceback (most recent call last):
  File "/home/TIM/mysite/.venv/lib/python3.10/site-packages/django/core/handlers/exception.py", line 55, in inner
    response = get_response(request)
  File "/home/TIM/mysite/.venv/lib/python3.10/site-packages/django/core/handlers/base.py", line 197, in _get_response
    response = wrapped_callback(request, *callback_args, **callback_kwargs)
  File "/home/TIM/mysite/.venv/lib/python3.10/site-packages/django/contrib/auth/decorators.py", line 60, in _view_wrapper
    return view_func(request, *args, **kwargs)
  File "/home/TIM/mysite/licensing/views.py", line 34, in licens_dashboard
    active_invitations = Invitation.objects.filter(status='Pending', user=request.user)
  File "/home/TIM/mysite/.venv/lib/python3.10/site-packages/django/db/models/manager.py", line 87, in manager_method
    return getattr(self.get_queryset(), name)(*args, **kwargs)
  File "/home/TIM/mysite/.venv/lib/python3.10/site-packages/django/db/models/query.py", line 1476, in filter
    return self._filter_or_exclude(False, args, kwargs)
  File "/home/TIM/mysite/.venv/lib/python3.10/site-packages/django/db/models/query.py", line 1494, in _filter_or_exclude
    clone._filter_or_exclude_inplace(negate, args, kwargs)
  File "/home/TIM/mysite/.venv/lib/python3.10/site-packages/django/db/models/query.py", line 1501, in _filter_or_exclude_inplace
    self._query.add_q(Q(*args, **kwargs))
  File "/home/TIM/mysite/.venv/lib/python3.10/site-packages/django/db/models/sql/query.py", line 1609, in add_q
    clause, _ = self._add_q(q_object, self.used_aliases)
  File "/home/TIM/mysite/.venv/lib/python3.10/site-packages/django/db/models/sql/query.py", line 1641, in _add_q
    child_clause, needed_inner = self.build_filter(
  File "/home/TIM/mysite/.venv/lib/python3.10/site-packages/django/db/models/sql/query.py", line 1491, in build_filter
    lookups, parts, reffed_expression = self.solve_lookup_type(arg, summarize)
  File "/home/TIM/mysite/.venv/lib/python3.10/site-packages/django/db/models/sql/query.py", line 1303, in solve_lookup_type
    _, field, _, lookup_parts = self.names_to_path(lookup_splitted, self.get_meta())
  File "/home/TIM/mysite/.venv/lib/python3.10/site-packages/django/db/models/sql/query.py", line 1768, in names_to_path
    raise FieldError(
django.core.exceptions.FieldError: Cannot resolve keyword 'user' into field. Choices are: expiry_date, id, invitation_date, invitee_email, inviter, inviter_id, license, license_id, status, token
Invalid referer:  from IP 
Forbidden: /search/
Not Found: /config/index
Not Found: /favicon.ico
Invalid referer:  from IP 
Forbidden: /search/
Not Found: /api/bin/440393
Not Found: /api/user/binLookup
Not Found: /course_list//course-detail/5/front-end-developer/
Invalid referer:  from IP 
Forbidden: /search/
Not Found: /developmentserver/metadatauploader
Not Found: /course-detail/5/front-end-developer/course-wishlist.html
Internal Server Error: /accept-invitation/Mg/345fdcfb-0a2a-4554-9dc0-48f573d13f39/
Traceback (most recent call last):
  File "/home/TIM/mysite/licensing/views.py", line 171, in accept_invitation
    user = CustomUser.objects.get(email=invitation.invitee_email)
NameError: name 'CustomUser' is not defined

During handling of the above exception, another exception occurred:

Traceback (most recent call last):
  File "/home/TIM/mysite/.venv/lib/python3.10/site-packages/django/core/handlers/exception.py", line 55, in inner
    response = get_response(request)
  File "/home/TIM/mysite/.venv/lib/python3.10/site-packages/django/core/handlers/base.py", line 197, in _get_response
    response = wrapped_callback(request, *callback_args, **callback_kwargs)
  File "/home/TIM/mysite/licensing/views.py", line 172, in accept_invitation
    except CustomUser.DoesNotExist:
NameError: name 'CustomUser' is not defined
Not Found: /.env
Forbidden (Referer checking failed - no Referer.): /
Internal Server Error: /accept-invitation/Mw/44e1f378-3184-45c5-9ac6-c0b13361e409/
Traceback (most recent call last):
  File "/home/TIM/mysite/licensing/views.py", line 171, in accept_invitation
    try:
NameError: name 'CustomUser' is not defined

During handling of the above exception, another exception occurred:

Traceback (most recent call last):
  File "/home/TIM/mysite/.venv/lib/python3.10/site-packages/django/core/handlers/exception.py", line 55, in inner
    response = get_response(request)
  File "/home/TIM/mysite/.venv/lib/python3.10/site-packages/django/core/handlers/base.py", line 197, in _get_response
    response = wrapped_callback(request, *callback_args, **callback_kwargs)
  File "/home/TIM/mysite/licensing/views.py", line 172, in accept_invitation
    user = CustomUser.objects.get(email=invitation.invitee_email)
NameError: name 'CustomUser' is not defined
Not Found: /cgi-bin/luci/;stok=/locale
Invalid referer:  from IP 
Forbidden: /search/
Not Found: //xmlrpc.php
Not Found: //web/wp-includes/wlwmanifest.xml
Not Found: //wordpress/wp-includes/wlwmanifest.xml
Not Found: //website/wp-includes/wlwmanifest.xml
Not Found: //wp/wp-includes/wlwmanifest.xml
Not Found: //sito/wp-includes/wlwmanifest.xml
Not Found: /course_list//course-detail/4/build-powerful-web-applications-with-django/
Internal Server Error: /accept-invitation/NA/34097bc3-a050-4788-8c4c-63d372a2908e/
Traceback (most recent call last):
  File "/home/TIM/mysite/.venv/lib/python3.10/site-packages/django/core/handlers/exception.py", line 55, in inner
    response = get_response(request)
  File "/home/TIM/mysite/.venv/lib/python3.10/site-packages/django/core/handlers/base.py", line 197, in _get_response
    response = wrapped_callback(request, *callback_args, **callback_kwargs)
  File "/home/TIM/mysite/licensing/views.py", line 177, in accept_invitation
    invitation.license.user.add(user)
AttributeError: 'CustomUser' object has no attribute 'add'
Invalid referer:  from IP 
Forbidden: /search/
Internal Server Error: /licens-dashboard/
Traceback (most recent call last):
  File "/home/TIM/mysite/.venv/lib/python3.10/site-packages/django/core/handlers/exception.py", line 55, in inner
    response = get_response(request)
  File "/home/TIM/mysite/.venv/lib/python3.10/site-packages/django/core/handlers/base.py", line 197, in _get_response
    response = wrapped_callback(request, *callback_args, **callback_kwargs)
  File "/home/TIM/mysite/.venv/lib/python3.10/site-packages/django/contrib/auth/decorators.py", line 60, in _view_wrapper
    return view_func(request, *args, **kwargs)
  File "/home/TIM/mysite/licensing/views.py", line 43, in licens_dashboard
    licenses = License.objects.filter(user=request.user)
  File "/home/TIM/mysite/.venv/lib/python3.10/site-packages/django/db/models/manager.py", line 87, in manager_method
    return getattr(self.get_queryset(), name)(*args, **kwargs)
  File "/home/TIM/mysite/.venv/lib/python3.10/site-packages/django/db/models/query.py", line 1476, in filter
    return self._filter_or_exclude(False, args, kwargs)
  File "/home/TIM/mysite/.venv/lib/python3.10/site-packages/django/db/models/query.py", line 1494, in _filter_or_exclude
    clone._filter_or_exclude_inplace(negate, args, kwargs)
  File "/home/TIM/mysite/.venv/lib/python3.10/site-packages/django/db/models/query.py", line 1501, in _filter_or_exclude_inplace
    self._query.add_q(Q(*args, **kwargs))
  File "/home/TIM/mysite/.venv/lib/python3.10/site-packages/django/db/models/sql/query.py", line 1609, in add_q
    clause, _ = self._add_q(q_object, self.used_aliases)
  File "/home/TIM/mysite/.venv/lib/python3.10/site-packages/django/db/models/sql/query.py", line 1641, in _add_q
    child_clause, needed_inner = self.build_filter(
  File "/home/TIM/mysite/.venv/lib/python3.10/site-packages/django/db/models/sql/query.py", line 1491, in build_filter
    lookups, parts, reffed_expression = self.solve_lookup_type(arg, summarize)
  File "/home/TIM/mysite/.venv/lib/python3.10/site-packages/django/db/models/sql/query.py", line 1303, in solve_lookup_type
    _, field, _, lookup_parts = self.names_to_path(lookup_splitted, self.get_meta())
  File "/home/TIM/mysite/.venv/lib/python3.10/site-packages/django/db/models/sql/query.py", line 1768, in names_to_path
    raise FieldError(
django.core.exceptions.FieldError: Cannot resolve keyword 'user' into field. Choices are: description, expiry_date, id, invitation, license_type, name, start_date, status, subscription_frequency, subscription_type, university, university_id, users
Not Found: /owa/auth/x.js
Invalid referer:  from IP 
Forbidden: /search/
Not Found: /.env
Forbidden (Referer checking failed - no Referer.): /
Not Found: /licens-dashboard/
Not Found: /licens-dashboard/
Invalid referer:  from IP 
Forbidden: /search/
Not Found: /course_list//course-detail/1/backend-development/
Not Found: /course_list//course-detail/3/big-data-developer/
Invalid referer:  from IP 
Forbidden: /search/
Not Found: /licens-dashboard/
Invalid referer:  from IP 
Forbidden: /search/
Invalid referer:  from IP 
Forbidden: /search/
Memeriksa lisensi untuk pengguna: official (ID: 5)
Lisensi ditemukan: lisensi percobaan (ID: 2, Status: True, Pengguna: 1/20)
Pengguna official mengirim undangan ke johansantri@gmail.com
Invalid referer:  from IP 
Forbidden: /search/
Invalid referer:  from IP 
Forbidden: /search/
Invalid referer:  from IP 
Forbidden: /search/
Invalid referer:  from IP 
Forbidden: /search/
Invalid referer:  from IP 
Forbidden: /search/
Invalid referer:  from IP 
Forbidden: /search/
Not Found: /licensing/dashboard/
Not Found: /licensing/dashboard/
Not Found: /favicon.ico
Not Found: /cgi-bin/luci/;stok=/locale
Pengguna pakaimata@gmail.com mengakses licens_dashboard (is_subscription=True)
Pengguna pakaimata@gmail.com mengakses licens_dashboard (is_subscription=True)
Method Not Allowed: /
Pengguna pakaimata@gmail.com mengakses licens_dashboard (is_subscription=True)
Invalid referer:  from IP 
Forbidden: /search/
Pengguna pakaimata@gmail.com mengakses licens_dashboard (is_subscription=True)
Invalid referer:  from IP 
Forbidden: /search/
Not Found: /_profiler/phpinfo
Invalid referer:  from IP 
Forbidden: /search/
Invalid referer:  from IP 
Forbidden: /search/
Internal Server Error: /submit_assessment/1/
Traceback (most recent call last):
  File "/home/TIM/mysite/.venv/lib/python3.10/site-packages/django/db/models/fields/__init__.py", line 2123, in get_prep_value
    return int(value)
ValueError: invalid literal for int() with base 10: 'johan'

The above exception was the direct cause of the following exception:

Traceback (most recent call last):
  File "/home/TIM/mysite/.venv/lib/python3.10/site-packages/django/core/handlers/exception.py", line 55, in inner
    response = get_response(request)
  File "/home/TIM/mysite/.venv/lib/python3.10/site-packages/django/core/handlers/base.py", line 197, in _get_response
    response = wrapped_callback(request, *callback_args, **callback_kwargs)
  File "/home/TIM/mysite/courses/views.py", line 2208, in submit_assessment
    score = Score.objects.create(
  File "/home/TIM/mysite/.venv/lib/python3.10/site-packages/django/db/models/manager.py", line 87, in manager_method
    return getattr(self.get_queryset(), name)(*args, **kwargs)
  File "/home/TIM/mysite/.venv/lib/python3.10/site-packages/django/db/models/query.py", line 679, in create
    obj.save(force_insert=True, using=self.db)
  File "/home/TIM/mysite/.venv/lib/python3.10/site-packages/django/db/models/base.py", line 892, in save
    self.save_base(
  File "/home/TIM/mysite/.venv/lib/python3.10/site-packages/django/db/models/base.py", line 1013, in save_base
    post_save.send(
  File "/home/TIM/mysite/.venv/lib/python3.10/site-packages/django/dispatch/dispatcher.py", line 189, in send
    response = receiver(signal=self, sender=sender, **named)
  File "/home/TIM/mysite/courses/signals.py", line 19, in update_course_progress_with_score
    course_progress, created = CourseProgress.objects.get_or_create(user=user, course=course)
  File "/home/TIM/mysite/.venv/lib/python3.10/site-packages/django/db/models/manager.py", line 87, in manager_method
    return getattr(self.get_queryset(), name)(*args, **kwargs)
  File "/home/TIM/mysite/.venv/lib/python3.10/site-packages/django/db/models/query.py", line 948, in get_or_create
    return self.get(**kwargs), False
  File "/home/TIM/mysite/.venv/lib/python3.10/site-packages/django/db/models/query.py", line 635, in get
    clone = self._chain() if self.query.combinator else self.filter(*args, **kwargs)
  File "/home/TIM/mysite/.venv/lib/python3.10/site-packages/django/db/models/query.py", line 1476, in filter
    return self._filter_or_exclude(False, args, kwargs)
  File "/home/TIM/mysite/.venv/lib/python3.10/site-packages/django/db/models/query.py", line 1494, in _filter_or_exclude
    clone._filter_or_exclude_inplace(negate, args, kwargs)
  File "/home/TIM/mysite/.venv/lib/python3.10/site-packages/django/db/models/query.py", line 1501, in _filter_or_exclude_inplace
    self._query.add_q(Q(*args, **kwargs))
  File "/home/TIM/mysite/.venv/lib/python3.10/site-packages/django/db/models/sql/query.py", line 1609, in add_q
    clause, _ = self._add_q(q_object, self.used_aliases)
  File "/home/TIM/mysite/.venv/lib/python3.10/site-packages/django/db/models/sql/query.py", line 1641, in _add_q
    child_clause, needed_inner = self.build_filter(
  File "/home/TIM/mysite/.venv/lib/python3.10/site-packages/django/db/models/sql/query.py", line 1555, in build_filter
    condition = self.build_lookup(lookups, col, value)
  File "/home/TIM/mysite/.venv/lib/python3.10/site-packages/django/db/models/sql/query.py", line 1385, in build_lookup
    lookup = lookup_class(lhs, rhs)
  File "/home/TIM/mysite/.venv/lib/python3.10/site-packages/django/db/models/lookups.py", line 30, in __init__
    self.rhs = self.get_prep_lookup()
  File "/home/TIM/mysite/.venv/lib/python3.10/site-packages/django/db/models/fields/related_lookups.py", line 156, in get_prep_lookup
    self.rhs = target_field.get_prep_value(self.rhs)
  File "/home/TIM/mysite/.venv/lib/python3.10/site-packages/django/db/models/fields/__init__.py", line 2125, in get_prep_value
    raise e.__class__(
ValueError: Field 'id' expected a number but got 'johan'.
Pengguna pakaimata@gmail.com mengakses licens_dashboard (is_subscription=True)
Partner logo found: https://ini.icei.ac.id/media/logos/oxford.png
QR code generated: https://ini.icei.ac.id/media/qrcodes/certificate_359bd3c7-6b05-470e-968a-42c28bcb1f6b.png
Certificate 359bd3c7-6b05-470e-968a-42c28bcb1f6b saved for user johan
Step 1 - Fetching and parsing HTML - HTML string
Step 2 - Fetching and parsing CSS - CSS string
Step 2 - Fetching and parsing CSS - https://fonts.googleapis.com/css2?family=Inter:wght@300;400;600&family=Playfair+Display:wght@400;700&display=swap
Invalid referer:  from IP 
Forbidden: /search/
Ignored `pointer-events: none` at 204:13, the property does not apply for the print media.
Step 3 - Applying CSS
Step 4 - Creating formatting structure
Step 5 - Creating layout - Page 1
Failed to load image at 'https://ini.icei.ac.id/static/images/signature.png': HTTPError: HTTP Error 404: Not Found
Error while loading image:
Traceback (most recent call last):
  File "/home/TIM/mysite/.venv/lib/python3.10/site-packages/weasyprint/urls.py", line 258, in fetch
    result = url_fetcher(url)
  File "/home/TIM/mysite/.venv/lib/python3.10/site-packages/weasyprint/urls.py", line 223, in default_url_fetcher
    response = urlopen(
  File "/usr/lib/python3.10/urllib/request.py", line 216, in urlopen
    return opener.open(url, data, timeout)
  File "/usr/lib/python3.10/urllib/request.py", line 525, in open
    response = meth(req, response)
  File "/usr/lib/python3.10/urllib/request.py", line 634, in http_response
    response = self.parent.error(
  File "/usr/lib/python3.10/urllib/request.py", line 563, in error
    return self._call_chain(*args)
  File "/usr/lib/python3.10/urllib/request.py", line 496, in _call_chain
    result = func(*args)
  File "/usr/lib/python3.10/urllib/request.py", line 643, in http_error_default
    raise HTTPError(req.full_url, code, msg, hdrs, fp)
urllib.error.HTTPError: HTTP Error 404: Not Found

During handling of the above exception, another exception occurred:

Traceback (most recent call last):
  File "/home/TIM/mysite/.venv/lib/python3.10/site-packages/weasyprint/images.py", line 301, in get_image_from_uri
    with fetch(url_fetcher, url) as result:
  File "/usr/lib/python3.10/contextlib.py", line 135, in __enter__
    return next(self.gen)
  File "/home/TIM/mysite/.venv/lib/python3.10/site-packages/weasyprint/urls.py", line 260, in fetch
    raise URLFetchingError(f'{type(exception).__name__}: {exception}')
weasyprint.urls.URLFetchingError: HTTPError: HTTP Error 404: Not Found
Step 6 - Creating PDF
Step 7 - Adding PDF metadata
Reading 'maxp' table from disk
Decompiling 'maxp' table
Took 0.001s to load 'maxp'
Took 0.000s to prune 'maxp'
maxp pruned
Reading 'cmap' table from disk
Decompiling 'cmap' table
Reading 'post' table from disk
Decompiling 'post' table
Took 0.003s to load 'cmap'
Took 0.000s to prune 'cmap'
cmap pruned
prep dropped
Took 0.000s to load 'post'
Took 0.000s to prune 'post'
post pruned
GPOS dropped
GSUB dropped
Reading 'glyf' table from disk
Decompiling 'glyf' table
Reading 'loca' table from disk
Decompiling 'loca' table
Reading 'head' table from disk
Decompiling 'head' table
Took 0.004s to load 'glyf'
Took 0.000s to prune 'glyf'
glyf pruned
Took 0.000s to close glyph list over 'cmap'
Added gid0 to subset
Closing glyph list over 'glyf': 30 glyphs before
Glyph names: ['.notdef', 'A', 'C', 'E', 'F', 'I', 'J', 'L', 'M', 'N', 'O', 'P', 'R', 'S', 'T', 'a', 'c', 'd', 'e', 'f', 'fi', 'h', 'i', 'm', 'n', 'o', 'r', 'space', 't', 'v']
Glyph IDs:   [0, 1, 26, 36, 56, 69, 82, 87, 93, 94, 100, 125, 128, 132, 140, 190, 215, 221, 225, 246, 255, 259, 286, 287, 294, 322, 334, 359, 387, 633]
Closed glyph list over 'glyf': 32 glyphs after
Glyph names: ['.notdef', 'A', 'C', 'E', 'F', 'I', 'J', 'L', 'M', 'N', 'O', 'P', 'R', 'S', 'T', 'a', 'c', 'd', 'dotlessi', 'e', 'f', 'fi', 'h', 'i', 'm', 'n', 'o', 'r', 'space', 't', 'uni0307', 'v']
Glyph IDs:   [0, 1, 26, 36, 56, 69, 82, 87, 93, 94, 100, 125, 128, 132, 140, 190, 215, 221, 225, 246, 255, 259, 260, 286, 287, 294, 322, 334, 359, 387, 633, 700]
Took 0.002s to close glyph list over 'glyf'
Retaining 32 glyphs
head subsetting not needed
hhea subsetting not needed
maxp subsetting not needed
OS/2 subsetting not needed
Reading 'hmtx' table from disk
Decompiling 'hmtx' table
Reading 'hhea' table from disk
Decompiling 'hhea' table
Took 0.002s to subset 'hmtx'
hmtx subsetted
Took 0.000s to subset 'cmap'
cmap subsetted
loca subsetting not needed
Took 0.000s to subset 'post'
post subsetted
gasp subsetting not needed
STAT subsetting not needed
Reading 'GDEF' table from disk
Decompiling 'GDEF' table
Took 0.002s to subset 'GDEF'
GDEF subsetted
name subsetting not needed
Took 0.001s to subset 'glyf'
glyf subsetted
Took 0.000s to subset GlyphOrder
Took 0.000s to prune 'head'
head pruned
Reading 'OS/2' table from disk
Decompiling 'OS/2' table
OS/2 Unicode ranges pruned: [0, 62]
OS/2 CodePage ranges pruned: [0]
Took 0.001s to prune 'glyf'
glyf pruned
Took 0.000s to prune 'GDEF'
GDEF pruned
Reading 'name' table from disk
Decompiling 'name' table
Reading 'gasp' table from disk
Decompiling 'gasp' table
Reading 'STAT' table from disk
Decompiling 'STAT' table
Took 0.002s to prune 'name'
name pruned
Reading 'maxp' table from disk
Decompiling 'maxp' table
Took 0.000s to load 'maxp'
Took 0.000s to prune 'maxp'
maxp pruned
Reading 'cmap' table from disk
Decompiling 'cmap' table
Reading 'post' table from disk
Decompiling 'post' table
Took 0.010s to load 'cmap'
Took 0.000s to prune 'cmap'
cmap pruned
prep dropped
Took 0.000s to load 'post'
Took 0.000s to prune 'post'
post pruned
GPOS dropped
GSUB dropped
Reading 'glyf' table from disk
Decompiling 'glyf' table
Reading 'loca' table from disk
Decompiling 'loca' table
Reading 'head' table from disk
Decompiling 'head' table
Took 0.011s to load 'glyf'
Took 0.000s to prune 'glyf'
glyf pruned
Took 0.001s to close glyph list over 'cmap'
Added gid0 to subset
Closing glyph list over 'glyf': 39 glyphs before
Glyph names: ['.notdef', 'A', 'I', 'O', 'P', 'Q', 'S', 'T', 'U', 'V', 'a', 'b', 'c', 'colon', 'd', 'e', 'f', 'five', 'g', 'h', 'hyphen.case', 'i', 'l', 'n', 'o', 'one', 'period', 'r', 's', 'space', 't', 'two', 'u', 'v', 'w', 'x', 'y', 'z', 'zero']
Glyph IDs:   [0, 2, 197, 321, 375, 382, 397, 411, 424, 456, 507, 578, 586, 597, 614, 647, 658, 670, 689, 736, 773, 790, 852, 871, 888, 913, 978, 982, 991, 996, 1020, 1339, 1340, 1341, 1345, 1469, 1500, 1503, 1747]
Closed glyph list over 'glyf': 42 glyphs after
Glyph names: ['.notdef', 'A', 'I', 'O', 'P', 'Q', 'S', 'T', 'U', 'V', 'a', 'b', 'c', 'colon', 'd', 'dotlessi', 'e', 'f', 'five', 'g', 'h', 'hyphen', 'hyphen.case', 'i', 'l', 'n', 'o', 'one', 'period', 'r', 's', 'space', 't', 'two', 'u', 'uni0307', 'v', 'w', 'x', 'y', 'z', 'zero']
Glyph IDs:   [0, 2, 197, 321, 375, 382, 397, 411, 424, 456, 507, 578, 586, 597, 614, 647, 658, 670, 689, 690, 736, 773, 790, 852, 871, 888, 913, 978, 982, 991, 996, 1020, 1339, 1340, 1341, 1345, 1457, 1469, 1500, 1503, 1747, 2645]
Took 0.002s to close glyph list over 'glyf'
Retaining 42 glyphs
head subsetting not needed
hhea subsetting not needed
maxp subsetting not needed
OS/2 subsetting not needed
Reading 'hmtx' table from disk
Decompiling 'hmtx' table
Reading 'hhea' table from disk
Decompiling 'hhea' table
Took 0.004s to subset 'hmtx'
hmtx subsetted
Took 0.002s to subset 'cmap'
cmap subsetted
loca subsetting not needed
Took 0.000s to subset 'post'
post subsetted
gasp subsetting not needed
STAT subsetting not needed
Reading 'GDEF' table from disk
Decompiling 'GDEF' table
Took 0.003s to subset 'GDEF'
GDEF subsetted
name subsetting not needed
Took 0.002s to subset 'glyf'
glyf subsetted
Took 0.000s to subset GlyphOrder
Took 0.000s to prune 'head'
head pruned
Reading 'OS/2' table from disk
Decompiling 'OS/2' table
OS/2 Unicode ranges pruned: [0, 60]
OS/2 CodePage ranges pruned: [0]
Took 0.001s to prune 'glyf'
glyf pruned
Took 0.000s to prune 'GDEF'
GDEF pruned
Reading 'name' table from disk
Decompiling 'name' table
Reading 'gasp' table from disk
Decompiling 'gasp' table
Reading 'STAT' table from disk
Decompiling 'STAT' table
Took 0.002s to prune 'name'
name pruned
Reading 'maxp' table from disk
Decompiling 'maxp' table
Took 0.000s to load 'maxp'
Took 0.000s to prune 'maxp'
maxp pruned
Reading 'cmap' table from disk
Decompiling 'cmap' table
Reading 'post' table from disk
Decompiling 'post' table
Took 0.010s to load 'cmap'
Took 0.000s to prune 'cmap'
cmap pruned
prep dropped
Took 0.000s to load 'post'
Took 0.000s to prune 'post'
post pruned
GPOS dropped
GSUB dropped
Reading 'glyf' table from disk
Decompiling 'glyf' table
Reading 'loca' table from disk
Decompiling 'loca' table
Reading 'head' table from disk
Decompiling 'head' table
Took 0.005s to load 'glyf'
Took 0.000s to prune 'glyf'
glyf pruned
Took 0.001s to close glyph list over 'cmap'
Added gid0 to subset
Closing glyph list over 'glyf': 43 glyphs before
Glyph names: ['.notdef', 'A', 'B', 'C', 'D', 'E', 'H', 'I', 'M', 'N', 'O', 'P', 'R', 'S', 'T', 'U', 'V', 'X', 'a', 'at', 'c', 'd', 'e', 'f', 'i', 'k', 'l', 'm', 'n', 'o', 'one', 'p', 'period', 'r', 's', 'six', 'space', 't', 'u', 'v', 'x', 'y', 'zero']
Glyph IDs:   [0, 2, 65, 73, 84, 95, 161, 197, 292, 300, 321, 375, 384, 397, 411, 424, 456, 466, 507, 586, 597, 614, 647, 689, 727, 736, 766, 773, 790, 843, 852, 871, 888, 913, 978, 991, 996, 1339, 1340, 1347, 1443, 1500, 1747]
Closed glyph list over 'glyf': 45 glyphs after
Glyph names: ['.notdef', 'A', 'B', 'C', 'D', 'E', 'H', 'I', 'M', 'N', 'O', 'P', 'R', 'S', 'T', 'U', 'V', 'X', 'a', 'at', 'c', 'd', 'dotlessi', 'e', 'f', 'i', 'k', 'l', 'm', 'n', 'o', 'one', 'p', 'period', 'r', 's', 'six', 'space', 't', 'u', 'uni0307', 'v', 'x', 'y', 'zero']
Glyph IDs:   [0, 2, 65, 73, 84, 95, 161, 197, 292, 300, 321, 375, 384, 397, 411, 424, 456, 466, 507, 586, 597, 614, 647, 689, 690, 727, 736, 766, 773, 790, 843, 852, 871, 888, 913, 978, 991, 996, 1339, 1340, 1347, 1443, 1500, 1747, 2645]
Took 0.002s to close glyph list over 'glyf'
Retaining 45 glyphs
head subsetting not needed
hhea subsetting not needed
maxp subsetting not needed
OS/2 subsetting not needed
Reading 'hmtx' table from disk
Decompiling 'hmtx' table
Reading 'hhea' table from disk
Decompiling 'hhea' table
Took 0.003s to subset 'hmtx'
hmtx subsetted
Took 0.002s to subset 'cmap'
cmap subsetted
loca subsetting not needed
Took 0.000s to subset 'post'
post subsetted
gasp subsetting not needed
STAT subsetting not needed
Reading 'GDEF' table from disk
Decompiling 'GDEF' table
Took 0.003s to subset 'GDEF'
GDEF subsetted
name subsetting not needed
Took 0.002s to subset 'glyf'
glyf subsetted
Took 0.000s to subset GlyphOrder
Took 0.000s to prune 'head'
head pruned
Reading 'OS/2' table from disk
Decompiling 'OS/2' table
OS/2 Unicode ranges pruned: [0]
OS/2 CodePage ranges pruned: [0]
Took 0.001s to prune 'glyf'
glyf pruned
Took 0.000s to prune 'GDEF'
GDEF pruned
Reading 'name' table from disk
Decompiling 'name' table
Reading 'gasp' table from disk
Decompiling 'gasp' table
Reading 'STAT' table from disk
Decompiling 'STAT' table
Took 0.002s to prune 'name'
name pruned
Pengguna pakaimata@gmail.com mengakses licens_dashboard (is_subscription=True)
Pengguna pakaimata@gmail.com mengakses licens_dashboard (is_subscription=True)
Pengguna pakaimata@gmail.com mengakses licens_dashboard (is_subscription=True)
Pengguna pakaimata@gmail.com mengakses licens_dashboard (is_subscription=True)
Internal Server Error: /licensing/dashboard/
Traceback (most recent call last):
  File "/home/TIM/mysite/.venv/lib/python3.10/site-packages/django/core/handlers/exception.py", line 55, in inner
    response = get_response(request)
  File "/home/TIM/mysite/.venv/lib/python3.10/site-packages/django/core/handlers/base.py", line 197, in _get_response
    response = wrapped_callback(request, *callback_args, **callback_kwargs)
  File "/home/TIM/mysite/.venv/lib/python3.10/site-packages/django/contrib/auth/decorators.py", line 60, in _view_wrapper
    return view_func(request, *args, **kwargs)
  File "/home/TIM/mysite/licensing/views.py", line 95, in licens_dashboard
    return render(request, 'licensing/licens_dashboard.html', context)
  File "/home/TIM/mysite/.venv/lib/python3.10/site-packages/django/shortcuts.py", line 25, in render
    content = loader.render_to_string(template_name, context, request, using=using)
  File "/home/TIM/mysite/.venv/lib/python3.10/site-packages/django/template/loader.py", line 61, in render_to_string
    template = get_template(template_name, using=using)
  File "/home/TIM/mysite/.venv/lib/python3.10/site-packages/django/template/loader.py", line 15, in get_template
    return engine.get_template(template_name)
  File "/home/TIM/mysite/.venv/lib/python3.10/site-packages/django/template/backends/django.py", line 79, in get_template
    return Template(self.engine.get_template(template_name), self)
  File "/home/TIM/mysite/.venv/lib/python3.10/site-packages/django/template/engine.py", line 177, in get_template
    template, origin = self.find_template(template_name)
  File "/home/TIM/mysite/.venv/lib/python3.10/site-packages/django/template/engine.py", line 159, in find_template
    template = loader.get_template(name, skip=skip)
  File "/home/TIM/mysite/.venv/lib/python3.10/site-packages/django/template/loaders/cached.py", line 57, in get_template
    template = super().get_template(template_name, skip)
  File "/home/TIM/mysite/.venv/lib/python3.10/site-packages/django/template/loaders/base.py", line 28, in get_template
    return Template(
  File "/home/TIM/mysite/.venv/lib/python3.10/site-packages/django/template/base.py", line 154, in __init__
    self.nodelist = self.compile_nodelist()
  File "/home/TIM/mysite/.venv/lib/python3.10/site-packages/django/template/base.py", line 196, in compile_nodelist
    nodelist = parser.parse()
  File "/home/TIM/mysite/.venv/lib/python3.10/site-packages/django/template/base.py", line 518, in parse
    raise self.error(token, e)
  File "/home/TIM/mysite/.venv/lib/python3.10/site-packages/django/template/base.py", line 516, in parse
    compiled_result = compile_func(self, token)
  File "/home/TIM/mysite/.venv/lib/python3.10/site-packages/django/template/loader_tags.py", line 295, in do_extends
    nodelist = parser.parse()
  File "/home/TIM/mysite/.venv/lib/python3.10/site-packages/django/template/base.py", line 518, in parse
    raise self.error(token, e)
  File "/home/TIM/mysite/.venv/lib/python3.10/site-packages/django/template/base.py", line 516, in parse
    compiled_result = compile_func(self, token)
  File "/home/TIM/mysite/.venv/lib/python3.10/site-packages/django/template/loader_tags.py", line 234, in do_block
    nodelist = parser.parse(("endblock",))
  File "/home/TIM/mysite/.venv/lib/python3.10/site-packages/django/template/base.py", line 518, in parse
    raise self.error(token, e)
  File "/home/TIM/mysite/.venv/lib/python3.10/site-packages/django/template/base.py", line 516, in parse
    compiled_result = compile_func(self, token)
  File "/home/TIM/mysite/.venv/lib/python3.10/site-packages/django/template/defaulttags.py", line 862, in do_for
    nodelist_loop = parser.parse(
  File "/home/TIM/mysite/.venv/lib/python3.10/site-packages/django/template/base.py", line 518, in parse
    raise self.error(token, e)
  File "/home/TIM/mysite/.venv/lib/python3.10/site-packages/django/template/base.py", line 516, in parse
    compiled_result = compile_func(self, token)
  File "/home/TIM/mysite/.venv/lib/python3.10/site-packages/django/template/defaulttags.py", line 962, in do_if
    nodelist = parser.parse(("elif", "else", "endif"))
  File "/home/TIM/mysite/.venv/lib/python3.10/site-packages/django/template/base.py", line 518, in parse
    raise self.error(token, e)
  File "/home/TIM/mysite/.venv/lib/python3.10/site-packages/django/template/base.py", line 516, in parse
    compiled_result = compile_func(self, token)
  File "/home/TIM/mysite/.venv/lib/python3.10/site-packages/django/template/defaulttags.py", line 862, in do_for
    nodelist_loop = parser.parse(
  File "/home/TIM/mysite/.venv/lib/python3.10/site-packages/django/template/base.py", line 518, in parse
    raise self.error(token, e)
  File "/home/TIM/mysite/.venv/lib/python3.10/site-packages/django/template/base.py", line 516, in parse
    compiled_result = compile_func(self, token)
  File "/home/TIM/mysite/.venv/lib/python3.10/site-packages/django/template/defaulttags.py", line 962, in do_if
    nodelist = parser.parse(("elif", "else", "endif"))
  File "/home/TIM/mysite/.venv/lib/python3.10/site-packages/django/template/base.py", line 518, in parse
    raise self.error(token, e)
  File "/home/TIM/mysite/.venv/lib/python3.10/site-packages/django/template/base.py", line 516, in parse
    compiled_result = compile_func(self, token)
  File "/home/TIM/mysite/.venv/lib/python3.10/site-packages/django/template/defaulttags.py", line 862, in do_for
    nodelist_loop = parser.parse(
  File "/home/TIM/mysite/.venv/lib/python3.10/site-packages/django/template/base.py", line 518, in parse
    raise self.error(token, e)
  File "/home/TIM/mysite/.venv/lib/python3.10/site-packages/django/template/base.py", line 516, in parse
    compiled_result = compile_func(self, token)
  File "/home/TIM/mysite/.venv/lib/python3.10/site-packages/django/template/defaulttags.py", line 1531, in do_with
    extra_context = token_kwargs(remaining_bits, parser, support_legacy=True)
  File "/home/TIM/mysite/.venv/lib/python3.10/site-packages/django/template/base.py", line 1119, in token_kwargs
    kwargs[key] = parser.compile_filter(value)
  File "/home/TIM/mysite/.venv/lib/python3.10/site-packages/django/template/base.py", line 605, in compile_filter
    return FilterExpression(token, self)
  File "/home/TIM/mysite/.venv/lib/python3.10/site-packages/django/template/base.py", line 706, in __init__
    raise TemplateSyntaxError(
django.template.exceptions.TemplateSyntaxError: Could not parse the remainder: '(course=enrollment.course).first' from 'enrollment.user.certificates.filter(course=enrollment.course).first'
Not Found: /licens-dashboard/
Not Found: /licens-dashboard/
Not Found: /send-invitation/
Pengguna pakaimata@gmail.com mengakses licens_dashboard (is_subscription=True)
Lisensi: lisensi percobaan, Peserta: ['johansantri@gmail.com']
Enrollments untuk lisensi percobaan: [('johansantri@gmail.com', 'Backend development')]
Kursus untuk lisensi percobaan: ['Backend development']
Internal Server Error: /licensing/dashboard/
Traceback (most recent call last):
  File "/home/TIM/mysite/.venv/lib/python3.10/site-packages/django/core/handlers/exception.py", line 55, in inner
    response = get_response(request)
  File "/home/TIM/mysite/.venv/lib/python3.10/site-packages/django/core/handlers/base.py", line 197, in _get_response
    response = wrapped_callback(request, *callback_args, **callback_kwargs)
  File "/home/TIM/mysite/.venv/lib/python3.10/site-packages/django/contrib/auth/decorators.py", line 60, in _view_wrapper
    return view_func(request, *args, **kwargs)
  File "/home/TIM/mysite/licensing/views.py", line 75, in licens_dashboard
    certificate = Certificate.objects.filter(user=enrollment.user, course=course).first()
NameError: name 'Certificate' is not defined
Pengguna pakaimata@gmail.com mengakses licens_dashboard (is_subscription=True)
Lisensi: lisensi percobaan, Peserta: ['johansantri@gmail.com']
Enrollments untuk lisensi percobaan: [('johansantri@gmail.com', 'Backend development')]
Kursus untuk lisensi percobaan: ['Backend development']
Pengguna pakaimata@gmail.com mengakses licens_dashboard (is_subscription=True)
Lisensi: lisensi percobaan, Peserta: ['johansantri@gmail.com']
Enrollments untuk lisensi percobaan: [('johansantri@gmail.com', 'Backend development')]
Kursus untuk lisensi percobaan: ['Backend development']
Invalid referer:  from IP 
Forbidden: /search/
Pengalihan ke participant_dashboard untuk admin@admin.com karena bukan admin langganan (is_subscription=False)
Pengguna pakaimata@gmail.com mengakses licens_dashboard (is_subscription=True)
Lisensi: lisensi percobaan, Peserta: ['johansantri@gmail.com']
Enrollments untuk lisensi percobaan: [('johansantri@gmail.com', 'Backend development')]
Kursus untuk lisensi percobaan: ['Backend development']
Internal Server Error: /licensing/dashboard/
Traceback (most recent call last):
  File "/home/TIM/mysite/.venv/lib/python3.10/site-packages/django/core/handlers/exception.py", line 55, in inner
    response = get_response(request)
  File "/home/TIM/mysite/.venv/lib/python3.10/site-packages/django/core/handlers/base.py", line 197, in _get_response
    response = wrapped_callback(request, *callback_args, **callback_kwargs)
  File "/home/TIM/mysite/.venv/lib/python3.10/site-packages/django/contrib/auth/decorators.py", line 60, in _view_wrapper
    return view_func(request, *args, **kwargs)
  File "/home/TIM/mysite/licensing/views.py", line 98, in licens_dashboard
    return render(request, 'licensing/licens_dashboard.html', context)
  File "/home/TIM/mysite/.venv/lib/python3.10/site-packages/django/shortcuts.py", line 25, in render
    content = loader.render_to_string(template_name, context, request, using=using)
  File "/home/TIM/mysite/.venv/lib/python3.10/site-packages/django/template/loader.py", line 62, in render_to_string
    return template.render(context, request)
  File "/home/TIM/mysite/.venv/lib/python3.10/site-packages/django/template/backends/django.py", line 107, in render
    return self.template.render(context)
  File "/home/TIM/mysite/.venv/lib/python3.10/site-packages/django/template/base.py", line 171, in render
    return self._render(context)
  File "/home/TIM/mysite/.venv/lib/python3.10/site-packages/django/template/base.py", line 163, in _render
    return self.nodelist.render(context)
  File "/home/TIM/mysite/.venv/lib/python3.10/site-packages/django/template/base.py", line 1008, in render
    return SafeString("".join([node.render_annotated(context) for node in self]))
  File "/home/TIM/mysite/.venv/lib/python3.10/site-packages/django/template/base.py", line 1008, in <listcomp>
    return SafeString("".join([node.render_annotated(context) for node in self]))
  File "/home/TIM/mysite/.venv/lib/python3.10/site-packages/django/template/base.py", line 969, in render_annotated
    return self.render(context)
  File "/home/TIM/mysite/.venv/lib/python3.10/site-packages/django/template/loader_tags.py", line 159, in render
    return compiled_parent._render(context)
  File "/home/TIM/mysite/.venv/lib/python3.10/site-packages/django/template/base.py", line 163, in _render
    return self.nodelist.render(context)
  File "/home/TIM/mysite/.venv/lib/python3.10/site-packages/django/template/base.py", line 1008, in render
    return SafeString("".join([node.render_annotated(context) for node in self]))
  File "/home/TIM/mysite/.venv/lib/python3.10/site-packages/django/template/base.py", line 1008, in <listcomp>
    return SafeString("".join([node.render_annotated(context) for node in self]))
  File "/home/TIM/mysite/.venv/lib/python3.10/site-packages/django/template/base.py", line 969, in render_annotated
    return self.render(context)
  File "/home/TIM/mysite/.venv/lib/python3.10/site-packages/django/template/loader_tags.py", line 65, in render
    result = block.nodelist.render(context)
  File "/home/TIM/mysite/.venv/lib/python3.10/site-packages/django/template/base.py", line 1008, in render
    return SafeString("".join([node.render_annotated(context) for node in self]))
  File "/home/TIM/mysite/.venv/lib/python3.10/site-packages/django/template/base.py", line 1008, in <listcomp>
    return SafeString("".join([node.render_annotated(context) for node in self]))
  File "/home/TIM/mysite/.venv/lib/python3.10/site-packages/django/template/base.py", line 969, in render_annotated
    return self.render(context)
  File "/home/TIM/mysite/.venv/lib/python3.10/site-packages/django/template/defaulttags.py", line 243, in render
    nodelist.append(node.render_annotated(context))
  File "/home/TIM/mysite/.venv/lib/python3.10/site-packages/django/template/base.py", line 969, in render_annotated
    return self.render(context)
  File "/home/TIM/mysite/.venv/lib/python3.10/site-packages/django/template/defaulttags.py", line 327, in render
    return nodelist.render(context)
  File "/home/TIM/mysite/.venv/lib/python3.10/site-packages/django/template/base.py", line 1008, in render
    return SafeString("".join([node.render_annotated(context) for node in self]))
  File "/home/TIM/mysite/.venv/lib/python3.10/site-packages/django/template/base.py", line 1008, in <listcomp>
    return SafeString("".join([node.render_annotated(context) for node in self]))
  File "/home/TIM/mysite/.venv/lib/python3.10/site-packages/django/template/base.py", line 969, in render_annotated
    return self.render(context)
  File "/home/TIM/mysite/.venv/lib/python3.10/site-packages/django/template/defaulttags.py", line 480, in render
    url = reverse(view_name, args=args, kwargs=kwargs, current_app=current_app)
  File "/home/TIM/mysite/.venv/lib/python3.10/site-packages/django/urls/base.py", line 88, in reverse
    return resolver._reverse_with_prefix(view, prefix, *args, **kwargs)
  File "/home/TIM/mysite/.venv/lib/python3.10/site-packages/django/urls/resolvers.py", line 831, in _reverse_with_prefix
    raise NoReverseMatch(msg)
django.urls.exceptions.NoReverseMatch: Reverse for 'delete_invitation' not found. 'delete_invitation' is not a valid view function or pattern name.
Pengguna pakaimata@gmail.com mengakses licens_dashboard (is_subscription=True)
Lisensi: lisensi percobaan, Peserta: ['johansantri@gmail.com']
Enrollments untuk lisensi percobaan: [('johansantri@gmail.com', 'Backend development')]
Kursus untuk lisensi percobaan: ['Backend development']
Internal Server Error: /licensing/dashboard/
Traceback (most recent call last):
  File "/home/TIM/mysite/.venv/lib/python3.10/site-packages/django/core/handlers/exception.py", line 55, in inner
    response = get_response(request)
  File "/home/TIM/mysite/.venv/lib/python3.10/site-packages/django/core/handlers/base.py", line 197, in _get_response
    response = wrapped_callback(request, *callback_args, **callback_kwargs)
  File "/home/TIM/mysite/.venv/lib/python3.10/site-packages/django/contrib/auth/decorators.py", line 60, in _view_wrapper
    return view_func(request, *args, **kwargs)
  File "/home/TIM/mysite/licensing/views.py", line 98, in licens_dashboard
    return render(request, 'licensing/licens_dashboard.html', context)
  File "/home/TIM/mysite/.venv/lib/python3.10/site-packages/django/shortcuts.py", line 25, in render
    content = loader.render_to_string(template_name, context, request, using=using)
  File "/home/TIM/mysite/.venv/lib/python3.10/site-packages/django/template/loader.py", line 62, in render_to_string
    return template.render(context, request)
  File "/home/TIM/mysite/.venv/lib/python3.10/site-packages/django/template/backends/django.py", line 107, in render
    return self.template.render(context)
  File "/home/TIM/mysite/.venv/lib/python3.10/site-packages/django/template/base.py", line 171, in render
    return self._render(context)
  File "/home/TIM/mysite/.venv/lib/python3.10/site-packages/django/template/base.py", line 163, in _render
    return self.nodelist.render(context)
  File "/home/TIM/mysite/.venv/lib/python3.10/site-packages/django/template/base.py", line 1008, in render
    return SafeString("".join([node.render_annotated(context) for node in self]))
  File "/home/TIM/mysite/.venv/lib/python3.10/site-packages/django/template/base.py", line 1008, in <listcomp>
    return SafeString("".join([node.render_annotated(context) for node in self]))
  File "/home/TIM/mysite/.venv/lib/python3.10/site-packages/django/template/base.py", line 969, in render_annotated
    return self.render(context)
  File "/home/TIM/mysite/.venv/lib/python3.10/site-packages/django/template/loader_tags.py", line 159, in render
    return compiled_parent._render(context)
  File "/home/TIM/mysite/.venv/lib/python3.10/site-packages/django/template/base.py", line 163, in _render
    return self.nodelist.render(context)
  File "/home/TIM/mysite/.venv/lib/python3.10/site-packages/django/template/base.py", line 1008, in render
    return SafeString("".join([node.render_annotated(context) for node in self]))
  File "/home/TIM/mysite/.venv/lib/python3.10/site-packages/django/template/base.py", line 1008, in <listcomp>
    return SafeString("".join([node.render_annotated(context) for node in self]))
  File "/home/TIM/mysite/.venv/lib/python3.10/site-packages/django/template/base.py", line 969, in render_annotated
    return self.render(context)
  File "/home/TIM/mysite/.venv/lib/python3.10/site-packages/django/template/loader_tags.py", line 65, in render
    result = block.nodelist.render(context)
  File "/home/TIM/mysite/.venv/lib/python3.10/site-packages/django/template/base.py", line 1008, in render
    return SafeString("".join([node.render_annotated(context) for node in self]))
  File "/home/TIM/mysite/.venv/lib/python3.10/site-packages/django/template/base.py", line 1008, in <listcomp>
    return SafeString("".join([node.render_annotated(context) for node in self]))
  File "/home/TIM/mysite/.venv/lib/python3.10/site-packages/django/template/base.py", line 969, in render_annotated
    return self.render(context)
  File "/home/TIM/mysite/.venv/lib/python3.10/site-packages/django/template/defaulttags.py", line 243, in render
    nodelist.append(node.render_annotated(context))
  File "/home/TIM/mysite/.venv/lib/python3.10/site-packages/django/template/base.py", line 969, in render_annotated
    return self.render(context)
  File "/home/TIM/mysite/.venv/lib/python3.10/site-packages/django/template/defaulttags.py", line 327, in render
    return nodelist.render(context)
  File "/home/TIM/mysite/.venv/lib/python3.10/site-packages/django/template/base.py", line 1008, in render
    return SafeString("".join([node.render_annotated(context) for node in self]))
  File "/home/TIM/mysite/.venv/lib/python3.10/site-packages/django/template/base.py", line 1008, in <listcomp>
    return SafeString("".join([node.render_annotated(context) for node in self]))
  File "/home/TIM/mysite/.venv/lib/python3.10/site-packages/django/template/base.py", line 969, in render_annotated
    return self.render(context)
  File "/home/TIM/mysite/.venv/lib/python3.10/site-packages/django/template/defaulttags.py", line 480, in render
    url = reverse(view_name, args=args, kwargs=kwargs, current_app=current_app)
  File "/home/TIM/mysite/.venv/lib/python3.10/site-packages/django/urls/base.py", line 88, in reverse
    return resolver._reverse_with_prefix(view, prefix, *args, **kwargs)
  File "/home/TIM/mysite/.venv/lib/python3.10/site-packages/django/urls/resolvers.py", line 831, in _reverse_with_prefix
    raise NoReverseMatch(msg)
django.urls.exceptions.NoReverseMatch: Reverse for 'delete_invitation' not found. 'delete_invitation' is not a valid view function or pattern name.
Invalid referer:  from IP 
Forbidden: /search/
Pengguna pakaimata@gmail.com mengakses licens_dashboard (is_subscription=True)
Lisensi: lisensi percobaan, Peserta: ['johansantri@gmail.com']
Enrollments untuk lisensi percobaan: [('johansantri@gmail.com', 'Backend development')]
Kursus untuk lisensi percobaan: ['Backend development']
Pengguna pakaimata@gmail.com mengakses licens_dashboard (is_subscription=True)
Lisensi: lisensi percobaan, Peserta: ['johansantri@gmail.com']
Enrollments untuk lisensi percobaan: [('johansantri@gmail.com', 'Backend development')]
Kursus untuk lisensi percobaan: ['Backend development']
Invalid referer:  from IP 
Forbidden: /search/
Pengguna pakaimata@gmail.com mengakses licens_dashboard (is_subscription=True)
Lisensi: lisensi percobaan, Peserta: ['johansantri@gmail.com']
Enrollments untuk lisensi percobaan: [('johansantri@gmail.com', 'Backend development')]
Kursus untuk lisensi percobaan: ['Backend development']
Pengguna pakaimata@gmail.com mengakses licens_dashboard (is_subscription=True)
Lisensi: lisensi percobaan, Peserta: ['johansantri@gmail.com']
Enrollments untuk lisensi percobaan: [('johansantri@gmail.com', 'Backend development')]
Kursus untuk lisensi percobaan: ['Backend development']
Pengguna pakaimata@gmail.com mengakses licens_dashboard (is_subscription=True)
Lisensi: lisensi percobaan, Peserta: ['johansantri@gmail.com']
Enrollments untuk lisensi percobaan: [('johansantri@gmail.com', 'Backend development')]
Kursus untuk lisensi percobaan: ['Backend development']
