ERROR 2025-06-10 08:11:16,613 log Internal Server Error: /course-learn/johan/big-data-developer-2026/
Traceback (most recent call last):
  File "/home/TIM/mysite/.venv/lib/python3.10/site-packages/django/core/handlers/exception.py", line 55, in inner
    response = get_response(request)
  File "/home/TIM/mysite/.venv/lib/python3.10/site-packages/django/core/handlers/base.py", line 197, in _get_response
    response = wrapped_callback(request, *callback_args, **callback_kwargs)
  File "/home/TIM/mysite/courses/views.py", line 2599, in course_learn
    payment = Payment.objects.filter(
  File "/home/TIM/mysite/.venv/lib/python3.10/site-packages/django/db/models/manager.py", line 87, in manager_method
    return getattr(self.get_queryset(), name)(*args, **kwargs)
  File "/home/TIM/mysite/.venv/lib/python3.10/site-packages/django/db/models/query.py", line 1491, in filter
    return self._filter_or_exclude(False, args, kwargs)
  File "/home/TIM/mysite/.venv/lib/python3.10/site-packages/django/db/models/query.py", line 1509, in _filter_or_exclude
    clone._filter_or_exclude_inplace(negate, args, kwargs)
  File "/home/TIM/mysite/.venv/lib/python3.10/site-packages/django/db/models/query.py", line 1516, in _filter_or_exclude_inplace
    self._query.add_q(Q(*args, **kwargs))
  File "/home/TIM/mysite/.venv/lib/python3.10/site-packages/django/db/models/sql/query.py", line 1643, in add_q
    clause, _ = self._add_q(q_object, can_reuse)
  File "/home/TIM/mysite/.venv/lib/python3.10/site-packages/django/db/models/sql/query.py", line 1675, in _add_q
    child_clause, needed_inner = self.build_filter(
  File "/home/TIM/mysite/.venv/lib/python3.10/site-packages/django/db/models/sql/query.py", line 1523, in build_filter
    lookups, parts, reffed_expression = self.solve_lookup_type(arg, summarize)
  File "/home/TIM/mysite/.venv/lib/python3.10/site-packages/django/db/models/sql/query.py", line 1330, in solve_lookup_type
    _, field, _, lookup_parts = self.names_to_path(lookup_splitted, self.get_meta())
  File "/home/TIM/mysite/.venv/lib/python3.10/site-packages/django/db/models/sql/query.py", line 1802, in names_to_path
    raise FieldError(
django.core.exceptions.FieldError: Cannot resolve keyword 'payment_type' into field. Choices are: amount, course, course_id, created_at, enrollments, id, payment_model, status, transaction_id, updated_at, user, user_id
INFO 2025-06-10 08:31:04,839 views Payment required for exam in course 11 for user johan
ERROR 2025-06-10 08:31:05,000 log Internal Server Error: /course-learn/johan/big-data-developer-2026/
Traceback (most recent call last):
  File "/home/TIM/mysite/.venv/lib/python3.10/site-packages/django/core/handlers/exception.py", line 55, in inner
    response = get_response(request)
  File "/home/TIM/mysite/.venv/lib/python3.10/site-packages/django/core/handlers/base.py", line 197, in _get_response
    response = wrapped_callback(request, *callback_args, **callback_kwargs)
  File "/home/TIM/mysite/courses/views.py", line 2609, in course_learn
    return redirect('payments:process_payment', course_id=course.id, payment_type='exam')
  File "/home/TIM/mysite/.venv/lib/python3.10/site-packages/django/shortcuts.py", line 51, in redirect
    resolve_url(to, *args, **kwargs),
  File "/home/TIM/mysite/.venv/lib/python3.10/site-packages/django/shortcuts.py", line 184, in resolve_url
    return reverse(to, args=args, kwargs=kwargs)
  File "/home/TIM/mysite/.venv/lib/python3.10/site-packages/django/urls/base.py", line 98, in reverse
    resolved_url = resolver._reverse_with_prefix(view, prefix, *args, **kwargs)
  File "/home/TIM/mysite/.venv/lib/python3.10/site-packages/django/urls/resolvers.py", line 831, in _reverse_with_prefix
    raise NoReverseMatch(msg)
django.urls.exceptions.NoReverseMatch: Reverse for 'process_payment' not found. 'process_payment' is not a valid view function or pattern name.
INFO 2025-06-10 08:35:04,213 views Payment required for exam in course 11 for user johan
ERROR 2025-06-10 08:35:04,362 log Internal Server Error: /course-learn/johan/big-data-developer-2026/
Traceback (most recent call last):
  File "/home/TIM/mysite/.venv/lib/python3.10/site-packages/django/core/handlers/exception.py", line 55, in inner
    response = get_response(request)
  File "/home/TIM/mysite/.venv/lib/python3.10/site-packages/django/core/handlers/base.py", line 197, in _get_response
    response = wrapped_callback(request, *callback_args, **callback_kwargs)
  File "/home/TIM/mysite/courses/views.py", line 2609, in course_learn
    return redirect('payments:process_payment', course_id=course.id, payment_type='exam')
  File "/home/TIM/mysite/.venv/lib/python3.10/site-packages/django/shortcuts.py", line 51, in redirect
    resolve_url(to, *args, **kwargs),
  File "/home/TIM/mysite/.venv/lib/python3.10/site-packages/django/shortcuts.py", line 184, in resolve_url
    return reverse(to, args=args, kwargs=kwargs)
  File "/home/TIM/mysite/.venv/lib/python3.10/site-packages/django/urls/base.py", line 98, in reverse
    resolved_url = resolver._reverse_with_prefix(view, prefix, *args, **kwargs)
  File "/home/TIM/mysite/.venv/lib/python3.10/site-packages/django/urls/resolvers.py", line 831, in _reverse_with_prefix
    raise NoReverseMatch(msg)
django.urls.exceptions.NoReverseMatch: Reverse for 'process_payment' not found. 'process_payment' is not a valid view function or pattern name.
INFO 2025-06-10 08:40:24,468 views Payment required for exam in course 11 for user johan
INFO 2025-06-10 08:40:24,755 views Processing payment for course 11, payment_type: exam
ERROR 2025-06-10 08:40:24,890 log Internal Server Error: /course/11/payment/exam/
Traceback (most recent call last):
  File "/home/TIM/mysite/.venv/lib/python3.10/site-packages/django/core/handlers/exception.py", line 55, in inner
    response = get_response(request)
  File "/home/TIM/mysite/.venv/lib/python3.10/site-packages/django/core/handlers/base.py", line 197, in _get_response
    response = wrapped_callback(request, *callback_args, **callback_kwargs)
  File "/home/TIM/mysite/.venv/lib/python3.10/site-packages/django/contrib/auth/decorators.py", line 59, in _view_wrapper
    return view_func(request, *args, **kwargs)
  File "/home/TIM/mysite/payments/views.py", line 70, in process_payment
    return render(request, 'payments/payment_page.html', {
  File "/home/TIM/mysite/.venv/lib/python3.10/site-packages/django/shortcuts.py", line 25, in render
    content = loader.render_to_string(template_name, context, request, using=using)
  File "/home/TIM/mysite/.venv/lib/python3.10/site-packages/django/template/loader.py", line 61, in render_to_string
    template = get_template(template_name, using=using)
  File "/home/TIM/mysite/.venv/lib/python3.10/site-packages/django/template/loader.py", line 19, in get_template
    raise TemplateDoesNotExist(template_name, chain=chain)
django.template.exceptions.TemplateDoesNotExist: payments/payment_page.html
INFO 2025-06-10 08:42:11,979 views Processing payment for course 11, payment_type: exam
ERROR 2025-06-10 08:42:12,005 log Internal Server Error: /course/11/payment/exam/
Traceback (most recent call last):
  File "/home/TIM/mysite/.venv/lib/python3.10/site-packages/django/db/backends/utils.py", line 105, in _execute
    return self.cursor.execute(sql, params)
  File "/home/TIM/mysite/.venv/lib/python3.10/site-packages/django/db/backends/sqlite3/base.py", line 360, in execute
    return super().execute(query, params)
sqlite3.IntegrityError: UNIQUE constraint failed: payments_payment.user_id, payments_payment.course_id, payments_payment.payment_model

The above exception was the direct cause of the following exception:

Traceback (most recent call last):
  File "/home/TIM/mysite/.venv/lib/python3.10/site-packages/django/core/handlers/exception.py", line 55, in inner
    response = get_response(request)
  File "/home/TIM/mysite/.venv/lib/python3.10/site-packages/django/core/handlers/base.py", line 197, in _get_response
    response = wrapped_callback(request, *callback_args, **callback_kwargs)
  File "/home/TIM/mysite/.venv/lib/python3.10/site-packages/django/contrib/auth/decorators.py", line 59, in _view_wrapper
    return view_func(request, *args, **kwargs)
  File "/home/TIM/mysite/payments/views.py", line 49, in process_payment
    payment = Payment.objects.create(
  File "/home/TIM/mysite/.venv/lib/python3.10/site-packages/django/db/models/manager.py", line 87, in manager_method
    return getattr(self.get_queryset(), name)(*args, **kwargs)
  File "/home/TIM/mysite/.venv/lib/python3.10/site-packages/django/db/models/query.py", line 663, in create
    obj.save(force_insert=True, using=self.db)
  File "/home/TIM/mysite/.venv/lib/python3.10/site-packages/django/db/models/base.py", line 902, in save
    self.save_base(
  File "/home/TIM/mysite/.venv/lib/python3.10/site-packages/django/db/models/base.py", line 1008, in save_base
    updated = self._save_table(
  File "/home/TIM/mysite/.venv/lib/python3.10/site-packages/django/db/models/base.py", line 1169, in _save_table
    results = self._do_insert(
  File "/home/TIM/mysite/.venv/lib/python3.10/site-packages/django/db/models/base.py", line 1210, in _do_insert
    return manager._insert(
  File "/home/TIM/mysite/.venv/lib/python3.10/site-packages/django/db/models/manager.py", line 87, in manager_method
    return getattr(self.get_queryset(), name)(*args, **kwargs)
  File "/home/TIM/mysite/.venv/lib/python3.10/site-packages/django/db/models/query.py", line 1864, in _insert
    return query.get_compiler(using=using).execute_sql(returning_fields)
  File "/home/TIM/mysite/.venv/lib/python3.10/site-packages/django/db/models/sql/compiler.py", line 1882, in execute_sql
    cursor.execute(sql, params)
  File "/home/TIM/mysite/.venv/lib/python3.10/site-packages/django/db/backends/utils.py", line 79, in execute
    return self._execute_with_wrappers(
  File "/home/TIM/mysite/.venv/lib/python3.10/site-packages/django/db/backends/utils.py", line 92, in _execute_with_wrappers
    return executor(sql, params, many, context)
  File "/home/TIM/mysite/.venv/lib/python3.10/site-packages/django/db/backends/utils.py", line 100, in _execute
    with self.db.wrap_database_errors:
  File "/home/TIM/mysite/.venv/lib/python3.10/site-packages/django/db/utils.py", line 91, in __exit__
    raise dj_exc_value.with_traceback(traceback) from exc_value
  File "/home/TIM/mysite/.venv/lib/python3.10/site-packages/django/db/backends/utils.py", line 105, in _execute
    return self.cursor.execute(sql, params)
  File "/home/TIM/mysite/.venv/lib/python3.10/site-packages/django/db/backends/sqlite3/base.py", line 360, in execute
    return super().execute(query, params)
django.db.utils.IntegrityError: UNIQUE constraint failed: payments_payment.user_id, payments_payment.course_id, payments_payment.payment_model
INFO 2025-06-10 08:42:31,591 views Payment required for exam in course 11 for user johan
INFO 2025-06-10 08:42:31,852 views Processing payment for course 11, payment_type: exam
ERROR 2025-06-10 08:42:31,876 log Internal Server Error: /course/11/payment/exam/
Traceback (most recent call last):
  File "/home/TIM/mysite/.venv/lib/python3.10/site-packages/django/db/backends/utils.py", line 105, in _execute
    return self.cursor.execute(sql, params)
  File "/home/TIM/mysite/.venv/lib/python3.10/site-packages/django/db/backends/sqlite3/base.py", line 360, in execute
    return super().execute(query, params)
sqlite3.IntegrityError: UNIQUE constraint failed: payments_payment.user_id, payments_payment.course_id, payments_payment.payment_model

The above exception was the direct cause of the following exception:

Traceback (most recent call last):
  File "/home/TIM/mysite/.venv/lib/python3.10/site-packages/django/core/handlers/exception.py", line 55, in inner
    response = get_response(request)
  File "/home/TIM/mysite/.venv/lib/python3.10/site-packages/django/core/handlers/base.py", line 197, in _get_response
    response = wrapped_callback(request, *callback_args, **callback_kwargs)
  File "/home/TIM/mysite/.venv/lib/python3.10/site-packages/django/contrib/auth/decorators.py", line 59, in _view_wrapper
    return view_func(request, *args, **kwargs)
  File "/home/TIM/mysite/payments/views.py", line 49, in process_payment
    payment = Payment.objects.create(
  File "/home/TIM/mysite/.venv/lib/python3.10/site-packages/django/db/models/manager.py", line 87, in manager_method
    return getattr(self.get_queryset(), name)(*args, **kwargs)
  File "/home/TIM/mysite/.venv/lib/python3.10/site-packages/django/db/models/query.py", line 663, in create
    obj.save(force_insert=True, using=self.db)
  File "/home/TIM/mysite/.venv/lib/python3.10/site-packages/django/db/models/base.py", line 902, in save
    self.save_base(
  File "/home/TIM/mysite/.venv/lib/python3.10/site-packages/django/db/models/base.py", line 1008, in save_base
    updated = self._save_table(
  File "/home/TIM/mysite/.venv/lib/python3.10/site-packages/django/db/models/base.py", line 1169, in _save_table
    results = self._do_insert(
  File "/home/TIM/mysite/.venv/lib/python3.10/site-packages/django/db/models/base.py", line 1210, in _do_insert
    return manager._insert(
  File "/home/TIM/mysite/.venv/lib/python3.10/site-packages/django/db/models/manager.py", line 87, in manager_method
    return getattr(self.get_queryset(), name)(*args, **kwargs)
  File "/home/TIM/mysite/.venv/lib/python3.10/site-packages/django/db/models/query.py", line 1864, in _insert
    return query.get_compiler(using=using).execute_sql(returning_fields)
  File "/home/TIM/mysite/.venv/lib/python3.10/site-packages/django/db/models/sql/compiler.py", line 1882, in execute_sql
    cursor.execute(sql, params)
  File "/home/TIM/mysite/.venv/lib/python3.10/site-packages/django/db/backends/utils.py", line 79, in execute
    return self._execute_with_wrappers(
  File "/home/TIM/mysite/.venv/lib/python3.10/site-packages/django/db/backends/utils.py", line 92, in _execute_with_wrappers
    return executor(sql, params, many, context)
  File "/home/TIM/mysite/.venv/lib/python3.10/site-packages/django/db/backends/utils.py", line 100, in _execute
    with self.db.wrap_database_errors:
  File "/home/TIM/mysite/.venv/lib/python3.10/site-packages/django/db/utils.py", line 91, in __exit__
    raise dj_exc_value.with_traceback(traceback) from exc_value
  File "/home/TIM/mysite/.venv/lib/python3.10/site-packages/django/db/backends/utils.py", line 105, in _execute
    return self.cursor.execute(sql, params)
  File "/home/TIM/mysite/.venv/lib/python3.10/site-packages/django/db/backends/sqlite3/base.py", line 360, in execute
    return super().execute(query, params)
django.db.utils.IntegrityError: UNIQUE constraint failed: payments_payment.user_id, payments_payment.course_id, payments_payment.payment_model
INFO 2025-06-10 08:49:17,705 views Payment required for exam in course 11 for user johan
INFO 2025-06-10 08:49:17,967 views Processing payment for course 11, payment_type: exam
INFO 2025-06-10 08:49:18,016 views Reusing existing payment 1 for user johan, course 11, payment_model: pay_for_exam
INFO 2025-06-10 08:50:13,376 views Processing payment for course 11, payment_type: exam
INFO 2025-06-10 08:50:13,424 views Reusing existing payment 1 for user johan, course 11, payment_model: pay_for_exam
INFO 2025-06-10 08:53:03,674 views Payment required for exam in course 11 for user johan
INFO 2025-06-10 08:53:03,803 views Processing payment for course 11, payment_type: exam
INFO 2025-06-10 08:53:03,846 views Reusing existing payment 1 for user johan, course 11, payment_model: pay_for_exam
INFO 2025-06-10 08:53:40,526 views Payment required for exam in course 11 for user johan
INFO 2025-06-10 08:53:40,676 views Processing payment for course 11, payment_type: exam
INFO 2025-06-10 08:53:40,718 views Reusing existing payment 1 for user johan, course 11, payment_model: pay_for_exam
INFO 2025-06-10 08:53:55,718 views Payment required for exam in course 11 for user johan
INFO 2025-06-10 08:53:55,850 views Processing payment for course 11, payment_type: exam
INFO 2025-06-10 08:53:55,889 views Reusing existing payment 1 for user johan, course 11, payment_model: pay_for_exam
INFO 2025-06-10 08:54:44,418 views Payment required for exam in course 11 for user johan
INFO 2025-06-10 08:54:44,560 views Processing payment for course 11, payment_type: exam
INFO 2025-06-10 08:54:44,598 views Reusing existing payment 1 for user johan, course 11, payment_model: pay_for_exam
INFO 2025-06-10 08:57:16,041 views Payment required for exam in course 11 for user johan
INFO 2025-06-10 08:57:16,178 views Processing payment for course 11, payment_type: exam
INFO 2025-06-10 08:57:16,219 views Reusing existing payment 1 for user johan, course 11, payment_model: pay_for_exam
INFO 2025-06-10 08:57:59,138 views Payment required for exam in course 11 for user johan
INFO 2025-06-10 08:57:59,272 views Processing payment for course 11, payment_type: exam
INFO 2025-06-10 08:57:59,315 views Reusing existing payment 1 for user johan, course 11, payment_model: pay_for_exam
INFO 2025-06-10 09:04:11,410 views Payment required for exam in course 11 for user johan
INFO 2025-06-10 09:04:11,543 views Processing payment for course 11, payment_type: exam
INFO 2025-06-10 09:04:11,591 views Reusing existing payment 1 for user johan, course 11, payment_model: pay_for_exam
